TN:
SF:/home/liying/sqlcc/include/exception.h
FN:111,111,_ZN5sqlcc13PageExceptionC2ERKNSt7__cxx1112basic_stringIcSt11char_traitsIcESaIcEEE
FN:132,132,_ZN5sqlcc20DiskManagerExceptionC2ERKNSt7__cxx1112basic_stringIcSt11char_traitsIcESaIcEEE
FN:48,48,_ZN5sqlcc9ExceptionC2ERKNSt7__cxx1112basic_stringIcSt11char_traitsIcESaIcEEE
FN:90,90,_ZN5sqlcc19BufferPoolExceptionC2ERKNSt7__cxx1112basic_stringIcSt11char_traitsIcESaIcEEE
FNDA:0,_ZN5sqlcc13PageExceptionC2ERKNSt7__cxx1112basic_stringIcSt11char_traitsIcESaIcEEE
FNDA:0,_ZN5sqlcc20DiskManagerExceptionC2ERKNSt7__cxx1112basic_stringIcSt11char_traitsIcESaIcEEE
FNDA:0,_ZN5sqlcc9ExceptionC2ERKNSt7__cxx1112basic_stringIcSt11char_traitsIcESaIcEEE
FNDA:0,_ZN5sqlcc19BufferPoolExceptionC2ERKNSt7__cxx1112basic_stringIcSt11char_traitsIcESaIcEEE
FNF:4
FNH:0
DA:48,0
DA:90,0
DA:111,0
DA:132,0
LF:4
LH:0
end_of_record
TN:
SF:/home/liying/sqlcc/include/logger.h
FN:135,140,_ZN5sqlcc6Logger5DebugERKNSt7__cxx1112basic_stringIcSt11char_traitsIcESaIcEEE
FN:151,156,_ZN5sqlcc6Logger4InfoERKNSt7__cxx1112basic_stringIcSt11char_traitsIcESaIcEEE
FN:167,172,_ZN5sqlcc6Logger4WarnERKNSt7__cxx1112basic_stringIcSt11char_traitsIcESaIcEEE
FN:183,188,_ZN5sqlcc6Logger5ErrorERKNSt7__cxx1112basic_stringIcSt11char_traitsIcESaIcEEE
FN:198,198,_ZN5sqlcc6LoggerC2Ev
FN:228,307,_ZN5sqlcc6Logger3LogENS_8LogLevelERKNSt7__cxx1112basic_stringIcSt11char_traitsIcESaIcEEE
FN:82,88,_ZN5sqlcc6Logger11GetInstanceEv
FNDA:2199,_ZN5sqlcc6Logger5DebugERKNSt7__cxx1112basic_stringIcSt11char_traitsIcESaIcEEE
FNDA:74,_ZN5sqlcc6Logger4InfoERKNSt7__cxx1112basic_stringIcSt11char_traitsIcESaIcEEE
FNDA:2,_ZN5sqlcc6Logger4WarnERKNSt7__cxx1112basic_stringIcSt11char_traitsIcESaIcEEE
FNDA:0,_ZN5sqlcc6Logger5ErrorERKNSt7__cxx1112basic_stringIcSt11char_traitsIcESaIcEEE
FNDA:1,_ZN5sqlcc6LoggerC2Ev
FNDA:2275,_ZN5sqlcc6Logger3LogENS_8LogLevelERKNSt7__cxx1112basic_stringIcSt11char_traitsIcESaIcEEE
FNDA:2275,_ZN5sqlcc6Logger11GetInstanceEv
FNF:7
FNH:6
DA:82,2275
DA:86,2275
DA:87,2275
DA:135,2199
DA:139,2199
DA:140,2199
DA:151,74
DA:155,74
DA:156,74
DA:167,2
DA:171,2
DA:172,2
DA:183,0
DA:187,0
DA:188,0
DA:198,1
DA:228,2275
DA:233,2275
DA:234,2199
DA:241,76
DA:242,76
DA:243,76
DA:244,152
DA:250,76
DA:251,76
DA:252,76
DA:258,76
DA:259,76
DA:260,0
DA:261,0
DA:262,0
DA:263,74
DA:264,74
DA:265,74
DA:266,2
DA:267,2
DA:268,2
DA:269,0
DA:270,0
DA:271,0
DA:278,152
DA:279,76
DA:285,76
DA:289,0
DA:290,0
DA:295,76
DA:299,0
DA:304,76
DA:307,76
LF:49
LH:37
end_of_record
TN:
SF:/home/liying/sqlcc/include/page.h
FN:59,59,_ZNK5sqlcc4Page9GetPageIdEv
FN:69,69,_ZN5sqlcc4Page9SetPageIdEi
FN:79,79,_ZN5sqlcc4Page7GetDataEv
FN:89,89,_ZNK5sqlcc4Page7GetDataEv
FNDA:110,_ZNK5sqlcc4Page9GetPageIdEv
FNDA:3,_ZN5sqlcc4Page9SetPageIdEi
FNDA:3,_ZN5sqlcc4Page7GetDataEv
FNDA:108,_ZNK5sqlcc4Page7GetDataEv
FNF:4
FNH:4
DA:59,110
DA:69,3
DA:79,3
DA:89,108
LF:4
LH:4
end_of_record
TN:
SF:/home/liying/sqlcc/src/buffer_pool.cc
FN:13,20,_ZN5sqlcc10BufferPoolC2EPNS_11DiskManagerEm
FN:159,216,_ZN5sqlcc10BufferPool9UnpinPageEib
FN:222,278,_ZN5sqlcc10BufferPool9FlushPageEi
FN:26,38,_ZN5sqlcc10BufferPoolD2Ev
FN:284,360,_ZN5sqlcc10BufferPool7NewPageEPi
FN:366,435,_ZN5sqlcc10BufferPool10DeletePageEi
FN:44,153,_ZN5sqlcc10BufferPool9FetchPageEi
FN:441,486,_ZN5sqlcc10BufferPool13FlushAllPagesEv
FN:492,595,_ZN5sqlcc10BufferPool11ReplacePageEv
FN:601,635,_ZN5sqlcc10BufferPool10MoveToHeadEi
FNDA:7,_ZN5sqlcc10BufferPoolC2EPNS_11DiskManagerEm
FNDA:118,_ZN5sqlcc10BufferPool9UnpinPageEib
FNDA:1,_ZN5sqlcc10BufferPool9FlushPageEi
FNDA:7,_ZN5sqlcc10BufferPoolD2Ev
FNDA:109,_ZN5sqlcc10BufferPool7NewPageEPi
FNDA:1,_ZN5sqlcc10BufferPool10DeletePageEi
FNDA:12,_ZN5sqlcc10BufferPool9FetchPageEi
FNDA:8,_ZN5sqlcc10BufferPool13FlushAllPagesEv
FNDA:39,_ZN5sqlcc10BufferPool11ReplacePageEv
FNDA:8,_ZN5sqlcc10BufferPool10MoveToHeadEi
FNF:10
FNH:10
DA:13,7
DA:14,7
DA:19,7
DA:20,7
DA:26,7
DA:31,14
DA:37,7
DA:38,7
DA:44,12
DA:49,12
DA:55,12
DA:56,12
DA:61,8
DA:67,8
DA:70,8
DA:71,8
DA:78,4
DA:84,4
DA:86,6
DA:92,3
DA:93,3
DA:98,0
DA:99,0
DA:100,0
DA:101,0
DA:108,4
DA:114,4
DA:119,1
DA:120,1
DA:127,3
DA:128,3
DA:134,3
DA:140,3
DA:146,3
DA:147,3
DA:150,3
DA:152,3
DA:153,4
DA:159,118
DA:164,118
DA:170,118
DA:171,118
DA:176,0
DA:177,0
DA:178,0
DA:179,0
DA:185,118
DA:186,118
DA:191,0
DA:192,0
DA:193,0
DA:194,0
DA:197,118
DA:203,118
DA:209,118
DA:210,57
DA:212,57
DA:215,118
DA:222,1
DA:227,1
DA:233,1
DA:234,1
DA:239,0
DA:240,0
DA:241,0
DA:242,0
DA:248,1
DA:249,1
DA:251,0
DA:252,0
DA:259,1
DA:264,0
DA:265,0
DA:266,0
DA:267,0
DA:273,1
DA:276,1
DA:277,1
DA:284,109
DA:289,218
DA:295,109
DA:298,109
DA:304,109
DA:306,72
DA:312,36
DA:313,36
DA:318,0
DA:319,0
DA:320,0
DA:321,0
DA:328,109
DA:334,109
DA:335,109
DA:341,109
DA:347,109
DA:353,109
DA:354,109
DA:357,109
DA:359,109
DA:360,109
DA:366,1
DA:371,1
DA:377,1
DA:378,1
DA:383,0
DA:384,0
DA:385,0
DA:386,0
DA:392,1
DA:393,1
DA:398,0
DA:399,0
DA:400,0
DA:401,0
DA:407,1
DA:413,1
DA:419,1
DA:425,1
DA:426,1
DA:427,1
DA:428,1
DA:432,1
DA:434,1
DA:441,8
DA:446,16
DA:452,85
DA:453,77
DA:458,77
DA:459,77
DA:464,68
DA:469,0
DA:470,0
DA:472,0
DA:473,0
DA:478,68
DA:480,68
DA:485,16
DA:486,8
DA:492,39
DA:497,78
DA:503,39
DA:508,39
DA:514,39
DA:515,39
DA:520,0
DA:521,0
DA:522,0
DA:529,39
DA:530,39
DA:535,39
DA:536,39
DA:541,39
DA:542,39
DA:547,0
DA:548,0
DA:550,0
DA:551,0
DA:559,39
DA:565,39
DA:566,39
DA:573,39
DA:574,39
DA:581,39
DA:582,39
DA:585,39
DA:586,39
DA:593,0
DA:594,0
DA:601,8
DA:606,8
DA:607,8
DA:612,0
DA:619,8
DA:625,8
DA:631,8
DA:634,8
LF:176
LH:128
end_of_record
TN:
SF:/home/liying/sqlcc/src/disk_manager.cc
FN:14,61,_ZN5sqlcc11DiskManagerC2ERKNSt7__cxx1112basic_stringIcSt11char_traitsIcESaIcEEE
FN:177,250,_ZN5sqlcc11DiskManager8ReadPageEiPNS_4PageE
FN:256,268,_ZN5sqlcc11DiskManager12AllocatePageEv
FN:274,276,_ZNK5sqlcc11DiskManager11GetFileSizeEv
FN:67,76,_ZN5sqlcc11DiskManagerD2Ev
FN:82,171,_ZN5sqlcc11DiskManager9WritePageERKNS_4PageE
FNDA:7,_ZN5sqlcc11DiskManagerC2ERKNSt7__cxx1112basic_stringIcSt11char_traitsIcESaIcEEE
FNDA:4,_ZN5sqlcc11DiskManager8ReadPageEiPNS_4PageE
FNDA:109,_ZN5sqlcc11DiskManager12AllocatePageEv
FNDA:0,_ZNK5sqlcc11DiskManager11GetFileSizeEv
FNDA:7,_ZN5sqlcc11DiskManagerD2Ev
FNDA:108,_ZN5sqlcc11DiskManager9WritePageERKNS_4PageE
FNF:6
FNH:5
DA:14,7
DA:15,7
DA:20,7
DA:26,7
DA:32,7
DA:33,0
DA:34,0
DA:35,0
DA:42,7
DA:43,7
DA:44,7
DA:49,7
DA:50,7
DA:57,0
DA:58,0
DA:59,0
DA:60,0
DA:61,7
DA:67,7
DA:72,7
DA:73,7
DA:74,7
DA:76,7
DA:82,108
DA:87,108
DA:92,108
DA:93,0
DA:94,0
DA:95,0
DA:96,0
DA:102,108
DA:108,108
DA:114,108
DA:119,108
DA:120,0
DA:121,0
DA:122,0
DA:123,0
DA:124,0
DA:130,108
DA:135,108
DA:136,0
DA:137,0
DA:138,0
DA:139,0
DA:140,0
DA:146,108
DA:147,108
DA:148,44
DA:149,44
DA:156,108
DA:161,108
DA:162,0
DA:163,0
DA:164,0
DA:165,0
DA:166,0
DA:169,108
DA:170,108
DA:177,4
DA:182,4
DA:183,0
DA:184,0
DA:185,0
DA:186,0
DA:192,4
DA:198,4
DA:204,4
DA:205,1
DA:206,1
DA:207,1
DA:208,1
DA:214,3
DA:219,3
DA:220,0
DA:221,0
DA:222,0
DA:223,0
DA:224,0
DA:230,3
DA:235,3
DA:236,0
DA:237,0
DA:238,0
DA:239,0
DA:240,0
DA:246,3
DA:248,3
DA:249,3
DA:256,109
DA:261,109
DA:266,109
DA:267,109
DA:274,0
DA:275,0
LF:95
LH:53
end_of_record
TN:
SF:/home/liying/sqlcc/src/page.cc
FN:12,12,_ZN5sqlcc4PageC2Ev
FN:18,30,_ZN5sqlcc4PageC2Ei
FN:36,42,_ZN5sqlcc4PageD2Ev
FN:48,89,_ZN5sqlcc4Page9WriteDataEmPKcm
FN:95,136,_ZNK5sqlcc4Page8ReadDataEmPcm
FNDA:0,_ZN5sqlcc4PageC2Ev
FNDA:113,_ZN5sqlcc4PageC2Ei
FNDA:113,_ZN5sqlcc4PageD2Ev
FNDA:106,_ZN5sqlcc4Page9WriteDataEmPKcm
FNDA:10,_ZNK5sqlcc4Page8ReadDataEmPcm
FNF:5
FNH:4
DA:12,0
DA:18,113
DA:23,113
DA:29,113
DA:30,113
DA:36,113
DA:41,113
DA:42,113
DA:48,106
DA:53,106
DA:60,106
DA:65,0
DA:66,0
DA:71,0
DA:76,0
DA:77,0
DA:83,106
DA:88,106
DA:89,106
DA:95,10
DA:100,10
DA:107,10
DA:112,0
DA:113,0
DA:118,0
DA:123,0
DA:124,0
DA:130,10
DA:135,10
DA:136,10
LF:30
LH:19
end_of_record
TN:
SF:/home/liying/sqlcc/src/storage_engine.cc
FN:10,35,_ZN5sqlcc13StorageEngineC2ERKNSt7__cxx1112basic_stringIcSt11char_traitsIcESaIcEEEm
FN:111,132,_ZN5sqlcc13StorageEngine9UnpinPageEib
FN:138,159,_ZN5sqlcc13StorageEngine9FlushPageEi
FN:165,186,_ZN5sqlcc13StorageEngine10DeletePageEi
FN:192,208,_ZN5sqlcc13StorageEngine13FlushAllPagesEv
FN:41,51,_ZN5sqlcc13StorageEngineD2Ev
FN:57,78,_ZN5sqlcc13StorageEngine7NewPageEPi
FN:84,105,_ZN5sqlcc13StorageEngine9FetchPageEi
FNDA:7,_ZN5sqlcc13StorageEngineC2ERKNSt7__cxx1112basic_stringIcSt11char_traitsIcESaIcEEEm
FNDA:118,_ZN5sqlcc13StorageEngine9UnpinPageEib
FNDA:1,_ZN5sqlcc13StorageEngine9FlushPageEi
FNDA:1,_ZN5sqlcc13StorageEngine10DeletePageEi
FNDA:1,_ZN5sqlcc13StorageEngine13FlushAllPagesEv
FNDA:7,_ZN5sqlcc13StorageEngineD2Ev
FNDA:109,_ZN5sqlcc13StorageEngine7NewPageEPi
FNDA:12,_ZN5sqlcc13StorageEngine9FetchPageEi
FNF:8
FNH:8
DA:10,7
DA:15,7
DA:22,7
DA:28,7
DA:34,14
DA:35,7
DA:41,7
DA:46,14
DA:51,7
DA:57,109
DA:62,218
DA:67,109
DA:72,109
DA:73,109
DA:75,0
DA:77,109
DA:84,12
DA:89,12
DA:94,12
DA:99,12
DA:100,11
DA:102,1
DA:104,12
DA:111,118
DA:116,118
DA:121,118
DA:126,118
DA:127,118
DA:129,0
DA:131,118
DA:138,1
DA:143,1
DA:148,1
DA:153,1
DA:154,1
DA:156,0
DA:158,1
DA:165,1
DA:170,1
DA:175,1
DA:180,1
DA:181,1
DA:183,0
DA:185,1
DA:192,1
DA:197,2
DA:202,1
DA:207,2
DA:208,1
LF:49
LH:45
end_of_record
TN:
SF:/home/liying/sqlcc/tests/storage_engine_test.cc
FN:103,103,_ZN36StorageEngineTest_FlushAllPages_Test8TestBodyEv
FN:103,103,_ZN36StorageEngineTest_FlushAllPages_TestC2Ev
FN:103,103,_ZN36StorageEngineTest_FlushAllPages_TestD0Ev
FN:103,103,_ZN36StorageEngineTest_FlushAllPages_TestD2Ev
FN:11,14,_ZN17StorageEngineTest5SetUpEv
FN:129,129,_ZN41StorageEngineTest_ManyPagesOperation_Test8TestBodyEv
FN:129,129,_ZN41StorageEngineTest_ManyPagesOperation_TestC2Ev
FN:129,129,_ZN41StorageEngineTest_ManyPagesOperation_TestD0Ev
FN:129,129,_ZN41StorageEngineTest_ManyPagesOperation_TestD2Ev
FN:16,19,_ZN17StorageEngineTest8TearDownEv
FN:165,168,main
FN:23,23,_ZN46StorageEngineTest_InitializeStorageEngine_Test8TestBodyEv
FN:23,23,_ZN46StorageEngineTest_InitializeStorageEngine_TestC2Ev
FN:23,23,_ZN46StorageEngineTest_InitializeStorageEngine_TestD0Ev
FN:23,23,_ZN46StorageEngineTest_InitializeStorageEngine_TestD2Ev
FN:33,33,_ZN36StorageEngineTest_CreateNewPage_Test8TestBodyEv
FN:33,33,_ZN36StorageEngineTest_CreateNewPage_TestC2Ev
FN:33,33,_ZN36StorageEngineTest_CreateNewPage_TestD0Ev
FN:33,33,_ZN36StorageEngineTest_CreateNewPage_TestD2Ev
FN:45,45,_ZN32StorageEngineTest_FetchPage_Test8TestBodyEv
FN:45,45,_ZN32StorageEngineTest_FetchPage_TestC2Ev
FN:45,45,_ZN32StorageEngineTest_FetchPage_TestD0Ev
FN:45,45,_ZN32StorageEngineTest_FetchPage_TestD2Ev
FN:63,63,_ZN32StorageEngineTest_FlushPage_Test8TestBodyEv
FN:63,63,_ZN32StorageEngineTest_FlushPage_TestC2Ev
FN:63,63,_ZN32StorageEngineTest_FlushPage_TestD0Ev
FN:63,63,_ZN32StorageEngineTest_FlushPage_TestD2Ev
FN:83,83,_ZN33StorageEngineTest_DeletePage_Test8TestBodyEv
FN:83,83,_ZN33StorageEngineTest_DeletePage_TestC2Ev
FN:83,83,_ZN33StorageEngineTest_DeletePage_TestD0Ev
FN:83,83,_ZN33StorageEngineTest_DeletePage_TestD2Ev
FNDA:1,_ZN36StorageEngineTest_FlushAllPages_Test8TestBodyEv
FNDA:1,_ZN36StorageEngineTest_FlushAllPages_TestC2Ev
FNDA:1,_ZN36StorageEngineTest_FlushAllPages_TestD0Ev
FNDA:1,_ZN36StorageEngineTest_FlushAllPages_TestD2Ev
FNDA:7,_ZN17StorageEngineTest5SetUpEv
FNDA:1,_ZN41StorageEngineTest_ManyPagesOperation_Test8TestBodyEv
FNDA:1,_ZN41StorageEngineTest_ManyPagesOperation_TestC2Ev
FNDA:1,_ZN41StorageEngineTest_ManyPagesOperation_TestD0Ev
FNDA:1,_ZN41StorageEngineTest_ManyPagesOperation_TestD2Ev
FNDA:7,_ZN17StorageEngineTest8TearDownEv
FNDA:1,main
FNDA:1,_ZN46StorageEngineTest_InitializeStorageEngine_Test8TestBodyEv
FNDA:1,_ZN46StorageEngineTest_InitializeStorageEngine_TestC2Ev
FNDA:1,_ZN46StorageEngineTest_InitializeStorageEngine_TestD0Ev
FNDA:1,_ZN46StorageEngineTest_InitializeStorageEngine_TestD2Ev
FNDA:1,_ZN36StorageEngineTest_CreateNewPage_Test8TestBodyEv
FNDA:1,_ZN36StorageEngineTest_CreateNewPage_TestC2Ev
FNDA:1,_ZN36StorageEngineTest_CreateNewPage_TestD0Ev
FNDA:1,_ZN36StorageEngineTest_CreateNewPage_TestD2Ev
FNDA:1,_ZN32StorageEngineTest_FetchPage_Test8TestBodyEv
FNDA:1,_ZN32StorageEngineTest_FetchPage_TestC2Ev
FNDA:1,_ZN32StorageEngineTest_FetchPage_TestD0Ev
FNDA:1,_ZN32StorageEngineTest_FetchPage_TestD2Ev
FNDA:1,_ZN32StorageEngineTest_FlushPage_Test8TestBodyEv
FNDA:1,_ZN32StorageEngineTest_FlushPage_TestC2Ev
FNDA:1,_ZN32StorageEngineTest_FlushPage_TestD0Ev
FNDA:1,_ZN32StorageEngineTest_FlushPage_TestD2Ev
FNDA:1,_ZN33StorageEngineTest_DeletePage_Test8TestBodyEv
FNDA:1,_ZN33StorageEngineTest_DeletePage_TestC2Ev
FNDA:1,_ZN33StorageEngineTest_DeletePage_TestD0Ev
FNDA:1,_ZN33StorageEngineTest_DeletePage_TestD2Ev
FNF:31
FNH:31
DA:11,7
DA:13,7
DA:14,7
DA:16,7
DA:18,7
DA:19,7
DA:23,4
DA:24,1
DA:26,1
DA:29,1
DA:30,1
DA:33,4
DA:34,1
DA:37,1
DA:39,1
DA:40,1
DA:41,1
DA:42,1
DA:45,4
DA:46,1
DA:50,1
DA:51,1
DA:54,1
DA:57,1
DA:58,1
DA:59,1
DA:60,1
DA:63,4
DA:64,1
DA:68,1
DA:69,1
DA:72,1
DA:73,1
DA:76,1
DA:79,1
DA:80,1
DA:83,4
DA:84,1
DA:88,1
DA:89,1
DA:92,1
DA:95,1
DA:98,1
DA:99,1
DA:100,1
DA:103,4
DA:104,1
DA:105,1
DA:109,6
DA:110,5
DA:111,5
DA:115,5
DA:116,5
DA:119,5
DA:123,1
DA:125,1
DA:126,1
DA:129,4
DA:130,1
DA:131,1
DA:132,1
DA:135,101
DA:137,100
DA:138,100
DA:139,100
DA:142,100
DA:145,100
DA:149,11
DA:150,10
DA:151,10
DA:153,10
DA:154,10
DA:157,10
DA:158,10
DA:161,10
DA:163,1
DA:165,1
DA:166,1
DA:167,1
LF:79
LH:79
end_of_record
TN:
SF:/usr/include/c++/13/bits/alloc_traits.h
FNF:0
FNH:0
DA:482,3862
DA:517,3691
DA:540,668
DA:542,668
DA:560,568
DA:562,568
DA:576,9473
DA:588,42
DA:948,1
DA:949,1
LF:10
LH:10
end_of_record
TN:
SF:/usr/include/c++/13/bits/allocated_ptr.h
FN:53,55,_ZNSt15__allocated_ptrISaISt10_List_nodeIiEEEC2ERS2_PS1_
FN:71,75,_ZNSt15__allocated_ptrISaISt10_List_nodeIiEEED2Ev
FN:79,83,_ZNSt15__allocated_ptrISaISt10_List_nodeIiEEEaSEDn
FNDA:120,_ZNSt15__allocated_ptrISaISt10_List_nodeIiEEEC2ERS2_PS1_
FNDA:120,_ZNSt15__allocated_ptrISaISt10_List_nodeIiEEED2Ev
FNDA:120,_ZNSt15__allocated_ptrISaISt10_List_nodeIiEEEaSEDn
FNF:3
FNH:3
DA:53,120
DA:54,120
DA:55,120
DA:71,120
DA:73,120
DA:74,0
DA:75,120
DA:79,120
DA:81,120
DA:82,120
LF:10
LH:9
end_of_record
TN:
SF:/usr/include/c++/13/bits/allocator.h
FNF:0
FNH:0
DA:163,3094
DA:168,7024
DA:178,72
DA:184,3201
DA:191,3862
DA:193,0
DA:194,0
DA:195,0
DA:198,3862
DA:205,3691
DA:207,0
DA:208,0
DA:210,3691
LF:13
LH:8
end_of_record
TN:
SF:/usr/include/c++/13/bits/basic_string.h
FN:1071,1072,_ZNKSt7__cxx1112basic_stringIcSt11char_traitsIcESaIcEE4sizeEv
FN:1078,1079,_ZNKSt7__cxx1112basic_stringIcSt11char_traitsIcESaIcEE6lengthEv
FN:1084,1085,_ZNKSt7__cxx1112basic_stringIcSt11char_traitsIcESaIcEE8max_sizeEv
FN:1169,1173,_ZNKSt7__cxx1112basic_stringIcSt11char_traitsIcESaIcEE8capacityEv
FN:124,137,_ZNSt7__cxx1112basic_stringIcSt11char_traitsIcESaIcEE11_S_allocateERS3_m
FN:1254,1262,_ZNSt7__cxx1112basic_stringIcSt11char_traitsIcESaIcEEixEm
FN:1366,1367,_ZNSt7__cxx1112basic_stringIcSt11char_traitsIcESaIcEEpLERKS4_
FN:1376,1377,_ZNSt7__cxx1112basic_stringIcSt11char_traitsIcESaIcEEpLEPKc
FN:1424,1425,_ZNSt7__cxx1112basic_stringIcSt11char_traitsIcESaIcEE6appendERKS4_
FN:1455,1460,_ZNSt7__cxx1112basic_stringIcSt11char_traitsIcESaIcEE6appendEPKcm
FN:1469,1475,_ZNSt7__cxx1112basic_stringIcSt11char_traitsIcESaIcEE6appendEPKc
FN:153,154,_ZNSt7__cxx1112basic_stringIcSt11char_traitsIcESaIcEE17_S_to_string_viewESt17basic_string_viewIcS2_E
FN:163,163,_ZNSt7__cxx1112basic_stringIcSt11char_traitsIcESaIcEE12__sv_wrapperC2ESt17basic_string_viewIcS2_E
FN:1681,1686,_ZNSt7__cxx1112basic_stringIcSt11char_traitsIcESaIcEE6assignEPKc
FN:176,177,_ZNSt7__cxx1112basic_stringIcSt11char_traitsIcESaIcEEC2ENS4_12__sv_wrapperERKS3_
FN:188,189,_ZNSt7__cxx1112basic_stringIcSt11char_traitsIcESaIcEE12_Alloc_hiderC1EPcRKS3_
FN:188,189,_ZNSt7__cxx1112basic_stringIcSt11char_traitsIcESaIcEE12_Alloc_hiderC2EPcRKS3_
FN:1894,1896,_ZNSt7__cxx1112basic_stringIcSt11char_traitsIcESaIcEE6insertEmRKS4_
FN:192,193,_ZNSt7__cxx1112basic_stringIcSt11char_traitsIcESaIcEE12_Alloc_hiderC1EPcOS3_
FN:1962,1967,_ZNSt7__cxx1112basic_stringIcSt11char_traitsIcESaIcEE6insertEmPKc
FN:2069,2077,_ZNSt7__cxx1112basic_stringIcSt11char_traitsIcESaIcEE5eraseEmm
FN:212,213,_ZNSt7__cxx1112basic_stringIcSt11char_traitsIcESaIcEE7_M_dataEPc
FN:217,218,_ZNSt7__cxx1112basic_stringIcSt11char_traitsIcESaIcEE9_M_lengthEm
FN:2204,2210,_ZNSt7__cxx1112basic_stringIcSt11char_traitsIcESaIcEE7replaceEmmPKcm
FN:222,223,_ZNKSt7__cxx1112basic_stringIcSt11char_traitsIcESaIcEE7_M_dataEv
FN:2230,2234,_ZNSt7__cxx1112basic_stringIcSt11char_traitsIcESaIcEE7replaceEmmPKc
FN:227,234,_ZNSt7__cxx1112basic_stringIcSt11char_traitsIcESaIcEE13_M_local_dataEv
FN:238,245,_ZNKSt7__cxx1112basic_stringIcSt11char_traitsIcESaIcEE13_M_local_dataEv
FN:249,250,_ZNSt7__cxx1112basic_stringIcSt11char_traitsIcESaIcEE11_M_capacityEm
FN:254,258,_ZNSt7__cxx1112basic_stringIcSt11char_traitsIcESaIcEE13_M_set_lengthEm
FN:2595,2596,_ZNKSt7__cxx1112basic_stringIcSt11char_traitsIcESaIcEE5c_strEv
FN:2608,2609,_ZNKSt7__cxx1112basic_stringIcSt11char_traitsIcESaIcEE4dataEv
FN:262,271,_ZNKSt7__cxx1112basic_stringIcSt11char_traitsIcESaIcEE11_M_is_localEv
FN:2629,2630,_ZNKSt7__cxx1112basic_stringIcSt11char_traitsIcESaIcEE13get_allocatorEv
FN:2695,2699,_ZNKSt7__cxx1112basic_stringIcSt11char_traitsIcESaIcEE4findEPKcm
FN:280,284,_ZNSt7__cxx1112basic_stringIcSt11char_traitsIcESaIcEE10_M_disposeEv
FN:288,289,_ZNSt7__cxx1112basic_stringIcSt11char_traitsIcESaIcEE10_M_destroyEm
FN:336,337,_ZNSt7__cxx1112basic_stringIcSt11char_traitsIcESaIcEE16_M_get_allocatorEv
FN:3383,3394,_ZNKSt7__cxx1112basic_stringIcSt11char_traitsIcESaIcEE7compareEmmPKc
FN:341,342,_ZNKSt7__cxx1112basic_stringIcSt11char_traitsIcESaIcEE16_M_get_allocatorEv
FN:3528,3541,_ZSt12__str_concatINSt7__cxx1112basic_stringIcSt11char_traitsIcESaIcEEEET_PKNS6_10value_typeENS6_9size_typeES9_SA_RKNS6_14allocator_typeE
FN:3571,3579,_ZStplIcSt11char_traitsIcESaIcEENSt7__cxx1112basic_stringIT_T0_T1_EEPKS5_RKS8_
FN:3651,3669,_ZStplIcSt11char_traitsIcESaIcEENSt7__cxx1112basic_stringIT_T0_T1_EEOS8_S9_
FN:3674,3676,_ZStplIcSt11char_traitsIcESaIcEENSt7__cxx1112basic_stringIT_T0_T1_EEPKS5_OS8_
FN:3688,3690,_ZStplIcSt11char_traitsIcESaIcEENSt7__cxx1112basic_stringIT_T0_T1_EEOS8_PKS5_
FN:386,393,_ZNKSt7__cxx1112basic_stringIcSt11char_traitsIcESaIcEE8_M_checkEmPKc
FN:397,401,_ZNKSt7__cxx1112basic_stringIcSt11char_traitsIcESaIcEE15_M_check_lengthEmmPKc
FN:407,411,_ZNKSt7__cxx1112basic_stringIcSt11char_traitsIcESaIcEE8_M_limitEmm
FN:415,419,_ZNKSt7__cxx1112basic_stringIcSt11char_traitsIcESaIcEE11_M_disjunctEPKc
FN:4162,4173,_ZNSt7__cxx119to_stringEi
FN:4204,4212,_ZNSt7__cxx119to_stringEm
FN:425,431,_ZNSt7__cxx1112basic_stringIcSt11char_traitsIcESaIcEE7_S_copyEPcPKcm
FN:435,441,_ZNSt7__cxx1112basic_stringIcSt11char_traitsIcESaIcEE7_S_moveEPcPKcm
FN:445,451,_ZNSt7__cxx1112basic_stringIcSt11char_traitsIcESaIcEE9_S_assignEPcmc
FN:477,478,_ZNSt7__cxx1112basic_stringIcSt11char_traitsIcESaIcEE13_S_copy_charsEPcS5_S5_
FN:482,484,_ZNSt7__cxx1112basic_stringIcSt11char_traitsIcESaIcEE13_S_copy_charsEPcPKcS7_
FN:488,498,_ZNSt7__cxx1112basic_stringIcSt11char_traitsIcESaIcEE10_S_compareEmm
FN:522,528,_ZNSt7__cxx1112basic_stringIcSt11char_traitsIcESaIcEEC1Ev
FN:535,540,_ZNSt7__cxx1112basic_stringIcSt11char_traitsIcESaIcEEC2ERKS3_
FN:547,553,_ZNSt7__cxx1112basic_stringIcSt11char_traitsIcESaIcEEC2ERKS4_
FN:619,628,_ZNSt7__cxx1112basic_stringIcSt11char_traitsIcESaIcEEC2EPKcmRKS3_
FN:641,650,_ZNSt7__cxx1112basic_stringIcSt11char_traitsIcESaIcEEC1IS3_EEPKcRKS3_
FN:641,650,_ZNSt7__cxx1112basic_stringIcSt11char_traitsIcESaIcEEC2IS3_EEPKcRKS3_
FN:664,666,_ZNSt7__cxx1112basic_stringIcSt11char_traitsIcESaIcEEC2IS3_EEmcRKS3_
FN:677,698,_ZNSt7__cxx1112basic_stringIcSt11char_traitsIcESaIcEEC2EOS4_
FN:795,796,_ZNSt7__cxx1112basic_stringIcSt11char_traitsIcESaIcEEC2ISt17basic_string_viewIcS2_EvEERKT_RKS3_
FN:803,804,_ZNSt7__cxx1112basic_stringIcSt11char_traitsIcESaIcEED2Ev
FN:823,824,_ZNSt7__cxx1112basic_stringIcSt11char_traitsIcESaIcEEaSEPKc
FN:944,945,_ZNKSt7__cxx1112basic_stringIcSt11char_traitsIcESaIcEEcvSt17basic_string_viewIcS2_EEv
FNDA:17075,_ZNKSt7__cxx1112basic_stringIcSt11char_traitsIcESaIcEE4sizeEv
FNDA:9809,_ZNKSt7__cxx1112basic_stringIcSt11char_traitsIcESaIcEE6lengthEv
FNDA:9457,_ZNKSt7__cxx1112basic_stringIcSt11char_traitsIcESaIcEE8max_sizeEv
FNDA:8014,_ZNKSt7__cxx1112basic_stringIcSt11char_traitsIcESaIcEE8capacityEv
FNDA:3250,_ZNSt7__cxx1112basic_stringIcSt11char_traitsIcESaIcEE11_S_allocateERS3_m
FNDA:2631,_ZNSt7__cxx1112basic_stringIcSt11char_traitsIcESaIcEEixEm
FNDA:0,_ZNSt7__cxx1112basic_stringIcSt11char_traitsIcESaIcEEpLERKS4_
FNDA:0,_ZNSt7__cxx1112basic_stringIcSt11char_traitsIcESaIcEEpLEPKc
FNDA:719,_ZNSt7__cxx1112basic_stringIcSt11char_traitsIcESaIcEE6appendERKS4_
FNDA:775,_ZNSt7__cxx1112basic_stringIcSt11char_traitsIcESaIcEE6appendEPKcm
FNDA:1189,_ZNSt7__cxx1112basic_stringIcSt11char_traitsIcESaIcEE6appendEPKc
FNDA:15,_ZNSt7__cxx1112basic_stringIcSt11char_traitsIcESaIcEE17_S_to_string_viewESt17basic_string_viewIcS2_E
FNDA:15,_ZNSt7__cxx1112basic_stringIcSt11char_traitsIcESaIcEE12__sv_wrapperC2ESt17basic_string_viewIcS2_E
FNDA:76,_ZNSt7__cxx1112basic_stringIcSt11char_traitsIcESaIcEE6assignEPKc
FNDA:15,_ZNSt7__cxx1112basic_stringIcSt11char_traitsIcESaIcEEC2ENS4_12__sv_wrapperERKS3_
FNDA:0,_ZNSt7__cxx1112basic_stringIcSt11char_traitsIcESaIcEE12_Alloc_hiderC1EPcRKS3_
FNDA:3023,_ZNSt7__cxx1112basic_stringIcSt11char_traitsIcESaIcEE12_Alloc_hiderC2EPcRKS3_
FNDA:0,_ZNSt7__cxx1112basic_stringIcSt11char_traitsIcESaIcEE6insertEmRKS4_
FNDA:3931,_ZNSt7__cxx1112basic_stringIcSt11char_traitsIcESaIcEE12_Alloc_hiderC1EPcOS3_
FNDA:1912,_ZNSt7__cxx1112basic_stringIcSt11char_traitsIcESaIcEE6insertEmPKc
FNDA:0,_ZNSt7__cxx1112basic_stringIcSt11char_traitsIcESaIcEE5eraseEmm
FNDA:10304,_ZNSt7__cxx1112basic_stringIcSt11char_traitsIcESaIcEE7_M_dataEPc
FNDA:15018,_ZNSt7__cxx1112basic_stringIcSt11char_traitsIcESaIcEE9_M_lengthEm
FNDA:1912,_ZNSt7__cxx1112basic_stringIcSt11char_traitsIcESaIcEE7replaceEmmPKcm
FNDA:51206,_ZNKSt7__cxx1112basic_stringIcSt11char_traitsIcESaIcEE7_M_dataEv
FNDA:0,_ZNSt7__cxx1112basic_stringIcSt11char_traitsIcESaIcEE7replaceEmmPKc
FNDA:10793,_ZNSt7__cxx1112basic_stringIcSt11char_traitsIcESaIcEE13_M_local_dataEv
FNDA:21790,_ZNKSt7__cxx1112basic_stringIcSt11char_traitsIcESaIcEE13_M_local_dataEv
FNDA:6465,_ZNSt7__cxx1112basic_stringIcSt11char_traitsIcESaIcEE11_M_capacityEm
FNDA:11179,_ZNSt7__cxx1112basic_stringIcSt11char_traitsIcESaIcEE13_M_set_lengthEm
FNDA:28,_ZNKSt7__cxx1112basic_stringIcSt11char_traitsIcESaIcEE5c_strEv
FNDA:15,_ZNKSt7__cxx1112basic_stringIcSt11char_traitsIcESaIcEE4dataEv
FNDA:21790,_ZNKSt7__cxx1112basic_stringIcSt11char_traitsIcESaIcEE11_M_is_localEv
FNDA:28,_ZNKSt7__cxx1112basic_stringIcSt11char_traitsIcESaIcEE13get_allocatorEv
FNDA:0,_ZNKSt7__cxx1112basic_stringIcSt11char_traitsIcESaIcEE4findEPKcm
FNDA:9937,_ZNSt7__cxx1112basic_stringIcSt11char_traitsIcESaIcEE10_M_disposeEv
FNDA:3079,_ZNSt7__cxx1112basic_stringIcSt11char_traitsIcESaIcEE10_M_destroyEm
FNDA:10168,_ZNSt7__cxx1112basic_stringIcSt11char_traitsIcESaIcEE16_M_get_allocatorEv
FNDA:0,_ZNKSt7__cxx1112basic_stringIcSt11char_traitsIcESaIcEE7compareEmmPKc
FNDA:9499,_ZNKSt7__cxx1112basic_stringIcSt11char_traitsIcESaIcEE16_M_get_allocatorEv
FNDA:28,_ZSt12__str_concatINSt7__cxx1112basic_stringIcSt11char_traitsIcESaIcEEEET_PKNS6_10value_typeENS6_9size_typeES9_SA_RKNS6_14allocator_typeE
FNDA:28,_ZStplIcSt11char_traitsIcESaIcEENSt7__cxx1112basic_stringIT_T0_T1_EEPKS5_RKS8_
FNDA:719,_ZStplIcSt11char_traitsIcESaIcEENSt7__cxx1112basic_stringIT_T0_T1_EEOS8_S9_
FNDA:1912,_ZStplIcSt11char_traitsIcESaIcEENSt7__cxx1112basic_stringIT_T0_T1_EEPKS5_OS8_
FNDA:1189,_ZStplIcSt11char_traitsIcESaIcEENSt7__cxx1112basic_stringIT_T0_T1_EEOS8_PKS5_
FNDA:1912,_ZNKSt7__cxx1112basic_stringIcSt11char_traitsIcESaIcEE8_M_checkEmPKc
FNDA:4190,_ZNKSt7__cxx1112basic_stringIcSt11char_traitsIcESaIcEE15_M_check_lengthEmmPKc
FNDA:1912,_ZNKSt7__cxx1112basic_stringIcSt11char_traitsIcESaIcEE8_M_limitEmm
FNDA:835,_ZNKSt7__cxx1112basic_stringIcSt11char_traitsIcESaIcEE11_M_disjunctEPKc
FNDA:2222,_ZNSt7__cxx119to_stringEi
FNDA:409,_ZNSt7__cxx119to_stringEm
FNDA:7406,_ZNSt7__cxx1112basic_stringIcSt11char_traitsIcESaIcEE7_S_copyEPcPKcm
FNDA:548,_ZNSt7__cxx1112basic_stringIcSt11char_traitsIcESaIcEE7_S_moveEPcPKcm
FNDA:2631,_ZNSt7__cxx1112basic_stringIcSt11char_traitsIcESaIcEE9_S_assignEPcmc
FNDA:14,_ZNSt7__cxx1112basic_stringIcSt11char_traitsIcESaIcEE13_S_copy_charsEPcS5_S5_
FNDA:364,_ZNSt7__cxx1112basic_stringIcSt11char_traitsIcESaIcEE13_S_copy_charsEPcPKcS7_
FNDA:0,_ZNSt7__cxx1112basic_stringIcSt11char_traitsIcESaIcEE10_S_compareEmm
FNDA:78,_ZNSt7__cxx1112basic_stringIcSt11char_traitsIcESaIcEEC1Ev
FNDA:28,_ZNSt7__cxx1112basic_stringIcSt11char_traitsIcESaIcEEC2ERKS3_
FNDA:14,_ZNSt7__cxx1112basic_stringIcSt11char_traitsIcESaIcEEC2ERKS4_
FNDA:15,_ZNSt7__cxx1112basic_stringIcSt11char_traitsIcESaIcEEC2EPKcmRKS3_
FNDA:0,_ZNSt7__cxx1112basic_stringIcSt11char_traitsIcESaIcEEC1IS3_EEPKcRKS3_
FNDA:349,_ZNSt7__cxx1112basic_stringIcSt11char_traitsIcESaIcEEC2IS3_EEPKcRKS3_
FNDA:2631,_ZNSt7__cxx1112basic_stringIcSt11char_traitsIcESaIcEEC2IS3_EEmcRKS3_
FNDA:3839,_ZNSt7__cxx1112basic_stringIcSt11char_traitsIcESaIcEEC2EOS4_
FNDA:15,_ZNSt7__cxx1112basic_stringIcSt11char_traitsIcESaIcEEC2ISt17basic_string_viewIcS2_EvEERKT_RKS3_
FNDA:7095,_ZNSt7__cxx1112basic_stringIcSt11char_traitsIcESaIcEED2Ev
FNDA:76,_ZNSt7__cxx1112basic_stringIcSt11char_traitsIcESaIcEEaSEPKc
FNDA:15,_ZNKSt7__cxx1112basic_stringIcSt11char_traitsIcESaIcEEcvSt17basic_string_viewIcS2_EEv
FNF:69
FNH:59
DA:124,3250
DA:126,3250
DA:136,3250
DA:153,15
DA:154,15
DA:163,15
DA:176,15
DA:177,15
DA:188,3023
DA:189,3023
DA:192,3931
DA:193,3931
DA:212,10304
DA:213,10304
DA:217,15018
DA:218,15018
DA:222,51206
DA:223,51206
DA:227,10793
DA:230,10793
DA:238,21790
DA:241,21790
DA:249,6465
DA:250,6465
DA:254,11179
DA:256,11179
DA:257,11179
DA:258,11179
DA:262,21790
DA:264,21790
DA:266,12456
DA:267,0
DA:268,12456
DA:270,9334
DA:280,9937
DA:282,9937
DA:283,3079
DA:284,9937
DA:288,3079
DA:289,3079
DA:336,10168
DA:337,10168
DA:341,9499
DA:342,9499
DA:351,7158
DA:352,0
DA:353,0
DA:355,7158
DA:365,3839
DA:386,1912
DA:388,1912
DA:389,0
DA:392,1912
DA:397,4190
DA:399,4190
DA:400,0
DA:401,4190
DA:407,1912
DA:409,1912
DA:410,1912
DA:415,835
DA:417,835
DA:418,835
DA:425,7406
DA:427,7406
DA:428,1109
DA:430,6297
DA:431,7406
DA:435,548
DA:437,548
DA:438,93
DA:440,455
DA:441,548
DA:445,2631
DA:447,2631
DA:448,915
DA:450,1716
DA:451,2631
DA:477,14
DA:478,14
DA:482,364
DA:484,364
DA:488,0
DA:490,0
DA:492,0
DA:493,0
DA:494,0
DA:495,0
DA:497,0
DA:522,78
DA:524,234
DA:527,78
DA:528,78
DA:535,28
DA:536,28
DA:539,28
DA:540,28
DA:547,14
DA:548,14
DA:549,14
DA:551,14
DA:553,14
DA:619,15
DA:621,15
DA:624,15
DA:625,0
DA:627,15
DA:628,15
DA:641,349
DA:642,349
DA:645,349
DA:646,0
DA:648,349
DA:649,349
DA:650,349
DA:664,2631
DA:665,2631
DA:666,2631
DA:677,3839
DA:678,3839
DA:680,3839
DA:683,553
DA:684,553
DA:688,3286
DA:689,3286
DA:695,3839
DA:696,3839
DA:697,3839
DA:698,3839
DA:795,15
DA:796,15
DA:803,7095
DA:804,7095
DA:823,76
DA:824,76
DA:944,15
DA:945,15
DA:1071,17075
DA:1072,17075
DA:1078,9809
DA:1079,9809
DA:1084,9457
DA:1085,18914
DA:1169,8014
DA:1171,8014
DA:1172,8014
DA:1254,2631
DA:1258,2631
DA:1261,2631
DA:1366,0
DA:1367,0
DA:1376,0
DA:1377,0
DA:1424,719
DA:1425,719
DA:1455,775
DA:1458,775
DA:1459,775
DA:1469,1189
DA:1472,1189
DA:1473,1189
DA:1474,1189
DA:1681,76
DA:1684,76
DA:1685,76
DA:1894,0
DA:1895,0
DA:1896,0
DA:1962,1912
DA:1965,1912
DA:1966,1912
DA:2069,0
DA:2071,0
DA:2072,0
DA:2073,0
DA:2074,0
DA:2075,0
DA:2076,0
DA:2204,1912
DA:2208,1912
DA:2209,1912
DA:2230,0
DA:2233,0
DA:2595,28
DA:2596,28
DA:2608,15
DA:2609,15
DA:2629,28
DA:2630,56
DA:2695,0
DA:2698,0
DA:3383,0
DA:3386,0
DA:3387,0
DA:3388,0
DA:3389,0
DA:3390,0
DA:3391,0
DA:3392,0
DA:3393,0
DA:3528,28
DA:3536,28
DA:3537,28
DA:3538,28
DA:3539,28
DA:3540,28
DA:3541,0
DA:3571,28
DA:3578,56
DA:3651,719
DA:3656,719
DA:3658,719
DA:3661,719
DA:3664,719
DA:3665,719
DA:3666,0
DA:3668,719
DA:3674,1912
DA:3676,1912
DA:3688,1189
DA:3690,1189
DA:4162,2222
DA:4167,2222
DA:4168,2222
DA:4169,2222
DA:4170,2222
DA:4171,2222
DA:4172,2222
DA:4204,409
DA:4209,409
DA:4210,409
DA:4211,409
DA:4212,0
LF:233
LH:189
end_of_record
TN:
SF:/usr/include/c++/13/bits/basic_string.tcc
FN:138,160,_ZNSt7__cxx1112basic_stringIcSt11char_traitsIcESaIcEE9_M_createERmm
FN:221,252,_ZNSt7__cxx1112basic_stringIcSt11char_traitsIcESaIcEE12_M_constructIPKcEEvT_S8_St20forward_iterator_tag
FN:221,252,_ZNSt7__cxx1112basic_stringIcSt11char_traitsIcESaIcEE12_M_constructIPcEEvT_S7_St20forward_iterator_tag
FN:239,239,_ZZNSt7__cxx1112basic_stringIcSt11char_traitsIcESaIcEE12_M_constructIPKcEEvT_S8_St20forward_iterator_tagEN6_GuardC2EPS4_
FN:239,239,_ZZNSt7__cxx1112basic_stringIcSt11char_traitsIcESaIcEE12_M_constructIPcEEvT_S7_St20forward_iterator_tagEN6_GuardC2EPS4_
FN:242,242,_ZZNSt7__cxx1112basic_stringIcSt11char_traitsIcESaIcEE12_M_constructIPKcEEvT_S8_St20forward_iterator_tagEN6_GuardD2Ev
FN:242,242,_ZZNSt7__cxx1112basic_stringIcSt11char_traitsIcESaIcEE12_M_constructIPcEEvT_S7_St20forward_iterator_tagEN6_GuardD2Ev
FN:257,272,_ZNSt7__cxx1112basic_stringIcSt11char_traitsIcESaIcEE12_M_constructEmc
FN:304,320,_ZNSt7__cxx1112basic_stringIcSt11char_traitsIcESaIcEE7reserveEm
FN:325,345,_ZNSt7__cxx1112basic_stringIcSt11char_traitsIcESaIcEE9_M_mutateEmmPKcm
FN:350,359,_ZNSt7__cxx1112basic_stringIcSt11char_traitsIcESaIcEE8_M_eraseEmm
FN:413,428,_ZNSt7__cxx1112basic_stringIcSt11char_traitsIcESaIcEE9_M_appendEPKcm
FN:511,552,_ZNSt7__cxx1112basic_stringIcSt11char_traitsIcESaIcEE10_M_replaceEmmPKcm
FN:618,650,_ZNKSt7__cxx1112basic_stringIcSt11char_traitsIcESaIcEE4findEPKcmm
FNDA:3250,_ZNSt7__cxx1112basic_stringIcSt11char_traitsIcESaIcEE9_M_createERmm
FNDA:364,_ZNSt7__cxx1112basic_stringIcSt11char_traitsIcESaIcEE12_M_constructIPKcEEvT_S8_St20forward_iterator_tag
FNDA:14,_ZNSt7__cxx1112basic_stringIcSt11char_traitsIcESaIcEE12_M_constructIPcEEvT_S7_St20forward_iterator_tag
FNDA:364,_ZZNSt7__cxx1112basic_stringIcSt11char_traitsIcESaIcEE12_M_constructIPKcEEvT_S8_St20forward_iterator_tagEN6_GuardC2EPS4_
FNDA:14,_ZZNSt7__cxx1112basic_stringIcSt11char_traitsIcESaIcEE12_M_constructIPcEEvT_S7_St20forward_iterator_tagEN6_GuardC2EPS4_
FNDA:364,_ZZNSt7__cxx1112basic_stringIcSt11char_traitsIcESaIcEE12_M_constructIPKcEEvT_S8_St20forward_iterator_tagEN6_GuardD2Ev
FNDA:14,_ZZNSt7__cxx1112basic_stringIcSt11char_traitsIcESaIcEE12_M_constructIPcEEvT_S7_St20forward_iterator_tagEN6_GuardD2Ev
FNDA:2631,_ZNSt7__cxx1112basic_stringIcSt11char_traitsIcESaIcEE12_M_constructEmc
FNDA:273,_ZNSt7__cxx1112basic_stringIcSt11char_traitsIcESaIcEE7reserveEm
FNDA:2573,_ZNSt7__cxx1112basic_stringIcSt11char_traitsIcESaIcEE9_M_mutateEmmPKcm
FNDA:0,_ZNSt7__cxx1112basic_stringIcSt11char_traitsIcESaIcEE8_M_eraseEmm
FNDA:1999,_ZNSt7__cxx1112basic_stringIcSt11char_traitsIcESaIcEE9_M_appendEPKcm
FNDA:2226,_ZNSt7__cxx1112basic_stringIcSt11char_traitsIcESaIcEE10_M_replaceEmmPKcm
FNDA:0,_ZNKSt7__cxx1112basic_stringIcSt11char_traitsIcESaIcEE4findEPKcmm
FNF:14
FNH:12
DA:138,3250
DA:143,3250
DA:144,0
DA:149,3250
DA:151,2017
DA:153,2017
DA:154,0
DA:159,3250
DA:221,378
DA:225,378
DA:227,378
DA:229,349
DA:230,349
DA:239,378
DA:242,378
DA:245,378
DA:247,378
DA:249,378
DA:251,378
DA:252,378
DA:257,2631
DA:260,2631
DA:262,0
DA:263,0
DA:268,2631
DA:269,2631
DA:271,2631
DA:272,2631
DA:304,273
DA:307,273
DA:312,273
DA:313,16
DA:315,257
DA:316,257
DA:317,257
DA:318,257
DA:319,257
DA:325,2573
DA:329,2573
DA:331,2573
DA:332,2573
DA:334,2573
DA:335,1182
DA:336,2573
DA:337,2573
DA:338,2573
DA:339,1364
DA:340,1364
DA:342,2573
DA:343,2573
DA:344,2573
DA:345,2573
DA:350,0
DA:353,0
DA:355,0
DA:356,0
DA:358,0
DA:359,0
DA:413,1999
DA:416,1999
DA:418,1999
DA:420,817
DA:421,817
DA:424,1182
DA:426,1999
DA:427,1999
DA:511,2226
DA:515,2226
DA:517,2226
DA:518,2226
DA:520,2226
DA:522,835
DA:524,835
DA:526,835
DA:528,0
DA:529,0
DA:530,0
DA:531,0
DA:532,0
DA:533,0
DA:537,835
DA:539,835
DA:540,548
DA:541,835
DA:542,835
DA:545,0
DA:548,1391
DA:550,2226
DA:551,2226
DA:618,0
DA:623,0
DA:625,0
DA:626,0
DA:627,0
DA:628,0
DA:630,0
DA:631,0
DA:632,0
DA:633,0
DA:634,0
DA:636,0
DA:639,0
DA:640,0
DA:641,0
DA:645,0
DA:646,0
DA:647,0
DA:649,0
LF:108
LH:72
end_of_record
TN:
SF:/usr/include/c++/13/bits/char_traits.h
FN:136,137,_ZN9__gnu_cxx11char_traitsIcE2eqERKcS3_
FN:199,206,_ZN9__gnu_cxx11char_traitsIcE6lengthEPKc
FN:210,217,_ZN9__gnu_cxx11char_traitsIcE4findEPKcmRS2_
FN:222,248,_ZN9__gnu_cxx11char_traitsIcE4moveEPcPKcm
FN:253,268,_ZN9__gnu_cxx11char_traitsIcE4copyEPcPKcm
FN:273,300,_ZN9__gnu_cxx11char_traitsIcE6assignEPcmc
FN:351,359,_ZNSt11char_traitsIcE6assignERcRKc
FN:366,371,_ZNSt11char_traitsIcE2ltERKcS2_
FN:374,390,_ZNSt11char_traitsIcE7compareEPKcS2_m
FN:393,400,_ZNSt11char_traitsIcE6lengthEPKc
FN:403,412,_ZNSt11char_traitsIcE4findEPKcmRS1_
FN:415,424,_ZNSt11char_traitsIcE4moveEPcPKcm
FN:427,436,_ZNSt11char_traitsIcE4copyEPcPKcm
FN:439,448,_ZNSt11char_traitsIcE6assignEPcmc
FNDA:0,_ZN9__gnu_cxx11char_traitsIcE2eqERKcS3_
FNDA:0,_ZN9__gnu_cxx11char_traitsIcE6lengthEPKc
FNDA:0,_ZN9__gnu_cxx11char_traitsIcE4findEPKcmRS2_
FNDA:0,_ZN9__gnu_cxx11char_traitsIcE4moveEPcPKcm
FNDA:0,_ZN9__gnu_cxx11char_traitsIcE4copyEPcPKcm
FNDA:0,_ZN9__gnu_cxx11char_traitsIcE6assignEPcmc
FNDA:13296,_ZNSt11char_traitsIcE6assignERcRKc
FNDA:0,_ZNSt11char_traitsIcE2ltERKcS2_
FNDA:0,_ZNSt11char_traitsIcE7compareEPKcS2_m
FNDA:3630,_ZNSt11char_traitsIcE6lengthEPKc
FNDA:0,_ZNSt11char_traitsIcE4findEPKcmRS1_
FNDA:455,_ZNSt11char_traitsIcE4moveEPcPKcm
FNDA:6850,_ZNSt11char_traitsIcE4copyEPcPKcm
FNDA:1716,_ZNSt11char_traitsIcE6assignEPcmc
FNF:14
FNH:5
DA:136,0
DA:137,0
DA:199,0
DA:202,0
DA:203,0
DA:204,0
DA:205,0
DA:210,0
DA:213,0
DA:214,0
DA:215,0
DA:216,0
DA:222,0
DA:225,0
DA:226,0
DA:228,0
DA:242,0
DA:243,0
DA:246,0
DA:247,0
DA:253,0
DA:256,0
DA:257,0
DA:259,0
DA:261,0
DA:262,0
DA:263,0
DA:266,0
DA:267,0
DA:273,0
DA:277,0
DA:279,0
DA:280,0
DA:281,0
DA:287,0
DA:290,0
DA:291,0
DA:299,0
DA:351,13296
DA:354,13296
DA:355,0
DA:358,13296
DA:359,13296
DA:366,0
DA:369,0
DA:370,0
DA:374,0
DA:376,0
DA:377,0
DA:379,0
DA:381,0
DA:382,0
DA:383,0
DA:384,0
DA:385,0
DA:386,0
DA:389,0
DA:393,3630
DA:396,3630
DA:397,0
DA:399,3630
DA:403,0
DA:405,0
DA:406,0
DA:408,0
DA:409,0
DA:411,0
DA:415,455
DA:417,455
DA:418,0
DA:420,455
DA:421,0
DA:423,455
DA:427,6850
DA:429,6850
DA:430,0
DA:432,6850
DA:433,0
DA:435,6850
DA:439,1716
DA:441,1716
DA:442,0
DA:444,1716
DA:445,0
DA:447,1716
LF:85
LH:19
end_of_record
TN:
SF:/usr/include/c++/13/bits/charconv.h
FN:55,74,_ZNSt8__detail14__to_chars_lenIjEEjT_i
FN:55,74,_ZNSt8__detail14__to_chars_lenImEEjT_i
FN:81,110,_ZNSt8__detail18__to_chars_10_implIjEEvPcjT_
FN:81,110,_ZNSt8__detail18__to_chars_10_implImEEvPcjT_
FNDA:2222,_ZNSt8__detail14__to_chars_lenIjEEjT_i
FNDA:409,_ZNSt8__detail14__to_chars_lenImEEjT_i
FNDA:2222,_ZNSt8__detail18__to_chars_10_implIjEEvPcjT_
FNDA:409,_ZNSt8__detail18__to_chars_10_implImEEvPcjT_
FNF:4
FNH:4
DA:55,2631
DA:61,2631
DA:62,2631
DA:63,2631
DA:64,2631
DA:67,2775
DA:68,1834
DA:69,150
DA:70,150
DA:71,144
DA:72,144
DA:81,2631
DA:87,2631
DA:93,2631
DA:94,2925
DA:96,294
DA:97,294
DA:98,294
DA:99,294
DA:100,294
DA:102,2631
DA:104,1690
DA:105,1690
DA:106,1690
DA:109,941
DA:110,2631
LF:26
LH:26
end_of_record
TN:
SF:/usr/include/c++/13/bits/chrono.h
FN:1244,1248,_ZNSt6chrono3_V212system_clock9to_time_tERKNS_10time_pointIS1_NS_8durationIlSt5ratioILl1ELl1000000000EEEEEE
FN:208,213,_ZNSt6chrono20__duration_cast_implINS_8durationIlSt5ratioILl1ELl1000EEEES2_ILl1ELl1000000EElLb1ELb0EE6__castIlS2_ILl1ELl1000000000EEEES4_RKNS1_IT_T0_EE
FN:208,213,_ZNSt6chrono20__duration_cast_implINS_8durationIlSt5ratioILl1ELl1EEEES2_ILl1ELl1000000000EElLb1ELb0EE6__castIlS5_EES4_RKNS1_IT_T0_EE
FN:273,291,_ZNSt6chrono13duration_castINS_8durationIlSt5ratioILl1ELl1000EEEElS2_ILl1ELl1000000000EEEENSt9enable_ifIXsrNS_13__is_durationIT_EE5valueES8_E4typeERKNS1_IT0_T1_EE
FN:273,291,_ZNSt6chrono13duration_castINS_8durationIlSt5ratioILl1ELl1EEEElS2_ILl1ELl1000000000EEEENSt9enable_ifIXsrNS_13__is_durationIT_EE5valueES8_E4typeERKNS1_IT0_T1_EE
FN:573,574,_ZNSt6chrono8durationIlSt5ratioILl1ELl1000EEEC2IlvEERKT_
FN:573,574,_ZNSt6chrono8durationIlSt5ratioILl1ELl1EEEC1IlvEERKT_
FN:589,590,_ZNKSt6chrono8durationIlSt5ratioILl1ELl1000000000EEE5countEv
FN:589,590,_ZNKSt6chrono8durationIlSt5ratioILl1ELl1000EEE5countEv
FN:589,590,_ZNKSt6chrono8durationIlSt5ratioILl1ELl1EEE5countEv
FN:779,784,_ZNSt6chronormIlSt5ratioILl1ELl1000EEiEENS_8durationINSt9enable_ifIXsrSt14is_convertibleIRKNS4_IXntsrNS_13__is_durationIT1_EE5valueES7_E4typeENSt11common_typeIJT_SA_EE4typeEE5valueESG_E4typeET0_EERKNS3_ISE_SK_EERKS7_
FN:949,950,_ZNKSt6chrono10time_pointINS_3_V212system_clockENS_8durationIlSt5ratioILl1ELl1000000000EEEEE16time_since_epochEv
FNDA:76,_ZNSt6chrono3_V212system_clock9to_time_tERKNS_10time_pointIS1_NS_8durationIlSt5ratioILl1ELl1000000000EEEEEE
FNDA:76,_ZNSt6chrono20__duration_cast_implINS_8durationIlSt5ratioILl1ELl1000EEEES2_ILl1ELl1000000EElLb1ELb0EE6__castIlS2_ILl1ELl1000000000EEEES4_RKNS1_IT_T0_EE
FNDA:76,_ZNSt6chrono20__duration_cast_implINS_8durationIlSt5ratioILl1ELl1EEEES2_ILl1ELl1000000000EElLb1ELb0EE6__castIlS5_EES4_RKNS1_IT_T0_EE
FNDA:76,_ZNSt6chrono13duration_castINS_8durationIlSt5ratioILl1ELl1000EEEElS2_ILl1ELl1000000000EEEENSt9enable_ifIXsrNS_13__is_durationIT_EE5valueES8_E4typeERKNS1_IT0_T1_EE
FNDA:76,_ZNSt6chrono13duration_castINS_8durationIlSt5ratioILl1ELl1EEEElS2_ILl1ELl1000000000EEEENSt9enable_ifIXsrNS_13__is_durationIT_EE5valueES8_E4typeERKNS1_IT0_T1_EE
FNDA:152,_ZNSt6chrono8durationIlSt5ratioILl1ELl1000EEEC2IlvEERKT_
FNDA:76,_ZNSt6chrono8durationIlSt5ratioILl1ELl1EEEC1IlvEERKT_
FNDA:152,_ZNKSt6chrono8durationIlSt5ratioILl1ELl1000000000EEE5countEv
FNDA:152,_ZNKSt6chrono8durationIlSt5ratioILl1ELl1000EEE5countEv
FNDA:76,_ZNKSt6chrono8durationIlSt5ratioILl1ELl1EEE5countEv
FNDA:76,_ZNSt6chronormIlSt5ratioILl1ELl1000EEiEENS_8durationINSt9enable_ifIXsrSt14is_convertibleIRKNS4_IXntsrNS_13__is_durationIT1_EE5valueES7_E4typeENSt11common_typeIJT_SA_EE4typeEE5valueESG_E4typeET0_EERKNS3_ISE_SK_EERKS7_
FNDA:152,_ZNKSt6chrono10time_pointINS_3_V212system_clockENS_8durationIlSt5ratioILl1ELl1000000000EEEEE16time_since_epochEv
FNF:12
FNH:12
DA:208,152
DA:211,304
DA:212,152
DA:273,152
DA:287,152
DA:573,228
DA:574,228
DA:589,380
DA:590,380
DA:779,76
DA:783,76
DA:949,152
DA:950,152
DA:1244,76
DA:1247,76
LF:15
LH:15
end_of_record
TN:
SF:/usr/include/c++/13/bits/fs_dir.h
FN:77,77,_ZNKSt10filesystem11file_status4typeEv
FNDA:2,_ZNKSt10filesystem11file_status4typeEv
FNF:1
FNH:1
DA:77,2
LF:1
LH:1
end_of_record
TN:
SF:/usr/include/c++/13/bits/fs_ops.h
FN:128,129,_ZNSt10filesystem6existsENS_11file_statusE
FN:133,134,_ZNSt10filesystem6existsERKNS_7__cxx114pathE
FN:363,364,_ZNSt10filesystem12status_knownENS_11file_statusE
FNDA:1,_ZNSt10filesystem6existsENS_11file_statusE
FNDA:1,_ZNSt10filesystem6existsERKNS_7__cxx114pathE
FNDA:1,_ZNSt10filesystem12status_knownENS_11file_statusE
FNF:3
FNH:3
DA:128,1
DA:129,1
DA:133,1
DA:134,1
DA:363,1
DA:364,1
LF:6
LH:6
end_of_record
TN:
SF:/usr/include/c++/13/bits/fs_path.h
FN:183,185,_ZNSt10filesystem7__cxx118__detail17__effective_rangeIcSt11char_traitsIcESaIcEEESt17basic_string_viewIT_S3_IS7_EERKNSt7__cxx1112basic_stringIS7_T0_T1_EE
FN:330,332,_ZNSt10filesystem7__cxx114pathC2INSt7__cxx1112basic_stringIcSt11char_traitsIcESaIcEEES1_EERKT_NS1_6formatE
FN:355,355,_ZNSt10filesystem7__cxx114pathD2Ev
FN:618,633,_ZNSt10filesystem7__cxx114path10_S_convertISt17basic_string_viewIcSt11char_traitsIcEEEEDaT_
FN:689,689,_ZNSt10filesystem7__cxx114path5_ListD2Ev
FNDA:15,_ZNSt10filesystem7__cxx118__detail17__effective_rangeIcSt11char_traitsIcESaIcEEESt17basic_string_viewIT_S3_IS7_EERKNSt7__cxx1112basic_stringIS7_T0_T1_EE
FNDA:15,_ZNSt10filesystem7__cxx114pathC2INSt7__cxx1112basic_stringIcSt11char_traitsIcESaIcEEES1_EERKT_NS1_6formatE
FNDA:15,_ZNSt10filesystem7__cxx114pathD2Ev
FNDA:15,_ZNSt10filesystem7__cxx114path10_S_convertISt17basic_string_viewIcSt11char_traitsIcEEEEDaT_
FNDA:15,_ZNSt10filesystem7__cxx114path5_ListD2Ev
FNF:5
FNH:5
DA:183,15
DA:185,15
DA:330,15
DA:331,30
DA:332,15
DA:355,15
DA:618,15
DA:622,15
DA:689,15
LF:9
LH:9
end_of_record
TN:
SF:/usr/include/c++/13/bits/functional_hash.h
FN:154,154,_ZNKSt4hashIiEclEi
FNDA:2127,_ZNKSt4hashIiEclEi
FNF:1
FNH:1
DA:154,2127
LF:1
LH:1
end_of_record
TN:
SF:/usr/include/c++/13/bits/hashtable.h
FN:1595,1610,_ZNSt10_HashtableIiSt4pairIKiSt10unique_ptrIN5sqlcc4PageESt14default_deleteIS4_EEESaIS8_ENSt8__detail10_Select1stESt8equal_toIiESt4hashIiENSA_18_Mod_range_hashingENSA_20_Default_ranged_hashENSA_20_Prime_rehash_policyENSA_17_Hashtable_traitsILb0ELb0ELb1EEEED2Ev
FN:1595,1610,_ZNSt10_HashtableIiSt4pairIKiSt14_List_iteratorIiEESaIS4_ENSt8__detail10_Select1stESt8equal_toIiESt4hashIiENS6_18_Mod_range_hashingENS6_20_Default_ranged_hashENS6_20_Prime_rehash_policyENS6_17_Hashtable_traitsILb0ELb0ELb1EEEED2Ev
FN:1595,1610,_ZNSt10_HashtableIiSt4pairIKibESaIS2_ENSt8__detail10_Select1stESt8equal_toIiESt4hashIiENS4_18_Mod_range_hashingENS4_20_Default_ranged_hashENS4_20_Prime_rehash_policyENS4_17_Hashtable_traitsILb0ELb0ELb1EEEED2Ev
FN:1595,1610,_ZNSt10_HashtableIiSt4pairIKiiESaIS2_ENSt8__detail10_Select1stESt8equal_toIiESt4hashIiENS4_18_Mod_range_hashingENS4_20_Default_ranged_hashENS4_20_Prime_rehash_policyENS4_17_Hashtable_traitsILb0ELb0ELb1EEEED2Ev
FN:1664,1680,_ZNSt10_HashtableIiSt4pairIKiSt10unique_ptrIN5sqlcc4PageESt14default_deleteIS4_EEESaIS8_ENSt8__detail10_Select1stESt8equal_toIiESt4hashIiENSA_18_Mod_range_hashingENSA_20_Default_ranged_hashENSA_20_Prime_rehash_policyENSA_17_Hashtable_traitsILb0ELb0ELb1EEEE4findERS1_
FN:1664,1680,_ZNSt10_HashtableIiSt4pairIKiSt14_List_iteratorIiEESaIS4_ENSt8__detail10_Select1stESt8equal_toIiESt4hashIiENS6_18_Mod_range_hashingENS6_20_Default_ranged_hashENS6_20_Prime_rehash_policyENS6_17_Hashtable_traitsILb0ELb0ELb1EEEE4findERS1_
FN:1664,1680,_ZNSt10_HashtableIiSt4pairIKibESaIS2_ENSt8__detail10_Select1stESt8equal_toIiESt4hashIiENS4_18_Mod_range_hashingENS4_20_Default_ranged_hashENS4_20_Prime_rehash_policyENS4_17_Hashtable_traitsILb0ELb0ELb1EEEE4findERS1_
FN:1664,1680,_ZNSt10_HashtableIiSt4pairIKiiESaIS2_ENSt8__detail10_Select1stESt8equal_toIiESt4hashIiENS4_18_Mod_range_hashingENS4_20_Default_ranged_hashENS4_20_Prime_rehash_policyENS4_17_Hashtable_traitsILb0ELb0ELb1EEEE4findERS1_
FN:1919,1939,_ZNSt10_HashtableIiSt4pairIKiSt10unique_ptrIN5sqlcc4PageESt14default_deleteIS4_EEESaIS8_ENSt8__detail10_Select1stESt8equal_toIiESt4hashIiENSA_18_Mod_range_hashingENSA_20_Default_ranged_hashENSA_20_Prime_rehash_policyENSA_17_Hashtable_traitsILb0ELb0ELb1EEEE19_M_find_before_nodeERS1_
FN:1919,1939,_ZNSt10_HashtableIiSt4pairIKiSt14_List_iteratorIiEESaIS4_ENSt8__detail10_Select1stESt8equal_toIiESt4hashIiENS6_18_Mod_range_hashingENS6_20_Default_ranged_hashENS6_20_Prime_rehash_policyENS6_17_Hashtable_traitsILb0ELb0ELb1EEEE19_M_find_before_nodeERS1_
FN:1919,1939,_ZNSt10_HashtableIiSt4pairIKibESaIS2_ENSt8__detail10_Select1stESt8equal_toIiESt4hashIiENS4_18_Mod_range_hashingENS4_20_Default_ranged_hashENS4_20_Prime_rehash_policyENS4_17_Hashtable_traitsILb0ELb0ELb1EEEE19_M_find_before_nodeERS1_
FN:1919,1939,_ZNSt10_HashtableIiSt4pairIKiiESaIS2_ENSt8__detail10_Select1stESt8equal_toIiESt4hashIiENS4_18_Mod_range_hashingENS4_20_Default_ranged_hashENS4_20_Prime_rehash_policyENS4_17_Hashtable_traitsILb0ELb0ELb1EEEE19_M_find_before_nodeERS1_
FN:1948,1970,_ZNKSt10_HashtableIiSt4pairIKiSt10unique_ptrIN5sqlcc4PageESt14default_deleteIS4_EEESaIS8_ENSt8__detail10_Select1stESt8equal_toIiESt4hashIiENSA_18_Mod_range_hashingENSA_20_Default_ranged_hashENSA_20_Prime_rehash_policyENSA_17_Hashtable_traitsILb0ELb0ELb1EEEE19_M_find_before_nodeEmRS1_m
FN:1948,1970,_ZNKSt10_HashtableIiSt4pairIKiSt14_List_iteratorIiEESaIS4_ENSt8__detail10_Select1stESt8equal_toIiESt4hashIiENS6_18_Mod_range_hashingENS6_20_Default_ranged_hashENS6_20_Prime_rehash_policyENS6_17_Hashtable_traitsILb0ELb0ELb1EEEE19_M_find_before_nodeEmRS1_m
FN:1948,1970,_ZNKSt10_HashtableIiSt4pairIKibESaIS2_ENSt8__detail10_Select1stESt8equal_toIiESt4hashIiENS4_18_Mod_range_hashingENS4_20_Default_ranged_hashENS4_20_Prime_rehash_policyENS4_17_Hashtable_traitsILb0ELb0ELb1EEEE19_M_find_before_nodeEmRS1_m
FN:1948,1970,_ZNKSt10_HashtableIiSt4pairIKiiESaIS2_ENSt8__detail10_Select1stESt8equal_toIiESt4hashIiENS4_18_Mod_range_hashingENS4_20_Default_ranged_hashENS4_20_Prime_rehash_policyENS4_17_Hashtable_traitsILb0ELb0ELb1EEEE19_M_find_before_nodeEmRS1_m
FN:2007,2033,_ZNSt10_HashtableIiSt4pairIKiSt10unique_ptrIN5sqlcc4PageESt14default_deleteIS4_EEESaIS8_ENSt8__detail10_Select1stESt8equal_toIiESt4hashIiENSA_18_Mod_range_hashingENSA_20_Default_ranged_hashENSA_20_Prime_rehash_policyENSA_17_Hashtable_traitsILb0ELb0ELb1EEEE22_M_insert_bucket_beginEmPNSA_10_Hash_nodeIS8_Lb0EEE
FN:2007,2033,_ZNSt10_HashtableIiSt4pairIKiSt14_List_iteratorIiEESaIS4_ENSt8__detail10_Select1stESt8equal_toIiESt4hashIiENS6_18_Mod_range_hashingENS6_20_Default_ranged_hashENS6_20_Prime_rehash_policyENS6_17_Hashtable_traitsILb0ELb0ELb1EEEE22_M_insert_bucket_beginEmPNS6_10_Hash_nodeIS4_Lb0EEE
FN:2007,2033,_ZNSt10_HashtableIiSt4pairIKibESaIS2_ENSt8__detail10_Select1stESt8equal_toIiESt4hashIiENS4_18_Mod_range_hashingENS4_20_Default_ranged_hashENS4_20_Prime_rehash_policyENS4_17_Hashtable_traitsILb0ELb0ELb1EEEE22_M_insert_bucket_beginEmPNS4_10_Hash_nodeIS2_Lb0EEE
FN:2007,2033,_ZNSt10_HashtableIiSt4pairIKiiESaIS2_ENSt8__detail10_Select1stESt8equal_toIiESt4hashIiENS4_18_Mod_range_hashingENS4_20_Default_ranged_hashENS4_20_Prime_rehash_policyENS4_17_Hashtable_traitsILb0ELb0ELb1EEEE22_M_insert_bucket_beginEmPNS4_10_Hash_nodeIS2_Lb0EEE
FN:2040,2057,_ZNSt10_HashtableIiSt4pairIKiSt10unique_ptrIN5sqlcc4PageESt14default_deleteIS4_EEESaIS8_ENSt8__detail10_Select1stESt8equal_toIiESt4hashIiENSA_18_Mod_range_hashingENSA_20_Default_ranged_hashENSA_20_Prime_rehash_policyENSA_17_Hashtable_traitsILb0ELb0ELb1EEEE22_M_remove_bucket_beginEmPNSA_10_Hash_nodeIS8_Lb0EEEm
FN:2040,2057,_ZNSt10_HashtableIiSt4pairIKiSt14_List_iteratorIiEESaIS4_ENSt8__detail10_Select1stESt8equal_toIiESt4hashIiENS6_18_Mod_range_hashingENS6_20_Default_ranged_hashENS6_20_Prime_rehash_policyENS6_17_Hashtable_traitsILb0ELb0ELb1EEEE22_M_remove_bucket_beginEmPNS6_10_Hash_nodeIS4_Lb0EEEm
FN:2040,2057,_ZNSt10_HashtableIiSt4pairIKibESaIS2_ENSt8__detail10_Select1stESt8equal_toIiESt4hashIiENS4_18_Mod_range_hashingENS4_20_Default_ranged_hashENS4_20_Prime_rehash_policyENS4_17_Hashtable_traitsILb0ELb0ELb1EEEE22_M_remove_bucket_beginEmPNS4_10_Hash_nodeIS2_Lb0EEEm
FN:2040,2057,_ZNSt10_HashtableIiSt4pairIKiiESaIS2_ENSt8__detail10_Select1stESt8equal_toIiESt4hashIiENS4_18_Mod_range_hashingENS4_20_Default_ranged_hashENS4_20_Prime_rehash_policyENS4_17_Hashtable_traitsILb0ELb0ELb1EEEE22_M_remove_bucket_beginEmPNS4_10_Hash_nodeIS2_Lb0EEEm
FN:2064,2073,_ZNSt10_HashtableIiSt4pairIKiSt10unique_ptrIN5sqlcc4PageESt14default_deleteIS4_EEESaIS8_ENSt8__detail10_Select1stESt8equal_toIiESt4hashIiENSA_18_Mod_range_hashingENSA_20_Default_ranged_hashENSA_20_Prime_rehash_policyENSA_17_Hashtable_traitsILb0ELb0ELb1EEEE20_M_get_previous_nodeEmPNSA_10_Hash_nodeIS8_Lb0EEE
FN:2064,2073,_ZNSt10_HashtableIiSt4pairIKiSt14_List_iteratorIiEESaIS4_ENSt8__detail10_Select1stESt8equal_toIiESt4hashIiENS6_18_Mod_range_hashingENS6_20_Default_ranged_hashENS6_20_Prime_rehash_policyENS6_17_Hashtable_traitsILb0ELb0ELb1EEEE20_M_get_previous_nodeEmPNS6_10_Hash_nodeIS4_Lb0EEE
FN:2064,2073,_ZNSt10_HashtableIiSt4pairIKibESaIS2_ENSt8__detail10_Select1stESt8equal_toIiESt4hashIiENS4_18_Mod_range_hashingENS4_20_Default_ranged_hashENS4_20_Prime_rehash_policyENS4_17_Hashtable_traitsILb0ELb0ELb1EEEE20_M_get_previous_nodeEmPNS4_10_Hash_nodeIS2_Lb0EEE
FN:2064,2073,_ZNSt10_HashtableIiSt4pairIKiiESaIS2_ENSt8__detail10_Select1stESt8equal_toIiESt4hashIiENS4_18_Mod_range_hashingENS4_20_Default_ranged_hashENS4_20_Prime_rehash_policyENS4_17_Hashtable_traitsILb0ELb0ELb1EEEE20_M_get_previous_nodeEmPNS4_10_Hash_nodeIS2_Lb0EEE
FN:2166,2189,_ZNSt10_HashtableIiSt4pairIKiSt10unique_ptrIN5sqlcc4PageESt14default_deleteIS4_EEESaIS8_ENSt8__detail10_Select1stESt8equal_toIiESt4hashIiENSA_18_Mod_range_hashingENSA_20_Default_ranged_hashENSA_20_Prime_rehash_policyENSA_17_Hashtable_traitsILb0ELb0ELb1EEEE21_M_insert_unique_nodeEmmPNSA_10_Hash_nodeIS8_Lb0EEEm
FN:2166,2189,_ZNSt10_HashtableIiSt4pairIKiSt14_List_iteratorIiEESaIS4_ENSt8__detail10_Select1stESt8equal_toIiESt4hashIiENS6_18_Mod_range_hashingENS6_20_Default_ranged_hashENS6_20_Prime_rehash_policyENS6_17_Hashtable_traitsILb0ELb0ELb1EEEE21_M_insert_unique_nodeEmmPNS6_10_Hash_nodeIS4_Lb0EEEm
FN:2166,2189,_ZNSt10_HashtableIiSt4pairIKibESaIS2_ENSt8__detail10_Select1stESt8equal_toIiESt4hashIiENS4_18_Mod_range_hashingENS4_20_Default_ranged_hashENS4_20_Prime_rehash_policyENS4_17_Hashtable_traitsILb0ELb0ELb1EEEE21_M_insert_unique_nodeEmmPNS4_10_Hash_nodeIS2_Lb0EEEm
FN:2166,2189,_ZNSt10_HashtableIiSt4pairIKiiESaIS2_ENSt8__detail10_Select1stESt8equal_toIiESt4hashIiENS4_18_Mod_range_hashingENS4_20_Default_ranged_hashENS4_20_Prime_rehash_policyENS4_17_Hashtable_traitsILb0ELb0ELb1EEEE21_M_insert_unique_nodeEmmPNS4_10_Hash_nodeIS2_Lb0EEEm
FN:2316,2329,_ZNSt10_HashtableIiSt4pairIKiSt10unique_ptrIN5sqlcc4PageESt14default_deleteIS4_EEESaIS8_ENSt8__detail10_Select1stESt8equal_toIiESt4hashIiENSA_18_Mod_range_hashingENSA_20_Default_ranged_hashENSA_20_Prime_rehash_policyENSA_17_Hashtable_traitsILb0ELb0ELb1EEEE5eraseENSA_20_Node_const_iteratorIS8_Lb0ELb0EEE
FN:2316,2329,_ZNSt10_HashtableIiSt4pairIKiSt14_List_iteratorIiEESaIS4_ENSt8__detail10_Select1stESt8equal_toIiESt4hashIiENS6_18_Mod_range_hashingENS6_20_Default_ranged_hashENS6_20_Prime_rehash_policyENS6_17_Hashtable_traitsILb0ELb0ELb1EEEE5eraseENS6_20_Node_const_iteratorIS4_Lb0ELb0EEE
FN:2316,2329,_ZNSt10_HashtableIiSt4pairIKibESaIS2_ENSt8__detail10_Select1stESt8equal_toIiESt4hashIiENS4_18_Mod_range_hashingENS4_20_Default_ranged_hashENS4_20_Prime_rehash_policyENS4_17_Hashtable_traitsILb0ELb0ELb1EEEE5eraseENS4_20_Node_const_iteratorIS2_Lb0ELb0EEE
FN:2316,2329,_ZNSt10_HashtableIiSt4pairIKiiESaIS2_ENSt8__detail10_Select1stESt8equal_toIiESt4hashIiENS4_18_Mod_range_hashingENS4_20_Default_ranged_hashENS4_20_Prime_rehash_policyENS4_17_Hashtable_traitsILb0ELb0ELb1EEEE5eraseENS4_20_Node_const_iteratorIS2_Lb0ELb0EEE
FN:2336,2357,_ZNSt10_HashtableIiSt4pairIKiSt10unique_ptrIN5sqlcc4PageESt14default_deleteIS4_EEESaIS8_ENSt8__detail10_Select1stESt8equal_toIiESt4hashIiENSA_18_Mod_range_hashingENSA_20_Default_ranged_hashENSA_20_Prime_rehash_policyENSA_17_Hashtable_traitsILb0ELb0ELb1EEEE8_M_eraseEmPNSA_15_Hash_node_baseEPNSA_10_Hash_nodeIS8_Lb0EEE
FN:2336,2357,_ZNSt10_HashtableIiSt4pairIKiSt14_List_iteratorIiEESaIS4_ENSt8__detail10_Select1stESt8equal_toIiESt4hashIiENS6_18_Mod_range_hashingENS6_20_Default_ranged_hashENS6_20_Prime_rehash_policyENS6_17_Hashtable_traitsILb0ELb0ELb1EEEE8_M_eraseEmPNS6_15_Hash_node_baseEPNS6_10_Hash_nodeIS4_Lb0EEE
FN:2336,2357,_ZNSt10_HashtableIiSt4pairIKibESaIS2_ENSt8__detail10_Select1stESt8equal_toIiESt4hashIiENS4_18_Mod_range_hashingENS4_20_Default_ranged_hashENS4_20_Prime_rehash_policyENS4_17_Hashtable_traitsILb0ELb0ELb1EEEE8_M_eraseEmPNS4_15_Hash_node_baseEPNS4_10_Hash_nodeIS2_Lb0EEE
FN:2336,2357,_ZNSt10_HashtableIiSt4pairIKiiESaIS2_ENSt8__detail10_Select1stESt8equal_toIiESt4hashIiENS4_18_Mod_range_hashingENS4_20_Default_ranged_hashENS4_20_Prime_rehash_policyENS4_17_Hashtable_traitsILb0ELb0ELb1EEEE8_M_eraseEmPNS4_15_Hash_node_baseEPNS4_10_Hash_nodeIS2_Lb0EEE
FN:2364,2398,_ZNSt10_HashtableIiSt4pairIKiSt10unique_ptrIN5sqlcc4PageESt14default_deleteIS4_EEESaIS8_ENSt8__detail10_Select1stESt8equal_toIiESt4hashIiENSA_18_Mod_range_hashingENSA_20_Default_ranged_hashENSA_20_Prime_rehash_policyENSA_17_Hashtable_traitsILb0ELb0ELb1EEEE8_M_eraseESt17integral_constantIbLb1EERS1_
FN:2364,2398,_ZNSt10_HashtableIiSt4pairIKiSt14_List_iteratorIiEESaIS4_ENSt8__detail10_Select1stESt8equal_toIiESt4hashIiENS6_18_Mod_range_hashingENS6_20_Default_ranged_hashENS6_20_Prime_rehash_policyENS6_17_Hashtable_traitsILb0ELb0ELb1EEEE8_M_eraseESt17integral_constantIbLb1EERS1_
FN:2364,2398,_ZNSt10_HashtableIiSt4pairIKibESaIS2_ENSt8__detail10_Select1stESt8equal_toIiESt4hashIiENS4_18_Mod_range_hashingENS4_20_Default_ranged_hashENS4_20_Prime_rehash_policyENS4_17_Hashtable_traitsILb0ELb0ELb1EEEE8_M_eraseESt17integral_constantIbLb1EERS1_
FN:2364,2398,_ZNSt10_HashtableIiSt4pairIKiiESaIS2_ENSt8__detail10_Select1stESt8equal_toIiESt4hashIiENS4_18_Mod_range_hashingENS4_20_Default_ranged_hashENS4_20_Prime_rehash_policyENS4_17_Hashtable_traitsILb0ELb0ELb1EEEE8_M_eraseESt17integral_constantIbLb1EERS1_
FN:2520,2529,_ZNSt10_HashtableIiSt4pairIKiSt10unique_ptrIN5sqlcc4PageESt14default_deleteIS4_EEESaIS8_ENSt8__detail10_Select1stESt8equal_toIiESt4hashIiENSA_18_Mod_range_hashingENSA_20_Default_ranged_hashENSA_20_Prime_rehash_policyENSA_17_Hashtable_traitsILb0ELb0ELb1EEEE5clearEv
FN:2520,2529,_ZNSt10_HashtableIiSt4pairIKiSt14_List_iteratorIiEESaIS4_ENSt8__detail10_Select1stESt8equal_toIiESt4hashIiENS6_18_Mod_range_hashingENS6_20_Default_ranged_hashENS6_20_Prime_rehash_policyENS6_17_Hashtable_traitsILb0ELb0ELb1EEEE5clearEv
FN:2520,2529,_ZNSt10_HashtableIiSt4pairIKibESaIS2_ENSt8__detail10_Select1stESt8equal_toIiESt4hashIiENS4_18_Mod_range_hashingENS4_20_Default_ranged_hashENS4_20_Prime_rehash_policyENS4_17_Hashtable_traitsILb0ELb0ELb1EEEE5clearEv
FN:2520,2529,_ZNSt10_HashtableIiSt4pairIKiiESaIS2_ENSt8__detail10_Select1stESt8equal_toIiESt4hashIiENS4_18_Mod_range_hashingENS4_20_Default_ranged_hashENS4_20_Prime_rehash_policyENS4_17_Hashtable_traitsILb0ELb0ELb1EEEE5clearEv
FN:2559,2574,_ZNSt10_HashtableIiSt4pairIKiSt10unique_ptrIN5sqlcc4PageESt14default_deleteIS4_EEESaIS8_ENSt8__detail10_Select1stESt8equal_toIiESt4hashIiENSA_18_Mod_range_hashingENSA_20_Default_ranged_hashENSA_20_Prime_rehash_policyENSA_17_Hashtable_traitsILb0ELb0ELb1EEEE9_M_rehashEmRKm
FN:2559,2574,_ZNSt10_HashtableIiSt4pairIKiSt14_List_iteratorIiEESaIS4_ENSt8__detail10_Select1stESt8equal_toIiESt4hashIiENS6_18_Mod_range_hashingENS6_20_Default_ranged_hashENS6_20_Prime_rehash_policyENS6_17_Hashtable_traitsILb0ELb0ELb1EEEE9_M_rehashEmRKm
FN:2559,2574,_ZNSt10_HashtableIiSt4pairIKibESaIS2_ENSt8__detail10_Select1stESt8equal_toIiESt4hashIiENS4_18_Mod_range_hashingENS4_20_Default_ranged_hashENS4_20_Prime_rehash_policyENS4_17_Hashtable_traitsILb0ELb0ELb1EEEE9_M_rehashEmRKm
FN:2559,2574,_ZNSt10_HashtableIiSt4pairIKiiESaIS2_ENSt8__detail10_Select1stESt8equal_toIiESt4hashIiENS4_18_Mod_range_hashingENS4_20_Default_ranged_hashENS4_20_Prime_rehash_policyENS4_17_Hashtable_traitsILb0ELb0ELb1EEEE9_M_rehashEmRKm
FN:2582,2616,_ZNSt10_HashtableIiSt4pairIKiSt10unique_ptrIN5sqlcc4PageESt14default_deleteIS4_EEESaIS8_ENSt8__detail10_Select1stESt8equal_toIiESt4hashIiENSA_18_Mod_range_hashingENSA_20_Default_ranged_hashENSA_20_Prime_rehash_policyENSA_17_Hashtable_traitsILb0ELb0ELb1EEEE13_M_rehash_auxEmSt17integral_constantIbLb1EE
FN:2582,2616,_ZNSt10_HashtableIiSt4pairIKiSt14_List_iteratorIiEESaIS4_ENSt8__detail10_Select1stESt8equal_toIiESt4hashIiENS6_18_Mod_range_hashingENS6_20_Default_ranged_hashENS6_20_Prime_rehash_policyENS6_17_Hashtable_traitsILb0ELb0ELb1EEEE13_M_rehash_auxEmSt17integral_constantIbLb1EE
FN:2582,2616,_ZNSt10_HashtableIiSt4pairIKibESaIS2_ENSt8__detail10_Select1stESt8equal_toIiESt4hashIiENS4_18_Mod_range_hashingENS4_20_Default_ranged_hashENS4_20_Prime_rehash_policyENS4_17_Hashtable_traitsILb0ELb0ELb1EEEE13_M_rehash_auxEmSt17integral_constantIbLb1EE
FN:2582,2616,_ZNSt10_HashtableIiSt4pairIKiiESaIS2_ENSt8__detail10_Select1stESt8equal_toIiESt4hashIiENS4_18_Mod_range_hashingENS4_20_Default_ranged_hashENS4_20_Prime_rehash_policyENS4_17_Hashtable_traitsILb0ELb0ELb1EEEE13_M_rehash_auxEmSt17integral_constantIbLb1EE
FN:305,308,_ZNSt10_HashtableIiSt4pairIKiSt10unique_ptrIN5sqlcc4PageESt14default_deleteIS4_EEESaIS8_ENSt8__detail10_Select1stESt8equal_toIiESt4hashIiENSA_18_Mod_range_hashingENSA_20_Default_ranged_hashENSA_20_Prime_rehash_policyENSA_17_Hashtable_traitsILb0ELb0ELb1EEEE12_Scoped_nodeC2IJRKSt21piecewise_construct_tSt5tupleIJRS1_EESR_IJEEEEEPNSA_16_Hashtable_allocISaINSA_10_Hash_nodeIS8_Lb0EEEEEEDpOT_
FN:305,308,_ZNSt10_HashtableIiSt4pairIKiSt14_List_iteratorIiEESaIS4_ENSt8__detail10_Select1stESt8equal_toIiESt4hashIiENS6_18_Mod_range_hashingENS6_20_Default_ranged_hashENS6_20_Prime_rehash_policyENS6_17_Hashtable_traitsILb0ELb0ELb1EEEE12_Scoped_nodeC2IJRKSt21piecewise_construct_tSt5tupleIJRS1_EESN_IJEEEEEPNS6_16_Hashtable_allocISaINS6_10_Hash_nodeIS4_Lb0EEEEEEDpOT_
FN:305,308,_ZNSt10_HashtableIiSt4pairIKibESaIS2_ENSt8__detail10_Select1stESt8equal_toIiESt4hashIiENS4_18_Mod_range_hashingENS4_20_Default_ranged_hashENS4_20_Prime_rehash_policyENS4_17_Hashtable_traitsILb0ELb0ELb1EEEE12_Scoped_nodeC2IJRKSt21piecewise_construct_tSt5tupleIJRS1_EESL_IJEEEEEPNS4_16_Hashtable_allocISaINS4_10_Hash_nodeIS2_Lb0EEEEEEDpOT_
FN:305,308,_ZNSt10_HashtableIiSt4pairIKiiESaIS2_ENSt8__detail10_Select1stESt8equal_toIiESt4hashIiENS4_18_Mod_range_hashingENS4_20_Default_ranged_hashENS4_20_Prime_rehash_policyENS4_17_Hashtable_traitsILb0ELb0ELb1EEEE12_Scoped_nodeC2IJRKSt21piecewise_construct_tSt5tupleIJRS1_EESL_IJEEEEEPNS4_16_Hashtable_allocISaINS4_10_Hash_nodeIS2_Lb0EEEEEEDpOT_
FN:311,311,_ZNSt10_HashtableIiSt4pairIKiSt10unique_ptrIN5sqlcc4PageESt14default_deleteIS4_EEESaIS8_ENSt8__detail10_Select1stESt8equal_toIiESt4hashIiENSA_18_Mod_range_hashingENSA_20_Default_ranged_hashENSA_20_Prime_rehash_policyENSA_17_Hashtable_traitsILb0ELb0ELb1EEEE12_Scoped_nodeD2Ev
FN:311,311,_ZNSt10_HashtableIiSt4pairIKiSt14_List_iteratorIiEESaIS4_ENSt8__detail10_Select1stESt8equal_toIiESt4hashIiENS6_18_Mod_range_hashingENS6_20_Default_ranged_hashENS6_20_Prime_rehash_policyENS6_17_Hashtable_traitsILb0ELb0ELb1EEEE12_Scoped_nodeD2Ev
FN:311,311,_ZNSt10_HashtableIiSt4pairIKibESaIS2_ENSt8__detail10_Select1stESt8equal_toIiESt4hashIiENS4_18_Mod_range_hashingENS4_20_Default_ranged_hashENS4_20_Prime_rehash_policyENS4_17_Hashtable_traitsILb0ELb0ELb1EEEE12_Scoped_nodeD2Ev
FN:311,311,_ZNSt10_HashtableIiSt4pairIKiiESaIS2_ENSt8__detail10_Select1stESt8equal_toIiESt4hashIiENS4_18_Mod_range_hashingENS4_20_Default_ranged_hashENS4_20_Prime_rehash_policyENS4_17_Hashtable_traitsILb0ELb0ELb1EEEE12_Scoped_nodeD2Ev
FN:416,417,_ZNKSt10_HashtableIiSt4pairIKiSt10unique_ptrIN5sqlcc4PageESt14default_deleteIS4_EEESaIS8_ENSt8__detail10_Select1stESt8equal_toIiESt4hashIiENSA_18_Mod_range_hashingENSA_20_Default_ranged_hashENSA_20_Prime_rehash_policyENSA_17_Hashtable_traitsILb0ELb0ELb1EEEE21_M_uses_single_bucketEPPNSA_15_Hash_node_baseE
FN:416,417,_ZNKSt10_HashtableIiSt4pairIKiSt14_List_iteratorIiEESaIS4_ENSt8__detail10_Select1stESt8equal_toIiESt4hashIiENS6_18_Mod_range_hashingENS6_20_Default_ranged_hashENS6_20_Prime_rehash_policyENS6_17_Hashtable_traitsILb0ELb0ELb1EEEE21_M_uses_single_bucketEPPNS6_15_Hash_node_baseE
FN:416,417,_ZNKSt10_HashtableIiSt4pairIKibESaIS2_ENSt8__detail10_Select1stESt8equal_toIiESt4hashIiENS4_18_Mod_range_hashingENS4_20_Default_ranged_hashENS4_20_Prime_rehash_policyENS4_17_Hashtable_traitsILb0ELb0ELb1EEEE21_M_uses_single_bucketEPPNS4_15_Hash_node_baseE
FN:416,417,_ZNKSt10_HashtableIiSt4pairIKiiESaIS2_ENSt8__detail10_Select1stESt8equal_toIiESt4hashIiENS4_18_Mod_range_hashingENS4_20_Default_ranged_hashENS4_20_Prime_rehash_policyENS4_17_Hashtable_traitsILb0ELb0ELb1EEEE21_M_uses_single_bucketEPPNS4_15_Hash_node_baseE
FN:424,428,_ZNSt10_HashtableIiSt4pairIKiSt10unique_ptrIN5sqlcc4PageESt14default_deleteIS4_EEESaIS8_ENSt8__detail10_Select1stESt8equal_toIiESt4hashIiENSA_18_Mod_range_hashingENSA_20_Default_ranged_hashENSA_20_Prime_rehash_policyENSA_17_Hashtable_traitsILb0ELb0ELb1EEEE22__small_size_thresholdEv
FN:424,428,_ZNSt10_HashtableIiSt4pairIKiSt14_List_iteratorIiEESaIS4_ENSt8__detail10_Select1stESt8equal_toIiESt4hashIiENS6_18_Mod_range_hashingENS6_20_Default_ranged_hashENS6_20_Prime_rehash_policyENS6_17_Hashtable_traitsILb0ELb0ELb1EEEE22__small_size_thresholdEv
FN:424,428,_ZNSt10_HashtableIiSt4pairIKibESaIS2_ENSt8__detail10_Select1stESt8equal_toIiESt4hashIiENS4_18_Mod_range_hashingENS4_20_Default_ranged_hashENS4_20_Prime_rehash_policyENS4_17_Hashtable_traitsILb0ELb0ELb1EEEE22__small_size_thresholdEv
FN:424,428,_ZNSt10_HashtableIiSt4pairIKiiESaIS2_ENSt8__detail10_Select1stESt8equal_toIiESt4hashIiENS4_18_Mod_range_hashingENS4_20_Default_ranged_hashENS4_20_Prime_rehash_policyENS4_17_Hashtable_traitsILb0ELb0ELb1EEEE22__small_size_thresholdEv
FN:434,443,_ZNSt10_HashtableIiSt4pairIKiSt10unique_ptrIN5sqlcc4PageESt14default_deleteIS4_EEESaIS8_ENSt8__detail10_Select1stESt8equal_toIiESt4hashIiENSA_18_Mod_range_hashingENSA_20_Default_ranged_hashENSA_20_Prime_rehash_policyENSA_17_Hashtable_traitsILb0ELb0ELb1EEEE19_M_allocate_bucketsEm
FN:434,443,_ZNSt10_HashtableIiSt4pairIKiSt14_List_iteratorIiEESaIS4_ENSt8__detail10_Select1stESt8equal_toIiESt4hashIiENS6_18_Mod_range_hashingENS6_20_Default_ranged_hashENS6_20_Prime_rehash_policyENS6_17_Hashtable_traitsILb0ELb0ELb1EEEE19_M_allocate_bucketsEm
FN:434,443,_ZNSt10_HashtableIiSt4pairIKibESaIS2_ENSt8__detail10_Select1stESt8equal_toIiESt4hashIiENS4_18_Mod_range_hashingENS4_20_Default_ranged_hashENS4_20_Prime_rehash_policyENS4_17_Hashtable_traitsILb0ELb0ELb1EEEE19_M_allocate_bucketsEm
FN:434,443,_ZNSt10_HashtableIiSt4pairIKiiESaIS2_ENSt8__detail10_Select1stESt8equal_toIiESt4hashIiENS4_18_Mod_range_hashingENS4_20_Default_ranged_hashENS4_20_Prime_rehash_policyENS4_17_Hashtable_traitsILb0ELb0ELb1EEEE19_M_allocate_bucketsEm
FN:446,452,_ZNSt10_HashtableIiSt4pairIKiSt10unique_ptrIN5sqlcc4PageESt14default_deleteIS4_EEESaIS8_ENSt8__detail10_Select1stESt8equal_toIiESt4hashIiENSA_18_Mod_range_hashingENSA_20_Default_ranged_hashENSA_20_Prime_rehash_policyENSA_17_Hashtable_traitsILb0ELb0ELb1EEEE21_M_deallocate_bucketsEPPNSA_15_Hash_node_baseEm
FN:446,452,_ZNSt10_HashtableIiSt4pairIKiSt14_List_iteratorIiEESaIS4_ENSt8__detail10_Select1stESt8equal_toIiESt4hashIiENS6_18_Mod_range_hashingENS6_20_Default_ranged_hashENS6_20_Prime_rehash_policyENS6_17_Hashtable_traitsILb0ELb0ELb1EEEE21_M_deallocate_bucketsEPPNS6_15_Hash_node_baseEm
FN:446,452,_ZNSt10_HashtableIiSt4pairIKibESaIS2_ENSt8__detail10_Select1stESt8equal_toIiESt4hashIiENS4_18_Mod_range_hashingENS4_20_Default_ranged_hashENS4_20_Prime_rehash_policyENS4_17_Hashtable_traitsILb0ELb0ELb1EEEE21_M_deallocate_bucketsEPPNS4_15_Hash_node_baseEm
FN:446,452,_ZNSt10_HashtableIiSt4pairIKiiESaIS2_ENSt8__detail10_Select1stESt8equal_toIiESt4hashIiENS4_18_Mod_range_hashingENS4_20_Default_ranged_hashENS4_20_Prime_rehash_policyENS4_17_Hashtable_traitsILb0ELb0ELb1EEEE21_M_deallocate_bucketsEPPNS4_15_Hash_node_baseEm
FN:455,456,_ZNSt10_HashtableIiSt4pairIKiSt10unique_ptrIN5sqlcc4PageESt14default_deleteIS4_EEESaIS8_ENSt8__detail10_Select1stESt8equal_toIiESt4hashIiENSA_18_Mod_range_hashingENSA_20_Default_ranged_hashENSA_20_Prime_rehash_policyENSA_17_Hashtable_traitsILb0ELb0ELb1EEEE21_M_deallocate_bucketsEv
FN:455,456,_ZNSt10_HashtableIiSt4pairIKiSt14_List_iteratorIiEESaIS4_ENSt8__detail10_Select1stESt8equal_toIiESt4hashIiENS6_18_Mod_range_hashingENS6_20_Default_ranged_hashENS6_20_Prime_rehash_policyENS6_17_Hashtable_traitsILb0ELb0ELb1EEEE21_M_deallocate_bucketsEv
FN:455,456,_ZNSt10_HashtableIiSt4pairIKibESaIS2_ENSt8__detail10_Select1stESt8equal_toIiESt4hashIiENS4_18_Mod_range_hashingENS4_20_Default_ranged_hashENS4_20_Prime_rehash_policyENS4_17_Hashtable_traitsILb0ELb0ELb1EEEE21_M_deallocate_bucketsEv
FN:455,456,_ZNSt10_HashtableIiSt4pairIKiiESaIS2_ENSt8__detail10_Select1stESt8equal_toIiESt4hashIiENS4_18_Mod_range_hashingENS4_20_Default_ranged_hashENS4_20_Prime_rehash_policyENS4_17_Hashtable_traitsILb0ELb0ELb1EEEE21_M_deallocate_bucketsEv
FN:464,465,_ZNKSt10_HashtableIiSt4pairIKiSt10unique_ptrIN5sqlcc4PageESt14default_deleteIS4_EEESaIS8_ENSt8__detail10_Select1stESt8equal_toIiESt4hashIiENSA_18_Mod_range_hashingENSA_20_Default_ranged_hashENSA_20_Prime_rehash_policyENSA_17_Hashtable_traitsILb0ELb0ELb1EEEE8_M_beginEv
FN:464,465,_ZNKSt10_HashtableIiSt4pairIKiSt14_List_iteratorIiEESaIS4_ENSt8__detail10_Select1stESt8equal_toIiESt4hashIiENS6_18_Mod_range_hashingENS6_20_Default_ranged_hashENS6_20_Prime_rehash_policyENS6_17_Hashtable_traitsILb0ELb0ELb1EEEE8_M_beginEv
FN:464,465,_ZNKSt10_HashtableIiSt4pairIKibESaIS2_ENSt8__detail10_Select1stESt8equal_toIiESt4hashIiENS4_18_Mod_range_hashingENS4_20_Default_ranged_hashENS4_20_Prime_rehash_policyENS4_17_Hashtable_traitsILb0ELb0ELb1EEEE8_M_beginEv
FN:464,465,_ZNKSt10_HashtableIiSt4pairIKiiESaIS2_ENSt8__detail10_Select1stESt8equal_toIiESt4hashIiENS4_18_Mod_range_hashingENS4_20_Default_ranged_hashENS4_20_Prime_rehash_policyENS4_17_Hashtable_traitsILb0ELb0ELb1EEEE8_M_beginEv
FN:530,530,_ZNSt10_HashtableIiSt4pairIKiSt10unique_ptrIN5sqlcc4PageESt14default_deleteIS4_EEESaIS8_ENSt8__detail10_Select1stESt8equal_toIiESt4hashIiENSA_18_Mod_range_hashingENSA_20_Default_ranged_hashENSA_20_Prime_rehash_policyENSA_17_Hashtable_traitsILb0ELb0ELb1EEEEC2Ev
FN:530,530,_ZNSt10_HashtableIiSt4pairIKiSt14_List_iteratorIiEESaIS4_ENSt8__detail10_Select1stESt8equal_toIiESt4hashIiENS6_18_Mod_range_hashingENS6_20_Default_ranged_hashENS6_20_Prime_rehash_policyENS6_17_Hashtable_traitsILb0ELb0ELb1EEEEC2Ev
FN:530,530,_ZNSt10_HashtableIiSt4pairIKibESaIS2_ENSt8__detail10_Select1stESt8equal_toIiESt4hashIiENS4_18_Mod_range_hashingENS4_20_Default_ranged_hashENS4_20_Prime_rehash_policyENS4_17_Hashtable_traitsILb0ELb0ELb1EEEEC2Ev
FN:530,530,_ZNSt10_HashtableIiSt4pairIKiiESaIS2_ENSt8__detail10_Select1stESt8equal_toIiESt4hashIiENS4_18_Mod_range_hashingENS4_20_Default_ranged_hashENS4_20_Prime_rehash_policyENS4_17_Hashtable_traitsILb0ELb0ELb1EEEEC2Ev
FN:623,624,_ZNSt10_HashtableIiSt4pairIKiSt10unique_ptrIN5sqlcc4PageESt14default_deleteIS4_EEESaIS8_ENSt8__detail10_Select1stESt8equal_toIiESt4hashIiENSA_18_Mod_range_hashingENSA_20_Default_ranged_hashENSA_20_Prime_rehash_policyENSA_17_Hashtable_traitsILb0ELb0ELb1EEEE5beginEv
FN:623,624,_ZNSt10_HashtableIiSt4pairIKiSt14_List_iteratorIiEESaIS4_ENSt8__detail10_Select1stESt8equal_toIiESt4hashIiENS6_18_Mod_range_hashingENS6_20_Default_ranged_hashENS6_20_Prime_rehash_policyENS6_17_Hashtable_traitsILb0ELb0ELb1EEEE5beginEv
FN:623,624,_ZNSt10_HashtableIiSt4pairIKibESaIS2_ENSt8__detail10_Select1stESt8equal_toIiESt4hashIiENS4_18_Mod_range_hashingENS4_20_Default_ranged_hashENS4_20_Prime_rehash_policyENS4_17_Hashtable_traitsILb0ELb0ELb1EEEE5beginEv
FN:623,624,_ZNSt10_HashtableIiSt4pairIKiiESaIS2_ENSt8__detail10_Select1stESt8equal_toIiESt4hashIiENS4_18_Mod_range_hashingENS4_20_Default_ranged_hashENS4_20_Prime_rehash_policyENS4_17_Hashtable_traitsILb0ELb0ELb1EEEE5beginEv
FN:631,632,_ZNSt10_HashtableIiSt4pairIKiSt10unique_ptrIN5sqlcc4PageESt14default_deleteIS4_EEESaIS8_ENSt8__detail10_Select1stESt8equal_toIiESt4hashIiENSA_18_Mod_range_hashingENSA_20_Default_ranged_hashENSA_20_Prime_rehash_policyENSA_17_Hashtable_traitsILb0ELb0ELb1EEEE3endEv
FN:631,632,_ZNSt10_HashtableIiSt4pairIKiSt14_List_iteratorIiEESaIS4_ENSt8__detail10_Select1stESt8equal_toIiESt4hashIiENS6_18_Mod_range_hashingENS6_20_Default_ranged_hashENS6_20_Prime_rehash_policyENS6_17_Hashtable_traitsILb0ELb0ELb1EEEE3endEv
FN:631,632,_ZNSt10_HashtableIiSt4pairIKibESaIS2_ENSt8__detail10_Select1stESt8equal_toIiESt4hashIiENS4_18_Mod_range_hashingENS4_20_Default_ranged_hashENS4_20_Prime_rehash_policyENS4_17_Hashtable_traitsILb0ELb0ELb1EEEE3endEv
FN:631,632,_ZNSt10_HashtableIiSt4pairIKiiESaIS2_ENSt8__detail10_Select1stESt8equal_toIiESt4hashIiENS4_18_Mod_range_hashingENS4_20_Default_ranged_hashENS4_20_Prime_rehash_policyENS4_17_Hashtable_traitsILb0ELb0ELb1EEEE3endEv
FN:647,648,_ZNKSt10_HashtableIiSt4pairIKiSt10unique_ptrIN5sqlcc4PageESt14default_deleteIS4_EEESaIS8_ENSt8__detail10_Select1stESt8equal_toIiESt4hashIiENSA_18_Mod_range_hashingENSA_20_Default_ranged_hashENSA_20_Prime_rehash_policyENSA_17_Hashtable_traitsILb0ELb0ELb1EEEE4sizeEv
FN:647,648,_ZNKSt10_HashtableIiSt4pairIKiSt14_List_iteratorIiEESaIS4_ENSt8__detail10_Select1stESt8equal_toIiESt4hashIiENS6_18_Mod_range_hashingENS6_20_Default_ranged_hashENS6_20_Prime_rehash_policyENS6_17_Hashtable_traitsILb0ELb0ELb1EEEE4sizeEv
FN:647,648,_ZNKSt10_HashtableIiSt4pairIKibESaIS2_ENSt8__detail10_Select1stESt8equal_toIiESt4hashIiENS4_18_Mod_range_hashingENS4_20_Default_ranged_hashENS4_20_Prime_rehash_policyENS4_17_Hashtable_traitsILb0ELb0ELb1EEEE4sizeEv
FN:647,648,_ZNKSt10_HashtableIiSt4pairIKiiESaIS2_ENSt8__detail10_Select1stESt8equal_toIiESt4hashIiENS4_18_Mod_range_hashingENS4_20_Default_ranged_hashENS4_20_Prime_rehash_policyENS4_17_Hashtable_traitsILb0ELb0ELb1EEEE4sizeEv
FN:792,793,_ZNKSt10_HashtableIiSt4pairIKiSt10unique_ptrIN5sqlcc4PageESt14default_deleteIS4_EEESaIS8_ENSt8__detail10_Select1stESt8equal_toIiESt4hashIiENSA_18_Mod_range_hashingENSA_20_Default_ranged_hashENSA_20_Prime_rehash_policyENSA_17_Hashtable_traitsILb0ELb0ELb1EEEE15_M_bucket_indexERKNSA_16_Hash_node_valueIS8_Lb0EEE
FN:792,793,_ZNKSt10_HashtableIiSt4pairIKiSt14_List_iteratorIiEESaIS4_ENSt8__detail10_Select1stESt8equal_toIiESt4hashIiENS6_18_Mod_range_hashingENS6_20_Default_ranged_hashENS6_20_Prime_rehash_policyENS6_17_Hashtable_traitsILb0ELb0ELb1EEEE15_M_bucket_indexERKNS6_16_Hash_node_valueIS4_Lb0EEE
FN:792,793,_ZNKSt10_HashtableIiSt4pairIKibESaIS2_ENSt8__detail10_Select1stESt8equal_toIiESt4hashIiENS4_18_Mod_range_hashingENS4_20_Default_ranged_hashENS4_20_Prime_rehash_policyENS4_17_Hashtable_traitsILb0ELb0ELb1EEEE15_M_bucket_indexERKNS4_16_Hash_node_valueIS2_Lb0EEE
FN:792,793,_ZNKSt10_HashtableIiSt4pairIKiiESaIS2_ENSt8__detail10_Select1stESt8equal_toIiESt4hashIiENS4_18_Mod_range_hashingENS4_20_Default_ranged_hashENS4_20_Prime_rehash_policyENS4_17_Hashtable_traitsILb0ELb0ELb1EEEE15_M_bucket_indexERKNS4_16_Hash_node_valueIS2_Lb0EEE
FN:796,797,_ZNKSt10_HashtableIiSt4pairIKiSt10unique_ptrIN5sqlcc4PageESt14default_deleteIS4_EEESaIS8_ENSt8__detail10_Select1stESt8equal_toIiESt4hashIiENSA_18_Mod_range_hashingENSA_20_Default_ranged_hashENSA_20_Prime_rehash_policyENSA_17_Hashtable_traitsILb0ELb0ELb1EEEE15_M_bucket_indexEm
FN:796,797,_ZNKSt10_HashtableIiSt4pairIKiSt14_List_iteratorIiEESaIS4_ENSt8__detail10_Select1stESt8equal_toIiESt4hashIiENS6_18_Mod_range_hashingENS6_20_Default_ranged_hashENS6_20_Prime_rehash_policyENS6_17_Hashtable_traitsILb0ELb0ELb1EEEE15_M_bucket_indexEm
FN:796,797,_ZNKSt10_HashtableIiSt4pairIKibESaIS2_ENSt8__detail10_Select1stESt8equal_toIiESt4hashIiENS4_18_Mod_range_hashingENS4_20_Default_ranged_hashENS4_20_Prime_rehash_policyENS4_17_Hashtable_traitsILb0ELb0ELb1EEEE15_M_bucket_indexEm
FN:796,797,_ZNKSt10_HashtableIiSt4pairIKiiESaIS2_ENSt8__detail10_Select1stESt8equal_toIiESt4hashIiENS4_18_Mod_range_hashingENS4_20_Default_ranged_hashENS4_20_Prime_rehash_policyENS4_17_Hashtable_traitsILb0ELb0ELb1EEEE15_M_bucket_indexEm
FN:812,819,_ZNKSt10_HashtableIiSt4pairIKiSt10unique_ptrIN5sqlcc4PageESt14default_deleteIS4_EEESaIS8_ENSt8__detail10_Select1stESt8equal_toIiESt4hashIiENSA_18_Mod_range_hashingENSA_20_Default_ranged_hashENSA_20_Prime_rehash_policyENSA_17_Hashtable_traitsILb0ELb0ELb1EEEE12_M_find_nodeEmRS1_m
FN:812,819,_ZNKSt10_HashtableIiSt4pairIKiSt14_List_iteratorIiEESaIS4_ENSt8__detail10_Select1stESt8equal_toIiESt4hashIiENS6_18_Mod_range_hashingENS6_20_Default_ranged_hashENS6_20_Prime_rehash_policyENS6_17_Hashtable_traitsILb0ELb0ELb1EEEE12_M_find_nodeEmRS1_m
FN:812,819,_ZNKSt10_HashtableIiSt4pairIKibESaIS2_ENSt8__detail10_Select1stESt8equal_toIiESt4hashIiENS4_18_Mod_range_hashingENS4_20_Default_ranged_hashENS4_20_Prime_rehash_policyENS4_17_Hashtable_traitsILb0ELb0ELb1EEEE12_M_find_nodeEmRS1_m
FN:812,819,_ZNKSt10_HashtableIiSt4pairIKiiESaIS2_ENSt8__detail10_Select1stESt8equal_toIiESt4hashIiENS4_18_Mod_range_hashingENS4_20_Default_ranged_hashENS4_20_Prime_rehash_policyENS4_17_Hashtable_traitsILb0ELb0ELb1EEEE12_M_find_nodeEmRS1_m
FN:979,980,_ZNSt10_HashtableIiSt4pairIKiSt10unique_ptrIN5sqlcc4PageESt14default_deleteIS4_EEESaIS8_ENSt8__detail10_Select1stESt8equal_toIiESt4hashIiENSA_18_Mod_range_hashingENSA_20_Default_ranged_hashENSA_20_Prime_rehash_policyENSA_17_Hashtable_traitsILb0ELb0ELb1EEEE5eraseENSA_14_Node_iteratorIS8_Lb0ELb0EEE
FN:979,980,_ZNSt10_HashtableIiSt4pairIKiSt14_List_iteratorIiEESaIS4_ENSt8__detail10_Select1stESt8equal_toIiESt4hashIiENS6_18_Mod_range_hashingENS6_20_Default_ranged_hashENS6_20_Prime_rehash_policyENS6_17_Hashtable_traitsILb0ELb0ELb1EEEE5eraseENS6_14_Node_iteratorIS4_Lb0ELb0EEE
FN:979,980,_ZNSt10_HashtableIiSt4pairIKibESaIS2_ENSt8__detail10_Select1stESt8equal_toIiESt4hashIiENS4_18_Mod_range_hashingENS4_20_Default_ranged_hashENS4_20_Prime_rehash_policyENS4_17_Hashtable_traitsILb0ELb0ELb1EEEE5eraseENS4_14_Node_iteratorIS2_Lb0ELb0EEE
FN:979,980,_ZNSt10_HashtableIiSt4pairIKiiESaIS2_ENSt8__detail10_Select1stESt8equal_toIiESt4hashIiENS4_18_Mod_range_hashingENS4_20_Default_ranged_hashENS4_20_Prime_rehash_policyENS4_17_Hashtable_traitsILb0ELb0ELb1EEEE5eraseENS4_14_Node_iteratorIS2_Lb0ELb0EEE
FN:983,984,_ZNSt10_HashtableIiSt4pairIKiSt10unique_ptrIN5sqlcc4PageESt14default_deleteIS4_EEESaIS8_ENSt8__detail10_Select1stESt8equal_toIiESt4hashIiENSA_18_Mod_range_hashingENSA_20_Default_ranged_hashENSA_20_Prime_rehash_policyENSA_17_Hashtable_traitsILb0ELb0ELb1EEEE5eraseERS1_
FN:983,984,_ZNSt10_HashtableIiSt4pairIKiSt14_List_iteratorIiEESaIS4_ENSt8__detail10_Select1stESt8equal_toIiESt4hashIiENS6_18_Mod_range_hashingENS6_20_Default_ranged_hashENS6_20_Prime_rehash_policyENS6_17_Hashtable_traitsILb0ELb0ELb1EEEE5eraseERS1_
FN:983,984,_ZNSt10_HashtableIiSt4pairIKibESaIS2_ENSt8__detail10_Select1stESt8equal_toIiESt4hashIiENS4_18_Mod_range_hashingENS4_20_Default_ranged_hashENS4_20_Prime_rehash_policyENS4_17_Hashtable_traitsILb0ELb0ELb1EEEE5eraseERS1_
FN:983,984,_ZNSt10_HashtableIiSt4pairIKiiESaIS2_ENSt8__detail10_Select1stESt8equal_toIiESt4hashIiENS4_18_Mod_range_hashingENS4_20_Default_ranged_hashENS4_20_Prime_rehash_policyENS4_17_Hashtable_traitsILb0ELb0ELb1EEEE5eraseERS1_
FNDA:7,_ZNSt10_HashtableIiSt4pairIKiSt10unique_ptrIN5sqlcc4PageESt14default_deleteIS4_EEESaIS8_ENSt8__detail10_Select1stESt8equal_toIiESt4hashIiENSA_18_Mod_range_hashingENSA_20_Default_ranged_hashENSA_20_Prime_rehash_policyENSA_17_Hashtable_traitsILb0ELb0ELb1EEEED2Ev
FNDA:7,_ZNSt10_HashtableIiSt4pairIKiSt14_List_iteratorIiEESaIS4_ENSt8__detail10_Select1stESt8equal_toIiESt4hashIiENS6_18_Mod_range_hashingENS6_20_Default_ranged_hashENS6_20_Prime_rehash_policyENS6_17_Hashtable_traitsILb0ELb0ELb1EEEED2Ev
FNDA:7,_ZNSt10_HashtableIiSt4pairIKibESaIS2_ENSt8__detail10_Select1stESt8equal_toIiESt4hashIiENS4_18_Mod_range_hashingENS4_20_Default_ranged_hashENS4_20_Prime_rehash_policyENS4_17_Hashtable_traitsILb0ELb0ELb1EEEED2Ev
FNDA:7,_ZNSt10_HashtableIiSt4pairIKiiESaIS2_ENSt8__detail10_Select1stESt8equal_toIiESt4hashIiENS4_18_Mod_range_hashingENS4_20_Default_ranged_hashENS4_20_Prime_rehash_policyENS4_17_Hashtable_traitsILb0ELb0ELb1EEEED2Ev
FNDA:171,_ZNSt10_HashtableIiSt4pairIKiSt10unique_ptrIN5sqlcc4PageESt14default_deleteIS4_EEESaIS8_ENSt8__detail10_Select1stESt8equal_toIiESt4hashIiENSA_18_Mod_range_hashingENSA_20_Default_ranged_hashENSA_20_Prime_rehash_policyENSA_17_Hashtable_traitsILb0ELb0ELb1EEEE4findERS1_
FNDA:9,_ZNSt10_HashtableIiSt4pairIKiSt14_List_iteratorIiEESaIS4_ENSt8__detail10_Select1stESt8equal_toIiESt4hashIiENS6_18_Mod_range_hashingENS6_20_Default_ranged_hashENS6_20_Prime_rehash_policyENS6_17_Hashtable_traitsILb0ELb0ELb1EEEE4findERS1_
FNDA:117,_ZNSt10_HashtableIiSt4pairIKibESaIS2_ENSt8__detail10_Select1stESt8equal_toIiESt4hashIiENS4_18_Mod_range_hashingENS4_20_Default_ranged_hashENS4_20_Prime_rehash_policyENS4_17_Hashtable_traitsILb0ELb0ELb1EEEE4findERS1_
FNDA:158,_ZNSt10_HashtableIiSt4pairIKiiESaIS2_ENSt8__detail10_Select1stESt8equal_toIiESt4hashIiENS4_18_Mod_range_hashingENS4_20_Default_ranged_hashENS4_20_Prime_rehash_policyENS4_17_Hashtable_traitsILb0ELb0ELb1EEEE4findERS1_
FNDA:0,_ZNSt10_HashtableIiSt4pairIKiSt10unique_ptrIN5sqlcc4PageESt14default_deleteIS4_EEESaIS8_ENSt8__detail10_Select1stESt8equal_toIiESt4hashIiENSA_18_Mod_range_hashingENSA_20_Default_ranged_hashENSA_20_Prime_rehash_policyENSA_17_Hashtable_traitsILb0ELb0ELb1EEEE19_M_find_before_nodeERS1_
FNDA:0,_ZNSt10_HashtableIiSt4pairIKiSt14_List_iteratorIiEESaIS4_ENSt8__detail10_Select1stESt8equal_toIiESt4hashIiENS6_18_Mod_range_hashingENS6_20_Default_ranged_hashENS6_20_Prime_rehash_policyENS6_17_Hashtable_traitsILb0ELb0ELb1EEEE19_M_find_before_nodeERS1_
FNDA:0,_ZNSt10_HashtableIiSt4pairIKibESaIS2_ENSt8__detail10_Select1stESt8equal_toIiESt4hashIiENS4_18_Mod_range_hashingENS4_20_Default_ranged_hashENS4_20_Prime_rehash_policyENS4_17_Hashtable_traitsILb0ELb0ELb1EEEE19_M_find_before_nodeERS1_
FNDA:0,_ZNSt10_HashtableIiSt4pairIKiiESaIS2_ENSt8__detail10_Select1stESt8equal_toIiESt4hashIiENS4_18_Mod_range_hashingENS4_20_Default_ranged_hashENS4_20_Prime_rehash_policyENS4_17_Hashtable_traitsILb0ELb0ELb1EEEE19_M_find_before_nodeERS1_
FNDA:321,_ZNKSt10_HashtableIiSt4pairIKiSt10unique_ptrIN5sqlcc4PageESt14default_deleteIS4_EEESaIS8_ENSt8__detail10_Select1stESt8equal_toIiESt4hashIiENSA_18_Mod_range_hashingENSA_20_Default_ranged_hashENSA_20_Prime_rehash_policyENSA_17_Hashtable_traitsILb0ELb0ELb1EEEE19_M_find_before_nodeEmRS1_m
FNDA:168,_ZNKSt10_HashtableIiSt4pairIKiSt14_List_iteratorIiEESaIS4_ENSt8__detail10_Select1stESt8equal_toIiESt4hashIiENS6_18_Mod_range_hashingENS6_20_Default_ranged_hashENS6_20_Prime_rehash_policyENS6_17_Hashtable_traitsILb0ELb0ELb1EEEE19_M_find_before_nodeEmRS1_m
FNDA:287,_ZNKSt10_HashtableIiSt4pairIKibESaIS2_ENSt8__detail10_Select1stESt8equal_toIiESt4hashIiENS4_18_Mod_range_hashingENS4_20_Default_ranged_hashENS4_20_Prime_rehash_policyENS4_17_Hashtable_traitsILb0ELb0ELb1EEEE19_M_find_before_nodeEmRS1_m
FNDA:279,_ZNKSt10_HashtableIiSt4pairIKiiESaIS2_ENSt8__detail10_Select1stESt8equal_toIiESt4hashIiENS4_18_Mod_range_hashingENS4_20_Default_ranged_hashENS4_20_Prime_rehash_policyENS4_17_Hashtable_traitsILb0ELb0ELb1EEEE19_M_find_before_nodeEmRS1_m
FNDA:112,_ZNSt10_HashtableIiSt4pairIKiSt10unique_ptrIN5sqlcc4PageESt14default_deleteIS4_EEESaIS8_ENSt8__detail10_Select1stESt8equal_toIiESt4hashIiENSA_18_Mod_range_hashingENSA_20_Default_ranged_hashENSA_20_Prime_rehash_policyENSA_17_Hashtable_traitsILb0ELb0ELb1EEEE22_M_insert_bucket_beginEmPNSA_10_Hash_nodeIS8_Lb0EEE
FNDA:112,_ZNSt10_HashtableIiSt4pairIKiSt14_List_iteratorIiEESaIS4_ENSt8__detail10_Select1stESt8equal_toIiESt4hashIiENS6_18_Mod_range_hashingENS6_20_Default_ranged_hashENS6_20_Prime_rehash_policyENS6_17_Hashtable_traitsILb0ELb0ELb1EEEE22_M_insert_bucket_beginEmPNS6_10_Hash_nodeIS4_Lb0EEE
FNDA:112,_ZNSt10_HashtableIiSt4pairIKibESaIS2_ENSt8__detail10_Select1stESt8equal_toIiESt4hashIiENS4_18_Mod_range_hashingENS4_20_Default_ranged_hashENS4_20_Prime_rehash_policyENS4_17_Hashtable_traitsILb0ELb0ELb1EEEE22_M_insert_bucket_beginEmPNS4_10_Hash_nodeIS2_Lb0EEE
FNDA:112,_ZNSt10_HashtableIiSt4pairIKiiESaIS2_ENSt8__detail10_Select1stESt8equal_toIiESt4hashIiENS4_18_Mod_range_hashingENS4_20_Default_ranged_hashENS4_20_Prime_rehash_policyENS4_17_Hashtable_traitsILb0ELb0ELb1EEEE22_M_insert_bucket_beginEmPNS4_10_Hash_nodeIS2_Lb0EEE
FNDA:40,_ZNSt10_HashtableIiSt4pairIKiSt10unique_ptrIN5sqlcc4PageESt14default_deleteIS4_EEESaIS8_ENSt8__detail10_Select1stESt8equal_toIiESt4hashIiENSA_18_Mod_range_hashingENSA_20_Default_ranged_hashENSA_20_Prime_rehash_policyENSA_17_Hashtable_traitsILb0ELb0ELb1EEEE22_M_remove_bucket_beginEmPNSA_10_Hash_nodeIS8_Lb0EEEm
FNDA:40,_ZNSt10_HashtableIiSt4pairIKiSt14_List_iteratorIiEESaIS4_ENSt8__detail10_Select1stESt8equal_toIiESt4hashIiENS6_18_Mod_range_hashingENS6_20_Default_ranged_hashENS6_20_Prime_rehash_policyENS6_17_Hashtable_traitsILb0ELb0ELb1EEEE22_M_remove_bucket_beginEmPNS6_10_Hash_nodeIS4_Lb0EEEm
FNDA:40,_ZNSt10_HashtableIiSt4pairIKibESaIS2_ENSt8__detail10_Select1stESt8equal_toIiESt4hashIiENS4_18_Mod_range_hashingENS4_20_Default_ranged_hashENS4_20_Prime_rehash_policyENS4_17_Hashtable_traitsILb0ELb0ELb1EEEE22_M_remove_bucket_beginEmPNS4_10_Hash_nodeIS2_Lb0EEEm
FNDA:40,_ZNSt10_HashtableIiSt4pairIKiiESaIS2_ENSt8__detail10_Select1stESt8equal_toIiESt4hashIiENS4_18_Mod_range_hashingENS4_20_Default_ranged_hashENS4_20_Prime_rehash_policyENS4_17_Hashtable_traitsILb0ELb0ELb1EEEE22_M_remove_bucket_beginEmPNS4_10_Hash_nodeIS2_Lb0EEEm
FNDA:1,_ZNSt10_HashtableIiSt4pairIKiSt10unique_ptrIN5sqlcc4PageESt14default_deleteIS4_EEESaIS8_ENSt8__detail10_Select1stESt8equal_toIiESt4hashIiENSA_18_Mod_range_hashingENSA_20_Default_ranged_hashENSA_20_Prime_rehash_policyENSA_17_Hashtable_traitsILb0ELb0ELb1EEEE20_M_get_previous_nodeEmPNSA_10_Hash_nodeIS8_Lb0EEE
[...]
FNDA:0,_ZSt3getILm0EJPNSt7__cxx1118basic_stringstreamIcSt11char_traitsIcESaIcEEESt14default_deleteIS5_EEERKNSt13tuple_elementIXT_ESt5tupleIJDpT0_EEE4typeERKSD_
FNDA:14,_ZNSt10_Head_baseILm0EPN5sqlcc10BufferPoolELb0EEC2Ev
FNDA:14,_ZNSt10_Head_baseILm0EPN5sqlcc11DiskManagerELb0EEC2Ev
FNDA:225,_ZNSt10_Head_baseILm0EPN5sqlcc4PageELb0EEC2Ev
FNDA:121,_ZNSt10_Head_baseILm0EPNSt7__cxx1112basic_stringIcSt11char_traitsIcESaIcEEELb0EEC2Ev
FNDA:448,_ZNSt10_Head_baseILm0ERKiLb0EEC2ES1_
FNDA:112,_ZNSt4pairIKiSt10unique_ptrIN5sqlcc4PageESt14default_deleteIS3_EEEC2IJRS0_EJEEESt21piecewise_construct_tSt5tupleIJDpT_EESB_IJDpT0_EE
FNDA:112,_ZNSt4pairIKiSt14_List_iteratorIiEEC2IJRS0_EJEEESt21piecewise_construct_tSt5tupleIJDpT_EES7_IJDpT0_EE
FNDA:112,_ZNSt4pairIKibEC2IJRS0_EJEEESt21piecewise_construct_tSt5tupleIJDpT_EES5_IJDpT0_EE
FNDA:112,_ZNSt4pairIKiiEC2IJRS0_EJEEESt21piecewise_construct_tSt5tupleIJDpT_EES5_IJDpT0_EE
FNDA:112,_ZNSt4pairIKiSt10unique_ptrIN5sqlcc4PageESt14default_deleteIS3_EEEC2IJRS0_EJLm0EEJEJEEERSt5tupleIJDpT_EERSA_IJDpT1_EESt12_Index_tupleIJXspT0_EEESJ_IJXspT2_EEE
FNDA:112,_ZNSt4pairIKiSt14_List_iteratorIiEEC2IJRS0_EJLm0EEJEJEEERSt5tupleIJDpT_EERS6_IJDpT1_EESt12_Index_tupleIJXspT0_EEESF_IJXspT2_EEE
FNDA:112,_ZNSt4pairIKibEC2IJRS0_EJLm0EEJEJEEERSt5tupleIJDpT_EERS4_IJDpT1_EESt12_Index_tupleIJXspT0_EEESD_IJXspT2_EEE
FNDA:112,_ZNSt4pairIKiiEC2IJRS0_EJLm0EEJEJEEERSt5tupleIJDpT_EERS4_IJDpT1_EESt12_Index_tupleIJXspT0_EEESD_IJXspT2_EEE
FNDA:49,_ZNSt10_Head_baseILm0EPN5sqlcc10BufferPoolELb0EE7_M_headERS3_
FNDA:49,_ZNSt10_Head_baseILm0EPN5sqlcc11DiskManagerELb0EE7_M_headERS3_
FNDA:786,_ZNSt10_Head_baseILm0EPN5sqlcc4PageELb0EE7_M_headERS3_
FNDA:15,_ZNSt10_Head_baseILm0EPNSt10filesystem7__cxx114path5_List5_ImplELb0EE7_M_headERS6_
FNDA:255,_ZNSt10_Head_baseILm0EPNSt7__cxx1112basic_stringIcSt11char_traitsIcESaIcEEELb0EE7_M_headERS7_
FNDA:0,_ZNSt10_Head_baseILm0EPNSt7__cxx1118basic_stringstreamIcSt11char_traitsIcESaIcEEELb0EE7_M_headERS7_
FNDA:448,_ZNSt10_Head_baseILm0ERKiLb0EE7_M_headERS2_
FNDA:242,_ZNSt10_Head_baseILm0EPN5sqlcc10BufferPoolELb0EE7_M_headERKS3_
FNDA:7,_ZNSt10_Head_baseILm0EPN5sqlcc11DiskManagerELb0EE7_M_headERKS3_
FNDA:232,_ZNSt10_Head_baseILm0EPN5sqlcc4PageELb0EE7_M_headERKS3_
FNDA:0,_ZNSt10_Head_baseILm0EPNSt7__cxx1112basic_stringIcSt11char_traitsIcESaIcEEELb0EE7_M_headERKS7_
FNDA:0,_ZNSt10_Head_baseILm0EPNSt7__cxx1118basic_stringstreamIcSt11char_traitsIcESaIcEEELb0EE7_M_headERKS7_
FNDA:49,_ZNSt11_Tuple_implILm0EJPN5sqlcc10BufferPoolESt14default_deleteIS1_EEE7_M_headERS5_
FNDA:49,_ZNSt11_Tuple_implILm0EJPN5sqlcc11DiskManagerESt14default_deleteIS1_EEE7_M_headERS5_
FNDA:786,_ZNSt11_Tuple_implILm0EJPN5sqlcc4PageESt14default_deleteIS1_EEE7_M_headERS5_
FNDA:15,_ZNSt11_Tuple_implILm0EJPNSt10filesystem7__cxx114path5_List5_ImplENS3_13_Impl_deleterEEE7_M_headERS7_
FNDA:255,_ZNSt11_Tuple_implILm0EJPNSt7__cxx1112basic_stringIcSt11char_traitsIcESaIcEEESt14default_deleteIS5_EEE7_M_headERS9_
FNDA:0,_ZNSt11_Tuple_implILm0EJPNSt7__cxx1118basic_stringstreamIcSt11char_traitsIcESaIcEEESt14default_deleteIS5_EEE7_M_headERS9_
FNDA:242,_ZNSt11_Tuple_implILm0EJPN5sqlcc10BufferPoolESt14default_deleteIS1_EEE7_M_headERKS5_
FNDA:7,_ZNSt11_Tuple_implILm0EJPN5sqlcc11DiskManagerESt14default_deleteIS1_EEE7_M_headERKS5_
FNDA:232,_ZNSt11_Tuple_implILm0EJPN5sqlcc4PageESt14default_deleteIS1_EEE7_M_headERKS5_
FNDA:0,_ZNSt11_Tuple_implILm0EJPNSt7__cxx1112basic_stringIcSt11char_traitsIcESaIcEEESt14default_deleteIS5_EEE7_M_headERKS9_
FNDA:0,_ZNSt11_Tuple_implILm0EJPNSt7__cxx1118basic_stringstreamIcSt11char_traitsIcESaIcEEESt14default_deleteIS5_EEE7_M_headERKS9_
FNDA:14,_ZNSt11_Tuple_implILm0EJPN5sqlcc10BufferPoolESt14default_deleteIS1_EEEC2Ev
FNDA:14,_ZNSt11_Tuple_implILm0EJPN5sqlcc11DiskManagerESt14default_deleteIS1_EEEC2Ev
FNDA:225,_ZNSt11_Tuple_implILm0EJPN5sqlcc4PageESt14default_deleteIS1_EEEC2Ev
FNDA:121,_ZNSt11_Tuple_implILm0EJPNSt7__cxx1112basic_stringIcSt11char_traitsIcESaIcEEESt14default_deleteIS5_EEEC2Ev
FNDA:448,_ZNSt11_Tuple_implILm0EJRKiEE7_M_headERS2_
FNDA:15,_ZNSt11_Tuple_implILm1EJNSt10filesystem7__cxx114path5_List13_Impl_deleterEEE7_M_headERS5_
FNDA:21,_ZNSt11_Tuple_implILm1EJSt14default_deleteIN5sqlcc10BufferPoolEEEE7_M_headERS4_
FNDA:21,_ZNSt11_Tuple_implILm1EJSt14default_deleteIN5sqlcc11DiskManagerEEEE7_M_headERS4_
FNDA:337,_ZNSt11_Tuple_implILm1EJSt14default_deleteIN5sqlcc4PageEEEE7_M_headERS4_
FNDA:0,_ZNSt11_Tuple_implILm1EJSt14default_deleteINSt7__cxx1112basic_stringIcSt11char_traitsIcESaIcEEEEEE7_M_headERS8_
FNDA:0,_ZNSt11_Tuple_implILm1EJSt14default_deleteINSt7__cxx1118basic_stringstreamIcSt11char_traitsIcESaIcEEEEEE7_M_headERS8_
FNDA:14,_ZNSt11_Tuple_implILm1EJSt14default_deleteIN5sqlcc10BufferPoolEEEEC2Ev
FNDA:14,_ZNSt11_Tuple_implILm1EJSt14default_deleteIN5sqlcc11DiskManagerEEEEC2Ev
FNDA:225,_ZNSt11_Tuple_implILm1EJSt14default_deleteIN5sqlcc4PageEEEEC2Ev
FNDA:121,_ZNSt11_Tuple_implILm1EJSt14default_deleteINSt7__cxx1112basic_stringIcSt11char_traitsIcESaIcEEEEEEC2Ev
FNDA:448,_ZNSt11_Tuple_implILm0EJRKiEEC2ES1_
FNDA:448,_ZNSt11_Tuple_implILm0EJRKiEEC2EOS2_
FNDA:14,_ZNSt10_Head_baseILm1ESt14default_deleteIN5sqlcc10BufferPoolEELb1EEC2Ev
FNDA:14,_ZNSt10_Head_baseILm1ESt14default_deleteIN5sqlcc11DiskManagerEELb1EEC2Ev
FNDA:225,_ZNSt10_Head_baseILm1ESt14default_deleteIN5sqlcc4PageEELb1EEC2Ev
FNDA:121,_ZNSt10_Head_baseILm1ESt14default_deleteINSt7__cxx1112basic_stringIcSt11char_traitsIcESaIcEEEELb1EEC2Ev
FNDA:448,_ZNSt5tupleIJRKiEEC2ILb1ELb1EEES1_
FNDA:448,_ZNSt5tupleIJRKiEEC2EOS2_
FNF:105
FNH:85
DA:81,374
DA:82,374
DA:125,394
DA:190,374
DA:191,374
DA:193,448
DA:194,448
DA:234,1602
DA:237,481
DA:269,1154
DA:272,481
DA:280,374
DA:281,374
DA:497,842
DA:503,374
DA:504,374
DA:507,448
DA:508,448
DA:509,448
DA:527,448
DA:529,448
DA:530,448
DA:874,448
DA:876,448
DA:903,448
DA:1317,374
DA:1319,374
DA:1787,1996
DA:1788,1996
DA:1792,481
DA:1793,481
DA:1803,1996
DA:1804,1996
DA:1809,481
DA:1810,481
DA:2252,448
DA:2257,448
DA:2258,448
DA:2264,448
DA:2267,448
DA:2268,448
DA:2269,448
LF:42
LH:42
end_of_record
TN:
SF:/usr/include/c++/13/type_traits
FN:3649,3656,_ZSt21is_constant_evaluatedv
FNDA:8000,_ZSt21is_constant_evaluatedv
FNF:1
FNH:1
DA:3649,8000
DA:3654,8000
LF:2
LH:2
end_of_record
TN:
SF:/usr/include/c++/13/typeinfo
FN:103,104,_ZNKSt9type_info4nameEv
FNDA:0,_ZNKSt9type_info4nameEv
FNF:1
FNH:0
DA:103,0
DA:104,0
LF:2
LH:0
end_of_record
TN:
SF:/usr/include/gtest/gtest-assertion-result.h
FN:155,161,_ZN7testing15AssertionResultC2IbEERKT_PNSt9enable_ifIXntsrSt14is_convertibleIS2_S0_E5valueEvE4typeE
FN:174,174,_ZNK7testing15AssertionResultcvbEv
FN:183,185,_ZNK7testing15AssertionResult7messageEv
FN:187,187,_ZNK7testing15AssertionResult15failure_messageEv
FN:191,194,_ZN7testing15AssertionResultlsIA12_cEERS0_RKT_
FN:191,194,_ZN7testing15AssertionResultlsIA3_cEERS0_RKT_
FN:191,194,_ZN7testing15AssertionResultlsIA5_cEERS0_RKT_
FN:191,194,_ZN7testing15AssertionResultlsINSt7__cxx1112basic_stringIcSt11char_traitsIcESaIcEEEEERS0_RKT_
FN:191,194,_ZN7testing15AssertionResultlsIPKcEERS0_RKT_
FN:206,209,_ZN7testing15AssertionResult13AppendMessageERKNS_7MessageE
FNDA:121,_ZN7testing15AssertionResultC2IbEERKT_PNSt9enable_ifIXntsrSt14is_convertibleIS2_S0_E5valueEvE4typeE
FNDA:255,_ZNK7testing15AssertionResultcvbEv
FNDA:0,_ZNK7testing15AssertionResult7messageEv
FNDA:0,_ZNK7testing15AssertionResult15failure_messageEv
FNDA:0,_ZN7testing15AssertionResultlsIA12_cEERS0_RKT_
FNDA:0,_ZN7testing15AssertionResultlsIA3_cEERS0_RKT_
FNDA:0,_ZN7testing15AssertionResultlsIA5_cEERS0_RKT_
FNDA:0,_ZN7testing15AssertionResultlsINSt7__cxx1112basic_stringIcSt11char_traitsIcESaIcEEEEERS0_RKT_
FNDA:0,_ZN7testing15AssertionResultlsIPKcEERS0_RKT_
FNDA:0,_ZN7testing15AssertionResult13AppendMessageERKNS_7MessageE
FNF:10
FNH:2
DA:155,121
DA:161,121
DA:174,255
DA:183,0
DA:184,0
DA:187,0
DA:191,0
DA:192,0
DA:193,0
DA:206,0
DA:207,0
DA:208,0
DA:209,0
LF:13
LH:3
end_of_record
TN:
SF:/usr/include/gtest/gtest-message.h
FN:132,150,_ZN7testing7MessagelsIA12_cEERS0_RKT_
FN:132,150,_ZN7testing7MessagelsIA3_cEERS0_RKT_
FN:132,150,_ZN7testing7MessagelsIA5_cEERS0_RKT_
FN:132,150,_ZN7testing7MessagelsINSt7__cxx1112basic_stringIcSt11char_traitsIcESaIcEEEEERS0_RKT_
FN:182,189,_ZN7testing7MessagelsIKcEERS0_RKPT_
FNDA:0,_ZN7testing7MessagelsIA12_cEERS0_RKT_
FNDA:0,_ZN7testing7MessagelsIA3_cEERS0_RKT_
FNDA:0,_ZN7testing7MessagelsIA5_cEERS0_RKT_
FNDA:0,_ZN7testing7MessagelsINSt7__cxx1112basic_stringIcSt11char_traitsIcESaIcEEEEERS0_RKT_
FNDA:0,_ZN7testing7MessagelsIKcEERS0_RKPT_
FNF:5
FNH:0
DA:132,0
DA:148,0
DA:149,0
DA:182,0
DA:183,0
DA:184,0
DA:186,0
DA:188,0
LF:8
LH:0
end_of_record
TN:
SF:/usr/include/gtest/gtest-printers.h
FN:1108,1113,_ZN7testing8internal14UniversalPrintIDnEEvRKT_PSo
FN:1108,1113,_ZN7testing8internal14UniversalPrintIPN5sqlcc4PageEEEvRKT_PSo
FN:1108,1113,_ZN7testing8internal14UniversalPrintIiEEvRKT_PSo
FN:1148,1152,_ZN7testing13PrintToStringIDnEENSt7__cxx1112basic_stringIcSt11char_traitsIcESaIcEEERKT_
FN:1148,1152,_ZN7testing13PrintToStringIPN5sqlcc4PageEEENSt7__cxx1112basic_stringIcSt11char_traitsIcESaIcEEERKT_
FN:1148,1152,_ZN7testing13PrintToStringIiEENSt7__cxx1112basic_stringIcSt11char_traitsIcESaIcEEERKT_
FN:190,199,_ZN7testing8internal14PointerPrinter10PrintValueIN5sqlcc4PageEEEvPT_PSo
FN:221,226,_ZN7testing8internal52internal_stream_operator_without_lexical_name_lookup13StreamPrinter10PrintValueIivEEDTcvvlsdefp0_fp_ERKT_PSo
FN:326,337,_ZN7testing8internal17PrintWithFallbackIPN5sqlcc4PageEEEvRKT_PSo
FN:326,337,_ZN7testing8internal17PrintWithFallbackIiEEvRKT_PSo
FN:357,359,_ZN7testing8internal19FormatForComparisonIDnPN5sqlcc4PageEE6FormatB5cxx11ERKDn
FN:357,359,_ZN7testing8internal19FormatForComparisonIPN5sqlcc4PageEDnE6FormatB5cxx11ERKS4_
FN:357,359,_ZN7testing8internal19FormatForComparisonIiiE6FormatB5cxx11ERKi
FN:437,440,_ZN7testing8internal33FormatForComparisonFailureMessageIDnPN5sqlcc4PageEEENSt7__cxx1112basic_stringIcSt11char_traitsIcESaIcEEERKT_RKT0_
FN:437,440,_ZN7testing8internal33FormatForComparisonFailureMessageIPN5sqlcc4PageEDnEENSt7__cxx1112basic_stringIcSt11char_traitsIcESaIcEEERKT_RKT0_
FN:437,440,_ZN7testing8internal33FormatForComparisonFailureMessageIiiEENSt7__cxx1112basic_stringIcSt11char_traitsIcESaIcEEERKT_RKT0_
FN:464,466,_ZN7testing8internal7PrintToIPN5sqlcc4PageEEEvRKT_PSo
FN:464,466,_ZN7testing8internal7PrintToIiEEvRKT_PSo
FN:699,699,_ZN7testing8internal7PrintToEDnPSo
FN:799,809,_ZN7testing8internal16UniversalPrinterIDnE5PrintERKDnPSo
FN:799,809,_ZN7testing8internal16UniversalPrinterIPN5sqlcc4PageEE5PrintERKS4_PSo
FN:799,809,_ZN7testing8internal16UniversalPrinterIiE5PrintERKiPSo
FN:989,991,_ZN7testing8internal21UniversalTersePrinterIDnE5PrintERKDnPSo
FN:989,991,_ZN7testing8internal21UniversalTersePrinterIPN5sqlcc4PageEE5PrintERKS4_PSo
FN:989,991,_ZN7testing8internal21UniversalTersePrinterIiE5PrintERKiPSo
FNDA:0,_ZN7testing8internal14UniversalPrintIDnEEvRKT_PSo
FNDA:0,_ZN7testing8internal14UniversalPrintIPN5sqlcc4PageEEEvRKT_PSo
FNDA:0,_ZN7testing8internal14UniversalPrintIiEEvRKT_PSo
FNDA:0,_ZN7testing13PrintToStringIDnEENSt7__cxx1112basic_stringIcSt11char_traitsIcESaIcEEERKT_
FNDA:0,_ZN7testing13PrintToStringIPN5sqlcc4PageEEENSt7__cxx1112basic_stringIcSt11char_traitsIcESaIcEEERKT_
FNDA:0,_ZN7testing13PrintToStringIiEENSt7__cxx1112basic_stringIcSt11char_traitsIcESaIcEEERKT_
FNDA:0,_ZN7testing8internal14PointerPrinter10PrintValueIN5sqlcc4PageEEEvPT_PSo
FNDA:0,_ZN7testing8internal52internal_stream_operator_without_lexical_name_lookup13StreamPrinter10PrintValueIivEEDTcvvlsdefp0_fp_ERKT_PSo
FNDA:0,_ZN7testing8internal17PrintWithFallbackIPN5sqlcc4PageEEEvRKT_PSo
FNDA:0,_ZN7testing8internal17PrintWithFallbackIiEEvRKT_PSo
FNDA:0,_ZN7testing8internal19FormatForComparisonIDnPN5sqlcc4PageEE6FormatB5cxx11ERKDn
FNDA:0,_ZN7testing8internal19FormatForComparisonIPN5sqlcc4PageEDnE6FormatB5cxx11ERKS4_
FNDA:0,_ZN7testing8internal19FormatForComparisonIiiE6FormatB5cxx11ERKi
FNDA:0,_ZN7testing8internal33FormatForComparisonFailureMessageIDnPN5sqlcc4PageEEENSt7__cxx1112basic_stringIcSt11char_traitsIcESaIcEEERKT_RKT0_
FNDA:0,_ZN7testing8internal33FormatForComparisonFailureMessageIPN5sqlcc4PageEDnEENSt7__cxx1112basic_stringIcSt11char_traitsIcESaIcEEERKT_RKT0_
FNDA:0,_ZN7testing8internal33FormatForComparisonFailureMessageIiiEENSt7__cxx1112basic_stringIcSt11char_traitsIcESaIcEEERKT_RKT0_
FNDA:0,_ZN7testing8internal7PrintToIPN5sqlcc4PageEEEvRKT_PSo
FNDA:0,_ZN7testing8internal7PrintToIiEEvRKT_PSo
FNDA:0,_ZN7testing8internal7PrintToEDnPSo
FNDA:0,_ZN7testing8internal16UniversalPrinterIDnE5PrintERKDnPSo
FNDA:0,_ZN7testing8internal16UniversalPrinterIPN5sqlcc4PageEE5PrintERKS4_PSo
FNDA:0,_ZN7testing8internal16UniversalPrinterIiE5PrintERKiPSo
FNDA:0,_ZN7testing8internal21UniversalTersePrinterIDnE5PrintERKDnPSo
FNDA:0,_ZN7testing8internal21UniversalTersePrinterIPN5sqlcc4PageEE5PrintERKS4_PSo
FNDA:0,_ZN7testing8internal21UniversalTersePrinterIiE5PrintERKiPSo
FNF:25
FNH:0
DA:190,0
DA:191,0
DA:192,0
DA:197,0
DA:199,0
DA:221,0
DA:225,0
DA:226,0
DA:326,0
DA:336,0
DA:337,0
DA:357,0
DA:358,0
DA:437,0
DA:439,0
DA:464,0
DA:465,0
DA:466,0
DA:699,0
DA:799,0
DA:808,0
DA:809,0
DA:989,0
DA:990,0
DA:991,0
DA:1108,0
DA:1112,0
DA:1113,0
DA:1148,0
DA:1149,0
DA:1150,0
DA:1151,0
DA:1152,0
LF:33
LH:0
end_of_record
TN:
SF:/usr/include/gtest/gtest.h
FN:1359,1365,_ZN7testing8internal18CmpHelperEQFailureIPN5sqlcc4PageEDnEENS_15AssertionResultEPKcS7_RKT_RKT0_
FN:1359,1365,_ZN7testing8internal18CmpHelperEQFailureIiiEENS_15AssertionResultEPKcS4_RKT_RKT0_
FN:1376,1384,_ZN7testing8internal11CmpHelperEQIPN5sqlcc4PageEDnEENS_15AssertionResultEPKcS7_RKT_RKT0_
FN:1376,1384,_ZN7testing8internal11CmpHelperEQIiiEENS_15AssertionResultEPKcS4_RKT_RKT0_
FN:1395,1399,_ZN7testing8internal8EqHelper7CompareIPN5sqlcc4PageEDnLPv0EEENS_15AssertionResultEPKcS9_RKT_RKT0_
FN:1395,1399,_ZN7testing8internal8EqHelper7CompareIiiLPv0EEENS_15AssertionResultEPKcS6_RKT_RKT0_
FN:1428,1435,_ZN7testing8internal18CmpHelperOpFailureIPN5sqlcc4PageEDnEENS_15AssertionResultEPKcS7_RKT_RKT0_S7_
FN:1428,1435,_ZN7testing8internal18CmpHelperOpFailureIiiEENS_15AssertionResultEPKcS4_RKT_RKT0_S4_
FN:1457,1457,_ZN7testing8internal11CmpHelperNEIPN5sqlcc4PageEDnEENS_15AssertionResultEPKcS7_RKT_RKT0_
FN:1463,1463,_ZN7testing8internal11CmpHelperGEIiiEENS_15AssertionResultEPKcS4_RKT_RKT0_
FN:2317,2317,_Z13RUN_ALL_TESTSv
FN:256,256,_ZN7testing4Test14SetUpTestSuiteEv
FN:264,264,_ZN7testing4Test17TearDownTestSuiteEv
FN:269,269,_ZN7testing4Test16TearDownTestCaseEv
FN:270,270,_ZN7testing4Test13SetUpTestCaseEv
FN:357,357,_ZN7testing4Test5SetupEv
FNDA:0,_ZN7testing8internal18CmpHelperEQFailureIPN5sqlcc4PageEDnEENS_15AssertionResultEPKcS7_RKT_RKT0_
FNDA:0,_ZN7testing8internal18CmpHelperEQFailureIiiEENS_15AssertionResultEPKcS4_RKT_RKT0_
FNDA:1,_ZN7testing8internal11CmpHelperEQIPN5sqlcc4PageEDnEENS_15AssertionResultEPKcS7_RKT_RKT0_
FNDA:12,_ZN7testing8internal11CmpHelperEQIiiEENS_15AssertionResultEPKcS4_RKT_RKT0_
FNDA:1,_ZN7testing8internal8EqHelper7CompareIPN5sqlcc4PageEDnLPv0EEENS_15AssertionResultEPKcS9_RKT_RKT0_
FNDA:12,_ZN7testing8internal8EqHelper7CompareIiiLPv0EEENS_15AssertionResultEPKcS6_RKT_RKT0_
FNDA:0,_ZN7testing8internal18CmpHelperOpFailureIPN5sqlcc4PageEDnEENS_15AssertionResultEPKcS7_RKT_RKT0_S7_
FNDA:0,_ZN7testing8internal18CmpHelperOpFailureIiiEENS_15AssertionResultEPKcS4_RKT_RKT0_S4_
FNDA:120,_ZN7testing8internal11CmpHelperNEIPN5sqlcc4PageEDnEENS_15AssertionResultEPKcS7_RKT_RKT0_
FNDA:1,_ZN7testing8internal11CmpHelperGEIiiEENS_15AssertionResultEPKcS4_RKT_RKT0_
FNDA:1,_Z13RUN_ALL_TESTSv
FNDA:0,_ZN7testing4Test14SetUpTestSuiteEv
FNDA:0,_ZN7testing4Test17TearDownTestSuiteEv
FNDA:0,_ZN7testing4Test16TearDownTestCaseEv
FNDA:0,_ZN7testing4Test13SetUpTestCaseEv
FNDA:0,_ZN7testing4Test5SetupEv
FNF:16
FNH:7
DA:256,0
DA:264,0
DA:269,0
DA:270,0
DA:357,0
DA:1359,0
DA:1364,0
DA:1376,13
DA:1379,13
DA:1380,13
DA:1383,0
DA:1395,13
DA:1398,13
DA:1428,0
DA:1432,0
DA:1433,0
DA:1434,0
DA:1457,120
DA:1463,1
DA:2317,1
LF:20
LH:8
end_of_record
TN:
SF:/usr/include/gtest/internal/gtest-internal.h
FN:419,425,_ZN7testing8internal9GetTypeIdI17StorageEngineTestEEPKvv
FN:438,438,_ZN7testing8internal15TestFactoryBaseD0Ev
FN:438,438,_ZN7testing8internal15TestFactoryBaseD2Ev
FN:445,445,_ZN7testing8internal15TestFactoryBaseC2Ev
FN:457,457,_ZN7testing8internal15TestFactoryImplI32StorageEngineTest_FetchPage_TestE10CreateTestEv
FN:457,457,_ZN7testing8internal15TestFactoryImplI32StorageEngineTest_FlushPage_TestE10CreateTestEv
FN:457,457,_ZN7testing8internal15TestFactoryImplI33StorageEngineTest_DeletePage_TestE10CreateTestEv
FN:457,457,_ZN7testing8internal15TestFactoryImplI36StorageEngineTest_CreateNewPage_TestE10CreateTestEv
FN:457,457,_ZN7testing8internal15TestFactoryImplI36StorageEngineTest_FlushAllPages_TestE10CreateTestEv
FN:457,457,_ZN7testing8internal15TestFactoryImplI41StorageEngineTest_ManyPagesOperation_TestE10CreateTestEv
FN:457,457,_ZN7testing8internal15TestFactoryImplI46StorageEngineTest_InitializeStorageEngine_TestE10CreateTestEv
FN:478,479,_ZN7testing8internal12CodeLocationC2ERKNSt7__cxx1112basic_stringIcSt11char_traitsIcESaIcEEEi
FN:491,494,_ZN7testing8internal19GetNotDefaultOrNullEPFvvES2_
FN:506,525,_ZN7testing8internal16SuiteApiResolverI17StorageEngineTestE19GetSetUpCaseOrSuiteEPKci
FN:527,546,_ZN7testing8internal16SuiteApiResolverI17StorageEngineTestE22GetTearDownCaseOrSuiteEPKci
FN:843,843,_ZN7testing8internal14TrueWithStringC2Ev
FN:846,846,_ZNK7testing8internal14TrueWithStringcvbEv
FNDA:7,_ZN7testing8internal9GetTypeIdI17StorageEngineTestEEPKvv
FNDA:0,_ZN7testing8internal15TestFactoryBaseD0Ev
FNDA:7,_ZN7testing8internal15TestFactoryBaseD2Ev
FNDA:7,_ZN7testing8internal15TestFactoryBaseC2Ev
FNDA:1,_ZN7testing8internal15TestFactoryImplI32StorageEngineTest_FetchPage_TestE10CreateTestEv
FNDA:1,_ZN7testing8internal15TestFactoryImplI32StorageEngineTest_FlushPage_TestE10CreateTestEv
FNDA:1,_ZN7testing8internal15TestFactoryImplI33StorageEngineTest_DeletePage_TestE10CreateTestEv
FNDA:1,_ZN7testing8internal15TestFactoryImplI36StorageEngineTest_CreateNewPage_TestE10CreateTestEv
FNDA:1,_ZN7testing8internal15TestFactoryImplI36StorageEngineTest_FlushAllPages_TestE10CreateTestEv
FNDA:1,_ZN7testing8internal15TestFactoryImplI41StorageEngineTest_ManyPagesOperation_TestE10CreateTestEv
FNDA:1,_ZN7testing8internal15TestFactoryImplI46StorageEngineTest_InitializeStorageEngine_TestE10CreateTestEv
FNDA:7,_ZN7testing8internal12CodeLocationC2ERKNSt7__cxx1112basic_stringIcSt11char_traitsIcESaIcEEEi
FNDA:28,_ZN7testing8internal19GetNotDefaultOrNullEPFvvES2_
FNDA:7,_ZN7testing8internal16SuiteApiResolverI17StorageEngineTestE19GetSetUpCaseOrSuiteEPKci
FNDA:7,_ZN7testing8internal16SuiteApiResolverI17StorageEngineTestE22GetTearDownCaseOrSuiteEPKci
FNDA:2,_ZN7testing8internal14TrueWithStringC2Ev
FNDA:2,_ZNK7testing8internal14TrueWithStringcvbEv
FNF:17
FNH:16
DA:419,7
DA:424,7
DA:438,7
DA:445,7
DA:457,7
DA:478,7
DA:479,7
DA:491,28
DA:493,28
DA:506,7
DA:510,7
DA:512,7
DA:514,7
DA:517,0
DA:519,7
DA:527,7
DA:531,7
DA:533,7
DA:535,7
DA:538,0
DA:540,7
DA:843,2
DA:846,2
LF:23
LH:21
end_of_record
TN:
SF:/usr/include/gtest/internal/gtest-port.h
FN:1042,1042,_ZN7testing8internal8GTestLog9GetStreamEv
FNDA:0,_ZN7testing8internal8GTestLog9GetStreamEv
FNF:1
FNH:0
DA:1042,0
LF:1
LH:0
end_of_record
TN:
SF:/usr/include/gtest/internal/gtest-type-util.h
FN:61,87,_ZN7testing8internal31CanonicalizeForStdLibVersioningENSt7__cxx1112basic_stringIcSt11char_traitsIcESaIcEEE
FN:91,121,_ZN7testing8internal11GetTypeNameB5cxx11ERKSt9type_info
FNDA:0,_ZN7testing8internal31CanonicalizeForStdLibVersioningENSt7__cxx1112basic_stringIcSt11char_traitsIcESaIcEEE
FNDA:0,_ZN7testing8internal11GetTypeNameB5cxx11ERKSt9type_info
FNF:2
FNH:0
DA:61,0
DA:63,0
DA:64,0
DA:65,0
DA:67,0
DA:75,0
DA:78,0
DA:79,0
DA:80,0
DA:83,0
DA:84,0
DA:86,0
DA:91,0
DA:92,0
DA:94,0
DA:100,0
DA:101,0
DA:102,0
DA:103,0
DA:121,0
LF:20
LH:0
end_of_record
TN:
SF:/usr/include/x86_64-linux-gnu/c++/13/bits/c++config.h
FN:540,551,_ZSt23__is_constant_evaluatedv
FNDA:37227,_ZSt23__is_constant_evaluatedv
FNF:1
FNH:1
DA:540,37227
DA:547,37227
LF:2
LH:2
end_of_record
