SF:/home/liying/sqlcc/improved_logger_test.cpp
FN:11,main
FNDA:1,main
FNF:1
FNH:1
DA:11,1
DA:12,1
DA:14,1
DA:16,1
DA:18,1
DA:19,1
DA:20,1
DA:21,1
DA:22,1
DA:23,1
DA:24,1
DA:27,1
DA:28,1
DA:29,1
DA:30,1
DA:31,1
DA:33,1
DA:34,1
DA:35,1
DA:36,1
DA:37,1
DA:40,1
DA:41,1
DA:42,1
DA:43,1
DA:44,1
DA:45,1
DA:48,1
DA:49,1
DA:50,1
DA:53,1
DA:54,1
DA:55,1
DA:56,1
DA:59,1
DA:60,1
DA:61,1
DA:62,1
DA:63,1
DA:64,1
DA:66,1
DA:67,1
DA:69,1
DA:70,1
DA:73,1
DA:74,1
DA:75,1
DA:76,1
DA:77,1
DA:78,1
DA:81,1
DA:82,11
DA:83,10
DA:84,10
DA:85,1
DA:87,1
DA:88,1
DA:91,1
DA:93,1
DA:95,1
DA:96,0
DA:97,0
DA:98,0
DA:99,1
BRDA:82,0,0,10
BRDA:82,0,1,1
BRF:2
BRH:2
LF:64
LH:61
end_of_record
SF:/home/liying/sqlcc/src/logger/logger.cpp
FN:32,_ZN5sqlcc6Logger11GetInstanceEv
FN:38,_ZN5sqlcc6Logger11SetLogLevelENS_8LogLevelE
FN:42,_ZN5sqlcc6Logger10SetLogFileERKNSt3__112basic_stringIcNS1_11char_traitsIcEENS1_9allocatorIcEEEE
FN:59,_ZN5sqlcc6Logger5DebugERKNSt3__112basic_stringIcNS1_11char_traitsIcEENS1_9allocatorIcEEEE
FN:63,_ZN5sqlcc6Logger4InfoERKNSt3__112basic_stringIcNS1_11char_traitsIcEENS1_9allocatorIcEEEE
FN:67,_ZN5sqlcc6Logger4WarnERKNSt3__112basic_stringIcNS1_11char_traitsIcEENS1_9allocatorIcEEEE
FN:71,_ZN5sqlcc6Logger5ErrorERKNSt3__112basic_stringIcNS1_11char_traitsIcEENS1_9allocatorIcEEEE
FN:76,_ZN5sqlcc6Logger5DebugEONSt3__112basic_stringIcNS1_11char_traitsIcEENS1_9allocatorIcEEEE
FN:80,_ZN5sqlcc6Logger4InfoEONSt3__112basic_stringIcNS1_11char_traitsIcEENS1_9allocatorIcEEEE
FN:84,_ZN5sqlcc6Logger4WarnEONSt3__112basic_stringIcNS1_11char_traitsIcEENS1_9allocatorIcEEEE
FN:88,_ZN5sqlcc6Logger5ErrorEONSt3__112basic_stringIcNS1_11char_traitsIcEENS1_9allocatorIcEEEE
FN:94,_ZN5sqlcc6LoggerC2Ev
FN:103,_ZN5sqlcc6Logger3LogENS_8LogLevelERKNSt3__112basic_stringIcNS2_11char_traitsIcEENS2_9allocatorIcEEEE
FN:121,logger.cpp:_ZZN5sqlcc6Logger3LogENS_8LogLevelERKNSt3__112basic_stringIcNS2_11char_traitsIcEENS2_9allocatorIcEEEEENK3$_0clEv
FNDA:1,_ZN5sqlcc6Logger11GetInstanceEv
FNDA:8,_ZN5sqlcc6Logger11SetLogLevelENS_8LogLevelE
FNDA:1,_ZN5sqlcc6Logger10SetLogFileERKNSt3__112basic_stringIcNS1_11char_traitsIcEENS1_9allocatorIcEEEE
FNDA:1,_ZN5sqlcc6Logger5DebugERKNSt3__112basic_stringIcNS1_11char_traitsIcEENS1_9allocatorIcEEEE
FNDA:1,_ZN5sqlcc6Logger4InfoERKNSt3__112basic_stringIcNS1_11char_traitsIcEENS1_9allocatorIcEEEE
FNDA:1,_ZN5sqlcc6Logger4WarnERKNSt3__112basic_stringIcNS1_11char_traitsIcEENS1_9allocatorIcEEEE
FNDA:1,_ZN5sqlcc6Logger5ErrorERKNSt3__112basic_stringIcNS1_11char_traitsIcEENS1_9allocatorIcEEEE
FNDA:3,_ZN5sqlcc6Logger5DebugEONSt3__112basic_stringIcNS1_11char_traitsIcEENS1_9allocatorIcEEEE
FNDA:17,_ZN5sqlcc6Logger4InfoEONSt3__112basic_stringIcNS1_11char_traitsIcEENS1_9allocatorIcEEEE
FNDA:2,_ZN5sqlcc6Logger4WarnEONSt3__112basic_stringIcNS1_11char_traitsIcEENS1_9allocatorIcEEEE
FNDA:3,_ZN5sqlcc6Logger5ErrorEONSt3__112basic_stringIcNS1_11char_traitsIcEENS1_9allocatorIcEEEE
FNDA:1,_ZN5sqlcc6LoggerC2Ev
FNDA:29,_ZN5sqlcc6Logger3LogENS_8LogLevelERKNSt3__112basic_stringIcNS2_11char_traitsIcEENS2_9allocatorIcEEEE
FNDA:24,logger.cpp:_ZZN5sqlcc6Logger3LogENS_8LogLevelERKNSt3__112basic_stringIcNS2_11char_traitsIcEENS2_9allocatorIcEEEEENK3$_0clEv
FNF:14
FNH:14
DA:32,1
DA:34,1
DA:35,1
DA:36,1
DA:38,8
DA:39,8
DA:40,8
DA:42,1
DA:44,1
DA:45,1
DA:48,1
DA:49,1
DA:50,1
DA:51,1
DA:52,1
DA:56,1
DA:59,1
DA:60,1
DA:61,1
DA:63,1
DA:64,1
DA:65,1
DA:67,1
DA:68,1
DA:69,1
DA:71,1
DA:72,1
DA:73,1
DA:76,3
DA:77,3
DA:78,3
DA:80,17
DA:81,17
DA:82,17
DA:84,2
DA:85,2
DA:86,2
DA:88,3
DA:89,3
DA:90,3
DA:94,1
DA:95,1
DA:96,1
DA:97,1
DA:98,1
DA:100,1
DA:103,29
DA:105,29
DA:106,5
DA:107,5
DA:110,24
DA:111,24
DA:112,24
DA:113,24
DA:116,24
DA:117,24
DA:118,24
DA:121,24
DA:122,24
DA:123,1
DA:124,17
DA:125,2
DA:126,4
DA:127,0
DA:128,24
DA:129,24
DA:132,24
DA:133,24
DA:135,24
DA:138,24
DA:139,24
DA:141,18
DA:142,18
DA:145,18
DA:146,2
DA:147,2
DA:148,18
DA:150,6
DA:151,2
DA:152,4
DA:153,4
DA:154,4
DA:155,6
DA:156,24
BRDA:105,0,0,5
BRDA:105,0,1,24
BRDA:123,0,0,1
BRDA:123,0,1,23
BRDA:124,0,0,17
BRDA:124,0,1,7
BRDA:125,0,0,2
BRDA:125,0,1,22
BRDA:126,0,0,4
BRDA:126,0,1,20
BRDA:127,0,0,0
BRDA:127,0,1,24
BRDA:139,0,0,18
BRDA:139,0,1,6
BRDA:139,1,2,18
BRDA:139,1,3,0
BRDA:139,2,4,18
BRDA:139,2,5,0
BRDA:145,0,0,2
BRDA:145,0,1,16
BRDA:150,0,0,2
BRDA:150,0,1,4
BRF:22
BRH:19
LF:93
LH:92
end_of_record
