SF:/home/liying/sqlcc/simple_logger_test.cpp
FN:5,main
FNDA:1,main
FNF:1
FNH:1
DA:5,1
DA:6,1
DA:9,1
DA:10,1
DA:11,1
DA:12,1
DA:15,1
DA:16,1
DA:19,1
DA:20,3
DA:21,3
DA:22,3
DA:25,1
DA:26,1
DA:28,1
DA:31,1
DA:32,1
DA:33,1
DA:34,1
DA:35,1
DA:36,1
DA:37,1
DA:38,1
DA:40,1
DA:41,1
DA:42,1
DA:43,1
DA:44,1
DA:45,1
DA:46,1
DA:48,1
DA:51,1
DA:52,1
DA:53,1
DA:54,1
DA:55,1
DA:56,1
DA:57,1
DA:58,1
DA:59,1
DA:60,1
DA:61,1
DA:62,1
DA:63,1
DA:65,1
DA:67,1
DA:68,1
DA:69,1
BRDA:20,0,0,3
BRDA:20,0,1,1
BRDA:45,0,0,1
BRDA:45,0,1,0
BRDA:57,0,0,0
BRDA:57,0,1,1
BRDA:58,0,0,1
BRDA:58,0,1,0
BRDA:59,0,0,1
BRDA:59,0,1,0
BRDA:60,0,0,0
BRDA:60,0,1,1
BRDA:61,0,0,1
BRDA:61,0,1,0
BRDA:61,1,2,1
BRDA:61,1,3,0
BRDA:62,0,0,0
BRDA:62,0,1,1
BRDA:62,1,2,1
BRDA:62,1,3,0
BRDA:63,0,0,0
BRDA:63,0,1,1
BRF:22
BRH:12
LF:48
LH:48
end_of_record
SF:/home/liying/sqlcc/src/logger/logger.cpp
FN:32,_ZN5sqlcc6Logger11GetInstanceEv
FN:38,_ZN5sqlcc6Logger11SetLogLevelENS_8LogLevelE
FN:42,_ZN5sqlcc6Logger10SetLogFileERKNSt3__112basic_stringIcNS1_11char_traitsIcEENS1_9allocatorIcEEEE
FN:58,_ZN5sqlcc6Logger5DebugERKNSt3__112basic_stringIcNS1_11char_traitsIcEENS1_9allocatorIcEEEE
FN:62,_ZN5sqlcc6Logger4InfoERKNSt3__112basic_stringIcNS1_11char_traitsIcEENS1_9allocatorIcEEEE
FN:66,_ZN5sqlcc6Logger4WarnERKNSt3__112basic_stringIcNS1_11char_traitsIcEENS1_9allocatorIcEEEE
FN:70,_ZN5sqlcc6Logger5ErrorERKNSt3__112basic_stringIcNS1_11char_traitsIcEENS1_9allocatorIcEEEE
FN:75,_ZN5sqlcc6Logger5DebugEONSt3__112basic_stringIcNS1_11char_traitsIcEENS1_9allocatorIcEEEE
FN:79,_ZN5sqlcc6Logger4InfoEONSt3__112basic_stringIcNS1_11char_traitsIcEENS1_9allocatorIcEEEE
FN:83,_ZN5sqlcc6Logger4WarnEONSt3__112basic_stringIcNS1_11char_traitsIcEENS1_9allocatorIcEEEE
FN:87,_ZN5sqlcc6Logger5ErrorEONSt3__112basic_stringIcNS1_11char_traitsIcEENS1_9allocatorIcEEEE
FN:93,_ZN5sqlcc6LoggerC2Ev
FN:102,_ZN5sqlcc6Logger3LogENS_8LogLevelERKNSt3__112basic_stringIcNS2_11char_traitsIcEENS2_9allocatorIcEEEE
FN:120,logger.cpp:_ZZN5sqlcc6Logger3LogENS_8LogLevelERKNSt3__112basic_stringIcNS2_11char_traitsIcEENS2_9allocatorIcEEEEENK3$_0clEv
FNDA:9,_ZN5sqlcc6Logger11GetInstanceEv
FNDA:0,_ZN5sqlcc6Logger11SetLogLevelENS_8LogLevelE
FNDA:0,_ZN5sqlcc6Logger10SetLogFileERKNSt3__112basic_stringIcNS1_11char_traitsIcEENS1_9allocatorIcEEEE
FNDA:0,_ZN5sqlcc6Logger5DebugERKNSt3__112basic_stringIcNS1_11char_traitsIcEENS1_9allocatorIcEEEE
FNDA:0,_ZN5sqlcc6Logger4InfoERKNSt3__112basic_stringIcNS1_11char_traitsIcEENS1_9allocatorIcEEEE
FNDA:0,_ZN5sqlcc6Logger4WarnERKNSt3__112basic_stringIcNS1_11char_traitsIcEENS1_9allocatorIcEEEE
FNDA:0,_ZN5sqlcc6Logger5ErrorERKNSt3__112basic_stringIcNS1_11char_traitsIcEENS1_9allocatorIcEEEE
FNDA:1,_ZN5sqlcc6Logger5DebugEONSt3__112basic_stringIcNS1_11char_traitsIcEENS1_9allocatorIcEEEE
FNDA:6,_ZN5sqlcc6Logger4InfoEONSt3__112basic_stringIcNS1_11char_traitsIcEENS1_9allocatorIcEEEE
FNDA:1,_ZN5sqlcc6Logger4WarnEONSt3__112basic_stringIcNS1_11char_traitsIcEENS1_9allocatorIcEEEE
FNDA:1,_ZN5sqlcc6Logger5ErrorEONSt3__112basic_stringIcNS1_11char_traitsIcEENS1_9allocatorIcEEEE
FNDA:1,_ZN5sqlcc6LoggerC2Ev
FNDA:9,_ZN5sqlcc6Logger3LogENS_8LogLevelERKNSt3__112basic_stringIcNS2_11char_traitsIcEENS2_9allocatorIcEEEE
FNDA:8,logger.cpp:_ZZN5sqlcc6Logger3LogENS_8LogLevelERKNSt3__112basic_stringIcNS2_11char_traitsIcEENS2_9allocatorIcEEEEENK3$_0clEv
FNF:14
FNH:8
DA:32,9
DA:34,9
DA:35,9
DA:36,9
DA:38,0
DA:39,0
DA:40,0
DA:42,0
DA:44,0
DA:46,0
DA:47,0
DA:49,0
DA:50,0
DA:51,0
DA:53,0
DA:54,0
DA:55,0
DA:58,0
DA:59,0
DA:60,0
DA:62,0
DA:63,0
DA:64,0
DA:66,0
DA:67,0
DA:68,0
DA:70,0
DA:71,0
DA:72,0
DA:75,1
DA:76,1
DA:77,1
DA:79,6
DA:80,6
DA:81,6
DA:83,1
DA:84,1
DA:85,1
DA:87,1
DA:88,1
DA:89,1
DA:93,1
DA:94,1
DA:95,1
DA:96,1
DA:97,1
DA:99,1
DA:102,9
DA:104,9
DA:105,1
DA:106,1
DA:109,8
DA:110,8
DA:111,8
DA:112,8
DA:115,8
DA:116,8
DA:117,8
DA:120,8
DA:121,8
DA:122,0
DA:123,6
DA:124,1
DA:125,1
DA:126,0
DA:127,8
DA:128,8
DA:131,8
DA:132,8
DA:134,8
DA:137,8
DA:139,0
DA:140,0
DA:143,0
DA:144,0
DA:145,0
DA:146,8
DA:148,8
DA:149,1
DA:150,7
DA:151,7
DA:152,7
DA:153,8
DA:154,8
BRDA:46,0,0,-
BRDA:46,0,1,-
BRDA:104,0,0,1
BRDA:104,0,1,8
BRDA:122,0,0,0
BRDA:122,0,1,8
BRDA:123,0,0,6
BRDA:123,0,1,2
BRDA:124,0,0,1
BRDA:124,0,1,7
BRDA:125,0,0,1
BRDA:125,0,1,7
BRDA:126,0,0,0
BRDA:126,0,1,8
BRDA:137,0,0,0
BRDA:137,0,1,8
BRDA:137,1,2,-
BRDA:137,1,3,-
BRDA:137,2,4,-
BRDA:137,2,5,-
BRDA:143,0,0,-
BRDA:143,0,1,-
BRDA:148,0,0,1
BRDA:148,0,1,7
BRF:24
BRH:13
LF:93
LH:61
end_of_record
