[==========] Running 58 tests from 1 test suite.
[----------] Global test environment set-up.
[----------] 58 tests from SqlParserTest
[ RUN      ] SqlParserTest.SelectStatementBasic
[       OK ] SqlParserTest.SelectStatementBasic (0 ms)
[ RUN      ] SqlParserTest.SelectStatementWhereClause
[       OK ] SqlParserTest.SelectStatementWhereClause (0 ms)
[ RUN      ] SqlParserTest.SelectStatementGroupByClause
unknown file: Failure
C++ exception with description "Parse error at line 1, column 26: Unexpected token: (" thrown in the test body.

[  FAILED  ] SqlParserTest.SelectStatementGroupByClause (0 ms)
[ RUN      ] SqlParserTest.SelectStatementOrderByClause
[       OK ] SqlParserTest.SelectStatementOrderByClause (0 ms)
[ RUN      ] SqlParserTest.SelectStatementLimitOffset
[       OK ] SqlParserTest.SelectStatementLimitOffset (0 ms)
[ RUN      ] SqlParserTest.SelectStatementJoinClause
[       OK ] SqlParserTest.SelectStatementJoinClause (0 ms)
[ RUN      ] SqlParserTest.SelectStatementLeftJoinClause
[       OK ] SqlParserTest.SelectStatementLeftJoinClause (0 ms)
[ RUN      ] SqlParserTest.SelectStatementRightJoinClause
[       OK ] SqlParserTest.SelectStatementRightJoinClause (0 ms)
[ RUN      ] SqlParserTest.SelectStatementFullJoinClause
[       OK ] SqlParserTest.SelectStatementFullJoinClause (0 ms)
[ RUN      ] SqlParserTest.SelectStatementCrossJoinClause
[       OK ] SqlParserTest.SelectStatementCrossJoinClause (0 ms)
[ RUN      ] SqlParserTest.SelectStatementExistsSubquery
unknown file: Failure
C++ exception with description "Parse error at line 1, column 36: Expected column name" thrown in the test body.

[  FAILED  ] SqlParserTest.SelectStatementExistsSubquery (0 ms)
[ RUN      ] SqlParserTest.SelectStatementInSubquery
unknown file: Failure
C++ exception with description "Parse error at line 1, column 35: Expected comparison operator" thrown in the test body.

[  FAILED  ] SqlParserTest.SelectStatementInSubquery (0 ms)
[ RUN      ] SqlParserTest.SelectStatementNotInSubquery
unknown file: Failure
C++ exception with description "Parse error at line 1, column 36: Expected comparison operator" thrown in the test body.

[  FAILED  ] SqlParserTest.SelectStatementNotInSubquery (0 ms)
[ RUN      ] SqlParserTest.SelectStatementScalarSubquery
unknown file: Failure
C++ exception with description "Parse error at line 1, column 15: Unexpected token: (" thrown in the test body.

[  FAILED  ] SqlParserTest.SelectStatementScalarSubquery (0 ms)
[ RUN      ] SqlParserTest.CreateViewStatement
unknown file: Failure
C++ exception with description "Parse error at line 1, column 12: Expected DATABASE, TABLE, USER, or INDEX after CREATE" thrown in the test body.

[  FAILED  ] SqlParserTest.CreateViewStatement (0 ms)
[ RUN      ] SqlParserTest.DropViewStatement
unknown file: Failure
C++ exception with description "Parse error at line 1, column 10: Expected DATABASE, TABLE, INDEX, or USER after DROP" thrown in the test body.

[  FAILED  ] SqlParserTest.DropViewStatement (0 ms)
[ RUN      ] SqlParserTest.CreateTableStatement
[       OK ] SqlParserTest.CreateTableStatement (0 ms)
[ RUN      ] SqlParserTest.CreateTableTwoColumns
[       OK ] SqlParserTest.CreateTableTwoColumns (0 ms)
[ RUN      ] SqlParserTest.CreateTableMultipleDataTypes
unknown file: Failure
C++ exception with description "Expected token 'RIGHT_PAREN', but found 'COMMA'" thrown in the test body.

[  FAILED  ] SqlParserTest.CreateTableMultipleDataTypes (0 ms)
[ RUN      ] SqlParserTest.CreateTableMultipleConstraints
unknown file: Failure
C++ exception with description "Expected token 'RIGHT_PAREN', but found 'COMMA'" thrown in the test body.

[  FAILED  ] SqlParserTest.CreateTableMultipleConstraints (0 ms)
[ RUN      ] SqlParserTest.CreateTableDateTimeTypes
unknown file: Failure
C++ exception with description "Expected token 'RIGHT_PAREN', but found 'COMMA'" thrown in the test body.

[  FAILED  ] SqlParserTest.CreateTableDateTimeTypes (0 ms)
[ RUN      ] SqlParserTest.CreateTableTableLevelForeignKey
unknown file: Failure
C++ exception with description "Expected token 'RIGHT_PAREN', but found 'COMMA'" thrown in the test body.

[  FAILED  ] SqlParserTest.CreateTableTableLevelForeignKey (0 ms)
[ RUN      ] SqlParserTest.CreateDatabaseStatement
[       OK ] SqlParserTest.CreateDatabaseStatement (0 ms)
[ RUN      ] SqlParserTest.InsertStatement
unknown file: Failure
C++ exception with description "Parse error at line 1, column 58: Unexpected token: ," thrown in the test body.

[  FAILED  ] SqlParserTest.InsertStatement (0 ms)
[ RUN      ] SqlParserTest.UpdateStatement
[       OK ] SqlParserTest.UpdateStatement (0 ms)
[ RUN      ] SqlParserTest.DeleteStatement
[       OK ] SqlParserTest.DeleteStatement (0 ms)
[ RUN      ] SqlParserTest.DropTableStatement
unknown file: Failure
C++ exception with description "Parse error at line 1, column 14: Expected table name" thrown in the test body.

[  FAILED  ] SqlParserTest.DropTableStatement (0 ms)
[ RUN      ] SqlParserTest.DropDatabaseStatement
[       OK ] SqlParserTest.DropDatabaseStatement (0 ms)
[ RUN      ] SqlParserTest.AlterTableStatement
unknown file: Failure
C++ exception with description "Parse error at line 1, column 12: Unsupported ALTER statement type: TABLE" thrown in the test body.

[  FAILED  ] SqlParserTest.AlterTableStatement (0 ms)
[ RUN      ] SqlParserTest.UseStatement
[       OK ] SqlParserTest.UseStatement (0 ms)
[ RUN      ] SqlParserTest.ComplexExpression
unknown file: Failure
C++ exception with description "Parse error at line 1, column 39: Unexpected token: AND" thrown in the test body.

[  FAILED  ] SqlParserTest.ComplexExpression (0 ms)
[ RUN      ] SqlParserTest.FunctionCall
unknown file: Failure
C++ exception with description "Parse error at line 1, column 14: Unexpected token: (" thrown in the test body.

[  FAILED  ] SqlParserTest.FunctionCall (0 ms)
[ RUN      ] SqlParserTest.MultipleStatements
unknown file: Failure
C++ exception with description "Parse error at line 1, column 50: Expected string, number, or NULL literal" thrown in the test body.

[  FAILED  ] SqlParserTest.MultipleStatements (0 ms)
[ RUN      ] SqlParserTest.ErrorHandling
[       OK ] SqlParserTest.ErrorHandling (0 ms)
[ RUN      ] SqlParserTest.LexerBasic
/home/liying/sqlcc_qoder/tests/sql_parser/sql_parser_test.cpp:352: Skipped
Lexer implementation incomplete - skipping test

[  SKIPPED ] SqlParserTest.LexerBasic (0 ms)
[ RUN      ] SqlParserTest.CommentHandling
[       OK ] SqlParserTest.CommentHandling (0 ms)
[ RUN      ] SqlParserTest.StringLiteral
unknown file: Failure
C++ exception with description "Parse error at line 1, column 23: Expected column name or *" thrown in the test body.

[  FAILED  ] SqlParserTest.StringLiteral (0 ms)
[ RUN      ] SqlParserTest.CreateIndexStatement
[       OK ] SqlParserTest.CreateIndexStatement (0 ms)
[ RUN      ] SqlParserTest.CreateUniqueIndexStatement
[       OK ] SqlParserTest.CreateUniqueIndexStatement (0 ms)
[ RUN      ] SqlParserTest.DropIndexStatement
[       OK ] SqlParserTest.DropIndexStatement (0 ms)
[ RUN      ] SqlParserTest.DropIndexIfExistsStatement
[       OK ] SqlParserTest.DropIndexIfExistsStatement (0 ms)
[ RUN      ] SqlParserTest.IndexKeywordParsing
[       OK ] SqlParserTest.IndexKeywordParsing (0 ms)
[ RUN      ] SqlParserTest.CreateMultiColumnIndexStatement
[       OK ] SqlParserTest.CreateMultiColumnIndexStatement (0 ms)
[ RUN      ] SqlParserTest.CreateUniqueMultiColumnIndexStatement
[       OK ] SqlParserTest.CreateUniqueMultiColumnIndexStatement (0 ms)
[ RUN      ] SqlParserTest.CreateThreeColumnIndexStatement
[       OK ] SqlParserTest.CreateThreeColumnIndexStatement (0 ms)
[ RUN      ] SqlParserTest.ExtendedDataTypes
unknown file: Failure
C++ exception with description "Expected token 'RIGHT_PAREN', but found 'COMMA'" thrown in the test body.

[  FAILED  ] SqlParserTest.ExtendedDataTypes (0 ms)
[ RUN      ] SqlParserTest.TableLevelPrimaryKeyConstraint
unknown file: Failure
C++ exception with description "Parse error at line 1, column 75: Expected column name" thrown in the test body.

[  FAILED  ] SqlParserTest.TableLevelPrimaryKeyConstraint (0 ms)
[ RUN      ] SqlParserTest.TableLevelUniqueConstraint
unknown file: Failure
C++ exception with description "Parse error at line 1, column 86: Expected column name" thrown in the test body.

[  FAILED  ] SqlParserTest.TableLevelUniqueConstraint (0 ms)
[ RUN      ] SqlParserTest.TableLevelForeignKeyConstraint
unknown file: Failure
C++ exception with description "Parse error at line 1, column 78: Expected column name" thrown in the test body.

[  FAILED  ] SqlParserTest.TableLevelForeignKeyConstraint (0 ms)
[ RUN      ] SqlParserTest.TableLevelCheckConstraint
unknown file: Failure
C++ exception with description "Expected token 'RIGHT_PAREN', but found 'COMMA'" thrown in the test body.

[  FAILED  ] SqlParserTest.TableLevelCheckConstraint (0 ms)
[ RUN      ] SqlParserTest.NamedConstraints
unknown file: Failure
C++ exception with description "Expected token 'RIGHT_PAREN', but found 'COMMA'" thrown in the test body.

[  FAILED  ] SqlParserTest.NamedConstraints (0 ms)
[ RUN      ] SqlParserTest.ExistsSubqueryExpression
unknown file: Failure
C++ exception with description "Parse error at line 1, column 36: Expected column name" thrown in the test body.

[  FAILED  ] SqlParserTest.ExistsSubqueryExpression (0 ms)
[ RUN      ] SqlParserTest.InSubqueryExpression
unknown file: Failure
C++ exception with description "Parse error at line 1, column 35: Expected comparison operator" thrown in the test body.

[  FAILED  ] SqlParserTest.InSubqueryExpression (0 ms)
[ RUN      ] SqlParserTest.ScalarSubqueryExpression
unknown file: Failure
C++ exception with description "Parse error at line 1, column 13: Unexpected token: (" thrown in the test body.

[  FAILED  ] SqlParserTest.ScalarSubqueryExpression (0 ms)
[ RUN      ] SqlParserTest.NestedSubqueryExpression
unknown file: Failure
C++ exception with description "Parse error at line 1, column 35: Expected comparison operator" thrown in the test body.

[  FAILED  ] SqlParserTest.NestedSubqueryExpression (0 ms)
[ RUN      ] SqlParserTest.ComplexJoinWithSubquery
unknown file: Failure
C++ exception with description "Parse error at line 1, column 36: Unexpected token: u" thrown in the test body.

[  FAILED  ] SqlParserTest.ComplexJoinWithSubquery (0 ms)
[ RUN      ] SqlParserTest.AdvancedSelectStatements
[       OK ] SqlParserTest.AdvancedSelectStatements (0 ms)
[ RUN      ] SqlParserTest.CteSupport
[       OK ] SqlParserTest.CteSupport (0 ms)
[----------] 58 tests from SqlParserTest (1 ms total)

[----------] Global test environment tear-down
[==========] 58 tests from 1 test suite ran. (1 ms total)
[  PASSED  ] 28 tests.
[  SKIPPED ] 1 test, listed below:
[  SKIPPED ] SqlParserTest.LexerBasic
[  FAILED  ] 29 tests, listed below:
[  FAILED  ] SqlParserTest.SelectStatementGroupByClause
[  FAILED  ] SqlParserTest.SelectStatementExistsSubquery
[  FAILED  ] SqlParserTest.SelectStatementInSubquery
[  FAILED  ] SqlParserTest.SelectStatementNotInSubquery
[  FAILED  ] SqlParserTest.SelectStatementScalarSubquery
[  FAILED  ] SqlParserTest.CreateViewStatement
[  FAILED  ] SqlParserTest.DropViewStatement
[  FAILED  ] SqlParserTest.CreateTableMultipleDataTypes
[  FAILED  ] SqlParserTest.CreateTableMultipleConstraints
[  FAILED  ] SqlParserTest.CreateTableDateTimeTypes
[  FAILED  ] SqlParserTest.CreateTableTableLevelForeignKey
[  FAILED  ] SqlParserTest.InsertStatement
[  FAILED  ] SqlParserTest.DropTableStatement
[  FAILED  ] SqlParserTest.AlterTableStatement
[  FAILED  ] SqlParserTest.ComplexExpression
[  FAILED  ] SqlParserTest.FunctionCall
[  FAILED  ] SqlParserTest.MultipleStatements
[  FAILED  ] SqlParserTest.StringLiteral
[  FAILED  ] SqlParserTest.ExtendedDataTypes
[  FAILED  ] SqlParserTest.TableLevelPrimaryKeyConstraint
[  FAILED  ] SqlParserTest.TableLevelUniqueConstraint
[  FAILED  ] SqlParserTest.TableLevelForeignKeyConstraint
[  FAILED  ] SqlParserTest.TableLevelCheckConstraint
[  FAILED  ] SqlParserTest.NamedConstraints
[  FAILED  ] SqlParserTest.ExistsSubqueryExpression
[  FAILED  ] SqlParserTest.InSubqueryExpression
[  FAILED  ] SqlParserTest.ScalarSubqueryExpression
[  FAILED  ] SqlParserTest.NestedSubqueryExpression
[  FAILED  ] SqlParserTest.ComplexJoinWithSubquery

29 FAILED TESTS
libgcov profiling error:/home/liying/sqlcc_qoder/build_new/src/CMakeFiles/sqlcc_parser.dir/sql_parser/token.cpp.gcda:overwriting an existing profile data with a different checksum
libgcov profiling error:/home/liying/sqlcc_qoder/build_new/src/CMakeFiles/sqlcc_parser.dir/sql_parser/lexer.cpp.gcda:overwriting an existing profile data with a different checksum
libgcov profiling error:/home/liying/sqlcc_qoder/build_new/src/CMakeFiles/sqlcc_parser.dir/sql_parser/parser.cpp.gcda:overwriting an existing profile data with a different checksum
libgcov profiling error:/home/liying/sqlcc_qoder/build_new/src/CMakeFiles/sqlcc_parser.dir/sql_parser/ast_nodes.cpp.gcda:overwriting an existing profile data with a different checksum
