Filename                      Regions    Missed Regions     Cover   Functions  Missed Functions  Executed       Lines      Missed Lines     Cover    Branches   Missed Branches     Cover
-----------------------------------------------------------------------------------------------------------------------------------------------------------------------------------------
config_lifecycle.cpp               31                 0   100.00%           3                 0   100.00%          48                 0   100.00%          18                 0   100.00%
config_lifecycle.h                 23                23     0.00%          23                23     0.00%         243               243     0.00%           0                 0         -
config_snapshot.h                   2                 2     0.00%           2                 2     0.00%          26                26     0.00%           0                 0         -
-----------------------------------------------------------------------------------------------------------------------------------------------------------------------------------------
TOTAL                              56                25    55.36%          28                25    10.71%         317               269    15.14%          18                 0   100.00%
