Filename                      Regions    Missed Regions     Cover   Functions  Missed Functions  Executed       Lines      Missed Lines     Cover    Branches   Missed Branches     Cover
-----------------------------------------------------------------------------------------------------------------------------------------------------------------------------------------
domain_manager.cpp                161                22    86.34%          30                 0   100.00%         215                28    86.98%         130                24    81.54%
domain_manager.h                    5                 0   100.00%           5                 0   100.00%           5                 0   100.00%           0                 0         -
-----------------------------------------------------------------------------------------------------------------------------------------------------------------------------------------
TOTAL                             166                22    86.75%          35                 0   100.00%         220                28    87.27%         130                24    81.54%
