warning: 41 functions have mismatched data
Filename                      Regions    Missed Regions     Cover   Functions  Missed Functions  Executed       Lines      Missed Lines     Cover    Branches   Missed Branches     Cover
-----------------------------------------------------------------------------------------------------------------------------------------------------------------------------------------
config_lifecycle.cpp               31                31     0.00%           3                 3     0.00%          48                48     0.00%          18                18     0.00%
config_lifecycle.h                  8                 8     0.00%           8                 8     0.00%         184               184     0.00%           0                 0         -
config_snapshot.h                   1                 1     0.00%           1                 1     0.00%          23                23     0.00%           0                 0         -
-----------------------------------------------------------------------------------------------------------------------------------------------------------------------------------------
TOTAL                              40                40     0.00%          12                12     0.00%         255               255     0.00%          18                18     0.00%
