Filename                                        Regions    Missed Regions     Cover   Functions  Missed Functions  Executed       Lines      Missed Lines     Cover    Branches   Missed Branches     Cover
--------------------------------------------------------------------------------------------------------------------------------------------------------------------------------------------------------------------------------------------------------------------------------------------------------
coverage_data/layer1/simple_test_runner.cpp           6                 0   100.00%           4                 0   100.00%          20                 0   100.00%           0                 0         -
src/logger/logger.cpp                                42                42     0.00%          14                14     0.00%          93                93     0.00%          24                24     0.00%
--------------------------------------------------------------------------------------------------------------------------------------------------------------------------------------------------------------------------------------------------------------------------------------------------------
TOTAL                                                48                42    12.50%          18                14    22.22%         113                93    17.70%          24                24     0.00%
