SF:/home/liying/sqlcc/coverage_data/layer1/simple_test_runner.cpp
FN:10,_ZN36LoggerTest_LoggerInitialization_Test8TestBodyEv
FN:15,_ZN30BasicTest_BasicOperations_Test8TestBodyEv
FN:22,_ZN32StringTest_StringOperations_Test8TestBodyEv
FN:29,main
FNDA:1,_ZN36LoggerTest_LoggerInitialization_Test8TestBodyEv
FNDA:1,_ZN30BasicTest_BasicOperations_Test8TestBodyEv
FNDA:1,_ZN32StringTest_StringOperations_Test8TestBodyEv
FNDA:1,main
FNF:4
FNH:4
DA:10,1
DA:12,1
DA:13,1
DA:15,1
DA:16,1
DA:17,1
DA:18,1
DA:19,1
DA:20,1
DA:22,1
DA:23,1
DA:24,1
DA:25,1
DA:26,1
DA:29,1
DA:30,1
DA:31,1
DA:33,1
DA:35,1
DA:36,1
BRF:0
BRH:0
LF:20
LH:20
end_of_record
SF:/home/liying/sqlcc/src/logger/logger.cpp
FN:32,_ZN5sqlcc6Logger11GetInstanceEv
FN:38,_ZN5sqlcc6Logger11SetLogLevelENS_8LogLevelE
FN:42,_ZN5sqlcc6Logger10SetLogFileERKNSt7__cxx1112basic_stringIcSt11char_traitsIcESaIcEEE
FN:59,_ZN5sqlcc6Logger5DebugERKNSt7__cxx1112basic_stringIcSt11char_traitsIcESaIcEEE
FN:63,_ZN5sqlcc6Logger4InfoERKNSt7__cxx1112basic_stringIcSt11char_traitsIcESaIcEEE
FN:67,_ZN5sqlcc6Logger4WarnERKNSt7__cxx1112basic_stringIcSt11char_traitsIcESaIcEEE
FN:71,_ZN5sqlcc6Logger5ErrorERKNSt7__cxx1112basic_stringIcSt11char_traitsIcESaIcEEE
FN:76,_ZN5sqlcc6Logger5DebugEONSt7__cxx1112basic_stringIcSt11char_traitsIcESaIcEEE
FN:80,_ZN5sqlcc6Logger4InfoEONSt7__cxx1112basic_stringIcSt11char_traitsIcESaIcEEE
FN:84,_ZN5sqlcc6Logger4WarnEONSt7__cxx1112basic_stringIcSt11char_traitsIcESaIcEEE
FN:88,_ZN5sqlcc6Logger5ErrorEONSt7__cxx1112basic_stringIcSt11char_traitsIcESaIcEEE
FN:94,_ZN5sqlcc6LoggerC2Ev
FN:103,_ZN5sqlcc6Logger3LogENS_8LogLevelERKNSt7__cxx1112basic_stringIcSt11char_traitsIcESaIcEEE
FN:121,logger.cpp:_ZZN5sqlcc6Logger3LogENS_8LogLevelERKNSt7__cxx1112basic_stringIcSt11char_traitsIcESaIcEEEENK3$_0clEv
FNDA:0,_ZN5sqlcc6Logger11GetInstanceEv
FNDA:0,_ZN5sqlcc6Logger11SetLogLevelENS_8LogLevelE
FNDA:0,_ZN5sqlcc6Logger10SetLogFileERKNSt7__cxx1112basic_stringIcSt11char_traitsIcESaIcEEE
FNDA:0,_ZN5sqlcc6Logger5DebugERKNSt7__cxx1112basic_stringIcSt11char_traitsIcESaIcEEE
FNDA:0,_ZN5sqlcc6Logger4InfoERKNSt7__cxx1112basic_stringIcSt11char_traitsIcESaIcEEE
FNDA:0,_ZN5sqlcc6Logger4WarnERKNSt7__cxx1112basic_stringIcSt11char_traitsIcESaIcEEE
FNDA:0,_ZN5sqlcc6Logger5ErrorERKNSt7__cxx1112basic_stringIcSt11char_traitsIcESaIcEEE
FNDA:0,_ZN5sqlcc6Logger5DebugEONSt7__cxx1112basic_stringIcSt11char_traitsIcESaIcEEE
FNDA:0,_ZN5sqlcc6Logger4InfoEONSt7__cxx1112basic_stringIcSt11char_traitsIcESaIcEEE
FNDA:0,_ZN5sqlcc6Logger4WarnEONSt7__cxx1112basic_stringIcSt11char_traitsIcESaIcEEE
FNDA:0,_ZN5sqlcc6Logger5ErrorEONSt7__cxx1112basic_stringIcSt11char_traitsIcESaIcEEE
FNDA:0,_ZN5sqlcc6LoggerC2Ev
FNDA:0,_ZN5sqlcc6Logger3LogENS_8LogLevelERKNSt7__cxx1112basic_stringIcSt11char_traitsIcESaIcEEE
FNDA:0,logger.cpp:_ZZN5sqlcc6Logger3LogENS_8LogLevelERKNSt7__cxx1112basic_stringIcSt11char_traitsIcESaIcEEEENK3$_0clEv
FNF:14
FNH:0
DA:32,0
DA:34,0
DA:35,0
DA:36,0
DA:38,0
DA:39,0
DA:40,0
DA:42,0
DA:44,0
DA:45,0
DA:48,0
DA:49,0
DA:50,0
DA:51,0
DA:52,0
DA:56,0
DA:59,0
DA:60,0
DA:61,0
DA:63,0
DA:64,0
DA:65,0
DA:67,0
DA:68,0
DA:69,0
DA:71,0
DA:72,0
DA:73,0
DA:76,0
DA:77,0
DA:78,0
DA:80,0
DA:81,0
DA:82,0
DA:84,0
DA:85,0
DA:86,0
DA:88,0
DA:89,0
DA:90,0
DA:94,0
DA:95,0
DA:96,0
DA:97,0
DA:98,0
DA:100,0
DA:103,0
DA:105,0
DA:106,0
DA:107,0
DA:110,0
DA:111,0
DA:112,0
DA:113,0
DA:116,0
DA:117,0
DA:118,0
DA:121,0
DA:122,0
DA:123,0
DA:124,0
DA:125,0
DA:126,0
DA:127,0
DA:128,0
DA:129,0
DA:132,0
DA:133,0
DA:135,0
DA:138,0
DA:139,0
DA:141,0
DA:142,0
DA:145,0
DA:146,0
DA:147,0
DA:148,0
DA:150,0
DA:151,0
DA:152,0
DA:153,0
DA:154,0
DA:155,0
DA:156,0
BRDA:105,0,0,-
BRDA:105,0,1,-
BRDA:123,0,0,-
BRDA:123,0,1,-
BRDA:124,0,0,-
BRDA:124,0,1,-
BRDA:125,0,0,-
BRDA:125,0,1,-
BRDA:126,0,0,-
BRDA:126,0,1,-
BRDA:127,0,0,-
BRDA:127,0,1,-
BRDA:139,0,0,-
BRDA:139,0,1,-
BRDA:139,1,2,-
BRDA:139,1,3,-
BRDA:139,2,4,-
BRDA:139,2,5,-
BRDA:145,0,0,-
BRDA:145,0,1,-
BRDA:150,0,0,-
BRDA:150,0,1,-
BRF:22
BRH:0
LF:93
LH:0
end_of_record
