Filename                                        Regions    Missed Regions     Cover   Functions  Missed Functions  Executed       Lines      Missed Lines     Cover    Branches   Missed Branches     Cover
--------------------------------------------------------------------------------------------------------------------------------------------------------------------------------------------------------------------------------------------------------------------------------------------------------
coverage_data/layer1/simple_test_runner.cpp           6                 0   100.00%           4                 0   100.00%          20                 0   100.00%           0                 0         -
src/logger/logger.cpp                                39                39     0.00%          14                14     0.00%          93                93     0.00%          22                22     0.00%
--------------------------------------------------------------------------------------------------------------------------------------------------------------------------------------------------------------------------------------------------------------------------------------------------------
TOTAL                                                45                39    13.33%          18                14    22.22%         113                93    17.70%          22                22     0.00%
