TN:
SF:/home/liying/sqlcc_qoder/include/core/system_database.h
FNF:0
FNH:0
LF:0
LH:0
end_of_record
TN:
SF:/home/liying/sqlcc_qoder/include/network/encryption.h
FN:45,45,_ZN5sqlcc7network13EncryptionKey6GetKeyEv
FN:46,46,_ZN5sqlcc7network13EncryptionKey5GetIVEv
FNDA:72,_ZN5sqlcc7network13EncryptionKey6GetKeyEv
FNDA:36,_ZN5sqlcc7network13EncryptionKey5GetIVEv
FNF:2
FNH:2
DA:45,72
DA:46,36
LF:2
LH:2
end_of_record
TN:
SF:/home/liying/sqlcc_qoder/include/network/network.h
FN:226,227,_ZN5sqlcc7network17KeyRotationPolicyC2Em
FN:228,228,_ZNK5sqlcc7network17KeyRotationPolicy12ShouldRotateEm
FNDA:1,_ZN5sqlcc7network17KeyRotationPolicyC2Em
FNDA:3,_ZNK5sqlcc7network17KeyRotationPolicy12ShouldRotateEm
FNF:2
FNH:2
DA:226,1
DA:227,1
DA:228,3
LF:3
LH:3
end_of_record
TN:
SF:/home/liying/sqlcc_qoder/include/sql_parser/ast_node.h
FN:17,17,_ZN5sqlcc10sql_parser4NodeD0Ev
FN:17,17,_ZN5sqlcc10sql_parser4NodeD2Ev
FNDA:0,_ZN5sqlcc10sql_parser4NodeD0Ev
FNDA:13,_ZN5sqlcc10sql_parser4NodeD2Ev
FNF:2
FNH:1
DA:17,13
LF:1
LH:1
end_of_record
TN:
SF:/home/liying/sqlcc_qoder/include/sql_parser/ast_nodes.h
FN:153,155,_ZN5sqlcc10sql_parser15CreateStatement6acceptERNS0_11NodeVisitorE
FN:199,201,_ZN5sqlcc10sql_parser15SelectStatement6acceptERNS0_11NodeVisitorE
FN:234,236,_ZN5sqlcc10sql_parser15InsertStatement6acceptERNS0_11NodeVisitorE
FN:260,262,_ZN5sqlcc10sql_parser15UpdateStatement6acceptERNS0_11NodeVisitorE
FN:283,285,_ZN5sqlcc10sql_parser15DeleteStatement6acceptERNS0_11NodeVisitorE
FN:315,317,_ZN5sqlcc10sql_parser13DropStatement6acceptERNS0_11NodeVisitorE
FN:345,347,_ZN5sqlcc10sql_parser14AlterStatement6acceptERNS0_11NodeVisitorE
FN:363,365,_ZN5sqlcc10sql_parser12UseStatement6acceptERNS0_11NodeVisitorE
FN:387,389,_ZN5sqlcc10sql_parser20CreateIndexStatement6acceptERNS0_11NodeVisitorE
FN:414,416,_ZN5sqlcc10sql_parser18DropIndexStatement6acceptERNS0_11NodeVisitorE
FN:437,439,_ZN5sqlcc10sql_parser19CreateUserStatement6acceptERNS0_11NodeVisitorE
FN:458,460,_ZN5sqlcc10sql_parser17DropUserStatement6acceptERNS0_11NodeVisitorE
FN:486,488,_ZN5sqlcc10sql_parser14GrantStatement6acceptERNS0_11NodeVisitorE
FN:516,518,_ZN5sqlcc10sql_parser15RevokeStatement6acceptERNS0_11NodeVisitorE
FN:52,52,_ZN5sqlcc10sql_parser16ColumnDefinition13setPrimaryKeyEb
FN:53,53,_ZN5sqlcc10sql_parser16ColumnDefinition11setNullableEb
FN:54,54,_ZN5sqlcc10sql_parser16ColumnDefinition9setUniqueEb
FN:55,55,_ZN5sqlcc10sql_parser16ColumnDefinition16setAutoIncrementEb
FN:554,556,_ZN5sqlcc10sql_parser13ShowStatement6acceptERNS0_11NodeVisitorE
FN:59,59,_ZN5sqlcc10sql_parser16ColumnDefinition15setIsPrimaryKeyEb
FN:60,60,_ZN5sqlcc10sql_parser16ColumnDefinition13setIsNullableEb
FN:61,61,_ZN5sqlcc10sql_parser16ColumnDefinition11setIsUniqueEb
FN:62,62,_ZN5sqlcc10sql_parser16ColumnDefinition18setIsAutoIncrementEb
FNDA:0,_ZN5sqlcc10sql_parser15CreateStatement6acceptERNS0_11NodeVisitorE
FNDA:0,_ZN5sqlcc10sql_parser15SelectStatement6acceptERNS0_11NodeVisitorE
FNDA:0,_ZN5sqlcc10sql_parser15InsertStatement6acceptERNS0_11NodeVisitorE
FNDA:0,_ZN5sqlcc10sql_parser15UpdateStatement6acceptERNS0_11NodeVisitorE
FNDA:0,_ZN5sqlcc10sql_parser15DeleteStatement6acceptERNS0_11NodeVisitorE
FNDA:0,_ZN5sqlcc10sql_parser13DropStatement6acceptERNS0_11NodeVisitorE
FNDA:0,_ZN5sqlcc10sql_parser14AlterStatement6acceptERNS0_11NodeVisitorE
FNDA:0,_ZN5sqlcc10sql_parser12UseStatement6acceptERNS0_11NodeVisitorE
FNDA:0,_ZN5sqlcc10sql_parser20CreateIndexStatement6acceptERNS0_11NodeVisitorE
FNDA:0,_ZN5sqlcc10sql_parser18DropIndexStatement6acceptERNS0_11NodeVisitorE
FNDA:0,_ZN5sqlcc10sql_parser19CreateUserStatement6acceptERNS0_11NodeVisitorE
FNDA:0,_ZN5sqlcc10sql_parser17DropUserStatement6acceptERNS0_11NodeVisitorE
FNDA:0,_ZN5sqlcc10sql_parser14GrantStatement6acceptERNS0_11NodeVisitorE
FNDA:0,_ZN5sqlcc10sql_parser15RevokeStatement6acceptERNS0_11NodeVisitorE
FNDA:1,_ZN5sqlcc10sql_parser16ColumnDefinition13setPrimaryKeyEb
FNDA:1,_ZN5sqlcc10sql_parser16ColumnDefinition11setNullableEb
FNDA:0,_ZN5sqlcc10sql_parser16ColumnDefinition9setUniqueEb
FNDA:0,_ZN5sqlcc10sql_parser16ColumnDefinition16setAutoIncrementEb
FNDA:0,_ZN5sqlcc10sql_parser13ShowStatement6acceptERNS0_11NodeVisitorE
FNDA:1,_ZN5sqlcc10sql_parser16ColumnDefinition15setIsPrimaryKeyEb
FNDA:1,_ZN5sqlcc10sql_parser16ColumnDefinition13setIsNullableEb
FNDA:0,_ZN5sqlcc10sql_parser16ColumnDefinition11setIsUniqueEb
FNDA:0,_ZN5sqlcc10sql_parser16ColumnDefinition18setIsAutoIncrementEb
FNF:23
FNH:4
DA:52,1
DA:53,1
DA:54,0
DA:55,0
DA:59,1
DA:60,1
DA:61,0
DA:62,0
DA:153,0
DA:154,0
DA:155,0
DA:199,0
DA:200,0
DA:201,0
DA:234,0
DA:235,0
DA:236,0
DA:260,0
DA:261,0
DA:262,0
DA:283,0
DA:284,0
DA:285,0
DA:315,0
DA:316,0
DA:317,0
DA:345,0
DA:346,0
DA:347,0
DA:363,0
DA:364,0
DA:365,0
DA:387,0
DA:388,0
DA:389,0
DA:414,0
DA:415,0
DA:416,0
DA:437,0
DA:438,0
DA:439,0
DA:458,0
DA:459,0
DA:460,0
DA:486,0
DA:487,0
DA:488,0
DA:516,0
DA:517,0
DA:518,0
DA:554,0
DA:555,0
DA:556,0
LF:53
LH:4
end_of_record
TN:
SF:/home/liying/sqlcc_qoder/include/sql_parser/lexer.h
FNF:0
FNH:0
LF:0
LH:0
end_of_record
TN:
SF:/home/liying/sqlcc_qoder/include/sql_parser/parser.h
FN:21,21,_ZN5sqlcc10sql_parser6ParserD2Ev
FNDA:13,_ZN5sqlcc10sql_parser6ParserD2Ev
FNF:1
FNH:1
DA:21,13
LF:1
LH:1
end_of_record
TN:
SF:/home/liying/sqlcc_qoder/include/sql_parser/token.h
FN:48,48,_ZN5sqlcc10sql_parser5TokenD2Ev
FNDA:132,_ZN5sqlcc10sql_parser5TokenD2Ev
FNF:1
FNH:1
DA:48,132
LF:1
LH:1
end_of_record
TN:
SF:/home/liying/sqlcc_qoder/src/network/encryption.cpp
FN:144,188,_ZNK5sqlcc7network12AESEncryptor7DecryptERKSt6vectorIhSaIhEE
FN:190,195,_ZN5sqlcc7network12AESEncryptor9UpdateKeyESt10shared_ptrINS0_13EncryptionKeyEE
FN:197,203,_ZN5sqlcc7network12AESEncryptor17InitializeContextEv
FN:206,219,_ZN5sqlcc7network10HMACSHA2567ComputeERKSt6vectorIhSaIhEES6_
FN:221,236,_ZN5sqlcc7network10HMACSHA2566VerifyERKSt6vectorIhSaIhEES6_S6_
FN:239,254,_ZN5sqlcc7network6PBKDF26DeriveERKNSt7__cxx1112basic_stringIcSt11char_traitsIcESaIcEEERKSt6vectorIhSaIhEEim
FN:257,272,_ZN5sqlcc7network31DeriveEncryptionKeyFromPasswordERKNSt7__cxx1112basic_stringIcSt11char_traitsIcESaIcEEERKSt6vectorIhSaIhEEimm
FN:29,30,_ZN5sqlcc7network13EncryptionKeyC2ERKSt6vectorIhSaIhEES6_
FN:32,56,_ZN5sqlcc7network13EncryptionKey14GenerateRandomEmm
FN:62,62,_ZN5sqlcc7network15SimpleEncryptorC2ERKNSt7__cxx1112basic_stringIcSt11char_traitsIcESaIcEEE
FN:64,70,_ZNK5sqlcc7network15SimpleEncryptor7EncryptERKSt6vectorIcSaIcEE
FN:72,75,_ZNK5sqlcc7network15SimpleEncryptor7DecryptERKSt6vectorIcSaIcEE
FN:81,86,_ZN5sqlcc7network12AESEncryptorC2ESt10shared_ptrINS0_13EncryptionKeyEE
FN:88,88,_ZN5sqlcc7network12AESEncryptorD2Ev
FN:90,96,_ZN5sqlcc7network12AESEncryptor11IsAvailableEv
FN:98,142,_ZNK5sqlcc7network12AESEncryptor7EncryptERKSt6vectorIhSaIhEE
FNDA:9,_ZNK5sqlcc7network12AESEncryptor7DecryptERKSt6vectorIhSaIhEE
FNDA:2,_ZN5sqlcc7network12AESEncryptor9UpdateKeyESt10shared_ptrINS0_13EncryptionKeyEE
FNDA:0,_ZN5sqlcc7network12AESEncryptor17InitializeContextEv
FNDA:10,_ZN5sqlcc7network10HMACSHA2567ComputeERKSt6vectorIhSaIhEES6_
FNDA:5,_ZN5sqlcc7network10HMACSHA2566VerifyERKSt6vectorIhSaIhEES6_S6_
FNDA:9,_ZN5sqlcc7network6PBKDF26DeriveERKNSt7__cxx1112basic_stringIcSt11char_traitsIcESaIcEEERKSt6vectorIhSaIhEEim
FNDA:1,_ZN5sqlcc7network31DeriveEncryptionKeyFromPasswordERKNSt7__cxx1112basic_stringIcSt11char_traitsIcESaIcEEERKSt6vectorIhSaIhEEimm
FNDA:25,_ZN5sqlcc7network13EncryptionKeyC2ERKSt6vectorIhSaIhEES6_
FNDA:23,_ZN5sqlcc7network13EncryptionKey14GenerateRandomEmm
FNDA:1,_ZN5sqlcc7network15SimpleEncryptorC2ERKNSt7__cxx1112basic_stringIcSt11char_traitsIcESaIcEEE
FNDA:2,_ZNK5sqlcc7network15SimpleEncryptor7EncryptERKSt6vectorIcSaIcEE
FNDA:1,_ZNK5sqlcc7network15SimpleEncryptor7DecryptERKSt6vectorIcSaIcEE
FNDA:13,_ZN5sqlcc7network12AESEncryptorC2ESt10shared_ptrINS0_13EncryptionKeyEE
FNDA:13,_ZN5sqlcc7network12AESEncryptorD2Ev
FNDA:7,_ZN5sqlcc7network12AESEncryptor11IsAvailableEv
FNDA:15,_ZNK5sqlcc7network12AESEncryptor7EncryptERKSt6vectorIhSaIhEE
FNF:16
FNH:15
DA:29,25
DA:30,25
DA:32,23
DA:33,46
DA:34,23
DA:38,23
DA:39,0
DA:55,46
DA:56,23
DA:62,1
DA:64,2
DA:65,2
DA:66,28
DA:67,26
DA:69,2
DA:72,1
DA:74,1
DA:81,13
DA:82,13
DA:83,13
DA:84,0
DA:86,13
DA:88,13
DA:90,7
DA:92,7
DA:98,15
DA:100,15
DA:101,0
DA:104,15
DA:105,15
DA:106,0
DA:109,15
DA:110,15
DA:111,15
DA:115,15
DA:116,15
DA:117,30
DA:118,0
DA:122,15
DA:123,0
DA:125,15
DA:128,15
DA:129,0
DA:131,15
DA:133,15
DA:134,30
DA:135,0
DA:136,0
DA:137,0
DA:138,0
DA:142,0
DA:144,9
DA:146,9
DA:147,0
DA:150,9
DA:151,9
DA:152,0
DA:155,9
DA:156,9
DA:157,9
DA:161,9
DA:162,9
DA:163,18
DA:164,0
DA:168,9
DA:169,0
DA:171,9
DA:174,9
DA:175,1
DA:177,8
DA:179,8
DA:180,16
DA:181,1
DA:182,1
DA:183,1
DA:184,1
DA:188,1
DA:190,2
DA:191,2
DA:192,1
DA:194,1
DA:195,1
DA:197,0
DA:199,0
DA:206,10
DA:209,10
DA:210,10
DA:211,10
DA:214,10
DA:215,20
DA:219,0
DA:221,5
DA:225,5
DA:226,5
DA:228,4
DA:229,132
DA:230,128
DA:232,4
DA:236,5
DA:239,9
DA:244,9
DA:245,18
DA:246,9
DA:247,9
DA:248,1
DA:250,8
DA:254,1
DA:257,1
DA:265,1
DA:266,1
DA:267,1
DA:268,2
DA:272,1
LF:113
LH:94
end_of_record
TN:
SF:/home/liying/sqlcc_qoder/src/sql_parser/ast_node.cpp
FN:12,13,_ZN5sqlcc10sql_parser9StatementD0Ev
FN:12,13,_ZN5sqlcc10sql_parser9StatementD2Ev
FN:15,17,_ZNK5sqlcc10sql_parser9Statement7getTypeEv
FN:21,22,_ZN5sqlcc10sql_parser10ExpressionC2Ev
FN:24,25,_ZN5sqlcc10sql_parser10ExpressionD0Ev
FN:24,25,_ZN5sqlcc10sql_parser10ExpressionD2Ev
FN:27,29,_ZNK5sqlcc10sql_parser10Expression11getTypeNameB5cxx11Ev
FN:9,10,_ZN5sqlcc10sql_parser9StatementC2ENS1_4TypeE
FNDA:0,_ZN5sqlcc10sql_parser9StatementD0Ev
FNDA:13,_ZN5sqlcc10sql_parser9StatementD2Ev
FNDA:10,_ZNK5sqlcc10sql_parser9Statement7getTypeEv
FNDA:0,_ZN5sqlcc10sql_parser10ExpressionC2Ev
FNDA:0,_ZN5sqlcc10sql_parser10ExpressionD0Ev
FNDA:0,_ZN5sqlcc10sql_parser10ExpressionD2Ev
FNDA:0,_ZNK5sqlcc10sql_parser10Expression11getTypeNameB5cxx11Ev
FNDA:13,_ZN5sqlcc10sql_parser9StatementC2ENS1_4TypeE
FNF:8
FNH:3
DA:9,13
DA:10,13
DA:12,13
DA:13,13
DA:15,10
DA:16,10
DA:21,0
DA:22,0
DA:24,0
DA:25,0
DA:27,0
DA:28,0
LF:12
LH:6
end_of_record
TN:
SF:/home/liying/sqlcc_qoder/src/sql_parser/ast_nodes.cpp
FN:102,104,_ZN5sqlcc10sql_parser15SelectStatement15addSelectColumnERKNSt7__cxx1112basic_stringIcSt11char_traitsIcESaIcEEE
FN:106,108,_ZN5sqlcc10sql_parser15SelectStatement12setTableNameERKNSt7__cxx1112basic_stringIcSt11char_traitsIcESaIcEEE
FN:11,14,_ZN5sqlcc10sql_parser16ColumnDefinitionC2ERKNSt7__cxx1112basic_stringIcSt11char_traitsIcESaIcEEES9_
FN:110,112,_ZN5sqlcc10sql_parser15SelectStatement14setWhereClauseERKNS0_11WhereClauseE
FN:114,116,_ZN5sqlcc10sql_parser15SelectStatement16setGroupByColumnERKNSt7__cxx1112basic_stringIcSt11char_traitsIcESaIcEEE
FN:118,120,_ZN5sqlcc10sql_parser15SelectStatement16setOrderByColumnERKNSt7__cxx1112basic_stringIcSt11char_traitsIcESaIcEEE
FN:122,124,_ZN5sqlcc10sql_parser15SelectStatement17setOrderDirectionERKNSt7__cxx1112basic_stringIcSt11char_traitsIcESaIcEEE
FN:126,128,_ZN5sqlcc10sql_parser15SelectStatement12setSelectAllEb
FN:130,132,_ZN5sqlcc10sql_parser15SelectStatement16setJoinConditionERKNSt7__cxx1112basic_stringIcSt11char_traitsIcESaIcEEE
FN:134,137,_ZN5sqlcc10sql_parser15SelectStatement8setLimitEi
FN:139,142,_ZN5sqlcc10sql_parser15SelectStatement9setOffsetEi
FN:144,146,_ZNK5sqlcc10sql_parser15SelectStatement16getSelectColumnsB5cxx11Ev
FN:148,150,_ZNK5sqlcc10sql_parser15SelectStatement12getTableNameB5cxx11Ev
FN:152,154,_ZNK5sqlcc10sql_parser15SelectStatement14getWhereClauseEv
FN:156,158,_ZNK5sqlcc10sql_parser15SelectStatement16getGroupByColumnB5cxx11Ev
FN:16,17,_ZN5sqlcc10sql_parser16ColumnDefinitionD2Ev
FN:160,162,_ZNK5sqlcc10sql_parser15SelectStatement16getOrderByColumnB5cxx11Ev
FN:164,166,_ZNK5sqlcc10sql_parser15SelectStatement17getOrderDirectionB5cxx11Ev
FN:168,170,_ZNK5sqlcc10sql_parser15SelectStatement16getJoinConditionB5cxx11Ev
FN:172,174,_ZNK5sqlcc10sql_parser15SelectStatement8getLimitEv
FN:176,178,_ZNK5sqlcc10sql_parser15SelectStatement9getOffsetEv
FN:180,182,_ZNK5sqlcc10sql_parser15SelectStatement11isSelectAllEv
FN:184,186,_ZNK5sqlcc10sql_parser15SelectStatement14hasWhereClauseEv
FN:188,190,_ZNK5sqlcc10sql_parser15SelectStatement10hasGroupByEv
FN:19,21,_ZN5sqlcc10sql_parser16ColumnDefinition15setDefaultValueERKNSt7__cxx1112basic_stringIcSt11char_traitsIcESaIcEEE
FN:192,194,_ZNK5sqlcc10sql_parser15SelectStatement10hasOrderByEv
FN:196,198,_ZNK5sqlcc10sql_parser15SelectStatement16hasJoinConditionEv
FN:200,202,_ZNK5sqlcc10sql_parser15SelectStatement8hasLimitEv
FN:204,206,_ZNK5sqlcc10sql_parser15SelectStatement9hasOffsetEv
FN:210,212,_ZN5sqlcc10sql_parser15InsertStatementC2ERKNSt7__cxx1112basic_stringIcSt11char_traitsIcESaIcEEE
FN:214,215,_ZN5sqlcc10sql_parser15InsertStatementD0Ev
FN:214,215,_ZN5sqlcc10sql_parser15InsertStatementD2Ev
FN:217,219,_ZN5sqlcc10sql_parser15InsertStatement9addColumnERKNSt7__cxx1112basic_stringIcSt11char_traitsIcESaIcEEE
FN:221,223,_ZN5sqlcc10sql_parser15InsertStatement8addValueERKNSt7__cxx1112basic_stringIcSt11char_traitsIcESaIcEEE
FN:225,230,_ZN5sqlcc10sql_parser15InsertStatement9finishRowEv
FN:232,238,_ZN5sqlcc10sql_parser15InsertStatement11addValueRowERKSt6vectorISt10unique_ptrINS0_10ExpressionESt14default_deleteIS4_EESaIS7_EE
FN:240,242,_ZNK5sqlcc10sql_parser15InsertStatement12getTableNameB5cxx11Ev
FN:244,246,_ZNK5sqlcc10sql_parser15InsertStatement10getColumnsB5cxx11Ev
FN:248,250,_ZNK5sqlcc10sql_parser15InsertStatement9getValuesB5cxx11Ev
FN:25,27,_ZN5sqlcc10sql_parser15TableConstraintC2ENS1_4TypeERKNSt7__cxx1112basic_stringIcSt11char_traitsIcESaIcEEE
FN:254,256,_ZN5sqlcc10sql_parser15UpdateStatementC2ERKNSt7__cxx1112basic_stringIcSt11char_traitsIcESaIcEEE
FN:258,259,_ZN5sqlcc10sql_parser15UpdateStatementD0Ev
FN:258,259,_ZN5sqlcc10sql_parser15UpdateStatementD2Ev
FN:261,263,_ZN5sqlcc10sql_parser15UpdateStatement14addUpdateValueERKNSt7__cxx1112basic_stringIcSt11char_traitsIcESaIcEEES9_
FN:265,267,_ZN5sqlcc10sql_parser15UpdateStatement14setWhereClauseERKNS0_11WhereClauseE
FN:269,271,_ZNK5sqlcc10sql_parser15UpdateStatement12getTableNameB5cxx11Ev
FN:273,275,_ZNK5sqlcc10sql_parser15UpdateStatement15getUpdateValuesB5cxx11Ev
FN:277,279,_ZNK5sqlcc10sql_parser15UpdateStatement14getWhereClauseEv
FN:281,283,_ZNK5sqlcc10sql_parser15UpdateStatement14hasWhereClauseEv
FN:287,289,_ZN5sqlcc10sql_parser15DeleteStatementC2ERKNSt7__cxx1112basic_stringIcSt11char_traitsIcESaIcEEE
FN:29,30,_ZN5sqlcc10sql_parser15TableConstraintD2Ev
FN:291,292,_ZN5sqlcc10sql_parser15DeleteStatementD0Ev
FN:291,292,_ZN5sqlcc10sql_parser15DeleteStatementD2Ev
FN:294,296,_ZN5sqlcc10sql_parser15DeleteStatement14setWhereClauseERKNS0_11WhereClauseE
FN:298,300,_ZNK5sqlcc10sql_parser15DeleteStatement12getTableNameB5cxx11Ev
FN:302,304,_ZNK5sqlcc10sql_parser15DeleteStatement14getWhereClauseEv
FN:306,308,_ZNK5sqlcc10sql_parser15DeleteStatement14hasWhereClauseEv
FN:312,314,_ZN5sqlcc10sql_parser13DropStatementC2ENS1_10ObjectTypeERKNSt7__cxx1112basic_stringIcSt11char_traitsIcESaIcEEE
FN:316,317,_ZN5sqlcc10sql_parser13DropStatementD0Ev
FN:316,317,_ZN5sqlcc10sql_parser13DropStatementD2Ev
FN:319,320,_ZN5sqlcc10sql_parser13DropStatementC2ENS1_10ObjectTypeE
FN:32,34,_ZN5sqlcc10sql_parser15TableConstraint9addColumnERKNSt7__cxx1112basic_stringIcSt11char_traitsIcESaIcEEE
FN:322,324,_ZN5sqlcc10sql_parser13DropStatement11setIfExistsEb
FN:326,326,_ZNK5sqlcc10sql_parser13DropStatement13getObjectTypeEv
FN:327,327,_ZNK5sqlcc10sql_parser13DropStatement13getObjectNameB5cxx11Ev
FN:328,328,_ZNK5sqlcc10sql_parser13DropStatement10isIfExistsEv
FN:331,333,_ZN5sqlcc10sql_parser14AlterStatementC2ENS1_10ObjectTypeERKNSt7__cxx1112basic_stringIcSt11char_traitsIcESaIcEEE
FN:335,336,_ZN5sqlcc10sql_parser14AlterStatementD0Ev
FN:335,336,_ZN5sqlcc10sql_parser14AlterStatementD2Ev
FN:338,339,_ZN5sqlcc10sql_parser14AlterStatementC2ENS1_10ObjectTypeE
FN:341,341,_ZNK5sqlcc10sql_parser14AlterStatement13getObjectTypeEv
FN:342,342,_ZNK5sqlcc10sql_parser14AlterStatement13getObjectNameB5cxx11Ev
FN:345,347,_ZN5sqlcc10sql_parser12UseStatementC2ERKNSt7__cxx1112basic_stringIcSt11char_traitsIcESaIcEEE
FN:349,350,_ZN5sqlcc10sql_parser12UseStatementD0Ev
FN:349,350,_ZN5sqlcc10sql_parser12UseStatementD2Ev
FN:352,352,_ZNK5sqlcc10sql_parser12UseStatement15getDatabaseNameB5cxx11Ev
FN:355,358,_ZN5sqlcc10sql_parser20CreateIndexStatementC2ERKNSt7__cxx1112basic_stringIcSt11char_traitsIcESaIcEEES9_S9_
FN:36,38,_ZN5sqlcc10sql_parser15TableConstraint18setReferencedTableERKNSt7__cxx1112basic_stringIcSt11char_traitsIcESaIcEEE
FN:360,361,_ZN5sqlcc10sql_parser20CreateIndexStatementD0Ev
FN:360,361,_ZN5sqlcc10sql_parser20CreateIndexStatementD2Ev
FN:363,365,_ZN5sqlcc10sql_parser20CreateIndexStatement9addColumnERKNSt7__cxx1112basic_stringIcSt11char_traitsIcESaIcEEE
FN:367,369,_ZNK5sqlcc10sql_parser20CreateIndexStatement12getIndexNameB5cxx11Ev
FN:371,373,_ZNK5sqlcc10sql_parser20CreateIndexStatement12getTableNameB5cxx11Ev
FN:375,377,_ZNK5sqlcc10sql_parser20CreateIndexStatement13getColumnNameB5cxx11Ev
FN:379,381,_ZNK5sqlcc10sql_parser20CreateIndexStatement10getColumnsB5cxx11Ev
FN:383,385,_ZN5sqlcc10sql_parser20CreateIndexStatement9setUniqueEb
FN:387,389,_ZNK5sqlcc10sql_parser20CreateIndexStatement8isUniqueEv
FN:393,395,_ZN5sqlcc10sql_parser18DropIndexStatementC2ERKNSt7__cxx1112basic_stringIcSt11char_traitsIcESaIcEEE
FN:397,398,_ZN5sqlcc10sql_parser18DropIndexStatementD0Ev
FN:397,398,_ZN5sqlcc10sql_parser18DropIndexStatementD2Ev
FN:40,42,_ZN5sqlcc10sql_parser15TableConstraint19addReferencedColumnERKNSt7__cxx1112basic_stringIcSt11char_traitsIcESaIcEEE
FN:400,402,_ZNK5sqlcc10sql_parser18DropIndexStatement12getIndexNameB5cxx11Ev
FN:404,407,_ZN5sqlcc10sql_parser18DropIndexStatement12setTableNameERKNSt7__cxx1112basic_stringIcSt11char_traitsIcESaIcEEE
FN:409,411,_ZNK5sqlcc10sql_parser18DropIndexStatement12getTableNameB5cxx11Ev
FN:413,415,_ZNK5sqlcc10sql_parser18DropIndexStatement12hasTableNameEv
FN:417,419,_ZN5sqlcc10sql_parser18DropIndexStatement11setIfExistsEb
FN:421,423,_ZNK5sqlcc10sql_parser18DropIndexStatement10isIfExistsEv
FN:427,429,_ZN5sqlcc10sql_parser19CreateUserStatementC2ERKNSt7__cxx1112basic_stringIcSt11char_traitsIcESaIcEEES9_
FN:431,432,_ZN5sqlcc10sql_parser19CreateUserStatementD0Ev
FN:431,432,_ZN5sqlcc10sql_parser19CreateUserStatementD2Ev
FN:434,436,_ZNK5sqlcc10sql_parser19CreateUserStatement11getUsernameB5cxx11Ev
FN:438,440,_ZNK5sqlcc10sql_parser19CreateUserStatement11getPasswordB5cxx11Ev
FN:44,46,_ZN5sqlcc10sql_parser15TableConstraint18setCheckExpressionERKNSt7__cxx1112basic_stringIcSt11char_traitsIcESaIcEEE
FN:442,444,_ZNK5sqlcc10sql_parser19CreateUserStatement14isWithPasswordEv
FN:446,448,_ZN5sqlcc10sql_parser19CreateUserStatement15setWithPasswordEb
FN:452,454,_ZN5sqlcc10sql_parser17DropUserStatementC2ERKNSt7__cxx1112basic_stringIcSt11char_traitsIcESaIcEEE
FN:456,457,_ZN5sqlcc10sql_parser17DropUserStatementD0Ev
FN:456,457,_ZN5sqlcc10sql_parser17DropUserStatementD2Ev
FN:459,461,_ZNK5sqlcc10sql_parser17DropUserStatement11getUsernameB5cxx11Ev
FN:463,465,_ZNK5sqlcc10sql_parser17DropUserStatement10isIfExistsEv
FN:467,469,_ZN5sqlcc10sql_parser17DropUserStatement11setIfExistsEb
FN:473,475,_ZN5sqlcc10sql_parser14GrantStatementC2Ev
FN:477,478,_ZN5sqlcc10sql_parser14GrantStatementD0Ev
FN:477,478,_ZN5sqlcc10sql_parser14GrantStatementD2Ev
FN:480,482,_ZN5sqlcc10sql_parser14GrantStatement12addPrivilegeERKNSt7__cxx1112basic_stringIcSt11char_traitsIcESaIcEEE
FN:484,486,_ZNK5sqlcc10sql_parser14GrantStatement13getPrivilegesB5cxx11Ev
FN:488,490,_ZN5sqlcc10sql_parser14GrantStatement13setObjectTypeERKNSt7__cxx1112basic_stringIcSt11char_traitsIcESaIcEEE
FN:492,494,_ZNK5sqlcc10sql_parser14GrantStatement13getObjectTypeB5cxx11Ev
FN:496,498,_ZN5sqlcc10sql_parser14GrantStatement13setObjectNameERKNSt7__cxx1112basic_stringIcSt11char_traitsIcESaIcEEE
FN:50,52,_ZN5sqlcc10sql_parser11WhereClauseC2ERKNSt7__cxx1112basic_stringIcSt11char_traitsIcESaIcEEES9_S9_
FN:500,502,_ZNK5sqlcc10sql_parser14GrantStatement13getObjectNameB5cxx11Ev
FN:504,506,_ZN5sqlcc10sql_parser14GrantStatement10setGranteeERKNSt7__cxx1112basic_stringIcSt11char_traitsIcESaIcEEE
FN:508,510,_ZNK5sqlcc10sql_parser14GrantStatement10getGranteeB5cxx11Ev
FN:514,516,_ZN5sqlcc10sql_parser15RevokeStatementC2Ev
FN:518,519,_ZN5sqlcc10sql_parser15RevokeStatementD0Ev
FN:518,519,_ZN5sqlcc10sql_parser15RevokeStatementD2Ev
FN:521,523,_ZN5sqlcc10sql_parser15RevokeStatement12addPrivilegeERKNSt7__cxx1112basic_stringIcSt11char_traitsIcESaIcEEE
FN:525,527,_ZNK5sqlcc10sql_parser15RevokeStatement13getPrivilegesB5cxx11Ev
FN:529,531,_ZN5sqlcc10sql_parser15RevokeStatement13setObjectTypeERKNSt7__cxx1112basic_stringIcSt11char_traitsIcESaIcEEE
FN:533,535,_ZNK5sqlcc10sql_parser15RevokeStatement13getObjectTypeB5cxx11Ev
FN:537,539,_ZN5sqlcc10sql_parser15RevokeStatement13setObjectNameERKNSt7__cxx1112basic_stringIcSt11char_traitsIcESaIcEEE
FN:54,55,_ZN5sqlcc10sql_parser11WhereClauseD2Ev
FN:541,543,_ZNK5sqlcc10sql_parser15RevokeStatement13getObjectNameB5cxx11Ev
FN:545,547,_ZN5sqlcc10sql_parser15RevokeStatement10setGranteeERKNSt7__cxx1112basic_stringIcSt11char_traitsIcESaIcEEE
FN:549,551,_ZNK5sqlcc10sql_parser15RevokeStatement10getGranteeB5cxx11Ev
FN:555,557,_ZN5sqlcc10sql_parser13ShowStatementC2ENS1_8ShowTypeE
FN:559,560,_ZN5sqlcc10sql_parser13ShowStatementD0Ev
FN:559,560,_ZN5sqlcc10sql_parser13ShowStatementD2Ev
FN:562,564,_ZNK5sqlcc10sql_parser13ShowStatement11getShowTypeEv
FN:566,568,_ZN5sqlcc10sql_parser13ShowStatement15setTargetObjectERKNSt7__cxx1112basic_stringIcSt11char_traitsIcESaIcEEE
FN:57,59,_ZNK5sqlcc10sql_parser11WhereClause13getColumnNameB5cxx11Ev
FN:570,572,_ZNK5sqlcc10sql_parser13ShowStatement15getTargetObjectB5cxx11Ev
FN:574,577,_ZN5sqlcc10sql_parser13ShowStatement15setFromDatabaseERKNSt7__cxx1112basic_stringIcSt11char_traitsIcESaIcEEE
FN:579,581,_ZNK5sqlcc10sql_parser13ShowStatement15getFromDatabaseB5cxx11Ev
FN:583,585,_ZNK5sqlcc10sql_parser13ShowStatement15hasFromDatabaseEv
FN:61,63,_ZNK5sqlcc10sql_parser11WhereClause5getOpB5cxx11Ev
FN:65,67,_ZNK5sqlcc10sql_parser11WhereClause8getValueB5cxx11Ev
FN:71,73,_ZN5sqlcc10sql_parser15CreateStatementC2ENS1_10ObjectTypeERKNSt7__cxx1112basic_stringIcSt11char_traitsIcESaIcEEE
FN:75,76,_ZN5sqlcc10sql_parser15CreateStatementD0Ev
FN:75,76,_ZN5sqlcc10sql_parser15CreateStatementD2Ev
FN:78,79,_ZN5sqlcc10sql_parser15CreateStatementC2ENS1_10ObjectTypeE
FN:81,83,_ZN5sqlcc10sql_parser15CreateStatement9addColumnEONS0_16ColumnDefinitionE
FN:85,87,_ZN5sqlcc10sql_parser15CreateStatement13addConstraintEONS0_15TableConstraintE
FN:89,89,_ZNK5sqlcc10sql_parser15CreateStatement13getObjectTypeEv
FN:90,90,_ZNK5sqlcc10sql_parser15CreateStatement13getObjectNameB5cxx11Ev
FN:91,91,_ZNK5sqlcc10sql_parser15CreateStatement10getColumnsEv
FN:92,92,_ZNK5sqlcc10sql_parser15CreateStatement14getConstraintsEv
FN:95,97,_ZN5sqlcc10sql_parser15SelectStatementC2Ev
FN:99,100,_ZN5sqlcc10sql_parser15SelectStatementD0Ev
FN:99,100,_ZN5sqlcc10sql_parser15SelectStatementD2Ev
FNDA:0,_ZN5sqlcc10sql_parser15SelectStatement15addSelectColumnERKNSt7__cxx1112basic_stringIcSt11char_traitsIcESaIcEEE
FNDA:0,_ZN5sqlcc10sql_parser15SelectStatement12setTableNameERKNSt7__cxx1112basic_stringIcSt11char_traitsIcESaIcEEE
FNDA:2,_ZN5sqlcc10sql_parser16ColumnDefinitionC2ERKNSt7__cxx1112basic_stringIcSt11char_traitsIcESaIcEEES9_
FNDA:0,_ZN5sqlcc10sql_parser15SelectStatement14setWhereClauseERKNS0_11WhereClauseE
FNDA:0,_ZN5sqlcc10sql_parser15SelectStatement16setGroupByColumnERKNSt7__cxx1112basic_stringIcSt11char_traitsIcESaIcEEE
FNDA:0,_ZN5sqlcc10sql_parser15SelectStatement16setOrderByColumnERKNSt7__cxx1112basic_stringIcSt11char_traitsIcESaIcEEE
FNDA:0,_ZN5sqlcc10sql_parser15SelectStatement17setOrderDirectionERKNSt7__cxx1112basic_stringIcSt11char_traitsIcESaIcEEE
FNDA:0,_ZN5sqlcc10sql_parser15SelectStatement12setSelectAllEb
FNDA:0,_ZN5sqlcc10sql_parser15SelectStatement16setJoinConditionERKNSt7__cxx1112basic_stringIcSt11char_traitsIcESaIcEEE
FNDA:0,_ZN5sqlcc10sql_parser15SelectStatement8setLimitEi
FNDA:0,_ZN5sqlcc10sql_parser15SelectStatement9setOffsetEi
FNDA:0,_ZNK5sqlcc10sql_parser15SelectStatement16getSelectColumnsB5cxx11Ev
FNDA:0,_ZNK5sqlcc10sql_parser15SelectStatement12getTableNameB5cxx11Ev
FNDA:0,_ZNK5sqlcc10sql_parser15SelectStatement14getWhereClauseEv
FNDA:0,_ZNK5sqlcc10sql_parser15SelectStatement16getGroupByColumnB5cxx11Ev
FNDA:5,_ZN5sqlcc10sql_parser16ColumnDefinitionD2Ev
FNDA:0,_ZNK5sqlcc10sql_parser15SelectStatement16getOrderByColumnB5cxx11Ev
FNDA:0,_ZNK5sqlcc10sql_parser15SelectStatement17getOrderDirectionB5cxx11Ev
FNDA:0,_ZNK5sqlcc10sql_parser15SelectStatement16getJoinConditionB5cxx11Ev
FNDA:0,_ZNK5sqlcc10sql_parser15SelectStatement8getLimitEv
FNDA:0,_ZNK5sqlcc10sql_parser15SelectStatement9getOffsetEv
FNDA:0,_ZNK5sqlcc10sql_parser15SelectStatement11isSelectAllEv
FNDA:0,_ZNK5sqlcc10sql_parser15SelectStatement14hasWhereClauseEv
FNDA:0,_ZNK5sqlcc10sql_parser15SelectStatement10hasGroupByEv
FNDA:0,_ZN5sqlcc10sql_parser16ColumnDefinition15setDefaultValueERKNSt7__cxx1112basic_stringIcSt11char_traitsIcESaIcEEE
FNDA:0,_ZNK5sqlcc10sql_parser15SelectStatement10hasOrderByEv
FNDA:0,_ZNK5sqlcc10sql_parser15SelectStatement16hasJoinConditionEv
FNDA:0,_ZNK5sqlcc10sql_parser15SelectStatement8hasLimitEv
FNDA:0,_ZNK5sqlcc10sql_parser15SelectStatement9hasOffsetEv
FNDA:0,_ZN5sqlcc10sql_parser15InsertStatementC2ERKNSt7__cxx1112basic_stringIcSt11char_traitsIcESaIcEEE
FNDA:0,_ZN5sqlcc10sql_parser15InsertStatementD0Ev
FNDA:0,_ZN5sqlcc10sql_parser15InsertStatementD2Ev
FNDA:0,_ZN5sqlcc10sql_parser15InsertStatement9addColumnERKNSt7__cxx1112basic_stringIcSt11char_traitsIcESaIcEEE
FNDA:0,_ZN5sqlcc10sql_parser15InsertStatement8addValueERKNSt7__cxx1112basic_stringIcSt11char_traitsIcESaIcEEE
FNDA:0,_ZN5sqlcc10sql_parser15InsertStatement9finishRowEv
FNDA:0,_ZN5sqlcc10sql_parser15InsertStatement11addValueRowERKSt6vectorISt10unique_ptrINS0_10ExpressionESt14default_deleteIS4_EESaIS7_EE
FNDA:0,_ZNK5sqlcc10sql_parser15InsertStatement12getTableNameB5cxx11Ev
FNDA:0,_ZNK5sqlcc10sql_parser15InsertStatement10getColumnsB5cxx11Ev
FNDA:0,_ZNK5sqlcc10sql_parser15InsertStatement9getValuesB5cxx11Ev
FNDA:0,_ZN5sqlcc10sql_parser15TableConstraintC2ENS1_4TypeERKNSt7__cxx1112basic_stringIcSt11char_traitsIcESaIcEEE
FNDA:0,_ZN5sqlcc10sql_parser15UpdateStatementC2ERKNSt7__cxx1112basic_stringIcSt11char_traitsIcESaIcEEE
FNDA:0,_ZN5sqlcc10sql_parser15UpdateStatementD0Ev
FNDA:0,_ZN5sqlcc10sql_parser15UpdateStatementD2Ev
FNDA:0,_ZN5sqlcc10sql_parser15UpdateStatement14addUpdateValueERKNSt7__cxx1112basic_stringIcSt11char_traitsIcESaIcEEES9_
FNDA:0,_ZN5sqlcc10sql_parser15UpdateStatement14setWhereClauseERKNS0_11WhereClauseE
FNDA:0,_ZNK5sqlcc10sql_parser15UpdateStatement12getTableNameB5cxx11Ev
FNDA:0,_ZNK5sqlcc10sql_parser15UpdateStatement15getUpdateValuesB5cxx11Ev
FNDA:0,_ZNK5sqlcc10sql_parser15UpdateStatement14getWhereClauseEv
FNDA:0,_ZNK5sqlcc10sql_parser15UpdateStatement14hasWhereClauseEv
FNDA:0,_ZN5sqlcc10sql_parser15DeleteStatementC2ERKNSt7__cxx1112basic_stringIcSt11char_traitsIcESaIcEEE
FNDA:0,_ZN5sqlcc10sql_parser15TableConstraintD2Ev
FNDA:0,_ZN5sqlcc10sql_parser15DeleteStatementD0Ev
FNDA:0,_ZN5sqlcc10sql_parser15DeleteStatementD2Ev
FNDA:0,_ZN5sqlcc10sql_parser15DeleteStatement14setWhereClauseERKNS0_11WhereClauseE
FNDA:0,_ZNK5sqlcc10sql_parser15DeleteStatement12getTableNameB5cxx11Ev
FNDA:0,_ZNK5sqlcc10sql_parser15DeleteStatement14getWhereClauseEv
FNDA:0,_ZNK5sqlcc10sql_parser15DeleteStatement14hasWhereClauseEv
FNDA:0,_ZN5sqlcc10sql_parser13DropStatementC2ENS1_10ObjectTypeERKNSt7__cxx1112basic_stringIcSt11char_traitsIcESaIcEEE
FNDA:0,_ZN5sqlcc10sql_parser13DropStatementD0Ev
FNDA:0,_ZN5sqlcc10sql_parser13DropStatementD2Ev
FNDA:0,_ZN5sqlcc10sql_parser13DropStatementC2ENS1_10ObjectTypeE
FNDA:0,_ZN5sqlcc10sql_parser15TableConstraint9addColumnERKNSt7__cxx1112basic_stringIcSt11char_traitsIcESaIcEEE
FNDA:0,_ZN5sqlcc10sql_parser13DropStatement11setIfExistsEb
FNDA:0,_ZNK5sqlcc10sql_parser13DropStatement13getObjectTypeEv
FNDA:0,_ZNK5sqlcc10sql_parser13DropStatement13getObjectNameB5cxx11Ev
FNDA:0,_ZNK5sqlcc10sql_parser13DropStatement10isIfExistsEv
FNDA:1,_ZN5sqlcc10sql_parser14AlterStatementC2ENS1_10ObjectTypeERKNSt7__cxx1112basic_stringIcSt11char_traitsIcESaIcEEE
FNDA:1,_ZN5sqlcc10sql_parser14AlterStatementD0Ev
FNDA:1,_ZN5sqlcc10sql_parser14AlterStatementD2Ev
FNDA:0,_ZN5sqlcc10sql_parser14AlterStatementC2ENS1_10ObjectTypeE
FNDA:1,_ZNK5sqlcc10sql_parser14AlterStatement13getObjectTypeEv
FNDA:1,_ZNK5sqlcc10sql_parser14AlterStatement13getObjectNameB5cxx11Ev
FNDA:0,_ZN5sqlcc10sql_parser12UseStatementC2ERKNSt7__cxx1112basic_stringIcSt11char_traitsIcESaIcEEE
FNDA:0,_ZN5sqlcc10sql_parser12UseStatementD0Ev
FNDA:0,_ZN5sqlcc10sql_parser12UseStatementD2Ev
FNDA:0,_ZNK5sqlcc10sql_parser12UseStatement15getDatabaseNameB5cxx11Ev
FNDA:0,_ZN5sqlcc10sql_parser20CreateIndexStatementC2ERKNSt7__cxx1112basic_stringIcSt11char_traitsIcESaIcEEES9_S9_
FNDA:0,_ZN5sqlcc10sql_parser15TableConstraint18setReferencedTableERKNSt7__cxx1112basic_stringIcSt11char_traitsIcESaIcEEE
FNDA:0,_ZN5sqlcc10sql_parser20CreateIndexStatementD0Ev
FNDA:0,_ZN5sqlcc10sql_parser20CreateIndexStatementD2Ev
FNDA:0,_ZN5sqlcc10sql_parser20CreateIndexStatement9addColumnERKNSt7__cxx1112basic_stringIcSt11char_traitsIcESaIcEEE
FNDA:0,_ZNK5sqlcc10sql_parser20CreateIndexStatement12getIndexNameB5cxx11Ev
FNDA:0,_ZNK5sqlcc10sql_parser20CreateIndexStatement12getTableNameB5cxx11Ev
FNDA:0,_ZNK5sqlcc10sql_parser20CreateIndexStatement13getColumnNameB5cxx11Ev
FNDA:0,_ZNK5sqlcc10sql_parser20CreateIndexStatement10getColumnsB5cxx11Ev
FNDA:0,_ZN5sqlcc10sql_parser20CreateIndexStatement9setUniqueEb
FNDA:0,_ZNK5sqlcc10sql_parser20CreateIndexStatement8isUniqueEv
FNDA:0,_ZN5sqlcc10sql_parser18DropIndexStatementC2ERKNSt7__cxx1112basic_stringIcSt11char_traitsIcESaIcEEE
FNDA:0,_ZN5sqlcc10sql_parser18DropIndexStatementD0Ev
FNDA:0,_ZN5sqlcc10sql_parser18DropIndexStatementD2Ev
FNDA:0,_ZN5sqlcc10sql_parser15TableConstraint19addReferencedColumnERKNSt7__cxx1112basic_stringIcSt11char_traitsIcESaIcEEE
FNDA:0,_ZNK5sqlcc10sql_parser18DropIndexStatement12getIndexNameB5cxx11Ev
FNDA:0,_ZN5sqlcc10sql_parser18DropIndexStatement12setTableNameERKNSt7__cxx1112basic_stringIcSt11char_traitsIcESaIcEEE
FNDA:0,_ZNK5sqlcc10sql_parser18DropIndexStatement12getTableNameB5cxx11Ev
FNDA:0,_ZNK5sqlcc10sql_parser18DropIndexStatement12hasTableNameEv
FNDA:0,_ZN5sqlcc10sql_parser18DropIndexStatement11setIfExistsEb
FNDA:0,_ZNK5sqlcc10sql_parser18DropIndexStatement10isIfExistsEv
FNDA:2,_ZN5sqlcc10sql_parser19CreateUserStatementC2ERKNSt7__cxx1112basic_stringIcSt11char_traitsIcESaIcEEES9_
FNDA:2,_ZN5sqlcc10sql_parser19CreateUserStatementD0Ev
FNDA:2,_ZN5sqlcc10sql_parser19CreateUserStatementD2Ev
FNDA:2,_ZNK5sqlcc10sql_parser19CreateUserStatement11getUsernameB5cxx11Ev
FNDA:2,_ZNK5sqlcc10sql_parser19CreateUserStatement11getPasswordB5cxx11Ev
FNDA:0,_ZN5sqlcc10sql_parser15TableConstraint18setCheckExpressionERKNSt7__cxx1112basic_stringIcSt11char_traitsIcESaIcEEE
FNDA:2,_ZNK5sqlcc10sql_parser19CreateUserStatement14isWithPasswordEv
FNDA:2,_ZN5sqlcc10sql_parser19CreateUserStatement15setWithPasswordEb
FNDA:2,_ZN5sqlcc10sql_parser17DropUserStatementC2ERKNSt7__cxx1112basic_stringIcSt11char_traitsIcESaIcEEE
FNDA:2,_ZN5sqlcc10sql_parser17DropUserStatementD0Ev
FNDA:2,_ZN5sqlcc10sql_parser17DropUserStatementD2Ev
FNDA:2,_ZNK5sqlcc10sql_parser17DropUserStatement11getUsernameB5cxx11Ev
FNDA:2,_ZNK5sqlcc10sql_parser17DropUserStatement10isIfExistsEv
FNDA:2,_ZN5sqlcc10sql_parser17DropUserStatement11setIfExistsEb
FNDA:3,_ZN5sqlcc10sql_parser14GrantStatementC2Ev
FNDA:3,_ZN5sqlcc10sql_parser14GrantStatementD0Ev
FNDA:3,_ZN5sqlcc10sql_parser14GrantStatementD2Ev
FNDA:5,_ZN5sqlcc10sql_parser14GrantStatement12addPrivilegeERKNSt7__cxx1112basic_stringIcSt11char_traitsIcESaIcEEE
FNDA:8,_ZNK5sqlcc10sql_parser14GrantStatement13getPrivilegesB5cxx11Ev
FNDA:3,_ZN5sqlcc10sql_parser14GrantStatement13setObjectTypeERKNSt7__cxx1112basic_stringIcSt11char_traitsIcESaIcEEE
FNDA:3,_ZNK5sqlcc10sql_parser14GrantStatement13getObjectTypeB5cxx11Ev
FNDA:3,_ZN5sqlcc10sql_parser14GrantStatement13setObjectNameERKNSt7__cxx1112basic_stringIcSt11char_traitsIcESaIcEEE
FNDA:0,_ZN5sqlcc10sql_parser11WhereClauseC2ERKNSt7__cxx1112basic_stringIcSt11char_traitsIcESaIcEEES9_S9_
FNDA:3,_ZNK5sqlcc10sql_parser14GrantStatement13getObjectNameB5cxx11Ev
FNDA:3,_ZN5sqlcc10sql_parser14GrantStatement10setGranteeERKNSt7__cxx1112basic_stringIcSt11char_traitsIcESaIcEEE
FNDA:3,_ZNK5sqlcc10sql_parser14GrantStatement10getGranteeB5cxx11Ev
FNDA:3,_ZN5sqlcc10sql_parser15RevokeStatementC2Ev
FNDA:3,_ZN5sqlcc10sql_parser15RevokeStatementD0Ev
FNDA:3,_ZN5sqlcc10sql_parser15RevokeStatementD2Ev
FNDA:5,_ZN5sqlcc10sql_parser15RevokeStatement12addPrivilegeERKNSt7__cxx1112basic_stringIcSt11char_traitsIcESaIcEEE
FNDA:8,_ZNK5sqlcc10sql_parser15RevokeStatement13getPrivilegesB5cxx11Ev
FNDA:3,_ZN5sqlcc10sql_parser15RevokeStatement13setObjectTypeERKNSt7__cxx1112basic_stringIcSt11char_traitsIcESaIcEEE
FNDA:3,_ZNK5sqlcc10sql_parser15RevokeStatement13getObjectTypeB5cxx11Ev
FNDA:3,_ZN5sqlcc10sql_parser15RevokeStatement13setObjectNameERKNSt7__cxx1112basic_stringIcSt11char_traitsIcESaIcEEE
FNDA:0,_ZN5sqlcc10sql_parser11WhereClauseD2Ev
FNDA:3,_ZNK5sqlcc10sql_parser15RevokeStatement13getObjectNameB5cxx11Ev
FNDA:3,_ZN5sqlcc10sql_parser15RevokeStatement10setGranteeERKNSt7__cxx1112basic_stringIcSt11char_traitsIcESaIcEEE
FNDA:3,_ZNK5sqlcc10sql_parser15RevokeStatement10getGranteeB5cxx11Ev
FNDA:0,_ZN5sqlcc10sql_parser13ShowStatementC2ENS1_8ShowTypeE
FNDA:0,_ZN5sqlcc10sql_parser13ShowStatementD0Ev
FNDA:0,_ZN5sqlcc10sql_parser13ShowStatementD2Ev
FNDA:0,_ZNK5sqlcc10sql_parser13ShowStatement11getShowTypeEv
FNDA:0,_ZN5sqlcc10sql_parser13ShowStatement15setTargetObjectERKNSt7__cxx1112basic_stringIcSt11char_traitsIcESaIcEEE
FNDA:0,_ZNK5sqlcc10sql_parser11WhereClause13getColumnNameB5cxx11Ev
FNDA:0,_ZNK5sqlcc10sql_parser13ShowStatement15getTargetObjectB5cxx11Ev
FNDA:0,_ZN5sqlcc10sql_parser13ShowStatement15setFromDatabaseERKNSt7__cxx1112basic_stringIcSt11char_traitsIcESaIcEEE
FNDA:0,_ZNK5sqlcc10sql_parser13ShowStatement15getFromDatabaseB5cxx11Ev
FNDA:0,_ZNK5sqlcc10sql_parser13ShowStatement15hasFromDatabaseEv
FNDA:0,_ZNK5sqlcc10sql_parser11WhereClause5getOpB5cxx11Ev
FNDA:0,_ZNK5sqlcc10sql_parser11WhereClause8getValueB5cxx11Ev
FNDA:2,_ZN5sqlcc10sql_parser15CreateStatementC2ENS1_10ObjectTypeERKNSt7__cxx1112basic_stringIcSt11char_traitsIcESaIcEEE
FNDA:2,_ZN5sqlcc10sql_parser15CreateStatementD0Ev
FNDA:2,_ZN5sqlcc10sql_parser15CreateStatementD2Ev
FNDA:0,_ZN5sqlcc10sql_parser15CreateStatementC2ENS1_10ObjectTypeE
FNDA:2,_ZN5sqlcc10sql_parser15CreateStatement9addColumnEONS0_16ColumnDefinitionE
FNDA:0,_ZN5sqlcc10sql_parser15CreateStatement13addConstraintEONS0_15TableConstraintE
FNDA:2,_ZNK5sqlcc10sql_parser15CreateStatement13getObjectTypeEv
FNDA:2,_ZNK5sqlcc10sql_parser15CreateStatement13getObjectNameB5cxx11Ev
FNDA:1,_ZNK5sqlcc10sql_parser15CreateStatement10getColumnsEv
FNDA:0,_ZNK5sqlcc10sql_parser15CreateStatement14getConstraintsEv
FNDA:0,_ZN5sqlcc10sql_parser15SelectStatementC2Ev
FNDA:0,_ZN5sqlcc10sql_parser15SelectStatementD0Ev
FNDA:0,_ZN5sqlcc10sql_parser15SelectStatementD2Ev
FNF:160
FNH:49
DA:11,2
DA:12,2
DA:13,2
DA:14,2
DA:16,5
DA:17,5
DA:19,0
DA:20,0
DA:21,0
DA:25,0
DA:26,0
DA:27,0
DA:29,0
DA:30,0
DA:32,0
DA:33,0
DA:34,0
DA:36,0
DA:37,0
DA:38,0
DA:40,0
DA:41,0
DA:42,0
DA:44,0
DA:45,0
DA:46,0
DA:50,0
DA:51,0
DA:52,0
DA:54,0
DA:55,0
DA:57,0
DA:58,0
DA:61,0
DA:62,0
DA:65,0
DA:66,0
DA:71,2
DA:72,2
DA:73,2
DA:75,4
DA:76,4
DA:78,0
DA:79,0
DA:81,2
DA:82,2
DA:83,2
DA:85,0
DA:86,0
DA:87,0
DA:89,2
DA:90,2
DA:91,1
DA:92,0
DA:95,0
DA:96,0
DA:97,0
DA:99,0
DA:100,0
DA:102,0
DA:103,0
DA:104,0
DA:106,0
DA:107,0
DA:108,0
DA:110,0
DA:111,0
DA:112,0
DA:114,0
DA:115,0
DA:116,0
DA:118,0
DA:119,0
DA:120,0
DA:122,0
DA:123,0
DA:124,0
DA:126,0
DA:127,0
DA:128,0
DA:130,0
DA:131,0
DA:132,0
DA:134,0
DA:135,0
DA:136,0
DA:137,0
DA:139,0
DA:140,0
DA:141,0
DA:142,0
DA:144,0
DA:145,0
DA:148,0
DA:149,0
DA:152,0
DA:153,0
DA:156,0
DA:157,0
DA:160,0
DA:161,0
DA:164,0
DA:165,0
DA:168,0
DA:169,0
DA:172,0
DA:173,0
DA:176,0
DA:177,0
DA:180,0
DA:181,0
DA:184,0
DA:185,0
DA:188,0
DA:189,0
DA:192,0
DA:193,0
DA:196,0
DA:197,0
DA:200,0
DA:201,0
DA:204,0
DA:205,0
DA:210,0
DA:211,0
DA:212,0
DA:214,0
DA:215,0
DA:217,0
DA:218,0
DA:219,0
DA:221,0
DA:222,0
DA:223,0
DA:225,0
DA:226,0
DA:227,0
DA:228,0
DA:230,0
DA:232,0
DA:234,0
DA:238,0
DA:240,0
DA:241,0
DA:244,0
DA:245,0
DA:248,0
DA:249,0
DA:254,0
DA:255,0
DA:256,0
DA:258,0
DA:259,0
DA:261,0
DA:262,0
DA:263,0
DA:265,0
DA:266,0
DA:267,0
DA:269,0
DA:270,0
DA:273,0
DA:274,0
DA:277,0
DA:278,0
DA:281,0
DA:282,0
DA:287,0
DA:288,0
DA:289,0
DA:291,0
DA:292,0
DA:294,0
DA:295,0
DA:296,0
DA:298,0
DA:299,0
DA:302,0
DA:303,0
DA:306,0
DA:307,0
DA:312,0
DA:313,0
DA:314,0
DA:316,0
DA:317,0
DA:319,0
DA:320,0
DA:322,0
DA:323,0
DA:324,0
DA:326,0
DA:327,0
DA:328,0
DA:331,1
DA:332,1
DA:333,1
DA:335,2
DA:336,2
DA:338,0
DA:339,0
DA:341,1
DA:342,1
DA:345,0
DA:346,0
DA:347,0
DA:349,0
DA:350,0
DA:352,0
DA:355,0
DA:356,0
DA:357,0
DA:358,0
DA:360,0
DA:361,0
DA:363,0
DA:364,0
DA:365,0
DA:367,0
DA:368,0
DA:371,0
DA:372,0
DA:375,0
DA:376,0
DA:379,0
DA:380,0
DA:383,0
DA:384,0
DA:385,0
DA:387,0
DA:388,0
DA:393,0
DA:394,0
DA:395,0
DA:397,0
DA:398,0
DA:400,0
DA:401,0
DA:404,0
DA:405,0
DA:406,0
DA:407,0
DA:409,0
DA:410,0
DA:413,0
DA:414,0
DA:417,0
DA:418,0
DA:419,0
DA:421,0
DA:422,0
DA:427,2
DA:428,2
DA:429,2
DA:431,4
DA:432,4
DA:434,2
DA:435,2
DA:438,2
DA:439,2
DA:442,2
DA:443,2
DA:446,2
DA:447,2
DA:448,2
DA:452,2
DA:453,2
DA:454,2
DA:456,4
DA:457,4
DA:459,2
DA:460,2
DA:463,2
DA:464,2
DA:467,2
DA:468,2
DA:469,2
DA:473,3
DA:474,3
DA:475,3
DA:477,6
DA:478,6
DA:480,5
DA:481,5
DA:482,5
DA:484,8
DA:485,8
DA:488,3
DA:489,3
DA:490,3
DA:492,3
DA:493,3
DA:496,3
DA:497,3
DA:498,3
DA:500,3
DA:501,3
DA:504,3
DA:505,3
DA:506,3
DA:508,3
DA:509,3
DA:514,3
DA:515,3
DA:516,3
DA:518,6
DA:519,6
DA:521,5
DA:522,5
DA:523,5
DA:525,8
DA:526,8
DA:529,3
DA:530,3
DA:531,3
DA:533,3
DA:534,3
DA:537,3
DA:538,3
DA:539,3
DA:541,3
DA:542,3
DA:545,3
DA:546,3
DA:547,3
DA:549,3
DA:550,3
DA:555,0
DA:556,0
DA:557,0
DA:559,0
DA:560,0
DA:562,0
DA:563,0
DA:566,0
DA:567,0
DA:568,0
DA:570,0
DA:571,0
DA:574,0
DA:575,0
DA:576,0
DA:577,0
DA:579,0
DA:580,0
DA:583,0
DA:584,0
LF:347
LH:100
end_of_record
TN:
SF:/home/liying/sqlcc_qoder/src/sql_parser/lexer.cpp
FN:12,14,_ZNK5sqlcc10sql_parser5Lexer7isAtEndEv
FN:145,160,_ZN5sqlcc10sql_parser5Lexer10readStringEv
FN:16,25,_ZN5sqlcc10sql_parser5Lexer7advanceEv
FN:162,172,_ZN5sqlcc10sql_parser5Lexer10readNumberEv
FN:174,244,_ZN5sqlcc10sql_parser5Lexer14readIdentifierEv
FN:246,252,_ZN5sqlcc10sql_parser5Lexer15skipLineCommentEv
FN:254,266,_ZN5sqlcc10sql_parser5Lexer16skipBlockCommentEv
FN:27,32,_ZNK5sqlcc10sql_parser5Lexer4peekEv
FN:34,39,_ZNK5sqlcc10sql_parser5Lexer8peekNextEv
FN:41,143,_ZN5sqlcc10sql_parser5Lexer9nextTokenEv
FN:9,10,_ZN5sqlcc10sql_parser5LexerC2ERKNSt7__cxx1112basic_stringIcSt11char_traitsIcESaIcEEE
FNDA:1185,_ZNK5sqlcc10sql_parser5Lexer7isAtEndEv
FNDA:2,_ZN5sqlcc10sql_parser5Lexer10readStringEv
FNDA:549,_ZN5sqlcc10sql_parser5Lexer7advanceEv
FNDA:1,_ZN5sqlcc10sql_parser5Lexer10readNumberEv
FNDA:81,_ZN5sqlcc10sql_parser5Lexer14readIdentifierEv
FNDA:0,_ZN5sqlcc10sql_parser5Lexer15skipLineCommentEv
FNDA:0,_ZN5sqlcc10sql_parser5Lexer16skipBlockCommentEv
FNDA:539,_ZNK5sqlcc10sql_parser5Lexer4peekEv
FNDA:0,_ZNK5sqlcc10sql_parser5Lexer8peekNextEv
FNDA:119,_ZN5sqlcc10sql_parser5Lexer9nextTokenEv
FNDA:13,_ZN5sqlcc10sql_parser5LexerC2ERKNSt7__cxx1112basic_stringIcSt11char_traitsIcESaIcEEE
FNF:11
FNH:8
DA:9,13
DA:10,13
DA:12,1185
DA:13,1185
DA:16,549
DA:17,549
DA:18,549
DA:19,0
DA:20,0
DA:22,549
DA:24,549
DA:27,539
DA:28,539
DA:29,0
DA:31,539
DA:34,0
DA:35,0
DA:36,0
DA:38,0
DA:41,119
DA:42,189
DA:43,176
DA:46,176
DA:48,0
DA:49,0
DA:52,176
DA:54,0
DA:55,0
DA:58,176
DA:59,70
DA:64,70
DA:66,13
DA:67,39
DA:69,2
DA:70,6
DA:72,2
DA:73,6
DA:75,5
DA:76,15
DA:78,0
DA:79,0
DA:81,0
DA:82,0
DA:84,0
DA:85,0
DA:87,0
DA:88,0
DA:89,0
DA:90,0
DA:92,0
DA:95,0
DA:96,0
DA:97,0
DA:98,0
DA:100,0
DA:103,0
DA:104,0
DA:105,0
DA:106,0
DA:108,0
DA:111,2
DA:112,2
DA:114,0
DA:115,0
DA:117,0
DA:119,0
DA:120,0
DA:122,0
DA:125,0
DA:126,0
DA:128,0
DA:129,0
DA:131,82
DA:132,82
DA:133,1
DA:134,81
DA:135,81
DA:137,0
DA:142,39
DA:145,2
DA:146,2
DA:147,2
DA:149,24
DA:150,22
DA:153,2
DA:154,0
DA:157,2
DA:159,4
DA:160,2
DA:162,1
DA:163,1
DA:165,3
DA:166,2
DA:169,1
DA:171,2
DA:172,1
DA:174,81
DA:175,81
DA:177,428
DA:178,347
DA:181,81
DA:184,81
DA:185,509
DA:186,428
DA:189,81
DA:192,81
DA:193,77
DA:194,73
DA:195,71
DA:196,69
DA:197,69
DA:198,67
DA:199,66
DA:200,66
DA:201,64
DA:202,57
DA:203,57
DA:204,57
DA:205,57
DA:206,51
DA:207,50
DA:208,49
DA:209,49
DA:210,48
DA:211,48
DA:212,48
DA:213,48
DA:214,48
DA:215,48
DA:216,47
DA:217,46
DA:218,46
DA:219,46
DA:220,46
DA:221,46
DA:222,46
DA:223,46
DA:224,46
DA:225,46
DA:226,46
DA:227,46
DA:228,42
DA:229,39
DA:230,36
DA:231,34
DA:232,31
DA:233,28
DA:234,27
DA:235,26
DA:236,25
DA:237,25
DA:238,25
DA:239,25
DA:240,25
DA:241,25
DA:243,162
DA:244,81
DA:246,0
DA:248,0
DA:249,0
DA:250,0
DA:252,0
DA:254,0
DA:256,0
DA:258,0
DA:259,0
DA:260,0
DA:261,0
DA:262,0
DA:264,0
DA:266,0
LF:171
LH:113
end_of_record
TN:
SF:/home/liying/sqlcc_qoder/src/sql_parser/parser.cpp
FN:1014,1028,_ZN5sqlcc10sql_parser6Parser17parseUseStatementEv
FN:1031,1086,_ZN5sqlcc10sql_parser6Parser24parseCreateUserStatementEv
FN:1088,1106,_ZN5sqlcc10sql_parser6Parser22parseDropUserStatementEv
FN:11,11,_ZN5sqlcc10sql_parser6ParserC2ERKNSt7__cxx1112basic_stringIcSt11char_traitsIcESaIcEEE
FN:1108,1187,_ZN5sqlcc10sql_parser6Parser19parseGrantStatementEv
FN:1189,1265,_ZN5sqlcc10sql_parser6Parser20parseRevokeStatementEv
FN:1267,1351,_ZN5sqlcc10sql_parser6Parser18parseShowStatementEv
FN:13,13,_ZN5sqlcc10sql_parser6Parser9nextTokenEv
FN:139,154,_ZN5sqlcc10sql_parser6Parser28parseCreateDatabaseStatementEv
FN:15,15,_ZN5sqlcc10sql_parser6Parser5matchENS0_5Token4TypeE
FN:156,175,_ZN5sqlcc10sql_parser6Parser25parseCreateTableStatementEv
FN:17,26,_ZN5sqlcc10sql_parser6Parser7consumeENS0_5Token4TypeE
FN:177,228,_ZN5sqlcc10sql_parser6Parser25parseCreateIndexStatementEv
FN:230,259,_ZN5sqlcc10sql_parser6Parser22parseColumnDefinitionsERNS0_15CreateStatementE
FN:261,288,_ZN5sqlcc10sql_parser6Parser13parseDataTypeB5cxx11Ev
FN:28,28,_ZN5sqlcc10sql_parser6Parser7consumeEv
FN:290,296,_ZN5sqlcc10sql_parser6Parser18isColumnConstraintEv
FN:298,332,_ZN5sqlcc10sql_parser6Parser21parseColumnConstraintERNS0_16ColumnDefinitionE
FN:30,35,_ZN5sqlcc10sql_parser6Parser6expectENS0_5Token4TypeERKNSt7__cxx1112basic_stringIcSt11char_traitsIcESaIcEEE
FN:334,363,_ZN5sqlcc10sql_parser6Parser20parseSelectStatementEv
FN:365,408,_ZN5sqlcc10sql_parser6Parser15parseSelectListERNS0_15SelectStatementE
FN:37,41,_ZN5sqlcc10sql_parser6Parser11reportErrorERKNSt7__cxx1112basic_stringIcSt11char_traitsIcESaIcEEE
FN:410,481,_ZN5sqlcc10sql_parser6Parser15parseFromClauseERNS0_15SelectStatementE
FN:43,64,_ZN5sqlcc10sql_parser6Parser15parseStatementsEv
FN:483,540,_ZN5sqlcc10sql_parser6Parser18parseJoinConditionERNS0_15SelectStatementE
FN:542,574,_ZN5sqlcc10sql_parser6Parser16parseWhereClauseERNS0_15SelectStatementE
FN:576,588,_ZN5sqlcc10sql_parser6Parser18parseGroupByClauseERNS0_15SelectStatementE
FN:590,639,_ZN5sqlcc10sql_parser6Parser18parseOrderByClauseERNS0_15SelectStatementE
FN:641,669,_ZN5sqlcc10sql_parser6Parser22parseLimitOffsetClauseERNS0_15SelectStatementE
FN:66,93,_ZN5sqlcc10sql_parser6Parser14parseStatementEv
FN:671,694,_ZN5sqlcc10sql_parser6Parser20parseInsertStatementEv
FN:696,718,_ZN5sqlcc10sql_parser6Parser18parseInsertColumnsERNS0_15InsertStatementE
FN:720,747,_ZN5sqlcc10sql_parser6Parser17parseInsertValuesERNS0_15InsertStatementE
FN:749,769,_ZN5sqlcc10sql_parser6Parser20parseUpdateStatementEv
FN:771,802,_ZN5sqlcc10sql_parser6Parser20parseUpdateSetClauseERNS0_15UpdateStatementE
FN:804,836,_ZN5sqlcc10sql_parser6Parser16parseWhereClauseERNS0_15UpdateStatementE
FN:838,857,_ZN5sqlcc10sql_parser6Parser20parseDeleteStatementEv
FN:859,891,_ZN5sqlcc10sql_parser6Parser16parseWhereClauseERNS0_15DeleteStatementE
FN:893,913,_ZN5sqlcc10sql_parser6Parser18parseDropStatementEv
FN:915,929,_ZN5sqlcc10sql_parser6Parser26parseDropDatabaseStatementEv
FN:931,945,_ZN5sqlcc10sql_parser6Parser23parseDropTableStatementEv
FN:947,983,_ZN5sqlcc10sql_parser6Parser23parseDropIndexStatementEv
FN:95,137,_ZN5sqlcc10sql_parser6Parser20parseCreateStatementEv
FN:985,995,_ZN5sqlcc10sql_parser6Parser19parseAlterStatementEv
FN:997,1012,_ZN5sqlcc10sql_parser6Parser27parseAlterDatabaseStatementEv
FNDA:0,_ZN5sqlcc10sql_parser6Parser17parseUseStatementEv
FNDA:2,_ZN5sqlcc10sql_parser6Parser24parseCreateUserStatementEv
FNDA:2,_ZN5sqlcc10sql_parser6Parser22parseDropUserStatementEv
FNDA:13,_ZN5sqlcc10sql_parser6ParserC2ERKNSt7__cxx1112basic_stringIcSt11char_traitsIcESaIcEEE
FNDA:3,_ZN5sqlcc10sql_parser6Parser19parseGrantStatementEv
FNDA:3,_ZN5sqlcc10sql_parser6Parser20parseRevokeStatementEv
FNDA:0,_ZN5sqlcc10sql_parser6Parser18parseShowStatementEv
FNDA:119,_ZN5sqlcc10sql_parser6Parser9nextTokenEv
FNDA:1,_ZN5sqlcc10sql_parser6Parser28parseCreateDatabaseStatementEv
FNDA:258,_ZN5sqlcc10sql_parser6Parser5matchENS0_5Token4TypeE
FNDA:1,_ZN5sqlcc10sql_parser6Parser25parseCreateTableStatementEv
FNDA:19,_ZN5sqlcc10sql_parser6Parser7consumeENS0_5Token4TypeE
FNDA:0,_ZN5sqlcc10sql_parser6Parser25parseCreateIndexStatementEv
FNDA:1,_ZN5sqlcc10sql_parser6Parser22parseColumnDefinitionsERNS0_15CreateStatementE
FNDA:2,_ZN5sqlcc10sql_parser6Parser13parseDataTypeB5cxx11Ev
FNDA:87,_ZN5sqlcc10sql_parser6Parser7consumeEv
FNDA:3,_ZN5sqlcc10sql_parser6Parser18isColumnConstraintEv
FNDA:1,_ZN5sqlcc10sql_parser6Parser21parseColumnConstraintERNS0_16ColumnDefinitionE
FNDA:13,_ZN5sqlcc10sql_parser6Parser6expectENS0_5Token4TypeERKNSt7__cxx1112basic_stringIcSt11char_traitsIcESaIcEEE
FNDA:0,_ZN5sqlcc10sql_parser6Parser20parseSelectStatementEv
FNDA:0,_ZN5sqlcc10sql_parser6Parser15parseSelectListERNS0_15SelectStatementE
FNDA:0,_ZN5sqlcc10sql_parser6Parser11reportErrorERKNSt7__cxx1112basic_stringIcSt11char_traitsIcESaIcEEE
FNDA:0,_ZN5sqlcc10sql_parser6Parser15parseFromClauseERNS0_15SelectStatementE
FNDA:13,_ZN5sqlcc10sql_parser6Parser15parseStatementsEv
FNDA:0,_ZN5sqlcc10sql_parser6Parser18parseJoinConditionERNS0_15SelectStatementE
FNDA:0,_ZN5sqlcc10sql_parser6Parser16parseWhereClauseERNS0_15SelectStatementE
FNDA:0,_ZN5sqlcc10sql_parser6Parser18parseGroupByClauseERNS0_15SelectStatementE
FNDA:0,_ZN5sqlcc10sql_parser6Parser18parseOrderByClauseERNS0_15SelectStatementE
FNDA:0,_ZN5sqlcc10sql_parser6Parser22parseLimitOffsetClauseERNS0_15SelectStatementE
FNDA:13,_ZN5sqlcc10sql_parser6Parser14parseStatementEv
FNDA:0,_ZN5sqlcc10sql_parser6Parser20parseInsertStatementEv
FNDA:0,_ZN5sqlcc10sql_parser6Parser18parseInsertColumnsERNS0_15InsertStatementE
FNDA:0,_ZN5sqlcc10sql_parser6Parser17parseInsertValuesERNS0_15InsertStatementE
FNDA:0,_ZN5sqlcc10sql_parser6Parser20parseUpdateStatementEv
FNDA:0,_ZN5sqlcc10sql_parser6Parser20parseUpdateSetClauseERNS0_15UpdateStatementE
FNDA:0,_ZN5sqlcc10sql_parser6Parser16parseWhereClauseERNS0_15UpdateStatementE
FNDA:0,_ZN5sqlcc10sql_parser6Parser20parseDeleteStatementEv
FNDA:0,_ZN5sqlcc10sql_parser6Parser16parseWhereClauseERNS0_15DeleteStatementE
FNDA:2,_ZN5sqlcc10sql_parser6Parser18parseDropStatementEv
FNDA:0,_ZN5sqlcc10sql_parser6Parser26parseDropDatabaseStatementEv
FNDA:0,_ZN5sqlcc10sql_parser6Parser23parseDropTableStatementEv
FNDA:0,_ZN5sqlcc10sql_parser6Parser23parseDropIndexStatementEv
FNDA:4,_ZN5sqlcc10sql_parser6Parser20parseCreateStatementEv
FNDA:1,_ZN5sqlcc10sql_parser6Parser19parseAlterStatementEv
FNDA:1,_ZN5sqlcc10sql_parser6Parser27parseAlterDatabaseStatementEv
FNF:45
FNH:22
DA:11,13
DA:13,119
DA:15,258
DA:17,19
DA:18,19
DA:19,19
DA:21,0
DA:22,0
DA:23,0
DA:24,0
DA:25,0
DA:26,19
DA:28,87
DA:30,13
DA:31,13
DA:32,0
DA:34,13
DA:35,13
DA:37,0
DA:39,0
DA:40,0
DA:43,13
DA:44,13
DA:46,26
DA:47,13
DA:48,0
DA:49,0
DA:52,13
DA:53,13
DA:54,13
DA:58,13
DA:59,13
DA:61,13
DA:63,13
DA:64,0
DA:66,13
DA:67,13
DA:68,4
DA:69,9
DA:70,0
DA:71,9
DA:72,0
DA:73,9
DA:74,0
DA:75,9
DA:76,0
DA:77,9
DA:78,2
DA:79,7
DA:80,1
DA:81,6
DA:82,0
DA:83,6
DA:84,3
DA:85,3
DA:86,3
DA:87,0
DA:88,0
DA:90,0
DA:91,0
DA:95,4
DA:96,4
DA:99,4
DA:100,4
DA:101,0
DA:102,0
DA:105,0
DA:106,0
DA:107,0
DA:111,0
DA:112,0
DA:113,0
DA:115,0
DA:116,0
DA:118,4
DA:119,1
DA:120,1
DA:121,4
DA:122,1
DA:123,1
DA:124,3
DA:126,2
DA:127,2
DA:128,0
DA:131,0
DA:132,0
DA:133,0
DA:134,0
DA:135,0
DA:139,1
DA:140,1
DA:142,1
DA:143,0
DA:144,0
DA:147,1
DA:148,1
DA:151,1
DA:153,1
DA:154,1
DA:156,1
DA:157,1
DA:159,1
DA:160,0
DA:161,0
DA:164,1
DA:165,1
DA:168,1
DA:170,1
DA:171,1
DA:172,1
DA:174,1
DA:175,1
DA:177,0
DA:178,0
DA:180,0
DA:181,0
DA:182,0
DA:185,0
DA:186,0
DA:188,0
DA:190,0
DA:191,0
DA:192,0
DA:195,0
DA:196,0
DA:198,0
DA:201,0
DA:202,0
DA:203,0
DA:206,0
DA:207,0
DA:210,0
DA:213,0
DA:214,0
DA:216,0
DA:217,0
DA:218,0
DA:221,0
DA:222,0
DA:225,0
DA:227,0
DA:228,0
DA:230,1
DA:232,2
DA:233,0
DA:234,0
DA:237,2
DA:238,2
DA:240,2
DA:242,2
DA:245,3
DA:246,1
DA:249,2
DA:252,2
DA:253,1
DA:256,1
DA:258,5
DA:261,2
DA:262,2
DA:263,0
DA:264,0
DA:267,2
DA:268,2
DA:271,2
DA:272,1
DA:274,1
DA:275,0
DA:276,0
DA:279,1
DA:280,1
DA:282,1
DA:284,1
DA:285,1
DA:287,2
DA:288,2
DA:290,3
DA:291,5
DA:292,2
DA:293,2
DA:294,7
DA:295,5
DA:298,1
DA:299,1
DA:301,1
DA:302,1
DA:303,1
DA:304,1
DA:305,1
DA:306,0
DA:307,0
DA:308,0
DA:309,0
DA:310,0
DA:311,0
DA:312,0
DA:313,0
DA:314,0
DA:315,0
DA:316,0
DA:317,0
DA:319,0
DA:320,0
DA:321,0
DA:322,0
DA:323,0
DA:324,0
DA:326,0
DA:327,0
DA:328,0
DA:330,0
DA:332,1
DA:334,0
DA:335,0
DA:337,0
DA:339,0
DA:341,0
DA:342,0
DA:345,0
DA:346,0
DA:349,0
DA:350,0
DA:353,0
DA:354,0
DA:358,0
DA:359,0
DA:362,0
DA:363,0
DA:365,0
DA:366,0
DA:367,0
DA:368,0
DA:369,0
DA:374,0
DA:377,0
DA:378,0
DA:379,0
DA:382,0
DA:383,0
DA:385,0
DA:386,0
DA:387,0
DA:390,0
DA:391,0
DA:394,0
DA:396,0
DA:397,0
DA:401,0
DA:402,0
DA:405,0
DA:407,0
DA:410,0
DA:411,0
DA:413,0
DA:414,0
DA:415,0
DA:418,0
DA:419,0
DA:420,0
DA:425,0
DA:426,0
DA:427,0
DA:430,0
DA:431,0
DA:432,0
DA:433,0
DA:434,0
DA:435,0
DA:436,0
DA:439,0
DA:440,0
DA:442,0
DA:443,0
DA:444,0
DA:445,0
DA:446,0
DA:447,0
DA:448,0
DA:449,0
DA:451,0
DA:452,0
DA:456,0
DA:460,0
DA:461,0
DA:462,0
DA:465,0
DA:466,0
DA:469,0
DA:470,0
DA:471,0
DA:473,0
DA:476,0
DA:478,0
DA:480,0
DA:481,0
DA:483,0
DA:485,0
DA:486,0
DA:487,0
DA:490,0
DA:491,0
DA:493,0
DA:494,0
DA:495,0
DA:497,0
DA:499,0
DA:500,0
DA:501,0
DA:504,0
DA:505,0
DA:507,0
DA:508,0
DA:509,0
DA:511,0
DA:513,0
DA:514,0
DA:515,0
DA:518,0
DA:519,0
DA:521,0
DA:522,0
DA:523,0
DA:525,0
DA:527,0
DA:528,0
DA:529,0
DA:532,0
DA:533,0
DA:536,0
DA:537,0
DA:540,0
DA:542,0
DA:543,0
DA:546,0
DA:547,0
DA:548,0
DA:551,0
DA:552,0
DA:554,0
DA:555,0
DA:556,0
DA:557,0
DA:558,0
DA:561,0
DA:562,0
DA:564,0
DA:565,0
DA:566,0
DA:569,0
DA:570,0
DA:572,0
DA:573,0
DA:574,0
DA:576,0
DA:577,0
DA:578,0
DA:580,0
DA:581,0
DA:582,0
DA:585,0
DA:586,0
DA:587,0
DA:588,0
DA:590,0
DA:591,0
DA:592,0
DA:596,0
DA:597,0
DA:598,0
DA:601,0
DA:602,0
DA:605,0
DA:606,0
DA:609,0
DA:610,0
DA:612,0
DA:614,0
DA:615,0
DA:616,0
DA:618,0
DA:621,0
DA:622,0
DA:623,0
DA:625,0
DA:626,0
DA:628,0
DA:632,0
DA:633,0
DA:636,0
DA:638,0
DA:641,0
DA:643,0
DA:644,0
DA:648,0
DA:649,0
DA:650,0
DA:652,0
DA:653,0
DA:657,0
DA:658,0
DA:661,0
DA:662,0
DA:663,0
DA:665,0
DA:666,0
DA:671,0
DA:672,0
DA:673,0
DA:675,0
DA:676,0
DA:677,0
DA:680,0
DA:681,0
DA:683,0
DA:686,0
DA:687,0
DA:690,0
DA:691,0
DA:693,0
DA:694,0
DA:696,0
DA:697,0
DA:700,0
DA:701,0
DA:702,0
DA:705,0
DA:706,0
DA:707,0
DA:709,0
DA:710,0
DA:713,0
DA:715,0
DA:717,0
DA:720,0
DA:721,0
DA:724,0
DA:725,0
DA:726,0
DA:727,0
DA:728,0
DA:729,0
DA:731,0
DA:732,0
DA:734,0
DA:735,0
DA:738,0
DA:739,0
DA:742,0
DA:744,0
DA:746,0
DA:749,0
DA:750,0
DA:752,0
DA:753,0
DA:754,0
DA:757,0
DA:758,0
DA:760,0
DA:762,0
DA:764,0
DA:765,0
DA:768,0
DA:769,0
DA:771,0
DA:772,0
DA:775,0
DA:776,0
DA:777,0
DA:780,0
DA:781,0
DA:783,0
DA:785,0
DA:786,0
DA:787,0
DA:788,0
DA:789,0
DA:790,0
DA:791,0
DA:794,0
DA:795,0
DA:798,0
DA:800,0
DA:801,0
DA:804,0
DA:805,0
DA:808,0
DA:809,0
DA:810,0
DA:813,0
DA:814,0
DA:816,0
DA:817,0
DA:818,0
DA:819,0
DA:820,0
DA:823,0
DA:824,0
DA:826,0
DA:827,0
DA:828,0
DA:831,0
DA:832,0
DA:834,0
DA:835,0
DA:836,0
DA:838,0
DA:839,0
DA:840,0
DA:842,0
DA:843,0
DA:844,0
DA:847,0
DA:848,0
DA:850,0
DA:852,0
DA:853,0
DA:856,0
DA:857,0
DA:859,0
DA:860,0
DA:863,0
DA:864,0
DA:865,0
DA:868,0
DA:869,0
DA:871,0
DA:872,0
DA:873,0
DA:874,0
DA:875,0
DA:878,0
DA:879,0
DA:881,0
DA:882,0
DA:883,0
DA:886,0
DA:887,0
DA:889,0
DA:890,0
DA:891,0
DA:893,2
DA:894,2
DA:896,2
DA:897,0
DA:898,0
DA:899,2
DA:900,0
DA:901,0
DA:902,2
DA:903,0
DA:904,0
DA:905,2
DA:907,2
DA:908,2
DA:910,0
DA:911,0
DA:915,0
DA:916,0
DA:918,0
DA:919,0
DA:920,0
DA:923,0
DA:924,0
DA:926,0
DA:928,0
DA:929,0
DA:931,0
DA:932,0
DA:934,0
DA:935,0
DA:936,0
DA:939,0
DA:940,0
DA:942,0
DA:944,0
DA:945,0
DA:947,0
DA:948,0
DA:951,0
DA:952,0
DA:953,0
DA:954,0
DA:955,0
DA:958,0
DA:959,0
DA:960,0
DA:963,0
DA:964,0
DA:966,0
DA:967,0
DA:970,0
DA:971,0
DA:973,0
DA:974,0
DA:975,0
DA:978,0
DA:979,0
DA:982,0
DA:983,0
DA:985,1
DA:986,1
DA:988,1
DA:989,1
DA:991,0
DA:992,0
DA:993,0
DA:997,1
DA:998,1
DA:1000,1
DA:1001,0
DA:1002,0
DA:1005,1
DA:1006,1
DA:1009,1
DA:1011,1
DA:1012,1
DA:1014,0
DA:1015,0
DA:1017,0
DA:1018,0
DA:1019,0
DA:1022,0
DA:1023,0
DA:1025,0
DA:1027,0
DA:1028,0
DA:1031,2
DA:1035,2
DA:1036,0
DA:1037,0
DA:1040,2
DA:1041,2
DA:1043,2
DA:1044,2
DA:1047,2
DA:1048,1
DA:1049,1
DA:1051,1
DA:1052,0
DA:1053,0
DA:1056,1
DA:1058,1
DA:1059,0
DA:1060,0
DA:1062,1
DA:1063,1
DA:1064,1
DA:1065,1
DA:1066,1
DA:1068,1
DA:1069,0
DA:1070,0
DA:1073,1
DA:1075,1
DA:1076,0
DA:1077,0
DA:1079,1
DA:1082,2
DA:1083,2
DA:1085,2
DA:1086,2
DA:1088,2
DA:1091,2
DA:1092,2
DA:1093,1
DA:1094,1
DA:1095,1
DA:1099,2
DA:1100,2
DA:1102,2
DA:1103,2
DA:1105,4
DA:1106,2
DA:1108,3
DA:1109,3
DA:1111,3
DA:1115,3
DA:1116,1
DA:1117,2
DA:1118,1
DA:1119,1
DA:1121,3
DA:1124,8
DA:1125,4
DA:1126,2
DA:1127,1
DA:1128,0
DA:1129,0
DA:1130,0
DA:1133,4
DA:1134,4
DA:1135,4
DA:1137,4
DA:1138,2
DA:1141,2
DA:1142,6
DA:1146,3
DA:1147,3
DA:1150,3
DA:1151,0
DA:1152,0
DA:1153,0
DA:1156,3
DA:1158,3
DA:1160,3
DA:1161,3
DA:1164,3
DA:1165,0
DA:1166,0
DA:1169,3
DA:1170,3
DA:1171,3
DA:1172,3
DA:1174,3
DA:1177,3
DA:1178,0
DA:1179,0
DA:1182,3
DA:1183,3
DA:1184,3
DA:1186,3
DA:1187,3
DA:1189,3
DA:1190,3
DA:1192,3
DA:1196,3
DA:1197,1
DA:1198,2
DA:1199,1
DA:1200,1
DA:1202,3
DA:1205,8
DA:1206,4
DA:1207,2
DA:1208,1
DA:1209,0
DA:1210,0
DA:1211,0
DA:1214,4
DA:1215,4
DA:1216,4
DA:1218,4
DA:1219,2
DA:1222,2
DA:1223,6
DA:1226,3
DA:1229,3
DA:1230,0
DA:1231,0
DA:1232,0
DA:1235,3
DA:1237,3
DA:1239,3
DA:1240,3
DA:1243,3
DA:1244,0
DA:1245,0
DA:1248,3
DA:1249,3
DA:1250,3
DA:1252,3
DA:1255,3
DA:1256,0
DA:1257,0
DA:1260,3
DA:1261,3
DA:1262,3
DA:1264,3
DA:1265,3
DA:1267,0
DA:1268,0
DA:1271,0
DA:1272,0
DA:1273,0
DA:1274,0
DA:1275,0
DA:1276,0
DA:1277,0
DA:1280,0
DA:1281,0
DA:1282,0
DA:1283,0
DA:1284,0
DA:1286,0
DA:1287,0
DA:1290,0
DA:1291,0
DA:1292,0
DA:1293,0
DA:1295,0
DA:1296,0
DA:1297,0
DA:1300,0
DA:1301,0
DA:1302,0
DA:1304,0
DA:1305,0
DA:1306,0
DA:1307,0
DA:1309,0
DA:1310,0
DA:1311,0
DA:1314,0
DA:1315,0
DA:1316,0
DA:1318,0
DA:1319,0
DA:1320,0
DA:1321,0
DA:1323,0
DA:1324,0
DA:1325,0
DA:1328,0
DA:1329,0
DA:1330,0
DA:1332,0
DA:1333,0
DA:1334,0
DA:1335,0
DA:1337,0
DA:1338,0
DA:1339,0
DA:1342,0
DA:1343,0
DA:1344,0
DA:1346,0
DA:1347,0
DA:1348,0
DA:1349,0
LF:828
LH:245
end_of_record
TN:
SF:/home/liying/sqlcc_qoder/src/sql_parser/token.cpp
FN:13,15,_ZNK5sqlcc10sql_parser5Token7getTypeEv
FN:17,19,_ZNK5sqlcc10sql_parser5Token9getLexemeB5cxx11Ev
FN:21,23,_ZNK5sqlcc10sql_parser5Token7getLineEv
FN:25,27,_ZNK5sqlcc10sql_parser5Token9getColumnEv
FN:29,121,_ZN5sqlcc10sql_parser5Token11getTypeNameB5cxx11ENS1_4TypeE
FN:6,7,_ZN5sqlcc10sql_parser5TokenC2Ev
FN:9,11,_ZN5sqlcc10sql_parser5TokenC2ENS1_4TypeERKNSt7__cxx1112basic_stringIcSt11char_traitsIcESaIcEEEii
FNDA:291,_ZNK5sqlcc10sql_parser5Token7getTypeEv
FNDA:45,_ZNK5sqlcc10sql_parser5Token9getLexemeB5cxx11Ev
FNDA:0,_ZNK5sqlcc10sql_parser5Token7getLineEv
FNDA:0,_ZNK5sqlcc10sql_parser5Token9getColumnEv
FNDA:0,_ZN5sqlcc10sql_parser5Token11getTypeNameB5cxx11ENS1_4TypeE
FNDA:13,_ZN5sqlcc10sql_parser5TokenC2Ev
FNDA:119,_ZN5sqlcc10sql_parser5TokenC2ENS1_4TypeERKNSt7__cxx1112basic_stringIcSt11char_traitsIcESaIcEEEii
FNF:7
FNH:4
DA:6,26
DA:7,13
DA:9,119
DA:10,119
DA:11,119
DA:13,291
DA:14,291
DA:17,45
DA:18,45
DA:21,0
DA:22,0
DA:25,0
DA:26,0
DA:29,0
DA:30,0
DA:31,0
DA:32,0
DA:33,0
DA:34,0
DA:35,0
DA:36,0
DA:37,0
DA:38,0
DA:39,0
DA:40,0
DA:41,0
DA:42,0
DA:43,0
DA:44,0
DA:45,0
DA:46,0
DA:47,0
DA:48,0
DA:49,0
DA:50,0
DA:51,0
DA:52,0
DA:53,0
DA:54,0
DA:55,0
DA:56,0
DA:57,0
DA:58,0
DA:59,0
DA:60,0
DA:61,0
DA:62,0
DA:63,0
DA:64,0
DA:65,0
DA:66,0
DA:67,0
DA:68,0
DA:69,0
DA:70,0
DA:71,0
DA:72,0
DA:73,0
DA:74,0
DA:75,0
DA:76,0
DA:77,0
DA:78,0
DA:79,0
DA:80,0
DA:81,0
DA:82,0
DA:83,0
DA:84,0
DA:85,0
DA:86,0
DA:87,0
DA:88,0
DA:89,0
DA:90,0
DA:91,0
DA:92,0
DA:93,0
DA:94,0
DA:95,0
DA:96,0
DA:97,0
DA:98,0
DA:99,0
DA:100,0
DA:101,0
DA:102,0
DA:103,0
DA:104,0
DA:105,0
DA:106,0
DA:107,0
DA:108,0
DA:109,0
DA:110,0
DA:111,0
DA:112,0
DA:113,0
DA:114,0
DA:115,0
DA:116,0
DA:117,0
DA:118,0
DA:119,0
LF:104
LH:9
end_of_record
TN:
SF:/usr/include/c++/13/bits/alloc_traits.h
FNF:0
FNH:0
DA:482,234
DA:517,264
DA:538,31
DA:542,31
DA:562,6
DA:574,175
DA:588,55
DA:661,31
DA:675,31
DA:948,272
DA:949,272
LF:11
LH:11
end_of_record
TN:
SF:/usr/include/c++/13/bits/allocated_ptr.h
FN:53,55,_ZNSt15__allocated_ptrISaISt23_Sp_counted_ptr_inplaceIN5sqlcc7network12AESEncryptorESaIvELN9__gnu_cxx12_Lock_policyE2EEEEC2ERS8_PS7_
FN:53,55,_ZNSt15__allocated_ptrISaISt23_Sp_counted_ptr_inplaceIN5sqlcc7network13EncryptionKeyESaIvELN9__gnu_cxx12_Lock_policyE2EEEEC2ERS8_PS7_
FN:71,75,_ZNSt15__allocated_ptrISaISt23_Sp_counted_ptr_inplaceIN5sqlcc7network12AESEncryptorESaIvELN9__gnu_cxx12_Lock_policyE2EEEED2Ev
FN:71,75,_ZNSt15__allocated_ptrISaISt23_Sp_counted_ptr_inplaceIN5sqlcc7network13EncryptionKeyESaIvELN9__gnu_cxx12_Lock_policyE2EEEED2Ev
FN:79,83,_ZNSt15__allocated_ptrISaISt23_Sp_counted_ptr_inplaceIN5sqlcc7network12AESEncryptorESaIvELN9__gnu_cxx12_Lock_policyE2EEEEaSEDn
FN:79,83,_ZNSt15__allocated_ptrISaISt23_Sp_counted_ptr_inplaceIN5sqlcc7network13EncryptionKeyESaIvELN9__gnu_cxx12_Lock_policyE2EEEEaSEDn
FN:86,86,_ZNSt15__allocated_ptrISaISt23_Sp_counted_ptr_inplaceIN5sqlcc7network12AESEncryptorESaIvELN9__gnu_cxx12_Lock_policyE2EEEE3getEv
FN:86,86,_ZNSt15__allocated_ptrISaISt23_Sp_counted_ptr_inplaceIN5sqlcc7network13EncryptionKeyESaIvELN9__gnu_cxx12_Lock_policyE2EEEE3getEv
FN:96,99,_ZSt18__allocate_guardedISaISt23_Sp_counted_ptr_inplaceIN5sqlcc7network12AESEncryptorESaIvELN9__gnu_cxx12_Lock_policyE2EEEESt15__allocated_ptrIT_ERSA_
FN:96,99,_ZSt18__allocate_guardedISaISt23_Sp_counted_ptr_inplaceIN5sqlcc7network13EncryptionKeyESaIvELN9__gnu_cxx12_Lock_policyE2EEEESt15__allocated_ptrIT_ERSA_
FNDA:12,_ZNSt15__allocated_ptrISaISt23_Sp_counted_ptr_inplaceIN5sqlcc7network12AESEncryptorESaIvELN9__gnu_cxx12_Lock_policyE2EEEEC2ERS8_PS7_
FNDA:50,_ZNSt15__allocated_ptrISaISt23_Sp_counted_ptr_inplaceIN5sqlcc7network13EncryptionKeyESaIvELN9__gnu_cxx12_Lock_policyE2EEEEC2ERS8_PS7_
FNDA:12,_ZNSt15__allocated_ptrISaISt23_Sp_counted_ptr_inplaceIN5sqlcc7network12AESEncryptorESaIvELN9__gnu_cxx12_Lock_policyE2EEEED2Ev
FNDA:50,_ZNSt15__allocated_ptrISaISt23_Sp_counted_ptr_inplaceIN5sqlcc7network13EncryptionKeyESaIvELN9__gnu_cxx12_Lock_policyE2EEEED2Ev
FNDA:6,_ZNSt15__allocated_ptrISaISt23_Sp_counted_ptr_inplaceIN5sqlcc7network12AESEncryptorESaIvELN9__gnu_cxx12_Lock_policyE2EEEEaSEDn
FNDA:25,_ZNSt15__allocated_ptrISaISt23_Sp_counted_ptr_inplaceIN5sqlcc7network13EncryptionKeyESaIvELN9__gnu_cxx12_Lock_policyE2EEEEaSEDn
FNDA:6,_ZNSt15__allocated_ptrISaISt23_Sp_counted_ptr_inplaceIN5sqlcc7network12AESEncryptorESaIvELN9__gnu_cxx12_Lock_policyE2EEEE3getEv
FNDA:25,_ZNSt15__allocated_ptrISaISt23_Sp_counted_ptr_inplaceIN5sqlcc7network13EncryptionKeyESaIvELN9__gnu_cxx12_Lock_policyE2EEEE3getEv
FNDA:6,_ZSt18__allocate_guardedISaISt23_Sp_counted_ptr_inplaceIN5sqlcc7network12AESEncryptorESaIvELN9__gnu_cxx12_Lock_policyE2EEEESt15__allocated_ptrIT_ERSA_
FNDA:25,_ZSt18__allocate_guardedISaISt23_Sp_counted_ptr_inplaceIN5sqlcc7network13EncryptionKeyESaIvELN9__gnu_cxx12_Lock_policyE2EEEESt15__allocated_ptrIT_ERSA_
FNF:10
FNH:10
DA:53,62
DA:54,62
DA:55,62
DA:71,62
DA:73,62
DA:74,31
DA:75,62
DA:79,31
DA:81,31
DA:82,31
DA:86,31
DA:96,31
DA:98,31
LF:13
LH:13
end_of_record
TN:
SF:/usr/include/c++/13/bits/allocator.h
FNF:0
FNH:0
DA:163,340
DA:168,355
DA:178,62
DA:184,558
LF:4
LH:4
end_of_record
TN:
SF:/usr/include/c++/13/bits/basic_string.h
FN:3528,3541,_ZSt12__str_concatINSt7__cxx1112basic_stringIcSt11char_traitsIcESaIcEEEET_PKNS6_10value_typeENS6_9size_typeES9_SA_RKNS6_14allocator_typeE
FN:3571,3579,_ZStplIcSt11char_traitsIcESaIcEENSt7__cxx1112basic_stringIT_T0_T1_EEPKS5_RKS8_
FN:3607,3615,_ZStplIcSt11char_traitsIcESaIcEENSt7__cxx1112basic_stringIT_T0_T1_EERKS8_PKS5_
FN:3637,3639,_ZStplIcSt11char_traitsIcESaIcEENSt7__cxx1112basic_stringIT_T0_T1_EEOS8_RKS8_
FN:3651,3669,_ZStplIcSt11char_traitsIcESaIcEENSt7__cxx1112basic_stringIT_T0_T1_EEOS8_S9_
FN:3674,3676,_ZStplIcSt11char_traitsIcESaIcEENSt7__cxx1112basic_stringIT_T0_T1_EEPKS5_OS8_
FN:3688,3690,_ZStplIcSt11char_traitsIcESaIcEENSt7__cxx1112basic_stringIT_T0_T1_EEOS8_PKS5_
FN:3710,3716,_ZSteqIcSt11char_traitsIcESaIcEEbRKNSt7__cxx1112basic_stringIT_T0_T1_EESA_
FN:3727,3732,_ZSteqIcSt11char_traitsIcESaIcEEbRKNSt7__cxx1112basic_stringIT_T0_T1_EEPKS5_
FN:3788,3791,_ZStneIcSt11char_traitsIcESaIcEEbRKNSt7__cxx1112basic_stringIT_T0_T1_EESA_
FN:3815,3817,_ZStneIcSt11char_traitsIcESaIcEEbRKNSt7__cxx1112basic_stringIT_T0_T1_EEPKS5_
FN:3829,3832,_ZStltIcSt11char_traitsIcESaIcEEbRKNSt7__cxx1112basic_stringIT_T0_T1_EESA_
FN:3870,3873,_ZStgtIcSt11char_traitsIcESaIcEEbRKNSt7__cxx1112basic_stringIT_T0_T1_EESA_
FN:3911,3914,_ZStleIcSt11char_traitsIcESaIcEEbRKNSt7__cxx1112basic_stringIT_T0_T1_EESA_
FN:3952,3955,_ZStgeIcSt11char_traitsIcESaIcEEbRKNSt7__cxx1112basic_stringIT_T0_T1_EESA_
FN:4120,4122,_ZNSt7__cxx114stoiERKNS_12basic_stringIcSt11char_traitsIcESaIcEEEPmi
FN:4162,4173,_ZNSt7__cxx119to_stringEi
FN:4407,4408,_ZNKSt15__str_hash_baseIcSaIcENSt7__cxx1112basic_stringIcSt11char_traitsIcES0_EEEclERKS5_
FN:458,462,_ZNSt7__cxx1112basic_stringIcSt11char_traitsIcESaIcEE13_S_copy_charsIN9__gnu_cxx17__normal_iteratorIPhSt6vectorIhSaIhEEEEEEvPcT_SE_
FN:641,650,_ZNSt7__cxx1112basic_stringIcSt11char_traitsIcESaIcEEC2IS3_EEPKcRKS3_
FN:664,666,_ZNSt7__cxx1112basic_stringIcSt11char_traitsIcESaIcEEC2IS3_EEmcRKS3_
FN:760,770,_ZNSt7__cxx1112basic_stringIcSt11char_traitsIcESaIcEEC2IN9__gnu_cxx17__normal_iteratorIPhSt6vectorIhSaIhEEEEvEET_SD_RKS3_
FNDA:1,_ZSt12__str_concatINSt7__cxx1112basic_stringIcSt11char_traitsIcESaIcEEEET_PKNS6_10value_typeENS6_9size_typeES9_SA_RKNS6_14allocator_typeE
FNDA:1,_ZStplIcSt11char_traitsIcESaIcEENSt7__cxx1112basic_stringIT_T0_T1_EEPKS5_RKS8_
FNDA:0,_ZStplIcSt11char_traitsIcESaIcEENSt7__cxx1112basic_stringIT_T0_T1_EERKS8_PKS5_
FNDA:0,_ZStplIcSt11char_traitsIcESaIcEENSt7__cxx1112basic_stringIT_T0_T1_EEOS8_RKS8_
FNDA:0,_ZStplIcSt11char_traitsIcESaIcEENSt7__cxx1112basic_stringIT_T0_T1_EEOS8_S9_
FNDA:0,_ZStplIcSt11char_traitsIcESaIcEENSt7__cxx1112basic_stringIT_T0_T1_EEPKS5_OS8_
FNDA:1,_ZStplIcSt11char_traitsIcESaIcEENSt7__cxx1112basic_stringIT_T0_T1_EEOS8_PKS5_
FNDA:9,_ZSteqIcSt11char_traitsIcESaIcEEbRKNSt7__cxx1112basic_stringIT_T0_T1_EESA_
FNDA:2530,_ZSteqIcSt11char_traitsIcESaIcEEbRKNSt7__cxx1112basic_stringIT_T0_T1_EEPKS5_
FNDA:2,_ZStneIcSt11char_traitsIcESaIcEEbRKNSt7__cxx1112basic_stringIT_T0_T1_EESA_
FNDA:0,_ZStneIcSt11char_traitsIcESaIcEEbRKNSt7__cxx1112basic_stringIT_T0_T1_EEPKS5_
FNDA:0,_ZStltIcSt11char_traitsIcESaIcEEbRKNSt7__cxx1112basic_stringIT_T0_T1_EESA_
FNDA:0,_ZStgtIcSt11char_traitsIcESaIcEEbRKNSt7__cxx1112basic_stringIT_T0_T1_EESA_
FNDA:0,_ZStleIcSt11char_traitsIcESaIcEEbRKNSt7__cxx1112basic_stringIT_T0_T1_EESA_
FNDA:0,_ZStgeIcSt11char_traitsIcESaIcEEbRKNSt7__cxx1112basic_stringIT_T0_T1_EESA_
FNDA:32,_ZNSt7__cxx114stoiERKNS_12basic_stringIcSt11char_traitsIcESaIcEEEPmi
FNDA:0,_ZNSt7__cxx119to_stringEi
FNDA:0,_ZNKSt15__str_hash_baseIcSaIcENSt7__cxx1112basic_stringIcSt11char_traitsIcES0_EEEclERKS5_
FNDA:5,_ZNSt7__cxx1112basic_stringIcSt11char_traitsIcESaIcEE13_S_copy_charsIN9__gnu_cxx17__normal_iteratorIPhSt6vectorIhSaIhEEEEEEvPcT_SE_
FNDA:278,_ZNSt7__cxx1112basic_stringIcSt11char_traitsIcESaIcEEC2IS3_EEPKcRKS3_
FNDA:0,_ZNSt7__cxx1112basic_stringIcSt11char_traitsIcESaIcEEC2IS3_EEmcRKS3_
FNDA:5,_ZNSt7__cxx1112basic_stringIcSt11char_traitsIcESaIcEEC2IN9__gnu_cxx17__normal_iteratorIPhSt6vectorIhSaIhEEEEvEET_SD_RKS3_
FNF:22
FNH:10
DA:355,254
DA:458,5
DA:460,153
DA:461,148
DA:462,5
DA:641,278
DA:642,278
DA:645,278
DA:646,0
DA:648,278
DA:649,278
DA:650,278
DA:664,0
DA:665,0
DA:666,0
DA:760,5
DA:762,5
DA:765,5
DA:770,5
DA:3528,1
DA:3536,1
DA:3537,1
DA:3538,1
DA:3539,1
DA:3540,1
DA:3541,0
DA:3571,1
DA:3578,2
DA:3607,0
DA:3614,0
DA:3637,0
DA:3639,0
DA:3651,0
DA:3656,0
DA:3658,0
DA:3661,0
DA:3664,0
DA:3665,0
DA:3666,0
DA:3668,0
DA:3674,0
DA:3676,0
DA:3688,1
DA:3690,1
DA:3710,9
DA:3714,9
DA:3715,9
DA:3727,2530
DA:3730,2530
DA:3731,2530
DA:3788,2
DA:3791,2
DA:3815,0
DA:3817,0
DA:3829,0
DA:3832,0
DA:3870,0
DA:3873,0
DA:3911,0
DA:3914,0
DA:3952,0
DA:3955,0
DA:4120,32
DA:4121,32
DA:4122,32
DA:4162,0
DA:4167,0
DA:4168,0
DA:4169,0
DA:4170,0
DA:4171,0
DA:4172,0
DA:4407,0
DA:4408,0
LF:74
LH:36
end_of_record
TN:
SF:/usr/include/c++/13/bits/basic_string.tcc
FN:221,252,_ZNSt7__cxx1112basic_stringIcSt11char_traitsIcESaIcEE12_M_constructIN9__gnu_cxx17__normal_iteratorIPhSt6vectorIhSaIhEEEEEEvT_SD_St20forward_iterator_tag
FN:221,252,_ZNSt7__cxx1112basic_stringIcSt11char_traitsIcESaIcEE12_M_constructIPKcEEvT_S8_St20forward_iterator_tag
FN:221,252,_ZNSt7__cxx1112basic_stringIcSt11char_traitsIcESaIcEE12_M_constructIPcEEvT_S7_St20forward_iterator_tag
FN:239,239,_ZZNSt7__cxx1112basic_stringIcSt11char_traitsIcESaIcEE12_M_constructIN9__gnu_cxx17__normal_iteratorIPhSt6vectorIhSaIhEEEEEEvT_SD_St20forward_iterator_tagEN6_GuardC2EPS4_
FN:239,239,_ZZNSt7__cxx1112basic_stringIcSt11char_traitsIcESaIcEE12_M_constructIPKcEEvT_S8_St20forward_iterator_tagEN6_GuardC2EPS4_
FN:239,239,_ZZNSt7__cxx1112basic_stringIcSt11char_traitsIcESaIcEE12_M_constructIPcEEvT_S7_St20forward_iterator_tagEN6_GuardC2EPS4_
FN:242,242,_ZZNSt7__cxx1112basic_stringIcSt11char_traitsIcESaIcEE12_M_constructIN9__gnu_cxx17__normal_iteratorIPhSt6vectorIhSaIhEEEEEEvT_SD_St20forward_iterator_tagEN6_GuardD2Ev
FN:242,242,_ZZNSt7__cxx1112basic_stringIcSt11char_traitsIcESaIcEE12_M_constructIPKcEEvT_S8_St20forward_iterator_tagEN6_GuardD2Ev
FN:242,242,_ZZNSt7__cxx1112basic_stringIcSt11char_traitsIcESaIcEE12_M_constructIPcEEvT_S7_St20forward_iterator_tagEN6_GuardD2Ev
FNDA:5,_ZNSt7__cxx1112basic_stringIcSt11char_traitsIcESaIcEE12_M_constructIN9__gnu_cxx17__normal_iteratorIPhSt6vectorIhSaIhEEEEEEvT_SD_St20forward_iterator_tag
FNDA:360,_ZNSt7__cxx1112basic_stringIcSt11char_traitsIcESaIcEE12_M_constructIPKcEEvT_S8_St20forward_iterator_tag
FNDA:0,_ZNSt7__cxx1112basic_stringIcSt11char_traitsIcESaIcEE12_M_constructIPcEEvT_S7_St20forward_iterator_tag
FNDA:5,_ZZNSt7__cxx1112basic_stringIcSt11char_traitsIcESaIcEE12_M_constructIN9__gnu_cxx17__normal_iteratorIPhSt6vectorIhSaIhEEEEEEvT_SD_St20forward_iterator_tagEN6_GuardC2EPS4_
FNDA:360,_ZZNSt7__cxx1112basic_stringIcSt11char_traitsIcESaIcEE12_M_constructIPKcEEvT_S8_St20forward_iterator_tagEN6_GuardC2EPS4_
FNDA:0,_ZZNSt7__cxx1112basic_stringIcSt11char_traitsIcESaIcEE12_M_constructIPcEEvT_S7_St20forward_iterator_tagEN6_GuardC2EPS4_
FNDA:5,_ZZNSt7__cxx1112basic_stringIcSt11char_traitsIcESaIcEE12_M_constructIN9__gnu_cxx17__normal_iteratorIPhSt6vectorIhSaIhEEEEEEvT_SD_St20forward_iterator_tagEN6_GuardD2Ev
FNDA:360,_ZZNSt7__cxx1112basic_stringIcSt11char_traitsIcESaIcEE12_M_constructIPKcEEvT_S8_St20forward_iterator_tagEN6_GuardD2Ev
FNDA:0,_ZZNSt7__cxx1112basic_stringIcSt11char_traitsIcESaIcEE12_M_constructIPcEEvT_S7_St20forward_iterator_tagEN6_GuardD2Ev
FNF:9
FNH:6
DA:221,365
DA:225,365
DA:227,365
DA:229,111
DA:230,111
DA:239,365
DA:242,365
DA:245,365
DA:247,365
DA:249,365
DA:251,365
DA:252,365
LF:12
LH:12
end_of_record
TN:
SF:/usr/include/c++/13/bits/char_traits.h
FN:136,137,_ZN9__gnu_cxx11char_traitsIcE2eqERKcS3_
FN:199,206,_ZN9__gnu_cxx11char_traitsIcE6lengthEPKc
FN:351,359,_ZNSt11char_traitsIcE6assignERcRKc
FN:366,371,_ZNSt11char_traitsIcE2ltERKcS2_
FN:374,390,_ZNSt11char_traitsIcE7compareEPKcS2_m
FN:393,400,_ZNSt11char_traitsIcE6lengthEPKc
FN:427,436,_ZNSt11char_traitsIcE4copyEPcPKcm
FNDA:0,_ZN9__gnu_cxx11char_traitsIcE2eqERKcS3_
FNDA:0,_ZN9__gnu_cxx11char_traitsIcE6lengthEPKc
FNDA:148,_ZNSt11char_traitsIcE6assignERcRKc
FNDA:0,_ZNSt11char_traitsIcE2ltERKcS2_
FNDA:402,_ZNSt11char_traitsIcE7compareEPKcS2_m
FNDA:2809,_ZNSt11char_traitsIcE6lengthEPKc
FNDA:0,_ZNSt11char_traitsIcE4copyEPcPKcm
FNF:7
FNH:3
DA:136,0
DA:137,0
DA:199,0
DA:202,0
DA:203,0
DA:204,0
DA:205,0
DA:351,148
DA:358,148
DA:359,148
DA:366,0
DA:369,0
DA:370,0
DA:374,402
DA:376,402
DA:377,0
DA:379,402
DA:381,0
DA:382,0
DA:383,0
DA:384,0
DA:385,0
DA:386,0
DA:389,402
DA:393,2809
DA:396,2809
DA:397,0
DA:399,2809
DA:427,0
DA:429,0
DA:430,0
DA:435,0
LF:32
LH:10
end_of_record
TN:
SF:/usr/include/c++/13/bits/charconv.h
FN:55,74,_ZNSt8__detail14__to_chars_lenIjEEjT_i
FN:81,110,_ZNSt8__detail18__to_chars_10_implIjEEvPcjT_
FNDA:0,_ZNSt8__detail14__to_chars_lenIjEEjT_i
FNDA:0,_ZNSt8__detail18__to_chars_10_implIjEEvPcjT_
FNF:2
FNH:0
DA:55,0
DA:61,0
DA:62,0
DA:63,0
DA:64,0
DA:67,0
DA:68,0
DA:69,0
DA:70,0
DA:71,0
DA:72,0
DA:81,0
DA:87,0
DA:93,0
DA:94,0
DA:96,0
DA:97,0
DA:98,0
DA:99,0
DA:100,0
DA:102,0
DA:104,0
DA:105,0
DA:106,0
DA:109,0
DA:110,0
LF:26
LH:0
end_of_record
TN:
SF:/usr/include/c++/13/bits/chrono.h
FN:221,226,_ZNSt6chrono20__duration_cast_implINS_8durationIlSt5ratioILl1ELl1000000000EEEES2_ILl1000000000ELl1EElLb0ELb1EE6__castIlS2_ILl1ELl1EEEES4_RKNS1_IT_T0_EE
FN:273,291,_ZNSt6chrono13duration_castINS_8durationIlSt5ratioILl1ELl1000000000EEEElS2_ILl1ELl1EEEENSt9enable_ifIXsrNS_13__is_durationIT_EE5valueES8_E4typeERKNS1_IT0_T1_EE
FN:273,291,_ZNSt6chrono13duration_castINS_8durationIlSt5ratioILl1ELl1EEEElS3_EENSt9enable_ifIXsrNS_13__is_durationIT_EE5valueES7_E4typeERKNS1_IT0_T1_EE
FN:498,499,_ZNSt6chrono15duration_valuesIlE4zeroEv
FN:573,574,_ZNSt6chrono8durationIlSt5ratioILl1ELl1000000000EEEC1IlvEERKT_
FN:573,574,_ZNSt6chrono8durationIlSt5ratioILl1ELl1EEEC1IlvEERKT_
FN:573,574,_ZNSt6chrono8durationIlSt5ratioILl1ELl1EEEC2IivEERKT_
FN:589,590,_ZNKSt6chrono8durationIlSt5ratioILl1ELl1000000000EEE5countEv
FN:589,590,_ZNKSt6chrono8durationIlSt5ratioILl1ELl1EEE5countEv
FN:673,674,_ZNSt6chrono8durationIlSt5ratioILl1ELl1EEE4zeroEv
FN:710,717,_ZNSt6chronomiIlSt5ratioILl1ELl1EElS2_EENSt11common_typeIJNS_8durationIT_T0_EENS4_IT1_T2_EEEE4typeERKS7_RKSA_
FN:822,829,_ZNSt6chronoltIlSt5ratioILl1ELl1EElS2_EEbRKNS_8durationIT_T0_EERKNS3_IT1_T2_EE
FN:855,857,_ZNSt6chronoleIlSt5ratioILl1ELl1EElS2_EEbRKNS_8durationIT_T0_EERKNS3_IT1_T2_EE
FNDA:0,_ZNSt6chrono20__duration_cast_implINS_8durationIlSt5ratioILl1ELl1000000000EEEES2_ILl1000000000ELl1EElLb0ELb1EE6__castIlS2_ILl1ELl1EEEES4_RKNS1_IT_T0_EE
FNDA:0,_ZNSt6chrono13duration_castINS_8durationIlSt5ratioILl1ELl1000000000EEEElS2_ILl1ELl1EEEENSt9enable_ifIXsrNS_13__is_durationIT_EE5valueES8_E4typeERKNS1_IT0_T1_EE
FNDA:0,_ZNSt6chrono13duration_castINS_8durationIlSt5ratioILl1ELl1EEEElS3_EENSt9enable_ifIXsrNS_13__is_durationIT_EE5valueES7_E4typeERKNS1_IT0_T1_EE
FNDA:0,_ZNSt6chrono15duration_valuesIlE4zeroEv
FNDA:0,_ZNSt6chrono8durationIlSt5ratioILl1ELl1000000000EEEC1IlvEERKT_
FNDA:0,_ZNSt6chrono8durationIlSt5ratioILl1ELl1EEEC1IlvEERKT_
FNDA:0,_ZNSt6chrono8durationIlSt5ratioILl1ELl1EEEC2IivEERKT_
FNDA:0,_ZNKSt6chrono8durationIlSt5ratioILl1ELl1000000000EEE5countEv
FNDA:0,_ZNKSt6chrono8durationIlSt5ratioILl1ELl1EEE5countEv
FNDA:0,_ZNSt6chrono8durationIlSt5ratioILl1ELl1EEE4zeroEv
FNDA:0,_ZNSt6chronomiIlSt5ratioILl1ELl1EElS2_EENSt11common_typeIJNS_8durationIT_T0_EENS4_IT1_T2_EEEE4typeERKS7_RKSA_
FNDA:0,_ZNSt6chronoltIlSt5ratioILl1ELl1EElS2_EEbRKNS_8durationIT_T0_EERKNS3_IT1_T2_EE
FNDA:0,_ZNSt6chronoleIlSt5ratioILl1ELl1EElS2_EEbRKNS_8durationIT_T0_EERKNS3_IT1_T2_EE
FNF:13
FNH:0
DA:221,0
DA:224,0
DA:225,0
DA:273,0
DA:277,0
DA:287,0
DA:498,0
DA:499,0
DA:573,0
DA:574,0
DA:589,0
DA:590,0
DA:673,0
DA:674,0
DA:710,0
DA:716,0
DA:822,0
DA:828,0
DA:855,0
DA:857,0
LF:20
LH:0
end_of_record
TN:
SF:/usr/include/c++/13/bits/cpp_type_traits.h
FN:607,608,_ZSt12__miter_baseIN9__gnu_cxx17__normal_iteratorIPKcNSt7__cxx1112basic_stringIcSt11char_traitsIcESaIcEEEEEET_SB_
FN:607,608,_ZSt12__miter_baseIN9__gnu_cxx17__normal_iteratorIPKcSt6vectorIcSaIcEEEEET_S8_
FN:607,608,_ZSt12__miter_baseIN9__gnu_cxx17__normal_iteratorIPKhSt6vectorIhSaIhEEEEET_S8_
FN:607,608,_ZSt12__miter_baseIN9__gnu_cxx17__normal_iteratorIPcNSt7__cxx1112basic_stringIcSt11char_traitsIcESaIcEEEEEET_SA_
FN:607,608,_ZSt12__miter_baseIN9__gnu_cxx17__normal_iteratorIPhSt6vectorIhSaIhEEEEET_S7_
FN:607,608,_ZSt12__miter_baseIPKhET_S2_
FN:607,608,_ZSt12__miter_baseIPhET_S1_
FNDA:8,_ZSt12__miter_baseIN9__gnu_cxx17__normal_iteratorIPKcNSt7__cxx1112basic_stringIcSt11char_traitsIcESaIcEEEEEET_SB_
FNDA:4,_ZSt12__miter_baseIN9__gnu_cxx17__normal_iteratorIPKcSt6vectorIcSaIcEEEEET_S8_
FNDA:104,_ZSt12__miter_baseIN9__gnu_cxx17__normal_iteratorIPKhSt6vectorIhSaIhEEEEET_S8_
FNDA:24,_ZSt12__miter_baseIN9__gnu_cxx17__normal_iteratorIPcNSt7__cxx1112basic_stringIcSt11char_traitsIcESaIcEEEEEET_SA_
FNDA:12,_ZSt12__miter_baseIN9__gnu_cxx17__normal_iteratorIPhSt6vectorIhSaIhEEEEET_S7_
FNDA:12,_ZSt12__miter_baseIPKhET_S2_
FNDA:4,_ZSt12__miter_baseIPhET_S1_
FNF:7
FNH:7
DA:607,168
DA:608,168
LF:2
LH:2
end_of_record
TN:
SF:/usr/include/c++/13/bits/functional_hash.h
FN:204,206,_ZNSt10_Hash_impl4hashEPKvmm
FNDA:0,_ZNSt10_Hash_impl4hashEPKvmm
FNF:1
FNH:0
DA:204,0
DA:206,0
LF:2
LH:0
end_of_record
TN:
SF:/usr/include/c++/13/bits/hashtable.h
FN:1595,1610,_ZNSt10_HashtableINSt7__cxx1112basic_stringIcSt11char_traitsIcESaIcEEESt4pairIKS5_S5_ESaIS8_ENSt8__detail10_Select1stESt8equal_toIS5_ESt4hashIS5_ENSA_18_Mod_range_hashingENSA_20_Default_ranged_hashENSA_20_Prime_rehash_policyENSA_17_Hashtable_traitsILb1ELb0ELb1EEEED2Ev
FN:1948,1970,_ZNKSt10_HashtableINSt7__cxx1112basic_stringIcSt11char_traitsIcESaIcEEESt4pairIKS5_S5_ESaIS8_ENSt8__detail10_Select1stESt8equal_toIS5_ESt4hashIS5_ENSA_18_Mod_range_hashingENSA_20_Default_ranged_hashENSA_20_Prime_rehash_policyENSA_17_Hashtable_traitsILb1ELb0ELb1EEEE19_M_find_before_nodeEmRS7_m
FN:2007,2033,_ZNSt10_HashtableINSt7__cxx1112basic_stringIcSt11char_traitsIcESaIcEEESt4pairIKS5_S5_ESaIS8_ENSt8__detail10_Select1stESt8equal_toIS5_ESt4hashIS5_ENSA_18_Mod_range_hashingENSA_20_Default_ranged_hashENSA_20_Prime_rehash_policyENSA_17_Hashtable_traitsILb1ELb0ELb1EEEE22_M_insert_bucket_beginEmPNSA_10_Hash_nodeIS8_Lb1EEE
FN:2166,2189,_ZNSt10_HashtableINSt7__cxx1112basic_stringIcSt11char_traitsIcESaIcEEESt4pairIKS5_S5_ESaIS8_ENSt8__detail10_Select1stESt8equal_toIS5_ESt4hashIS5_ENSA_18_Mod_range_hashingENSA_20_Default_ranged_hashENSA_20_Prime_rehash_policyENSA_17_Hashtable_traitsILb1ELb0ELb1EEEE21_M_insert_unique_nodeEmmPNSA_10_Hash_nodeIS8_Lb1EEEm
FN:2520,2529,_ZNSt10_HashtableINSt7__cxx1112basic_stringIcSt11char_traitsIcESaIcEEESt4pairIKS5_S5_ESaIS8_ENSt8__detail10_Select1stESt8equal_toIS5_ESt4hashIS5_ENSA_18_Mod_range_hashingENSA_20_Default_ranged_hashENSA_20_Prime_rehash_policyENSA_17_Hashtable_traitsILb1ELb0ELb1EEEE5clearEv
FN:2559,2574,_ZNSt10_HashtableINSt7__cxx1112basic_stringIcSt11char_traitsIcESaIcEEESt4pairIKS5_S5_ESaIS8_ENSt8__detail10_Select1stESt8equal_toIS5_ESt4hashIS5_ENSA_18_Mod_range_hashingENSA_20_Default_ranged_hashENSA_20_Prime_rehash_policyENSA_17_Hashtable_traitsILb1ELb0ELb1EEEE9_M_rehashEmRKm
FN:2582,2616,_ZNSt10_HashtableINSt7__cxx1112basic_stringIcSt11char_traitsIcESaIcEEESt4pairIKS5_S5_ESaIS8_ENSt8__detail10_Select1stESt8equal_toIS5_ESt4hashIS5_ENSA_18_Mod_range_hashingENSA_20_Default_ranged_hashENSA_20_Prime_rehash_policyENSA_17_Hashtable_traitsILb1ELb0ELb1EEEE13_M_rehash_auxEmSt17integral_constantIbLb1EE
FN:305,308,_ZNSt10_HashtableINSt7__cxx1112basic_stringIcSt11char_traitsIcESaIcEEESt4pairIKS5_S5_ESaIS8_ENSt8__detail10_Select1stESt8equal_toIS5_ESt4hashIS5_ENSA_18_Mod_range_hashingENSA_20_Default_ranged_hashENSA_20_Prime_rehash_policyENSA_17_Hashtable_traitsILb1ELb0ELb1EEEE12_Scoped_nodeC2IJRKSt21piecewise_construct_tSt5tupleIJRS7_EESR_IJEEEEEPNSA_16_Hashtable_allocISaINSA_10_Hash_nodeIS8_Lb1EEEEEEDpOT_
FN:311,311,_ZNSt10_HashtableINSt7__cxx1112basic_stringIcSt11char_traitsIcESaIcEEESt4pairIKS5_S5_ESaIS8_ENSt8__detail10_Select1stESt8equal_toIS5_ESt4hashIS5_ENSA_18_Mod_range_hashingENSA_20_Default_ranged_hashENSA_20_Prime_rehash_policyENSA_17_Hashtable_traitsILb1ELb0ELb1EEEE12_Scoped_nodeD2Ev
FN:416,417,_ZNKSt10_HashtableINSt7__cxx1112basic_stringIcSt11char_traitsIcESaIcEEESt4pairIKS5_S5_ESaIS8_ENSt8__detail10_Select1stESt8equal_toIS5_ESt4hashIS5_ENSA_18_Mod_range_hashingENSA_20_Default_ranged_hashENSA_20_Prime_rehash_policyENSA_17_Hashtable_traitsILb1ELb0ELb1EEEE21_M_uses_single_bucketEPPNSA_15_Hash_node_baseE
FN:434,443,_ZNSt10_HashtableINSt7__cxx1112basic_stringIcSt11char_traitsIcESaIcEEESt4pairIKS5_S5_ESaIS8_ENSt8__detail10_Select1stESt8equal_toIS5_ESt4hashIS5_ENSA_18_Mod_range_hashingENSA_20_Default_ranged_hashENSA_20_Prime_rehash_policyENSA_17_Hashtable_traitsILb1ELb0ELb1EEEE19_M_allocate_bucketsEm
FN:446,452,_ZNSt10_HashtableINSt7__cxx1112basic_stringIcSt11char_traitsIcESaIcEEESt4pairIKS5_S5_ESaIS8_ENSt8__detail10_Select1stESt8equal_toIS5_ESt4hashIS5_ENSA_18_Mod_range_hashingENSA_20_Default_ranged_hashENSA_20_Prime_rehash_policyENSA_17_Hashtable_traitsILb1ELb0ELb1EEEE21_M_deallocate_bucketsEPPNSA_15_Hash_node_baseEm
FN:455,456,_ZNSt10_HashtableINSt7__cxx1112basic_stringIcSt11char_traitsIcESaIcEEESt4pairIKS5_S5_ESaIS8_ENSt8__detail10_Select1stESt8equal_toIS5_ESt4hashIS5_ENSA_18_Mod_range_hashingENSA_20_Default_ranged_hashENSA_20_Prime_rehash_policyENSA_17_Hashtable_traitsILb1ELb0ELb1EEEE21_M_deallocate_bucketsEv
FN:464,465,_ZNKSt10_HashtableINSt7__cxx1112basic_stringIcSt11char_traitsIcESaIcEEESt4pairIKS5_S5_ESaIS8_ENSt8__detail10_Select1stESt8equal_toIS5_ESt4hashIS5_ENSA_18_Mod_range_hashingENSA_20_Default_ranged_hashENSA_20_Prime_rehash_policyENSA_17_Hashtable_traitsILb1ELb0ELb1EEEE8_M_beginEv
FN:530,530,_ZNSt10_HashtableINSt7__cxx1112basic_stringIcSt11char_traitsIcESaIcEEESt4pairIKS5_S5_ESaIS8_ENSt8__detail10_Select1stESt8equal_toIS5_ESt4hashIS5_ENSA_18_Mod_range_hashingENSA_20_Default_ranged_hashENSA_20_Prime_rehash_policyENSA_17_Hashtable_traitsILb1ELb0ELb1EEEEC2Ev
FN:792,793,_ZNKSt10_HashtableINSt7__cxx1112basic_stringIcSt11char_traitsIcESaIcEEESt4pairIKS5_S5_ESaIS8_ENSt8__detail10_Select1stESt8equal_toIS5_ESt4hashIS5_ENSA_18_Mod_range_hashingENSA_20_Default_ranged_hashENSA_20_Prime_rehash_policyENSA_17_Hashtable_traitsILb1ELb0ELb1EEEE15_M_bucket_indexERKNSA_16_Hash_node_valueIS8_Lb1EEE
FN:796,797,_ZNKSt10_HashtableINSt7__cxx1112basic_stringIcSt11char_traitsIcESaIcEEESt4pairIKS5_S5_ESaIS8_ENSt8__detail10_Select1stESt8equal_toIS5_ESt4hashIS5_ENSA_18_Mod_range_hashingENSA_20_Default_ranged_hashENSA_20_Prime_rehash_policyENSA_17_Hashtable_traitsILb1ELb0ELb1EEEE15_M_bucket_indexEm
FN:812,819,_ZNKSt10_HashtableINSt7__cxx1112basic_stringIcSt11char_traitsIcESaIcEEESt4pairIKS5_S5_ESaIS8_ENSt8__detail10_Select1stESt8equal_toIS5_ESt4hashIS5_ENSA_18_Mod_range_hashingENSA_20_Default_ranged_hashENSA_20_Prime_rehash_policyENSA_17_Hashtable_traitsILb1ELb0ELb1EEEE12_M_find_nodeEmRS7_m
FNDA:0,_ZNSt10_HashtableINSt7__cxx1112basic_stringIcSt11char_traitsIcESaIcEEESt4pairIKS5_S5_ESaIS8_ENSt8__detail10_Select1stESt8equal_toIS5_ESt4hashIS5_ENSA_18_Mod_range_hashingENSA_20_Default_ranged_hashENSA_20_Prime_rehash_policyENSA_17_Hashtable_traitsILb1ELb0ELb1EEEED2Ev
FNDA:0,_ZNKSt10_HashtableINSt7__cxx1112basic_stringIcSt11char_traitsIcESaIcEEESt4pairIKS5_S5_ESaIS8_ENSt8__detail10_Select1stESt8equal_toIS5_ESt4hashIS5_ENSA_18_Mod_range_hashingENSA_20_Default_ranged_hashENSA_20_Prime_rehash_policyENSA_17_Hashtable_traitsILb1ELb0ELb1EEEE19_M_find_before_nodeEmRS7_m
FNDA:0,_ZNSt10_HashtableINSt7__cxx1112basic_stringIcSt11char_traitsIcESaIcEEESt4pairIKS5_S5_ESaIS8_ENSt8__detail10_Select1stESt8equal_toIS5_ESt4hashIS5_ENSA_18_Mod_range_hashingENSA_20_Default_ranged_hashENSA_20_Prime_rehash_policyENSA_17_Hashtable_traitsILb1ELb0ELb1EEEE22_M_insert_bucket_beginEmPNSA_10_Hash_nodeIS8_Lb1EEE
[...]
FNDA:41,_ZNSt10_Head_baseILm0EPN5sqlcc10sql_parser9StatementELb0EE7_M_headERS4_
FNDA:184,_ZNSt10_Head_baseILm0EPNSt7__cxx1112basic_stringIcSt11char_traitsIcESaIcEEELb0EE7_M_headERS7_
FNDA:0,_ZNSt10_Head_baseILm0EPNSt7__cxx1118basic_stringstreamIcSt11char_traitsIcESaIcEEELb0EE7_M_headERS7_
FNDA:0,_ZNSt10_Head_baseILm0ERKNSt7__cxx1112basic_stringIcSt11char_traitsIcESaIcEEELb0EE7_M_headERS8_
FNDA:0,_ZNSt10_Head_baseILm0EPN5sqlcc10sql_parser13ShowStatementELb0EE7_M_headERKS4_
FNDA:14,_ZNSt10_Head_baseILm0EPN5sqlcc10sql_parser14GrantStatementELb0EE7_M_headERKS4_
FNDA:1,_ZNSt10_Head_baseILm0EPN5sqlcc10sql_parser15CreateStatementELb0EE7_M_headERKS4_
FNDA:0,_ZNSt10_Head_baseILm0EPN5sqlcc10sql_parser15DeleteStatementELb0EE7_M_headERKS4_
FNDA:0,_ZNSt10_Head_baseILm0EPN5sqlcc10sql_parser15InsertStatementELb0EE7_M_headERKS4_
FNDA:14,_ZNSt10_Head_baseILm0EPN5sqlcc10sql_parser15RevokeStatementELb0EE7_M_headERKS4_
FNDA:0,_ZNSt10_Head_baseILm0EPN5sqlcc10sql_parser15SelectStatementELb0EE7_M_headERKS4_
FNDA:0,_ZNSt10_Head_baseILm0EPN5sqlcc10sql_parser15UpdateStatementELb0EE7_M_headERKS4_
FNDA:2,_ZNSt10_Head_baseILm0EPN5sqlcc10sql_parser17DropUserStatementELb0EE7_M_headERKS4_
FNDA:0,_ZNSt10_Head_baseILm0EPN5sqlcc10sql_parser18DropIndexStatementELb0EE7_M_headERKS4_
FNDA:2,_ZNSt10_Head_baseILm0EPN5sqlcc10sql_parser19CreateUserStatementELb0EE7_M_headERKS4_
FNDA:0,_ZNSt10_Head_baseILm0EPN5sqlcc10sql_parser20CreateIndexStatementELb0EE7_M_headERKS4_
FNDA:26,_ZNSt10_Head_baseILm0EPN5sqlcc10sql_parser9StatementELb0EE7_M_headERKS4_
FNDA:0,_ZNSt10_Head_baseILm0EPNSt7__cxx1112basic_stringIcSt11char_traitsIcESaIcEEELb0EE7_M_headERKS7_
FNDA:0,_ZNSt10_Head_baseILm0EPNSt7__cxx1118basic_stringstreamIcSt11char_traitsIcESaIcEEELb0EE7_M_headERKS7_
FNDA:0,_ZNSt11_Tuple_implILm0EJPN5sqlcc10sql_parser12UseStatementESt14default_deleteIS2_EEE7_M_headERS6_
FNDA:0,_ZNSt11_Tuple_implILm0EJPN5sqlcc10sql_parser13DropStatementESt14default_deleteIS2_EEE7_M_headERS6_
FNDA:0,_ZNSt11_Tuple_implILm0EJPN5sqlcc10sql_parser13ShowStatementESt14default_deleteIS2_EEE7_M_headERS6_
FNDA:6,_ZNSt11_Tuple_implILm0EJPN5sqlcc10sql_parser14AlterStatementESt14default_deleteIS2_EEE7_M_headERS6_
FNDA:12,_ZNSt11_Tuple_implILm0EJPN5sqlcc10sql_parser14GrantStatementESt14default_deleteIS2_EEE7_M_headERS6_
FNDA:12,_ZNSt11_Tuple_implILm0EJPN5sqlcc10sql_parser15CreateStatementESt14default_deleteIS2_EEE7_M_headERS6_
FNDA:0,_ZNSt11_Tuple_implILm0EJPN5sqlcc10sql_parser15DeleteStatementESt14default_deleteIS2_EEE7_M_headERS6_
FNDA:0,_ZNSt11_Tuple_implILm0EJPN5sqlcc10sql_parser15InsertStatementESt14default_deleteIS2_EEE7_M_headERS6_
FNDA:12,_ZNSt11_Tuple_implILm0EJPN5sqlcc10sql_parser15RevokeStatementESt14default_deleteIS2_EEE7_M_headERS6_
FNDA:0,_ZNSt11_Tuple_implILm0EJPN5sqlcc10sql_parser15SelectStatementESt14default_deleteIS2_EEE7_M_headERS6_
FNDA:0,_ZNSt11_Tuple_implILm0EJPN5sqlcc10sql_parser15UpdateStatementESt14default_deleteIS2_EEE7_M_headERS6_
FNDA:8,_ZNSt11_Tuple_implILm0EJPN5sqlcc10sql_parser17DropUserStatementESt14default_deleteIS2_EEE7_M_headERS6_
FNDA:0,_ZNSt11_Tuple_implILm0EJPN5sqlcc10sql_parser18DropIndexStatementESt14default_deleteIS2_EEE7_M_headERS6_
FNDA:8,_ZNSt11_Tuple_implILm0EJPN5sqlcc10sql_parser19CreateUserStatementESt14default_deleteIS2_EEE7_M_headERS6_
FNDA:0,_ZNSt11_Tuple_implILm0EJPN5sqlcc10sql_parser20CreateIndexStatementESt14default_deleteIS2_EEE7_M_headERS6_
FNDA:41,_ZNSt11_Tuple_implILm0EJPN5sqlcc10sql_parser9StatementESt14default_deleteIS2_EEE7_M_headERS6_
FNDA:184,_ZNSt11_Tuple_implILm0EJPNSt7__cxx1112basic_stringIcSt11char_traitsIcESaIcEEESt14default_deleteIS5_EEE7_M_headERS9_
FNDA:0,_ZNSt11_Tuple_implILm0EJPNSt7__cxx1118basic_stringstreamIcSt11char_traitsIcESaIcEEESt14default_deleteIS5_EEE7_M_headERS9_
FNDA:0,_ZNSt11_Tuple_implILm0EJPN5sqlcc10sql_parser13ShowStatementESt14default_deleteIS2_EEE7_M_headERKS6_
FNDA:14,_ZNSt11_Tuple_implILm0EJPN5sqlcc10sql_parser14GrantStatementESt14default_deleteIS2_EEE7_M_headERKS6_
FNDA:1,_ZNSt11_Tuple_implILm0EJPN5sqlcc10sql_parser15CreateStatementESt14default_deleteIS2_EEE7_M_headERKS6_
FNDA:0,_ZNSt11_Tuple_implILm0EJPN5sqlcc10sql_parser15DeleteStatementESt14default_deleteIS2_EEE7_M_headERKS6_
FNDA:0,_ZNSt11_Tuple_implILm0EJPN5sqlcc10sql_parser15InsertStatementESt14default_deleteIS2_EEE7_M_headERKS6_
FNDA:14,_ZNSt11_Tuple_implILm0EJPN5sqlcc10sql_parser15RevokeStatementESt14default_deleteIS2_EEE7_M_headERKS6_
FNDA:0,_ZNSt11_Tuple_implILm0EJPN5sqlcc10sql_parser15SelectStatementESt14default_deleteIS2_EEE7_M_headERKS6_
FNDA:0,_ZNSt11_Tuple_implILm0EJPN5sqlcc10sql_parser15UpdateStatementESt14default_deleteIS2_EEE7_M_headERKS6_
FNDA:2,_ZNSt11_Tuple_implILm0EJPN5sqlcc10sql_parser17DropUserStatementESt14default_deleteIS2_EEE7_M_headERKS6_
FNDA:0,_ZNSt11_Tuple_implILm0EJPN5sqlcc10sql_parser18DropIndexStatementESt14default_deleteIS2_EEE7_M_headERKS6_
FNDA:2,_ZNSt11_Tuple_implILm0EJPN5sqlcc10sql_parser19CreateUserStatementESt14default_deleteIS2_EEE7_M_headERKS6_
FNDA:0,_ZNSt11_Tuple_implILm0EJPN5sqlcc10sql_parser20CreateIndexStatementESt14default_deleteIS2_EEE7_M_headERKS6_
FNDA:26,_ZNSt11_Tuple_implILm0EJPN5sqlcc10sql_parser9StatementESt14default_deleteIS2_EEE7_M_headERKS6_
FNDA:0,_ZNSt11_Tuple_implILm0EJPNSt7__cxx1112basic_stringIcSt11char_traitsIcESaIcEEESt14default_deleteIS5_EEE7_M_headERKS9_
FNDA:0,_ZNSt11_Tuple_implILm0EJPNSt7__cxx1118basic_stringstreamIcSt11char_traitsIcESaIcEEESt14default_deleteIS5_EEE7_M_headERKS9_
FNDA:0,_ZNSt11_Tuple_implILm0EJPN5sqlcc10sql_parser12UseStatementESt14default_deleteIS2_EEEC2Ev
FNDA:0,_ZNSt11_Tuple_implILm0EJPN5sqlcc10sql_parser13DropStatementESt14default_deleteIS2_EEEC2Ev
FNDA:0,_ZNSt11_Tuple_implILm0EJPN5sqlcc10sql_parser13ShowStatementESt14default_deleteIS2_EEEC2Ev
FNDA:1,_ZNSt11_Tuple_implILm0EJPN5sqlcc10sql_parser14AlterStatementESt14default_deleteIS2_EEEC2Ev
FNDA:3,_ZNSt11_Tuple_implILm0EJPN5sqlcc10sql_parser14GrantStatementESt14default_deleteIS2_EEEC2Ev
FNDA:2,_ZNSt11_Tuple_implILm0EJPN5sqlcc10sql_parser15CreateStatementESt14default_deleteIS2_EEEC2Ev
FNDA:0,_ZNSt11_Tuple_implILm0EJPN5sqlcc10sql_parser15DeleteStatementESt14default_deleteIS2_EEEC2Ev
FNDA:0,_ZNSt11_Tuple_implILm0EJPN5sqlcc10sql_parser15InsertStatementESt14default_deleteIS2_EEEC2Ev
FNDA:3,_ZNSt11_Tuple_implILm0EJPN5sqlcc10sql_parser15RevokeStatementESt14default_deleteIS2_EEEC2Ev
FNDA:0,_ZNSt11_Tuple_implILm0EJPN5sqlcc10sql_parser15SelectStatementESt14default_deleteIS2_EEEC2Ev
FNDA:0,_ZNSt11_Tuple_implILm0EJPN5sqlcc10sql_parser15UpdateStatementESt14default_deleteIS2_EEEC2Ev
FNDA:2,_ZNSt11_Tuple_implILm0EJPN5sqlcc10sql_parser17DropUserStatementESt14default_deleteIS2_EEEC2Ev
FNDA:0,_ZNSt11_Tuple_implILm0EJPN5sqlcc10sql_parser18DropIndexStatementESt14default_deleteIS2_EEEC2Ev
FNDA:2,_ZNSt11_Tuple_implILm0EJPN5sqlcc10sql_parser19CreateUserStatementESt14default_deleteIS2_EEEC2Ev
FNDA:0,_ZNSt11_Tuple_implILm0EJPN5sqlcc10sql_parser20CreateIndexStatementESt14default_deleteIS2_EEEC2Ev
FNDA:2,_ZNSt11_Tuple_implILm0EJPN5sqlcc10sql_parser9StatementESt14default_deleteIS2_EEEC2Ev
FNDA:59,_ZNSt11_Tuple_implILm0EJPNSt7__cxx1112basic_stringIcSt11char_traitsIcESaIcEEESt14default_deleteIS5_EEEC2Ev
FNDA:0,_ZNSt11_Tuple_implILm0EJPN5sqlcc10sql_parser9StatementESt14default_deleteIS2_EEEC2IRS3_JS4_INS1_12UseStatementEEEvEEOT_DpOT0_
FNDA:0,_ZNSt11_Tuple_implILm0EJPN5sqlcc10sql_parser9StatementESt14default_deleteIS2_EEEC2IRS3_JS4_INS1_13ShowStatementEEEvEEOT_DpOT0_
FNDA:1,_ZNSt11_Tuple_implILm0EJPN5sqlcc10sql_parser9StatementESt14default_deleteIS2_EEEC2IRS3_JS4_INS1_14AlterStatementEEEvEEOT_DpOT0_
FNDA:3,_ZNSt11_Tuple_implILm0EJPN5sqlcc10sql_parser9StatementESt14default_deleteIS2_EEEC2IRS3_JS4_INS1_14GrantStatementEEEvEEOT_DpOT0_
FNDA:0,_ZNSt11_Tuple_implILm0EJPN5sqlcc10sql_parser9StatementESt14default_deleteIS2_EEEC2IRS3_JS4_INS1_15DeleteStatementEEEvEEOT_DpOT0_
FNDA:0,_ZNSt11_Tuple_implILm0EJPN5sqlcc10sql_parser9StatementESt14default_deleteIS2_EEEC2IRS3_JS4_INS1_15InsertStatementEEEvEEOT_DpOT0_
FNDA:3,_ZNSt11_Tuple_implILm0EJPN5sqlcc10sql_parser9StatementESt14default_deleteIS2_EEEC2IRS3_JS4_INS1_15RevokeStatementEEEvEEOT_DpOT0_
FNDA:0,_ZNSt11_Tuple_implILm0EJPN5sqlcc10sql_parser9StatementESt14default_deleteIS2_EEEC2IRS3_JS4_INS1_15SelectStatementEEEvEEOT_DpOT0_
FNDA:0,_ZNSt11_Tuple_implILm0EJPN5sqlcc10sql_parser9StatementESt14default_deleteIS2_EEEC2IRS3_JS4_INS1_15UpdateStatementEEEvEEOT_DpOT0_
FNDA:2,_ZNSt11_Tuple_implILm0EJPN5sqlcc10sql_parser9StatementESt14default_deleteIS2_EEEC2IRS3_JS4_INS1_17DropUserStatementEEEvEEOT_DpOT0_
FNDA:2,_ZNSt11_Tuple_implILm0EJPN5sqlcc10sql_parser9StatementESt14default_deleteIS2_EEEC2IRS3_JS4_INS1_19CreateUserStatementEEEvEEOT_DpOT0_
FNDA:0,_ZNSt11_Tuple_implILm0EJPN5sqlcc10sql_parser12UseStatementESt14default_deleteIS2_EEEC2EOS6_
FNDA:0,_ZNSt11_Tuple_implILm0EJPN5sqlcc10sql_parser13DropStatementESt14default_deleteIS2_EEEC2EOS6_
FNDA:1,_ZNSt11_Tuple_implILm0EJPN5sqlcc10sql_parser14AlterStatementESt14default_deleteIS2_EEEC2EOS6_
FNDA:2,_ZNSt11_Tuple_implILm0EJPN5sqlcc10sql_parser15CreateStatementESt14default_deleteIS2_EEEC2EOS6_
FNDA:0,_ZNSt11_Tuple_implILm0EJPN5sqlcc10sql_parser15DeleteStatementESt14default_deleteIS2_EEEC2EOS6_
FNDA:0,_ZNSt11_Tuple_implILm0EJPN5sqlcc10sql_parser15InsertStatementESt14default_deleteIS2_EEEC2EOS6_
FNDA:0,_ZNSt11_Tuple_implILm0EJPN5sqlcc10sql_parser15UpdateStatementESt14default_deleteIS2_EEEC2EOS6_
FNDA:0,_ZNSt11_Tuple_implILm0EJPN5sqlcc10sql_parser18DropIndexStatementESt14default_deleteIS2_EEEC2EOS6_
FNDA:0,_ZNSt11_Tuple_implILm0EJPN5sqlcc10sql_parser20CreateIndexStatementESt14default_deleteIS2_EEEC2EOS6_
FNDA:13,_ZNSt11_Tuple_implILm0EJPN5sqlcc10sql_parser9StatementESt14default_deleteIS2_EEEC2EOS6_
FNDA:0,_ZNSt11_Tuple_implILm0EJRKNSt7__cxx1112basic_stringIcSt11char_traitsIcESaIcEEEEE7_M_headERS8_
FNDA:0,_ZNSt11_Tuple_implILm1EJSt14default_deleteIN5sqlcc10sql_parser12UseStatementEEEE7_M_headERS5_
FNDA:0,_ZNSt11_Tuple_implILm1EJSt14default_deleteIN5sqlcc10sql_parser13DropStatementEEEE7_M_headERS5_
FNDA:0,_ZNSt11_Tuple_implILm1EJSt14default_deleteIN5sqlcc10sql_parser13ShowStatementEEEE7_M_headERS5_
FNDA:1,_ZNSt11_Tuple_implILm1EJSt14default_deleteIN5sqlcc10sql_parser14AlterStatementEEEE7_M_headERS5_
FNDA:3,_ZNSt11_Tuple_implILm1EJSt14default_deleteIN5sqlcc10sql_parser14GrantStatementEEEE7_M_headERS5_
FNDA:0,_ZNSt11_Tuple_implILm1EJSt14default_deleteIN5sqlcc10sql_parser15CreateStatementEEEE7_M_headERS5_
FNDA:0,_ZNSt11_Tuple_implILm1EJSt14default_deleteIN5sqlcc10sql_parser15DeleteStatementEEEE7_M_headERS5_
FNDA:0,_ZNSt11_Tuple_implILm1EJSt14default_deleteIN5sqlcc10sql_parser15InsertStatementEEEE7_M_headERS5_
FNDA:3,_ZNSt11_Tuple_implILm1EJSt14default_deleteIN5sqlcc10sql_parser15RevokeStatementEEEE7_M_headERS5_
FNDA:0,_ZNSt11_Tuple_implILm1EJSt14default_deleteIN5sqlcc10sql_parser15SelectStatementEEEE7_M_headERS5_
FNDA:0,_ZNSt11_Tuple_implILm1EJSt14default_deleteIN5sqlcc10sql_parser15UpdateStatementEEEE7_M_headERS5_
FNDA:2,_ZNSt11_Tuple_implILm1EJSt14default_deleteIN5sqlcc10sql_parser17DropUserStatementEEEE7_M_headERS5_
FNDA:0,_ZNSt11_Tuple_implILm1EJSt14default_deleteIN5sqlcc10sql_parser18DropIndexStatementEEEE7_M_headERS5_
FNDA:2,_ZNSt11_Tuple_implILm1EJSt14default_deleteIN5sqlcc10sql_parser19CreateUserStatementEEEE7_M_headERS5_
FNDA:0,_ZNSt11_Tuple_implILm1EJSt14default_deleteIN5sqlcc10sql_parser20CreateIndexStatementEEEE7_M_headERS5_
FNDA:13,_ZNSt11_Tuple_implILm1EJSt14default_deleteIN5sqlcc10sql_parser9StatementEEEE7_M_headERS5_
FNDA:0,_ZNSt11_Tuple_implILm1EJSt14default_deleteINSt7__cxx1112basic_stringIcSt11char_traitsIcESaIcEEEEEE7_M_headERS8_
FNDA:0,_ZNSt11_Tuple_implILm1EJSt14default_deleteINSt7__cxx1118basic_stringstreamIcSt11char_traitsIcESaIcEEEEEE7_M_headERS8_
FNDA:0,_ZNSt11_Tuple_implILm1EJSt14default_deleteIN5sqlcc10sql_parser12UseStatementEEEEC2Ev
FNDA:0,_ZNSt11_Tuple_implILm1EJSt14default_deleteIN5sqlcc10sql_parser13DropStatementEEEEC2Ev
FNDA:0,_ZNSt11_Tuple_implILm1EJSt14default_deleteIN5sqlcc10sql_parser13ShowStatementEEEEC2Ev
FNDA:1,_ZNSt11_Tuple_implILm1EJSt14default_deleteIN5sqlcc10sql_parser14AlterStatementEEEEC2Ev
FNDA:3,_ZNSt11_Tuple_implILm1EJSt14default_deleteIN5sqlcc10sql_parser14GrantStatementEEEEC2Ev
FNDA:2,_ZNSt11_Tuple_implILm1EJSt14default_deleteIN5sqlcc10sql_parser15CreateStatementEEEEC2Ev
FNDA:0,_ZNSt11_Tuple_implILm1EJSt14default_deleteIN5sqlcc10sql_parser15DeleteStatementEEEEC2Ev
FNDA:0,_ZNSt11_Tuple_implILm1EJSt14default_deleteIN5sqlcc10sql_parser15InsertStatementEEEEC2Ev
FNDA:3,_ZNSt11_Tuple_implILm1EJSt14default_deleteIN5sqlcc10sql_parser15RevokeStatementEEEEC2Ev
FNDA:0,_ZNSt11_Tuple_implILm1EJSt14default_deleteIN5sqlcc10sql_parser15SelectStatementEEEEC2Ev
FNDA:0,_ZNSt11_Tuple_implILm1EJSt14default_deleteIN5sqlcc10sql_parser15UpdateStatementEEEEC2Ev
FNDA:2,_ZNSt11_Tuple_implILm1EJSt14default_deleteIN5sqlcc10sql_parser17DropUserStatementEEEEC2Ev
FNDA:0,_ZNSt11_Tuple_implILm1EJSt14default_deleteIN5sqlcc10sql_parser18DropIndexStatementEEEEC2Ev
FNDA:2,_ZNSt11_Tuple_implILm1EJSt14default_deleteIN5sqlcc10sql_parser19CreateUserStatementEEEEC2Ev
FNDA:0,_ZNSt11_Tuple_implILm1EJSt14default_deleteIN5sqlcc10sql_parser20CreateIndexStatementEEEEC2Ev
FNDA:2,_ZNSt11_Tuple_implILm1EJSt14default_deleteIN5sqlcc10sql_parser9StatementEEEEC2Ev
FNDA:59,_ZNSt11_Tuple_implILm1EJSt14default_deleteINSt7__cxx1112basic_stringIcSt11char_traitsIcESaIcEEEEEEC2Ev
FNDA:0,_ZNSt11_Tuple_implILm0EJRKNSt7__cxx1112basic_stringIcSt11char_traitsIcESaIcEEEEEC2ES7_
FNDA:0,_ZNSt11_Tuple_implILm1EJSt14default_deleteIN5sqlcc10sql_parser9StatementEEEEC2IS0_INS2_12UseStatementEEEEOT_
FNDA:0,_ZNSt11_Tuple_implILm1EJSt14default_deleteIN5sqlcc10sql_parser9StatementEEEEC2IS0_INS2_13ShowStatementEEEEOT_
FNDA:1,_ZNSt11_Tuple_implILm1EJSt14default_deleteIN5sqlcc10sql_parser9StatementEEEEC2IS0_INS2_14AlterStatementEEEEOT_
FNDA:3,_ZNSt11_Tuple_implILm1EJSt14default_deleteIN5sqlcc10sql_parser9StatementEEEEC2IS0_INS2_14GrantStatementEEEEOT_
FNDA:0,_ZNSt11_Tuple_implILm1EJSt14default_deleteIN5sqlcc10sql_parser9StatementEEEEC2IS0_INS2_15DeleteStatementEEEEOT_
FNDA:0,_ZNSt11_Tuple_implILm1EJSt14default_deleteIN5sqlcc10sql_parser9StatementEEEEC2IS0_INS2_15InsertStatementEEEEOT_
FNDA:3,_ZNSt11_Tuple_implILm1EJSt14default_deleteIN5sqlcc10sql_parser9StatementEEEEC2IS0_INS2_15RevokeStatementEEEEOT_
FNDA:0,_ZNSt11_Tuple_implILm1EJSt14default_deleteIN5sqlcc10sql_parser9StatementEEEEC2IS0_INS2_15SelectStatementEEEEOT_
FNDA:0,_ZNSt11_Tuple_implILm1EJSt14default_deleteIN5sqlcc10sql_parser9StatementEEEEC2IS0_INS2_15UpdateStatementEEEEOT_
FNDA:2,_ZNSt11_Tuple_implILm1EJSt14default_deleteIN5sqlcc10sql_parser9StatementEEEEC2IS0_INS2_17DropUserStatementEEEEOT_
FNDA:2,_ZNSt11_Tuple_implILm1EJSt14default_deleteIN5sqlcc10sql_parser9StatementEEEEC2IS0_INS2_19CreateUserStatementEEEEOT_
FNDA:0,_ZNSt11_Tuple_implILm0EJRKNSt7__cxx1112basic_stringIcSt11char_traitsIcESaIcEEEEEC2EOS8_
FNDA:0,_ZNSt11_Tuple_implILm1EJSt14default_deleteIN5sqlcc10sql_parser12UseStatementEEEEC2EOS5_
FNDA:0,_ZNSt11_Tuple_implILm1EJSt14default_deleteIN5sqlcc10sql_parser13DropStatementEEEEC2EOS5_
FNDA:1,_ZNSt11_Tuple_implILm1EJSt14default_deleteIN5sqlcc10sql_parser14AlterStatementEEEEC2EOS5_
FNDA:2,_ZNSt11_Tuple_implILm1EJSt14default_deleteIN5sqlcc10sql_parser15CreateStatementEEEEC2EOS5_
FNDA:0,_ZNSt11_Tuple_implILm1EJSt14default_deleteIN5sqlcc10sql_parser15DeleteStatementEEEEC2EOS5_
FNDA:0,_ZNSt11_Tuple_implILm1EJSt14default_deleteIN5sqlcc10sql_parser15InsertStatementEEEEC2EOS5_
FNDA:0,_ZNSt11_Tuple_implILm1EJSt14default_deleteIN5sqlcc10sql_parser15UpdateStatementEEEEC2EOS5_
FNDA:0,_ZNSt11_Tuple_implILm1EJSt14default_deleteIN5sqlcc10sql_parser18DropIndexStatementEEEEC2EOS5_
FNDA:0,_ZNSt11_Tuple_implILm1EJSt14default_deleteIN5sqlcc10sql_parser20CreateIndexStatementEEEEC2EOS5_
FNDA:13,_ZNSt11_Tuple_implILm1EJSt14default_deleteIN5sqlcc10sql_parser9StatementEEEEC2EOS5_
FNDA:0,_ZNSt10_Head_baseILm1ESt14default_deleteIN5sqlcc10sql_parser12UseStatementEELb1EEC2Ev
FNDA:0,_ZNSt10_Head_baseILm1ESt14default_deleteIN5sqlcc10sql_parser13DropStatementEELb1EEC2Ev
FNDA:0,_ZNSt10_Head_baseILm1ESt14default_deleteIN5sqlcc10sql_parser13ShowStatementEELb1EEC2Ev
FNDA:1,_ZNSt10_Head_baseILm1ESt14default_deleteIN5sqlcc10sql_parser14AlterStatementEELb1EEC2Ev
FNDA:3,_ZNSt10_Head_baseILm1ESt14default_deleteIN5sqlcc10sql_parser14GrantStatementEELb1EEC2Ev
FNDA:2,_ZNSt10_Head_baseILm1ESt14default_deleteIN5sqlcc10sql_parser15CreateStatementEELb1EEC2Ev
FNDA:0,_ZNSt10_Head_baseILm1ESt14default_deleteIN5sqlcc10sql_parser15DeleteStatementEELb1EEC2Ev
FNDA:0,_ZNSt10_Head_baseILm1ESt14default_deleteIN5sqlcc10sql_parser15InsertStatementEELb1EEC2Ev
FNDA:3,_ZNSt10_Head_baseILm1ESt14default_deleteIN5sqlcc10sql_parser15RevokeStatementEELb1EEC2Ev
FNDA:0,_ZNSt10_Head_baseILm1ESt14default_deleteIN5sqlcc10sql_parser15SelectStatementEELb1EEC2Ev
FNDA:0,_ZNSt10_Head_baseILm1ESt14default_deleteIN5sqlcc10sql_parser15UpdateStatementEELb1EEC2Ev
FNDA:2,_ZNSt10_Head_baseILm1ESt14default_deleteIN5sqlcc10sql_parser17DropUserStatementEELb1EEC2Ev
FNDA:0,_ZNSt10_Head_baseILm1ESt14default_deleteIN5sqlcc10sql_parser18DropIndexStatementEELb1EEC2Ev
FNDA:2,_ZNSt10_Head_baseILm1ESt14default_deleteIN5sqlcc10sql_parser19CreateUserStatementEELb1EEC2Ev
FNDA:0,_ZNSt10_Head_baseILm1ESt14default_deleteIN5sqlcc10sql_parser20CreateIndexStatementEELb1EEC2Ev
FNDA:2,_ZNSt10_Head_baseILm1ESt14default_deleteIN5sqlcc10sql_parser9StatementEELb1EEC2Ev
FNDA:59,_ZNSt10_Head_baseILm1ESt14default_deleteINSt7__cxx1112basic_stringIcSt11char_traitsIcESaIcEEEELb1EEC2Ev
FNDA:0,_ZNSt5tupleIJRKNSt7__cxx1112basic_stringIcSt11char_traitsIcESaIcEEEEEC2ILb1ELb1EEES7_
FNDA:0,_ZNSt5tupleIJRKNSt7__cxx1112basic_stringIcSt11char_traitsIcESaIcEEEEEC2EOS8_
FNDA:0,_ZNSt10_Head_baseILm1ESt14default_deleteIN5sqlcc10sql_parser9StatementEELb1EEC2IS0_INS2_12UseStatementEEEEOT_
FNDA:0,_ZNSt10_Head_baseILm1ESt14default_deleteIN5sqlcc10sql_parser9StatementEELb1EEC2IS0_INS2_13ShowStatementEEEEOT_
FNDA:1,_ZNSt10_Head_baseILm1ESt14default_deleteIN5sqlcc10sql_parser9StatementEELb1EEC2IS0_INS2_14AlterStatementEEEEOT_
FNDA:3,_ZNSt10_Head_baseILm1ESt14default_deleteIN5sqlcc10sql_parser9StatementEELb1EEC2IS0_INS2_14GrantStatementEEEEOT_
FNDA:0,_ZNSt10_Head_baseILm1ESt14default_deleteIN5sqlcc10sql_parser9StatementEELb1EEC2IS0_INS2_15DeleteStatementEEEEOT_
FNDA:0,_ZNSt10_Head_baseILm1ESt14default_deleteIN5sqlcc10sql_parser9StatementEELb1EEC2IS0_INS2_15InsertStatementEEEEOT_
FNDA:3,_ZNSt10_Head_baseILm1ESt14default_deleteIN5sqlcc10sql_parser9StatementEELb1EEC2IS0_INS2_15RevokeStatementEEEEOT_
FNDA:0,_ZNSt10_Head_baseILm1ESt14default_deleteIN5sqlcc10sql_parser9StatementEELb1EEC2IS0_INS2_15SelectStatementEEEEOT_
FNDA:0,_ZNSt10_Head_baseILm1ESt14default_deleteIN5sqlcc10sql_parser9StatementEELb1EEC2IS0_INS2_15UpdateStatementEEEEOT_
FNDA:2,_ZNSt10_Head_baseILm1ESt14default_deleteIN5sqlcc10sql_parser9StatementEELb1EEC2IS0_INS2_17DropUserStatementEEEEOT_
FNDA:2,_ZNSt10_Head_baseILm1ESt14default_deleteIN5sqlcc10sql_parser9StatementEELb1EEC2IS0_INS2_19CreateUserStatementEEEEOT_
FNF:375
FNH:150
DA:81,74
DA:82,74
DA:91,11
DA:92,11
DA:125,24
DA:190,74
DA:191,74
DA:193,0
DA:194,0
DA:200,11
DA:201,11
DA:234,283
DA:237,59
DA:269,283
DA:272,59
DA:280,74
DA:281,74
DA:291,11
DA:293,11
DA:294,11
DA:302,16
DA:497,24
DA:503,74
DA:504,74
DA:507,0
DA:508,0
DA:509,0
DA:513,11
DA:514,11
DA:515,11
DA:527,16
DA:529,0
DA:530,16
DA:874,0
DA:876,0
DA:903,0
DA:1317,74
DA:1319,74
DA:1345,11
DA:1347,11
DA:1358,16
DA:1787,307
DA:1788,307
DA:1792,59
DA:1793,59
DA:1803,307
DA:1804,307
DA:1809,59
DA:1810,59
DA:2252,0
DA:2257,0
DA:2258,0
DA:2264,0
DA:2267,0
DA:2268,0
DA:2269,0
LF:56
LH:40
end_of_record
TN:
SF:/usr/include/c++/13/typeinfo
FN:103,104,_ZNKSt9type_info4nameEv
FN:193,210,_ZNKSt9type_infoeqERKS_
FNDA:0,_ZNKSt9type_info4nameEv
FNDA:0,_ZNKSt9type_infoeqERKS_
FNF:2
FNH:0
DA:103,0
DA:104,0
DA:193,0
DA:195,0
DA:196,0
DA:198,0
DA:199,0
DA:206,0
LF:8
LH:0
end_of_record
TN:
SF:/usr/include/x86_64-linux-gnu/c++/13/bits/c++config.h
FN:540,551,_ZSt23__is_constant_evaluatedv
FNDA:3212,_ZSt23__is_constant_evaluatedv
FNF:1
FNH:1
DA:540,3212
DA:547,3212
LF:2
LH:2
end_of_record
