Start testing: Nov 10 20:22 CST
----------------------------------------------------------
1/12 Testing: storage_engine_test
1/12 Test: storage_engine_test
Command: "/home/liying/sqlcc/build-coverage/bin/storage_engine_test"
Directory: /home/liying/sqlcc/build-coverage/tests
"storage_engine_test" start time: Nov 10 20:22 CST
Output:
----------------------------------------------------------
[==========] Running 9 tests from 1 test suite.
[----------] Global test environment set-up.
[----------] 9 tests from StorageEngineTest
[ RUN      ] StorageEngineTest.InitializeStorageEngine
[2025-11-10 20:22:21.925] [INFO] Initializing StorageEngine with database file: test_db.db and pool size: 64
[2025-11-10 20:22:21.925] [INFO] Initializing DiskManager for database file: test_db.db
[2025-11-10 20:22:21.925] [INFO] Opened database file: test_db.db, file size: 0, next page ID: 0
[2025-11-10 20:22:21.925] [INFO] Initializing BufferPool with pool size: 64
[2025-11-10 20:22:21.925] [INFO] StorageEngine initialized successfully
[2025-11-10 20:22:21.925] [INFO] Destroying StorageEngine
[2025-11-10 20:22:21.925] [INFO] Flushing all pages
[2025-11-10 20:22:21.925] [INFO] Flushing all pages in buffer pool
[2025-11-10 20:22:21.925] [INFO] All pages flushed to disk
[2025-11-10 20:22:21.925] [INFO] All pages flushed successfully
[2025-11-10 20:22:21.925] [INFO] Destroying BufferPool
[2025-11-10 20:22:21.925] [INFO] Flushing all pages in buffer pool
[2025-11-10 20:22:21.925] [INFO] All pages flushed to disk
[2025-11-10 20:22:21.925] [INFO] Closing database file: test_db.db
[       OK ] StorageEngineTest.InitializeStorageEngine (0 ms)
[ RUN      ] StorageEngineTest.CreateNewPage
[2025-11-10 20:22:21.925] [INFO] Initializing StorageEngine with database file: test_db.db and pool size: 64
[2025-11-10 20:22:21.925] [INFO] Initializing DiskManager for database file: test_db.db
[2025-11-10 20:22:21.925] [INFO] Opened database file: test_db.db, file size: 0, next page ID: 0
[2025-11-10 20:22:21.925] [INFO] Initializing BufferPool with pool size: 64
[2025-11-10 20:22:21.925] [INFO] StorageEngine initialized successfully
[2025-11-10 20:22:21.925] [INFO] Destroying StorageEngine
[2025-11-10 20:22:21.925] [INFO] Flushing all pages
[2025-11-10 20:22:21.925] [INFO] Flushing all pages in buffer pool
[2025-11-10 20:22:21.925] [INFO] All pages flushed to disk
[2025-11-10 20:22:21.925] [INFO] All pages flushed successfully
[2025-11-10 20:22:21.925] [INFO] Destroying BufferPool
[2025-11-10 20:22:21.925] [INFO] Flushing all pages in buffer pool
[2025-11-10 20:22:21.925] [INFO] All pages flushed to disk
[2025-11-10 20:22:21.925] [INFO] Closing database file: test_db.db
[       OK ] StorageEngineTest.CreateNewPage (0 ms)
[ RUN      ] StorageEngineTest.FetchPage
[2025-11-10 20:22:21.925] [INFO] Initializing StorageEngine with database file: test_db.db and pool size: 64
[2025-11-10 20:22:21.925] [INFO] Initializing DiskManager for database file: test_db.db
[2025-11-10 20:22:21.925] [INFO] Opened database file: test_db.db, file size: 0, next page ID: 0
[2025-11-10 20:22:21.925] [INFO] Initializing BufferPool with pool size: 64
[2025-11-10 20:22:21.925] [INFO] StorageEngine initialized successfully
[2025-11-10 20:22:21.926] [INFO] Destroying StorageEngine
[2025-11-10 20:22:21.926] [INFO] Flushing all pages
[2025-11-10 20:22:21.926] [INFO] Flushing all pages in buffer pool
[2025-11-10 20:22:21.926] [INFO] All pages flushed to disk
[2025-11-10 20:22:21.926] [INFO] All pages flushed successfully
[2025-11-10 20:22:21.926] [INFO] Destroying BufferPool
[2025-11-10 20:22:21.926] [INFO] Flushing all pages in buffer pool
[2025-11-10 20:22:21.926] [INFO] All pages flushed to disk
[2025-11-10 20:22:21.926] [INFO] Closing database file: test_db.db
[       OK ] StorageEngineTest.FetchPage (0 ms)
[ RUN      ] StorageEngineTest.FlushPage
[2025-11-10 20:22:21.926] [INFO] Initializing StorageEngine with database file: test_db.db and pool size: 64
[2025-11-10 20:22:21.926] [INFO] Initializing DiskManager for database file: test_db.db
[2025-11-10 20:22:21.926] [INFO] Opened database file: test_db.db, file size: 0, next page ID: 0
[2025-11-10 20:22:21.926] [INFO] Initializing BufferPool with pool size: 64
[2025-11-10 20:22:21.926] [INFO] StorageEngine initialized successfully
[2025-11-10 20:22:21.926] [INFO] Destroying StorageEngine
[2025-11-10 20:22:21.926] [INFO] Flushing all pages
[2025-11-10 20:22:21.926] [INFO] Flushing all pages in buffer pool
[2025-11-10 20:22:21.926] [INFO] All pages flushed to disk
[2025-11-10 20:22:21.926] [INFO] All pages flushed successfully
[2025-11-10 20:22:21.926] [INFO] Destroying BufferPool
[2025-11-10 20:22:21.926] [INFO] Flushing all pages in buffer pool
[2025-11-10 20:22:21.926] [INFO] All pages flushed to disk
[2025-11-10 20:22:21.926] [INFO] Closing database file: test_db.db
[       OK ] StorageEngineTest.FlushPage (0 ms)
[ RUN      ] StorageEngineTest.DeletePage
[2025-11-10 20:22:21.926] [INFO] Initializing StorageEngine with database file: test_db.db and pool size: 64
[2025-11-10 20:22:21.926] [INFO] Initializing DiskManager for database file: test_db.db
[2025-11-10 20:22:21.926] [INFO] Opened database file: test_db.db, file size: 0, next page ID: 0
[2025-11-10 20:22:21.926] [INFO] Initializing BufferPool with pool size: 64
[2025-11-10 20:22:21.926] [INFO] StorageEngine initialized successfully
[2025-11-10 20:22:21.926] [WARN] Page 0 does not exist in file
[2025-11-10 20:22:21.926] [WARN] Failed to fetch page ID 0
[2025-11-10 20:22:21.926] [INFO] Destroying StorageEngine
[2025-11-10 20:22:21.926] [INFO] Flushing all pages
[2025-11-10 20:22:21.926] [INFO] Flushing all pages in buffer pool
[2025-11-10 20:22:21.926] [INFO] All pages flushed to disk
[2025-11-10 20:22:21.926] [INFO] All pages flushed successfully
[2025-11-10 20:22:21.926] [INFO] Destroying BufferPool
[2025-11-10 20:22:21.926] [INFO] Flushing all pages in buffer pool
[2025-11-10 20:22:21.926] [INFO] All pages flushed to disk
[2025-11-10 20:22:21.926] [INFO] Closing database file: test_db.db
[       OK ] StorageEngineTest.DeletePage (0 ms)
[ RUN      ] StorageEngineTest.FlushAllPages
[2025-11-10 20:22:21.926] [INFO] Initializing StorageEngine with database file: test_db.db and pool size: 64
[2025-11-10 20:22:21.926] [INFO] Initializing DiskManager for database file: test_db.db
[2025-11-10 20:22:21.926] [INFO] Opened database file: test_db.db, file size: 0, next page ID: 0
[2025-11-10 20:22:21.926] [INFO] Initializing BufferPool with pool size: 64
[2025-11-10 20:22:21.926] [INFO] StorageEngine initialized successfully
[2025-11-10 20:22:21.926] [INFO] Flushing all pages
[2025-11-10 20:22:21.926] [INFO] Flushing all pages in buffer pool
[2025-11-10 20:22:21.926] [INFO] All pages flushed to disk
[2025-11-10 20:22:21.926] [INFO] All pages flushed successfully
[2025-11-10 20:22:21.926] [INFO] Destroying StorageEngine
[2025-11-10 20:22:21.926] [INFO] Flushing all pages
[2025-11-10 20:22:21.926] [INFO] Flushing all pages in buffer pool
[2025-11-10 20:22:21.926] [INFO] All pages flushed to disk
[2025-11-10 20:22:21.926] [INFO] All pages flushed successfully
[2025-11-10 20:22:21.926] [INFO] Destroying BufferPool
[2025-11-10 20:22:21.926] [INFO] Flushing all pages in buffer pool
[2025-11-10 20:22:21.926] [INFO] All pages flushed to disk
[2025-11-10 20:22:21.926] [INFO] Closing database file: test_db.db
[       OK ] StorageEngineTest.FlushAllPages (0 ms)
[ RUN      ] StorageEngineTest.ManyPagesOperation
[2025-11-10 20:22:21.927] [INFO] Initializing StorageEngine with database file: test_db.db and pool size: 64
[2025-11-10 20:22:21.927] [INFO] Initializing DiskManager for database file: test_db.db
[2025-11-10 20:22:21.927] [INFO] Opened database file: test_db.db, file size: 0, next page ID: 0
[2025-11-10 20:22:21.927] [INFO] Initializing BufferPool with pool size: 64
[2025-11-10 20:22:21.927] [INFO] StorageEngine initialized successfully
[2025-11-10 20:22:21.928] [INFO] Destroying StorageEngine
[2025-11-10 20:22:21.928] [INFO] Flushing all pages
[2025-11-10 20:22:21.928] [INFO] Flushing all pages in buffer pool
[2025-11-10 20:22:21.928] [INFO] All pages flushed to disk
[2025-11-10 20:22:21.928] [INFO] All pages flushed successfully
[2025-11-10 20:22:21.928] [INFO] Destroying BufferPool
[2025-11-10 20:22:21.928] [INFO] Flushing all pages in buffer pool
[2025-11-10 20:22:21.928] [INFO] All pages flushed to disk
[2025-11-10 20:22:21.929] [INFO] Closing database file: test_db.db
[       OK ] StorageEngineTest.ManyPagesOperation (2 ms)
[ RUN      ] StorageEngineTest.GetDatabaseFileSize
[2025-11-10 20:22:21.929] [INFO] Initializing StorageEngine with database file: test_db.db and pool size: 64
[2025-11-10 20:22:21.929] [INFO] Initializing DiskManager for database file: test_db.db
[2025-11-10 20:22:21.929] [INFO] Opened database file: test_db.db, file size: 0, next page ID: 0
[2025-11-10 20:22:21.929] [INFO] Initializing BufferPool with pool size: 64
[2025-11-10 20:22:21.929] [INFO] StorageEngine initialized successfully
[2025-11-10 20:22:21.929] [INFO] Flushing all pages
[2025-11-10 20:22:21.929] [INFO] Flushing all pages in buffer pool
[2025-11-10 20:22:21.929] [INFO] All pages flushed to disk
[2025-11-10 20:22:21.929] [INFO] All pages flushed successfully
[2025-11-10 20:22:21.929] [INFO] Initializing StorageEngine with database file: test_db.db and pool size: 64
[2025-11-10 20:22:21.929] [INFO] Initializing DiskManager for database file: test_db.db
[2025-11-10 20:22:21.929] [INFO] Opened database file: test_db.db, file size: 40960, next page ID: 5
[2025-11-10 20:22:21.929] [INFO] Initializing BufferPool with pool size: 64
[2025-11-10 20:22:21.929] [INFO] StorageEngine initialized successfully
[2025-11-10 20:22:21.929] [INFO] Destroying StorageEngine
[2025-11-10 20:22:21.929] [INFO] Flushing all pages
[2025-11-10 20:22:21.929] [INFO] Flushing all pages in buffer pool
[2025-11-10 20:22:21.929] [INFO] All pages flushed to disk
[2025-11-10 20:22:21.929] [INFO] All pages flushed successfully
[2025-11-10 20:22:21.929] [INFO] Destroying BufferPool
[2025-11-10 20:22:21.929] [INFO] Flushing all pages in buffer pool
[2025-11-10 20:22:21.929] [INFO] All pages flushed to disk
[2025-11-10 20:22:21.929] [INFO] Closing database file: test_db.db
[2025-11-10 20:22:21.929] [INFO] Destroying StorageEngine
[2025-11-10 20:22:21.929] [INFO] Flushing all pages
[2025-11-10 20:22:21.929] [INFO] Flushing all pages in buffer pool
[2025-11-10 20:22:21.929] [INFO] All pages flushed to disk
[2025-11-10 20:22:21.929] [INFO] All pages flushed successfully
[2025-11-10 20:22:21.929] [INFO] Destroying BufferPool
[2025-11-10 20:22:21.929] [INFO] Flushing all pages in buffer pool
[2025-11-10 20:22:21.929] [INFO] All pages flushed to disk
[2025-11-10 20:22:21.929] [INFO] Closing database file: test_db.db
[       OK ] StorageEngineTest.GetDatabaseFileSize (0 ms)
[ RUN      ] StorageEngineTest.IsPageInBuffer
[2025-11-10 20:22:21.930] [INFO] Initializing StorageEngine with database file: test_db.db and pool size: 64
[2025-11-10 20:22:21.930] [INFO] Initializing DiskManager for database file: test_db.db
[2025-11-10 20:22:21.930] [INFO] Opened database file: test_db.db, file size: 0, next page ID: 0
[2025-11-10 20:22:21.930] [INFO] Initializing BufferPool with pool size: 64
[2025-11-10 20:22:21.930] [INFO] StorageEngine initialized successfully
[2025-11-10 20:22:21.930] [WARN] Page ID 1 not found in buffer pool
[2025-11-10 20:22:21.930] [WARN] Failed to delete page ID 1
[2025-11-10 20:22:21.930] [WARN] Page ID 0 not found in buffer pool
[2025-11-10 20:22:21.930] [WARN] Failed to delete page ID 0
[2025-11-10 20:22:21.930] [INFO] Destroying StorageEngine
[2025-11-10 20:22:21.930] [INFO] Flushing all pages
[2025-11-10 20:22:21.930] [INFO] Flushing all pages in buffer pool
[2025-11-10 20:22:21.930] [INFO] All pages flushed to disk
[2025-11-10 20:22:21.930] [INFO] All pages flushed successfully
[2025-11-10 20:22:21.930] [INFO] Destroying BufferPool
[2025-11-10 20:22:21.930] [INFO] Flushing all pages in buffer pool
[2025-11-10 20:22:21.930] [INFO] All pages flushed to disk
[2025-11-10 20:22:21.930] [INFO] Closing database file: test_db.db
[       OK ] StorageEngineTest.IsPageInBuffer (0 ms)
[----------] 9 tests from StorageEngineTest (5 ms total)

[----------] Global test environment tear-down
[==========] 9 tests from 1 test suite ran. (5 ms total)
[  PASSED  ] 9 tests.
libgcov profiling error:/home/liying/sqlcc/build-coverage/src/CMakeFiles/sqlcc_core.dir/disk_manager.cc.gcda:overwriting an existing profile data with a different checksum
<end of output>
Test time =   0.01 sec
----------------------------------------------------------
Test Passed.
"storage_engine_test" end time: Nov 10 20:22 CST
"storage_engine_test" time elapsed: 00:00:00
----------------------------------------------------------

2/12 Testing: exception_test
2/12 Test: exception_test
Command: "/home/liying/sqlcc/build-coverage/bin/exception_test"
Directory: /home/liying/sqlcc/build-coverage/tests
"exception_test" start time: Nov 10 20:22 CST
Output:
----------------------------------------------------------
Running main() from ./googletest/src/gtest_main.cc
[==========] Running 9 tests from 1 test suite.
[----------] Global test environment set-up.
[----------] 9 tests from ExceptionTest
[ RUN      ] ExceptionTest.BaseException
[       OK ] ExceptionTest.BaseException (0 ms)
[ RUN      ] ExceptionTest.IOException
[       OK ] ExceptionTest.IOException (0 ms)
[ RUN      ] ExceptionTest.BufferPoolException
[       OK ] ExceptionTest.BufferPoolException (0 ms)
[ RUN      ] ExceptionTest.PageException
[       OK ] ExceptionTest.PageException (0 ms)
[ RUN      ] ExceptionTest.DiskManagerException
[       OK ] ExceptionTest.DiskManagerException (0 ms)
[ RUN      ] ExceptionTest.ExceptionInheritance
[       OK ] ExceptionTest.ExceptionInheritance (0 ms)
[ RUN      ] ExceptionTest.ExceptionThrowingAndCatching
[       OK ] ExceptionTest.ExceptionThrowingAndCatching (0 ms)
[ RUN      ] ExceptionTest.EmptyMessageException
[       OK ] ExceptionTest.EmptyMessageException (0 ms)
[ RUN      ] ExceptionTest.ExceptionInRealScenarios
[       OK ] ExceptionTest.ExceptionInRealScenarios (0 ms)
[----------] 9 tests from ExceptionTest (0 ms total)

[----------] Global test environment tear-down
[==========] 9 tests from 1 test suite ran. (0 ms total)
[  PASSED  ] 9 tests.
<end of output>
Test time =   0.00 sec
----------------------------------------------------------
Test Passed.
"exception_test" end time: Nov 10 20:22 CST
"exception_test" time elapsed: 00:00:00
----------------------------------------------------------

3/12 Testing: buffer_pool_test
3/12 Test: buffer_pool_test
Command: "/home/liying/sqlcc/build-coverage/bin/buffer_pool_test"
Directory: /home/liying/sqlcc/build-coverage/tests
"buffer_pool_test" start time: Nov 10 20:22 CST
Output:
----------------------------------------------------------
Running main() from ./googletest/src/gtest_main.cc
[==========] Running 32 tests from 1 test suite.
[----------] Global test environment set-up.
[----------] 32 tests from BufferPoolTest
[ RUN      ] BufferPoolTest.BasicFetchAndUnpin
[2025-11-10 20:22:21.937] [INFO] Initializing DiskManager for database file: test_buffer_pool.db
[2025-11-10 20:22:21.937] [INFO] Opened database file: test_buffer_pool.db, file size: 0, next page ID: 0
[2025-11-10 20:22:21.937] [INFO] Initializing BufferPool with pool size: 4
[2025-11-10 20:22:21.937] [INFO] Destroying BufferPool
[2025-11-10 20:22:21.937] [INFO] Flushing all pages in buffer pool
[2025-11-10 20:22:21.937] [INFO] All pages flushed to disk
[2025-11-10 20:22:21.937] [INFO] Closing database file: test_buffer_pool.db
[       OK ] BufferPoolTest.BasicFetchAndUnpin (0 ms)
[ RUN      ] BufferPoolTest.LRUReplacement
[2025-11-10 20:22:21.937] [INFO] Initializing DiskManager for database file: test_buffer_pool.db
[2025-11-10 20:22:21.937] [INFO] Opened database file: test_buffer_pool.db, file size: 0, next page ID: 0
[2025-11-10 20:22:21.937] [INFO] Initializing BufferPool with pool size: 4
[2025-11-10 20:22:21.938] [INFO] Destroying BufferPool
[2025-11-10 20:22:21.938] [INFO] Flushing all pages in buffer pool
[2025-11-10 20:22:21.938] [INFO] All pages flushed to disk
[2025-11-10 20:22:21.938] [INFO] Closing database file: test_buffer_pool.db
[       OK ] BufferPoolTest.LRUReplacement (0 ms)
[ RUN      ] BufferPoolTest.DirtyPageFlush
[2025-11-10 20:22:21.938] [INFO] Initializing DiskManager for database file: test_buffer_pool.db
[2025-11-10 20:22:21.938] [INFO] Opened database file: test_buffer_pool.db, file size: 0, next page ID: 0
[2025-11-10 20:22:21.938] [INFO] Initializing BufferPool with pool size: 4
[2025-11-10 20:22:21.938] [INFO] Destroying BufferPool
[2025-11-10 20:22:21.938] [INFO] Flushing all pages in buffer pool
[2025-11-10 20:22:21.938] [INFO] All pages flushed to disk
[2025-11-10 20:22:21.938] [INFO] Closing database file: test_buffer_pool.db
[       OK ] BufferPoolTest.DirtyPageFlush (0 ms)
[ RUN      ] BufferPoolTest.PageDeletion
[2025-11-10 20:22:21.938] [INFO] Initializing DiskManager for database file: test_buffer_pool.db
[2025-11-10 20:22:21.938] [INFO] Opened database file: test_buffer_pool.db, file size: 0, next page ID: 0
[2025-11-10 20:22:21.938] [INFO] Initializing BufferPool with pool size: 4
[2025-11-10 20:22:21.938] [WARN] Page 0 does not exist in file
[2025-11-10 20:22:21.938] [INFO] Destroying BufferPool
[2025-11-10 20:22:21.938] [INFO] Flushing all pages in buffer pool
[2025-11-10 20:22:21.938] [INFO] All pages flushed to disk
[2025-11-10 20:22:21.938] [INFO] Closing database file: test_buffer_pool.db
[       OK ] BufferPoolTest.PageDeletion (0 ms)
[ RUN      ] BufferPoolTest.DeletePageInUse
[2025-11-10 20:22:21.938] [INFO] Initializing DiskManager for database file: test_buffer_pool.db
[2025-11-10 20:22:21.938] [INFO] Opened database file: test_buffer_pool.db, file size: 0, next page ID: 0
[2025-11-10 20:22:21.938] [INFO] Initializing BufferPool with pool size: 4
[2025-11-10 20:22:21.938] [ERROR] Page ID 0 is in use, cannot delete
[2025-11-10 20:22:21.938] [INFO] Destroying BufferPool
[2025-11-10 20:22:21.938] [INFO] Flushing all pages in buffer pool
[2025-11-10 20:22:21.938] [INFO] All pages flushed to disk
[2025-11-10 20:22:21.938] [INFO] Closing database file: test_buffer_pool.db
[       OK ] BufferPoolTest.DeletePageInUse (0 ms)
[ RUN      ] BufferPoolTest.BufferPoolFullReplacement
[2025-11-10 20:22:21.938] [INFO] Initializing DiskManager for database file: test_buffer_pool.db
[2025-11-10 20:22:21.938] [INFO] Opened database file: test_buffer_pool.db, file size: 0, next page ID: 0
[2025-11-10 20:22:21.938] [INFO] Initializing BufferPool with pool size: 4
[2025-11-10 20:22:21.938] [WARN] No page can be replaced in buffer pool
[2025-11-10 20:22:21.938] [ERROR] Failed to replace page in buffer pool
[2025-11-10 20:22:21.938] [INFO] Destroying BufferPool
[2025-11-10 20:22:21.938] [INFO] Flushing all pages in buffer pool
[2025-11-10 20:22:21.938] [INFO] All pages flushed to disk
[2025-11-10 20:22:21.938] [INFO] Closing database file: test_buffer_pool.db
[       OK ] BufferPoolTest.BufferPoolFullReplacement (0 ms)
[ RUN      ] BufferPoolTest.FlushAllPages
[2025-11-10 20:22:21.938] [INFO] Initializing DiskManager for database file: test_buffer_pool.db
[2025-11-10 20:22:21.938] [INFO] Opened database file: test_buffer_pool.db, file size: 0, next page ID: 0
[2025-11-10 20:22:21.938] [INFO] Initializing BufferPool with pool size: 4
[2025-11-10 20:22:21.938] [INFO] Flushing all pages in buffer pool
[2025-11-10 20:22:21.938] [INFO] All pages flushed to disk
[2025-11-10 20:22:21.938] [INFO] Destroying BufferPool
[2025-11-10 20:22:21.938] [INFO] Flushing all pages in buffer pool
[2025-11-10 20:22:21.938] [INFO] All pages flushed to disk
[2025-11-10 20:22:21.938] [INFO] Closing database file: test_buffer_pool.db
[       OK ] BufferPoolTest.FlushAllPages (0 ms)
[ RUN      ] BufferPoolTest.FetchNonExistentPage
[2025-11-10 20:22:21.938] [INFO] Initializing DiskManager for database file: test_buffer_pool.db
[2025-11-10 20:22:21.939] [INFO] Opened database file: test_buffer_pool.db, file size: 0, next page ID: 0
[2025-11-10 20:22:21.939] [INFO] Initializing BufferPool with pool size: 4
[2025-11-10 20:22:21.939] [WARN] Page 99999 does not exist in file
[2025-11-10 20:22:21.939] [INFO] Destroying BufferPool
[2025-11-10 20:22:21.939] [INFO] Flushing all pages in buffer pool
[2025-11-10 20:22:21.939] [INFO] All pages flushed to disk
[2025-11-10 20:22:21.939] [INFO] Closing database file: test_buffer_pool.db
[       OK ] BufferPoolTest.FetchNonExistentPage (0 ms)
[ RUN      ] BufferPoolTest.DoubleUnpinPage
[2025-11-10 20:22:21.939] [INFO] Initializing DiskManager for database file: test_buffer_pool.db
[2025-11-10 20:22:21.939] [INFO] Opened database file: test_buffer_pool.db, file size: 0, next page ID: 0
[2025-11-10 20:22:21.939] [INFO] Initializing BufferPool with pool size: 4
[2025-11-10 20:22:21.939] [ERROR] Invalid reference count for page ID 0
[2025-11-10 20:22:21.939] [INFO] Destroying BufferPool
[2025-11-10 20:22:21.939] [INFO] Flushing all pages in buffer pool
[2025-11-10 20:22:21.939] [INFO] All pages flushed to disk
[2025-11-10 20:22:21.939] [INFO] Closing database file: test_buffer_pool.db
[       OK ] BufferPoolTest.DoubleUnpinPage (0 ms)
[ RUN      ] BufferPoolTest.FlushNonExistentPage
[2025-11-10 20:22:21.939] [INFO] Initializing DiskManager for database file: test_buffer_pool.db
[2025-11-10 20:22:21.939] [INFO] Opened database file: test_buffer_pool.db, file size: 0, next page ID: 0
[2025-11-10 20:22:21.939] [INFO] Initializing BufferPool with pool size: 4
[2025-11-10 20:22:21.939] [WARN] Page ID 99999 not found in buffer pool
[2025-11-10 20:22:21.939] [INFO] Destroying BufferPool
[2025-11-10 20:22:21.939] [INFO] Flushing all pages in buffer pool
[2025-11-10 20:22:21.939] [INFO] All pages flushed to disk
[2025-11-10 20:22:21.939] [INFO] Closing database file: test_buffer_pool.db
[       OK ] BufferPoolTest.FlushNonExistentPage (0 ms)
[ RUN      ] BufferPoolTest.DeleteNonExistentPage
[2025-11-10 20:22:21.939] [INFO] Initializing DiskManager for database file: test_buffer_pool.db
[2025-11-10 20:22:21.939] [INFO] Opened database file: test_buffer_pool.db, file size: 0, next page ID: 0
[2025-11-10 20:22:21.939] [INFO] Initializing BufferPool with pool size: 4
[2025-11-10 20:22:21.939] [WARN] Page ID 99999 not found in buffer pool
[2025-11-10 20:22:21.939] [INFO] Destroying BufferPool
[2025-11-10 20:22:21.939] [INFO] Flushing all pages in buffer pool
[2025-11-10 20:22:21.939] [INFO] All pages flushed to disk
[2025-11-10 20:22:21.939] [INFO] Closing database file: test_buffer_pool.db
[       OK ] BufferPoolTest.DeleteNonExistentPage (0 ms)
[ RUN      ] BufferPoolTest.LRUListOperations
[2025-11-10 20:22:21.939] [INFO] Initializing DiskManager for database file: test_buffer_pool.db
[2025-11-10 20:22:21.939] [INFO] Opened database file: test_buffer_pool.db, file size: 0, next page ID: 0
[2025-11-10 20:22:21.939] [INFO] Initializing BufferPool with pool size: 4
[2025-11-10 20:22:21.939] [ERROR] Failed to read page 1
[2025-11-10 20:22:21.939] [INFO] Destroying BufferPool
[2025-11-10 20:22:21.939] [INFO] Flushing all pages in buffer pool
[2025-11-10 20:22:21.939] [INFO] All pages flushed to disk
[2025-11-10 20:22:21.940] [INFO] Closing database file: test_buffer_pool.db
[       OK ] BufferPoolTest.LRUListOperations (0 ms)
[ RUN      ] BufferPoolTest.SimpleReplacement
[2025-11-10 20:22:21.940] [INFO] Initializing DiskManager for database file: test_buffer_pool.db
[2025-11-10 20:22:21.940] [INFO] Opened database file: test_buffer_pool.db, file size: 0, next page ID: 0
[2025-11-10 20:22:21.940] [INFO] Initializing BufferPool with pool size: 4
[2025-11-10 20:22:21.940] [INFO] Created 4 pages with IDs: 0, 1, 2, 3
[2025-11-10 20:22:21.940] [INFO] Created new page with ID: 4
[2025-11-10 20:22:21.940] [INFO] Checking availability of original page ID: 0
[2025-11-10 20:22:21.940] [INFO] Page ID 0 is NOT available (was replaced)
[2025-11-10 20:22:21.940] [INFO] Checking availability of original page ID: 1
[2025-11-10 20:22:21.940] [INFO] Page ID 1 is still available
[2025-11-10 20:22:21.940] [INFO] Checking availability of original page ID: 2
[2025-11-10 20:22:21.940] [INFO] Page ID 2 is still available
[2025-11-10 20:22:21.940] [INFO] Checking availability of original page ID: 3
[2025-11-10 20:22:21.940] [INFO] Page ID 3 is still available
[2025-11-10 20:22:21.940] [INFO] Unavailable pages: 1
[2025-11-10 20:22:21.940] [INFO] Destroying BufferPool
[2025-11-10 20:22:21.940] [INFO] Flushing all pages in buffer pool
[2025-11-10 20:22:21.940] [INFO] All pages flushed to disk
[2025-11-10 20:22:21.940] [INFO] Closing database file: test_buffer_pool.db
[       OK ] BufferPoolTest.SimpleReplacement (0 ms)
[ RUN      ] BufferPoolTest.ConcurrentAccess
[2025-11-10 20:22:21.940] [INFO] Initializing DiskManager for database file: test_buffer_pool.db
[2025-11-10 20:22:21.940] [INFO] Opened database file: test_buffer_pool.db, file size: 0, next page ID: 0
[2025-11-10 20:22:21.940] [INFO] Initializing BufferPool with pool size: 4
[2025-11-10 20:22:21.940] [INFO] Destroying BufferPool
[2025-11-10 20:22:21.940] [INFO] Flushing all pages in buffer pool
[2025-11-10 20:22:21.941] [INFO] All pages flushed to disk
[2025-11-10 20:22:21.941] [INFO] Closing database file: test_buffer_pool.db
[       OK ] BufferPoolTest.ConcurrentAccess (0 ms)
[ RUN      ] BufferPoolTest.FlushNonDirtyPage
[2025-11-10 20:22:21.941] [INFO] Initializing DiskManager for database file: test_buffer_pool.db
[2025-11-10 20:22:21.941] [INFO] Opened database file: test_buffer_pool.db, file size: 0, next page ID: 0
[2025-11-10 20:22:21.941] [INFO] Initializing BufferPool with pool size: 4
[2025-11-10 20:22:21.941] [INFO] Destroying BufferPool
[2025-11-10 20:22:21.941] [INFO] Flushing all pages in buffer pool
[2025-11-10 20:22:21.941] [INFO] All pages flushed to disk
[2025-11-10 20:22:21.941] [INFO] Closing database file: test_buffer_pool.db
[       OK ] BufferPoolTest.FlushNonDirtyPage (0 ms)
[ RUN      ] BufferPoolTest.FlushFailureSimulation
[2025-11-10 20:22:21.941] [INFO] Initializing DiskManager for database file: test_buffer_pool.db
[2025-11-10 20:22:21.941] [INFO] Opened database file: test_buffer_pool.db, file size: 0, next page ID: 0
[2025-11-10 20:22:21.941] [INFO] Initializing BufferPool with pool size: 4
[2025-11-10 20:22:21.941] [INFO] Destroying BufferPool
[2025-11-10 20:22:21.941] [INFO] Flushing all pages in buffer pool
[2025-11-10 20:22:21.941] [INFO] All pages flushed to disk
[2025-11-10 20:22:21.942] [INFO] Closing database file: test_buffer_pool.db
[       OK ] BufferPoolTest.FlushFailureSimulation (0 ms)
[ RUN      ] BufferPoolTest.FlushAllPagesWithFailure
[2025-11-10 20:22:21.942] [INFO] Initializing DiskManager for database file: test_buffer_pool.db
[2025-11-10 20:22:21.942] [INFO] Opened database file: test_buffer_pool.db, file size: 0, next page ID: 0
[2025-11-10 20:22:21.942] [INFO] Initializing BufferPool with pool size: 4
[2025-11-10 20:22:21.942] [INFO] Flushing all pages in buffer pool
[2025-11-10 20:22:21.942] [INFO] All pages flushed to disk
[2025-11-10 20:22:21.942] [INFO] Destroying BufferPool
[2025-11-10 20:22:21.942] [INFO] Flushing all pages in buffer pool
[2025-11-10 20:22:21.942] [INFO] All pages flushed to disk
[2025-11-10 20:22:21.942] [INFO] Closing database file: test_buffer_pool.db
[       OK ] BufferPoolTest.FlushAllPagesWithFailure (0 ms)
[ RUN      ] BufferPoolTest.ReplacePageWithFlushFailure
[2025-11-10 20:22:21.942] [INFO] Initializing DiskManager for database file: test_buffer_pool.db
[2025-11-10 20:22:21.942] [INFO] Opened database file: test_buffer_pool.db, file size: 0, next page ID: 0
[2025-11-10 20:22:21.942] [INFO] Initializing BufferPool with pool size: 4
[2025-11-10 20:22:21.942] [ERROR] Page ID 2 is in use, cannot delete
[2025-11-10 20:22:21.942] [INFO] Destroying BufferPool
[2025-11-10 20:22:21.942] [INFO] Flushing all pages in buffer pool
[2025-11-10 20:22:21.942] [INFO] All pages flushed to disk
[2025-11-10 20:22:21.942] [INFO] Closing database file: test_buffer_pool.db
[       OK ] BufferPoolTest.ReplacePageWithFlushFailure (0 ms)
[ RUN      ] BufferPoolTest.MoveToHeadNonExistentPage
[2025-11-10 20:22:21.942] [INFO] Initializing DiskManager for database file: test_buffer_pool.db
[2025-11-10 20:22:21.942] [INFO] Opened database file: test_buffer_pool.db, file size: 0, next page ID: 0
[2025-11-10 20:22:21.942] [INFO] Initializing BufferPool with pool size: 4
[2025-11-10 20:22:21.942] [WARN] Page 0 does not exist in file
[2025-11-10 20:22:21.942] [INFO] Destroying BufferPool
[2025-11-10 20:22:21.942] [INFO] Flushing all pages in buffer pool
[2025-11-10 20:22:21.942] [INFO] All pages flushed to disk
[2025-11-10 20:22:21.942] [INFO] Closing database file: test_buffer_pool.db
[       OK ] BufferPoolTest.MoveToHeadNonExistentPage (0 ms)
[ RUN      ] BufferPoolTest.FetchPageWithPoolFull
[2025-11-10 20:22:21.942] [INFO] Initializing DiskManager for database file: test_buffer_pool.db
[2025-11-10 20:22:21.942] [INFO] Opened database file: test_buffer_pool.db, file size: 0, next page ID: 0
[2025-11-10 20:22:21.942] [INFO] Initializing BufferPool with pool size: 4
[2025-11-10 20:22:21.942] [WARN] Page 99999 does not exist in file
[2025-11-10 20:22:21.942] [INFO] Destroying BufferPool
[2025-11-10 20:22:21.942] [INFO] Flushing all pages in buffer pool
[2025-11-10 20:22:21.942] [INFO] All pages flushed to disk
[2025-11-10 20:22:21.942] [INFO] Closing database file: test_buffer_pool.db
[       OK ] BufferPoolTest.FetchPageWithPoolFull (0 ms)
[ RUN      ] BufferPoolTest.FlushNonDirtyPageCoverage
[2025-11-10 20:22:21.942] [INFO] Initializing DiskManager for database file: test_buffer_pool.db
[2025-11-10 20:22:21.942] [INFO] Opened database file: test_buffer_pool.db, file size: 0, next page ID: 0
[2025-11-10 20:22:21.942] [INFO] Initializing BufferPool with pool size: 4
[2025-11-10 20:22:21.943] [INFO] Destroying BufferPool
[2025-11-10 20:22:21.943] [INFO] Flushing all pages in buffer pool
[2025-11-10 20:22:21.943] [INFO] All pages flushed to disk
[2025-11-10 20:22:21.943] [INFO] Closing database file: test_buffer_pool.db
[       OK ] BufferPoolTest.FlushNonDirtyPageCoverage (0 ms)
[ RUN      ] BufferPoolTest.ReplacePageWithSimulatedFailure
[2025-11-10 20:22:21.943] [INFO] Initializing DiskManager for database file: test_buffer_pool.db
[2025-11-10 20:22:21.943] [INFO] Opened database file: test_buffer_pool.db, file size: 0, next page ID: 0
[2025-11-10 20:22:21.943] [INFO] Initializing BufferPool with pool size: 4
[2025-11-10 20:22:21.943] [ERROR] Page ID 2 is in use, cannot delete
[2025-11-10 20:22:21.943] [INFO] Destroying BufferPool
[2025-11-10 20:22:21.943] [INFO] Flushing all pages in buffer pool
[2025-11-10 20:22:21.943] [INFO] All pages flushed to disk
[2025-11-10 20:22:21.943] [INFO] Closing database file: test_buffer_pool.db
[       OK ] BufferPoolTest.ReplacePageWithSimulatedFailure (0 ms)
[ RUN      ] BufferPoolTest.FetchPageWithFullPoolCoverage
[2025-11-10 20:22:21.943] [INFO] Initializing DiskManager for database file: test_buffer_pool.db
[2025-11-10 20:22:21.943] [INFO] Opened database file: test_buffer_pool.db, file size: 0, next page ID: 0
[2025-11-10 20:22:21.943] [INFO] Initializing BufferPool with pool size: 4
[2025-11-10 20:22:21.943] [ERROR] Page ID 2 is in use, cannot delete
[2025-11-10 20:22:21.943] [INFO] Destroying BufferPool
[2025-11-10 20:22:21.943] [INFO] Flushing all pages in buffer pool
[2025-11-10 20:22:21.943] [INFO] All pages flushed to disk
[2025-11-10 20:22:21.943] [INFO] Closing database file: test_buffer_pool.db
[       OK ] BufferPoolTest.FetchPageWithFullPoolCoverage (0 ms)
[ RUN      ] BufferPoolTest.UnpinPageForNonExistentPage
[2025-11-10 20:22:21.943] [INFO] Initializing DiskManager for database file: test_buffer_pool.db
[2025-11-10 20:22:21.943] [INFO] Opened database file: test_buffer_pool.db, file size: 0, next page ID: 0
[2025-11-10 20:22:21.943] [INFO] Initializing BufferPool with pool size: 4
[2025-11-10 20:22:21.943] [WARN] Page ID 99999 not found in buffer pool
[2025-11-10 20:22:21.943] [INFO] Destroying BufferPool
[2025-11-10 20:22:21.943] [INFO] Flushing all pages in buffer pool
[2025-11-10 20:22:21.943] [INFO] All pages flushed to disk
[2025-11-10 20:22:21.943] [INFO] Closing database file: test_buffer_pool.db
[       OK ] BufferPoolTest.UnpinPageForNonExistentPage (0 ms)
[ RUN      ] BufferPoolTest.MoveToHeadForNonExistentPage
[2025-11-10 20:22:21.943] [INFO] Initializing DiskManager for database file: test_buffer_pool.db
[2025-11-10 20:22:21.943] [INFO] Opened database file: test_buffer_pool.db, file size: 0, next page ID: 0
[2025-11-10 20:22:21.943] [INFO] Initializing BufferPool with pool size: 4
[2025-11-10 20:22:21.943] [WARN] Page 0 does not exist in file
[2025-11-10 20:22:21.943] [INFO] Destroying BufferPool
[2025-11-10 20:22:21.943] [INFO] Flushing all pages in buffer pool
[2025-11-10 20:22:21.943] [INFO] All pages flushed to disk
[2025-11-10 20:22:21.943] [INFO] Closing database file: test_buffer_pool.db
[       OK ] BufferPoolTest.MoveToHeadForNonExistentPage (0 ms)
[ RUN      ] BufferPoolTest.FetchPageWithFullPoolReplacement
[2025-11-10 20:22:21.943] [INFO] Initializing DiskManager for database file: test_buffer_pool.db
[2025-11-10 20:22:21.943] [INFO] Opened database file: test_buffer_pool.db, file size: 0, next page ID: 0
[2025-11-10 20:22:21.943] [INFO] Initializing BufferPool with pool size: 4
[2025-11-10 20:22:21.943] [INFO] Destroying BufferPool
[2025-11-10 20:22:21.943] [INFO] Flushing all pages in buffer pool
[2025-11-10 20:22:21.943] [INFO] All pages flushed to disk
[2025-11-10 20:22:21.943] [INFO] Closing database file: test_buffer_pool.db
[       OK ] BufferPoolTest.FetchPageWithFullPoolReplacement (0 ms)
[ RUN      ] BufferPoolTest.FlushPageWithRealDiskFailure
[2025-11-10 20:22:21.944] [INFO] Initializing DiskManager for database file: test_buffer_pool.db
[2025-11-10 20:22:21.944] [INFO] Opened database file: test_buffer_pool.db, file size: 0, next page ID: 0
[2025-11-10 20:22:21.944] [INFO] Initializing BufferPool with pool size: 4
[2025-11-10 20:22:21.944] [ERROR] Failed to write page 0
[2025-11-10 20:22:21.944] [ERROR] Failed to write page ID 0 to disk
[2025-11-10 20:22:21.944] [INFO] Destroying BufferPool
[2025-11-10 20:22:21.944] [INFO] Flushing all pages in buffer pool
[2025-11-10 20:22:21.944] [INFO] All pages flushed to disk
[2025-11-10 20:22:21.944] [INFO] Closing database file: test_buffer_pool.db
[       OK ] BufferPoolTest.FlushPageWithRealDiskFailure (0 ms)
[ RUN      ] BufferPoolTest.FlushAllPagesWithRealDiskFailure
[2025-11-10 20:22:21.944] [INFO] Initializing DiskManager for database file: test_buffer_pool.db
[2025-11-10 20:22:21.944] [INFO] Opened database file: test_buffer_pool.db, file size: 0, next page ID: 0
[2025-11-10 20:22:21.944] [INFO] Initializing BufferPool with pool size: 4
[2025-11-10 20:22:21.944] [INFO] Flushing all pages in buffer pool
[2025-11-10 20:22:21.944] [ERROR] Failed to write page 2
[2025-11-10 20:22:21.944] [ERROR] Failed to write page ID 2 to disk during flush all
[2025-11-10 20:22:21.944] [ERROR] Failed to write page 1
[2025-11-10 20:22:21.944] [ERROR] Failed to write page ID 1 to disk during flush all
[2025-11-10 20:22:21.944] [ERROR] Failed to write page 0
[2025-11-10 20:22:21.944] [ERROR] Failed to write page ID 0 to disk during flush all
[2025-11-10 20:22:21.944] [INFO] All pages flushed to disk
[2025-11-10 20:22:21.944] [INFO] Flushing all pages in buffer pool
[2025-11-10 20:22:21.944] [INFO] All pages flushed to disk
[2025-11-10 20:22:21.944] [INFO] Destroying BufferPool
[2025-11-10 20:22:21.944] [INFO] Flushing all pages in buffer pool
[2025-11-10 20:22:21.944] [INFO] All pages flushed to disk
[2025-11-10 20:22:21.944] [INFO] Closing database file: test_buffer_pool.db
[       OK ] BufferPoolTest.FlushAllPagesWithRealDiskFailure (0 ms)
[ RUN      ] BufferPoolTest.ReplacePageWithSimulatedFlushFailure
[2025-11-10 20:22:21.944] [INFO] Initializing DiskManager for database file: test_buffer_pool.db
[2025-11-10 20:22:21.944] [INFO] Opened database file: test_buffer_pool.db, file size: 0, next page ID: 0
[2025-11-10 20:22:21.944] [INFO] Initializing BufferPool with pool size: 4
[2025-11-10 20:22:21.944] [ERROR] Page ID 2 is in use, cannot delete
[2025-11-10 20:22:21.944] [INFO] Destroying BufferPool
[2025-11-10 20:22:21.944] [INFO] Flushing all pages in buffer pool
[2025-11-10 20:22:21.944] [INFO] All pages flushed to disk
[2025-11-10 20:22:21.944] [INFO] Closing database file: test_buffer_pool.db
[       OK ] BufferPoolTest.ReplacePageWithSimulatedFlushFailure (0 ms)
[ RUN      ] BufferPoolTest.ReplacePageWithRealDiskFailure
[2025-11-10 20:22:21.944] [INFO] Initializing DiskManager for database file: test_buffer_pool.db
[2025-11-10 20:22:21.944] [INFO] Opened database file: test_buffer_pool.db, file size: 0, next page ID: 0
[2025-11-10 20:22:21.944] [INFO] Initializing BufferPool with pool size: 4
[2025-11-10 20:22:21.944] [ERROR] Page ID 2 is in use, cannot delete
[2025-11-10 20:22:21.944] [ERROR] Page ID 3 is in use, cannot delete
[2025-11-10 20:22:21.944] [INFO] Destroying BufferPool
[2025-11-10 20:22:21.944] [INFO] Flushing all pages in buffer pool
[2025-11-10 20:22:21.945] [INFO] All pages flushed to disk
[2025-11-10 20:22:21.945] [INFO] Closing database file: test_buffer_pool.db
[       OK ] BufferPoolTest.ReplacePageWithRealDiskFailure (0 ms)
[ RUN      ] BufferPoolTest.MoveToHeadForNonExistentPageCoverage
[2025-11-10 20:22:21.945] [INFO] Initializing DiskManager for database file: test_buffer_pool.db
[2025-11-10 20:22:21.945] [INFO] Opened database file: test_buffer_pool.db, file size: 0, next page ID: 0
[2025-11-10 20:22:21.945] [INFO] Initializing BufferPool with pool size: 4
[2025-11-10 20:22:21.945] [INFO] Destroying BufferPool
[2025-11-10 20:22:21.945] [INFO] Flushing all pages in buffer pool
[2025-11-10 20:22:21.945] [INFO] All pages flushed to disk
[2025-11-10 20:22:21.945] [INFO] Closing database file: test_buffer_pool.db
[       OK ] BufferPoolTest.MoveToHeadForNonExistentPageCoverage (0 ms)
[ RUN      ] BufferPoolTest.MoveToHeadNonExistentPageDirectCoverage
[2025-11-10 20:22:21.945] [INFO] Initializing DiskManager for database file: test_buffer_pool.db
[2025-11-10 20:22:21.945] [INFO] Opened database file: test_buffer_pool.db, file size: 0, next page ID: 0
[2025-11-10 20:22:21.945] [INFO] Initializing BufferPool with pool size: 4
[2025-11-10 20:22:21.945] [WARN] Page 0 does not exist in file
[2025-11-10 20:22:21.945] [INFO] Destroying BufferPool
[2025-11-10 20:22:21.945] [INFO] Flushing all pages in buffer pool
[2025-11-10 20:22:21.945] [INFO] All pages flushed to disk
[2025-11-10 20:22:21.945] [INFO] Closing database file: test_buffer_pool.db
[       OK ] BufferPoolTest.MoveToHeadNonExistentPageDirectCoverage (0 ms)
[----------] 32 tests from BufferPoolTest (8 ms total)

[----------] Global test environment tear-down
[==========] 32 tests from 1 test suite ran. (8 ms total)
[  PASSED  ] 32 tests.
<end of output>
Test time =   0.01 sec
----------------------------------------------------------
Test Passed.
"buffer_pool_test" end time: Nov 10 20:22 CST
"buffer_pool_test" time elapsed: 00:00:00
----------------------------------------------------------

4/12 Testing: page_test
4/12 Test: page_test
Command: "/home/liying/sqlcc/build-coverage/bin/page_test"
Directory: /home/liying/sqlcc/build-coverage/tests
"page_test" start time: Nov 10 20:22 CST
Output:
----------------------------------------------------------
Running main() from ./googletest/src/gtest_main.cc
[==========] Running 17 tests from 1 test suite.
[----------] Global test environment set-up.
[----------] 17 tests from PageTest
[ RUN      ] PageTest.DefaultConstructor
[       OK ] PageTest.DefaultConstructor (0 ms)
[ RUN      ] PageTest.ParameterizedConstructor
[       OK ] PageTest.ParameterizedConstructor (0 ms)
[ RUN      ] PageTest.NormalWriteRead
[       OK ] PageTest.NormalWriteRead (0 ms)
[ RUN      ] PageTest.BoundaryWriteExact
[       OK ] PageTest.BoundaryWriteExact (0 ms)
[ RUN      ] PageTest.BoundaryReadExact
[       OK ] PageTest.BoundaryReadExact (0 ms)
[ RUN      ] PageTest.OutOfBoundsWrite
[2025-11-10 20:22:21.950] [ERROR] WriteData out of bounds: offset=8182, size=30, page_size=8192
[       OK ] PageTest.OutOfBoundsWrite (0 ms)
[ RUN      ] PageTest.OutOfBoundsRead
[2025-11-10 20:22:21.950] [ERROR] ReadData out of bounds: offset=8182, size=50, page_size=8192
[       OK ] PageTest.OutOfBoundsRead (0 ms)
[ RUN      ] PageTest.ZeroSizeWrite
[       OK ] PageTest.ZeroSizeWrite (0 ms)
[ RUN      ] PageTest.ZeroSizeRead
[       OK ] PageTest.ZeroSizeRead (0 ms)
[ RUN      ] PageTest.WriteAtStart
[       OK ] PageTest.WriteAtStart (0 ms)
[ RUN      ] PageTest.LargeDataWrite
[       OK ] PageTest.LargeDataWrite (0 ms)
[ RUN      ] PageTest.MultipleWriteRead
[       OK ] PageTest.MultipleWriteRead (0 ms)
[ RUN      ] PageTest.OverwriteData
[       OK ] PageTest.OverwriteData (0 ms)
[ RUN      ] PageTest.NullPointerWrite
[       OK ] PageTest.NullPointerWrite (0 ms)
[ RUN      ] PageTest.NullPointerRead
[       OK ] PageTest.NullPointerRead (0 ms)
[ RUN      ] PageTest.DataPersistence
[       OK ] PageTest.DataPersistence (10 ms)
[ RUN      ] PageTest.BinaryDataWriteRead
[       OK ] PageTest.BinaryDataWriteRead (0 ms)
[----------] 17 tests from PageTest (10 ms total)

[----------] Global test environment tear-down
[==========] 17 tests from 1 test suite ran. (10 ms total)
[  PASSED  ] 17 tests.
<end of output>
Test time =   0.01 sec
----------------------------------------------------------
Test Passed.
"page_test" end time: Nov 10 20:22 CST
"page_test" time elapsed: 00:00:00
----------------------------------------------------------

5/12 Testing: storage_engine_newpage_test
5/12 Test: storage_engine_newpage_test
Command: "/home/liying/sqlcc/build-coverage/bin/storage_engine_newpage_test"
Directory: /home/liying/sqlcc/build-coverage/tests
"storage_engine_newpage_test" start time: Nov 10 20:22 CST
Output:
----------------------------------------------------------
Running main() from ./googletest/src/gtest_main.cc
[==========] Running 2 tests from 1 test suite.
[----------] Global test environment set-up.
[----------] 2 tests from StorageEngineNewPageTest
[ RUN      ] StorageEngineNewPageTest.NewPageFailure
[2025-11-10 20:22:21.965] [INFO] Initializing StorageEngine with database file: test_newpage.db and pool size: 64
[2025-11-10 20:22:21.966] [INFO] Initializing DiskManager for database file: test_newpage.db
[2025-11-10 20:22:21.966] [INFO] Opened database file: test_newpage.db, file size: 0, next page ID: 0
[2025-11-10 20:22:21.966] [INFO] Initializing BufferPool with pool size: 64
[2025-11-10 20:22:21.966] [INFO] StorageEngine initialized successfully
/home/liying/sqlcc/tests/storage_engine_newpage_test.cc:36: Failure
Expected equality of these values:
  page
    Which is: 0x55c5a21eaf80
  nullptr
    Which is: (nullptr)

[2025-11-10 20:22:21.966] [INFO] Destroying StorageEngine
[2025-11-10 20:22:21.966] [INFO] Flushing all pages
[2025-11-10 20:22:21.966] [INFO] Flushing all pages in buffer pool
[2025-11-10 20:22:21.966] [INFO] All pages flushed to disk
[2025-11-10 20:22:21.966] [INFO] All pages flushed successfully
[2025-11-10 20:22:21.966] [INFO] Destroying BufferPool
[2025-11-10 20:22:21.966] [INFO] Flushing all pages in buffer pool
[2025-11-10 20:22:21.966] [INFO] All pages flushed to disk
[2025-11-10 20:22:21.966] [INFO] Closing database file: test_newpage.db
[  FAILED  ] StorageEngineNewPageTest.NewPageFailure (0 ms)
[ RUN      ] StorageEngineNewPageTest.NewPageFailureFromBufferPool
[2025-11-10 20:22:21.966] [INFO] Initializing StorageEngine with database file: test_newpage.db and pool size: 64
[2025-11-10 20:22:21.966] [INFO] Initializing DiskManager for database file: test_newpage.db
[2025-11-10 20:22:21.966] [INFO] Opened database file: test_newpage.db, file size: 0, next page ID: 0
[2025-11-10 20:22:21.966] [INFO] Initializing BufferPool with pool size: 64
[2025-11-10 20:22:21.966] [INFO] StorageEngine initialized successfully
/home/liying/sqlcc/tests/storage_engine_newpage_test.cc:62: Failure
Expected equality of these values:
  page
    Which is: 0x55c5a21f0000
  nullptr
    Which is: (nullptr)

[2025-11-10 20:22:21.966] [INFO] Destroying StorageEngine
[2025-11-10 20:22:21.966] [INFO] Flushing all pages
[2025-11-10 20:22:21.966] [INFO] Flushing all pages in buffer pool
[2025-11-10 20:22:21.966] [INFO] All pages flushed to disk
[2025-11-10 20:22:21.966] [INFO] All pages flushed successfully
[2025-11-10 20:22:21.966] [INFO] Destroying BufferPool
[2025-11-10 20:22:21.966] [INFO] Flushing all pages in buffer pool
[2025-11-10 20:22:21.966] [INFO] All pages flushed to disk
[2025-11-10 20:22:21.966] [INFO] Closing database file: test_newpage.db
[  FAILED  ] StorageEngineNewPageTest.NewPageFailureFromBufferPool (0 ms)
[----------] 2 tests from StorageEngineNewPageTest (0 ms total)

[----------] Global test environment tear-down
[==========] 2 tests from 1 test suite ran. (0 ms total)
[  PASSED  ] 0 tests.
[  FAILED  ] 2 tests, listed below:
[  FAILED  ] StorageEngineNewPageTest.NewPageFailure
[  FAILED  ] StorageEngineNewPageTest.NewPageFailureFromBufferPool

 2 FAILED TESTS
<end of output>
Test time =   0.00 sec
----------------------------------------------------------
Test Failed.
"storage_engine_newpage_test" end time: Nov 10 20:22 CST
"storage_engine_newpage_test" time elapsed: 00:00:00
----------------------------------------------------------

6/12 Testing: disk_manager_test
6/12 Test: disk_manager_test
Command: "/home/liying/sqlcc/build-coverage/bin/disk_manager_test"
Directory: /home/liying/sqlcc/build-coverage/tests
"disk_manager_test" start time: Nov 10 20:22 CST
Output:
----------------------------------------------------------
[==========] Running 33 tests from 1 test suite.
[----------] Global test environment set-up.
[----------] 33 tests from DiskManagerTest
[ RUN      ] DiskManagerTest.InitializeDiskManager
[2025-11-10 20:22:21.970] [INFO] Initializing DiskManager for database file: test_disk_manager.db
[2025-11-10 20:22:21.970] [INFO] Opened database file: test_disk_manager.db, file size: 0, next page ID: 0
[2025-11-10 20:22:21.970] [INFO] Closing database file: test_disk_manager.db
[       OK ] DiskManagerTest.InitializeDiskManager (0 ms)
[ RUN      ] DiskManagerTest.WritePage
[2025-11-10 20:22:21.970] [INFO] Initializing DiskManager for database file: test_disk_manager.db
[2025-11-10 20:22:21.970] [INFO] Opened database file: test_disk_manager.db, file size: 0, next page ID: 0
[2025-11-10 20:22:21.970] [INFO] Closing database file: test_disk_manager.db
[       OK ] DiskManagerTest.WritePage (0 ms)
[ RUN      ] DiskManagerTest.ReadPage
[2025-11-10 20:22:21.970] [INFO] Initializing DiskManager for database file: test_disk_manager.db
[2025-11-10 20:22:21.970] [INFO] Opened database file: test_disk_manager.db, file size: 0, next page ID: 0
[2025-11-10 20:22:21.970] [INFO] Closing database file: test_disk_manager.db
[       OK ] DiskManagerTest.ReadPage (0 ms)
[ RUN      ] DiskManagerTest.AllocatePage
[2025-11-10 20:22:21.970] [INFO] Initializing DiskManager for database file: test_disk_manager.db
[2025-11-10 20:22:21.970] [INFO] Opened database file: test_disk_manager.db, file size: 0, next page ID: 0
[2025-11-10 20:22:21.970] [INFO] Closing database file: test_disk_manager.db
[       OK ] DiskManagerTest.AllocatePage (0 ms)
[ RUN      ] DiskManagerTest.GetFileSize
[2025-11-10 20:22:21.970] [INFO] Initializing DiskManager for database file: test_disk_manager.db
[2025-11-10 20:22:21.970] [INFO] Opened database file: test_disk_manager.db, file size: 0, next page ID: 0
[2025-11-10 20:22:21.970] [INFO] Closing database file: test_disk_manager.db
[       OK ] DiskManagerTest.GetFileSize (0 ms)
[ RUN      ] DiskManagerTest.WriteInvalidPageId
[2025-11-10 20:22:21.970] [INFO] Initializing DiskManager for database file: test_disk_manager.db
[2025-11-10 20:22:21.970] [INFO] Opened database file: test_disk_manager.db, file size: 0, next page ID: 0
[2025-11-10 20:22:21.970] [ERROR] Invalid page ID: -1
[2025-11-10 20:22:21.970] [INFO] Closing database file: test_disk_manager.db
[       OK ] DiskManagerTest.WriteInvalidPageId (0 ms)
[ RUN      ] DiskManagerTest.ReadInvalidPageId
[2025-11-10 20:22:21.970] [INFO] Initializing DiskManager for database file: test_disk_manager.db
[2025-11-10 20:22:21.970] [INFO] Opened database file: test_disk_manager.db, file size: 0, next page ID: 0
[2025-11-10 20:22:21.970] [ERROR] Invalid page ID: -1 or null page data pointer
[2025-11-10 20:22:21.970] [INFO] Closing database file: test_disk_manager.db
[       OK ] DiskManagerTest.ReadInvalidPageId (0 ms)
[ RUN      ] DiskManagerTest.ReadNonExistentPage
[2025-11-10 20:22:21.970] [INFO] Initializing DiskManager for database file: test_disk_manager.db
[2025-11-10 20:22:21.970] [INFO] Opened database file: test_disk_manager.db, file size: 0, next page ID: 0
[2025-11-10 20:22:21.970] [WARN] Page 100 does not exist in file
[2025-11-10 20:22:21.970] [INFO] Closing database file: test_disk_manager.db
[       OK ] DiskManagerTest.ReadNonExistentPage (0 ms)
[ RUN      ] DiskManagerTest.ReadPageWithNullPointer
[2025-11-10 20:22:21.970] [INFO] Initializing DiskManager for database file: test_disk_manager.db
[2025-11-10 20:22:21.970] [INFO] Opened database file: test_disk_manager.db, file size: 0, next page ID: 0
[2025-11-10 20:22:21.970] [ERROR] Invalid page ID: 0 or null page data pointer
[2025-11-10 20:22:21.970] [INFO] Closing database file: test_disk_manager.db
[       OK ] DiskManagerTest.ReadPageWithNullPointer (0 ms)
[ RUN      ] DiskManagerTest.WritePageToReadOnlyFile
[2025-11-10 20:22:21.970] [INFO] Initializing DiskManager for database file: test_disk_manager.db
[2025-11-10 20:22:21.970] [INFO] Database file does not exist, creating new file: test_disk_manager.db
[2025-11-10 20:22:21.970] [ERROR] Failed to open database file: test_disk_manager.db
[       OK ] DiskManagerTest.WritePageToReadOnlyFile (0 ms)
[ RUN      ] DiskManagerTest.CreateDiskManagerWithInvalidPath
[2025-11-10 20:22:21.971] [INFO] Initializing DiskManager for database file: /invalid/path/that/does/not/exist/test.db
[2025-11-10 20:22:21.971] [INFO] Database file does not exist, creating new file: /invalid/path/that/does/not/exist/test.db
[2025-11-10 20:22:21.971] [ERROR] Failed to open database file: /invalid/path/that/does/not/exist/test.db
[       OK ] DiskManagerTest.CreateDiskManagerWithInvalidPath (0 ms)
[ RUN      ] DiskManagerTest.SimulateDiskFull
[2025-11-10 20:22:21.971] [INFO] Initializing DiskManager for database file: temp_disk_full_test.db
[2025-11-10 20:22:21.971] [INFO] Database file does not exist, creating new file: temp_disk_full_test.db
[2025-11-10 20:22:21.971] [ERROR] Failed to open database file: temp_disk_full_test.db
[       OK ] DiskManagerTest.SimulateDiskFull (0 ms)
[ RUN      ] DiskManagerTest.SimulateReadPageSeekFailure
[2025-11-10 20:22:21.971] [INFO] Initializing DiskManager for database file: temp_read_seek_test.db
[2025-11-10 20:22:21.971] [INFO] Opened database file: temp_read_seek_test.db, file size: 0, next page ID: 0
[2025-11-10 20:22:21.971] [WARN] Page 100 does not exist in file
[2025-11-10 20:22:21.971] [INFO] Closing database file: temp_read_seek_test.db
[       OK ] DiskManagerTest.SimulateReadPageSeekFailure (0 ms)
[ RUN      ] DiskManagerTest.SimulateWritePageFailure
[2025-11-10 20:22:21.971] [INFO] Initializing DiskManager for database file: temp_write_fail_test.db
[2025-11-10 20:22:21.971] [INFO] Opened database file: temp_write_fail_test.db, file size: 0, next page ID: 0
[2025-11-10 20:22:21.971] [INFO] Closing database file: temp_write_fail_test.db
[       OK ] DiskManagerTest.SimulateWritePageFailure (0 ms)
[ RUN      ] DiskManagerTest.SimulateWritePageFlushFailure
[2025-11-10 20:22:21.971] [INFO] Initializing DiskManager for database file: temp_flush_fail_test.db
[2025-11-10 20:22:21.971] [INFO] Opened database file: temp_flush_fail_test.db, file size: 0, next page ID: 0
[2025-11-10 20:22:21.971] [ERROR] Failed to flush page 0 to disk
[2025-11-10 20:22:21.971] [INFO] Closing database file: temp_flush_fail_test.db
[       OK ] DiskManagerTest.SimulateWritePageFlushFailure (0 ms)
[ RUN      ] DiskManagerTest.SimulateReadPageSeekFailure2
[2025-11-10 20:22:21.971] [INFO] Initializing DiskManager for database file: temp_read_seek_fail_test.db
[2025-11-10 20:22:21.971] [INFO] Opened database file: temp_read_seek_fail_test.db, file size: 0, next page ID: 0
[2025-11-10 20:22:21.971] [ERROR] Failed to seek to page 0
[2025-11-10 20:22:21.971] [INFO] Closing database file: temp_read_seek_fail_test.db
[       OK ] DiskManagerTest.SimulateReadPageSeekFailure2 (0 ms)
[ RUN      ] DiskManagerTest.MultiplePagesReadWrite
[2025-11-10 20:22:21.971] [INFO] Initializing DiskManager for database file: test_disk_manager.db
[2025-11-10 20:22:21.971] [INFO] Opened database file: test_disk_manager.db, file size: 0, next page ID: 0
[2025-11-10 20:22:21.971] [INFO] Closing database file: test_disk_manager.db
[       OK ] DiskManagerTest.MultiplePagesReadWrite (0 ms)
[ RUN      ] DiskManagerTest.ConstructorFileCreation
[2025-11-10 20:22:21.971] [INFO] Initializing DiskManager for database file: test_disk_manager.db
[2025-11-10 20:22:21.971] [INFO] Opened database file: test_disk_manager.db, file size: 0, next page ID: 0
[2025-11-10 20:22:21.971] [INFO] Closing database file: test_disk_manager.db
[       OK ] DiskManagerTest.ConstructorFileCreation (0 ms)
[ RUN      ] DiskManagerTest.ConstructorFileOpenFailure
[2025-11-10 20:22:21.972] [INFO] Initializing DiskManager for database file: test_disk_manager.db
[2025-11-10 20:22:21.972] [INFO] Database file does not exist, creating new file: test_disk_manager.db
[2025-11-10 20:22:21.972] [ERROR] Failed to open database file: test_disk_manager.db
[       OK ] DiskManagerTest.ConstructorFileOpenFailure (0 ms)
[ RUN      ] DiskManagerTest.WritePageInvalidPageId
[2025-11-10 20:22:21.972] [INFO] Initializing DiskManager for database file: test_disk_manager.db
[2025-11-10 20:22:21.972] [INFO] Opened database file: test_disk_manager.db, file size: 0, next page ID: 0
[2025-11-10 20:22:21.972] [ERROR] Invalid page ID: -1
[2025-11-10 20:22:21.972] [INFO] Closing database file: test_disk_manager.db
[       OK ] DiskManagerTest.WritePageInvalidPageId (0 ms)
[ RUN      ] DiskManagerTest.ReadPageInvalidParameters
[2025-11-10 20:22:21.972] [INFO] Initializing DiskManager for database file: test_disk_manager.db
[2025-11-10 20:22:21.972] [INFO] Opened database file: test_disk_manager.db, file size: 0, next page ID: 0
[2025-11-10 20:22:21.972] [ERROR] Invalid page ID: -1 or null page data pointer
[2025-11-10 20:22:21.972] [ERROR] Invalid page ID: 0 or null page data pointer
[2025-11-10 20:22:21.972] [INFO] Closing database file: test_disk_manager.db
[       OK ] DiskManagerTest.ReadPageInvalidParameters (0 ms)
[ RUN      ] DiskManagerTest.SimulateWritePageSeekFailure
[2025-11-10 20:22:21.972] [INFO] Initializing DiskManager for database file: temp_write_seek_fail_test.db
[2025-11-10 20:22:21.972] [INFO] Opened database file: temp_write_seek_fail_test.db, file size: 0, next page ID: 0
[2025-11-10 20:22:21.972] [ERROR] Failed to seek to page 0
[2025-11-10 20:22:21.972] [INFO] Closing database file: temp_write_seek_fail_test.db
[       OK ] DiskManagerTest.SimulateWritePageSeekFailure (0 ms)
[ RUN      ] DiskManagerTest.WritePageSeekFailure
[2025-11-10 20:22:21.972] [INFO] Initializing DiskManager for database file: test_disk_manager.db
[2025-11-10 20:22:21.972] [INFO] Opened database file: test_disk_manager.db, file size: 0, next page ID: 0
[2025-11-10 20:22:21.972] [ERROR] Failed to seek to page 1
[2025-11-10 20:22:21.972] [INFO] Closing database file: test_disk_manager.db
[       OK ] DiskManagerTest.WritePageSeekFailure (0 ms)
[ RUN      ] DiskManagerTest.WritePageWriteFailure
[2025-11-10 20:22:21.972] [INFO] Initializing DiskManager for database file: test_disk_manager.db
[2025-11-10 20:22:21.972] [INFO] Opened database file: test_disk_manager.db, file size: 0, next page ID: 0
[2025-11-10 20:22:21.972] [ERROR] Failed to write page 2
[2025-11-10 20:22:21.972] [INFO] Closing database file: test_disk_manager.db
[       OK ] DiskManagerTest.WritePageWriteFailure (0 ms)
[ RUN      ] DiskManagerTest.WritePageFlushFailure
[2025-11-10 20:22:21.972] [INFO] Initializing DiskManager for database file: test_disk_manager.db
[2025-11-10 20:22:21.972] [INFO] Opened database file: test_disk_manager.db, file size: 0, next page ID: 0
[2025-11-10 20:22:21.972] [ERROR] Failed to flush page 3 to disk
[2025-11-10 20:22:21.972] [INFO] Closing database file: test_disk_manager.db
[       OK ] DiskManagerTest.WritePageFlushFailure (0 ms)
[ RUN      ] DiskManagerTest.ReadPageSeekFailure
[2025-11-10 20:22:21.972] [INFO] Initializing DiskManager for database file: temp_read_seek_test.db
[2025-11-10 20:22:21.972] [INFO] Opened database file: temp_read_seek_test.db, file size: 0, next page ID: 0
[2025-11-10 20:22:21.972] [ERROR] Failed to seek to page 0
[2025-11-10 20:22:21.972] [INFO] Closing database file: temp_read_seek_test.db
[       OK ] DiskManagerTest.ReadPageSeekFailure (0 ms)
[ RUN      ] DiskManagerTest.SimulateReadPageReadFailure
[2025-11-10 20:22:21.973] [INFO] Initializing DiskManager for database file: temp_read_fail_test.db
[2025-11-10 20:22:21.973] [INFO] Opened database file: temp_read_fail_test.db, file size: 0, next page ID: 0
[2025-11-10 20:22:21.973] [WARN] Page 1000 does not exist in file
[2025-11-10 20:22:21.973] [INFO] Initializing DiskManager for database file: temp_read_fail_test.db
[2025-11-10 20:22:21.973] [INFO] Opened database file: temp_read_fail_test.db, file size: 9, next page ID: 0
[2025-11-10 20:22:21.973] [ERROR] Failed to read page 0
[2025-11-10 20:22:21.973] [INFO] Closing database file: temp_read_fail_test.db
[2025-11-10 20:22:21.973] [INFO] Closing database file: temp_read_fail_test.db
[       OK ] DiskManagerTest.SimulateReadPageReadFailure (1 ms)
[ RUN      ] DiskManagerTest.ConfigChangeCallback
[2025-11-10 20:22:21.974] [INFO] Initializing DiskManager for database file: test_disk_manager.db
[2025-11-10 20:22:21.974] [INFO] Opened database file: test_disk_manager.db, file size: 0, next page ID: 0
[2025-11-10 20:22:21.974] [INFO] Direct I/O enabled
[2025-11-10 20:22:21.974] [INFO] Direct I/O enabled
Error in config change callback for key disk_manager.enable_direct_io: Invalid argument
[2025-11-10 20:22:21.974] [INFO] Direct I/O enabled
[2025-11-10 20:22:21.974] [INFO] Direct I/O enabled
[2025-11-10 20:22:21.974] [INFO] I/O queue depth updated to: 128
[2025-11-10 20:22:21.974] [INFO] I/O queue depth updated to: 128
Error in config change callback for key disk_manager.io_queue_depth: Invalid argument
[2025-11-10 20:22:21.974] [INFO] I/O queue depth updated to: 128
[2025-11-10 20:22:21.974] [INFO] I/O queue depth updated to: 128
[2025-11-10 20:22:21.974] [INFO] Async I/O disabled
[2025-11-10 20:22:21.974] [INFO] Async I/O disabled
Error in config change callback for key disk_manager.enable_async_io: Invalid argument
[2025-11-10 20:22:21.974] [INFO] Async I/O disabled
[2025-11-10 20:22:21.974] [INFO] Async I/O disabled
[2025-11-10 20:22:21.974] [INFO] Batch I/O size updated to: 64
[2025-11-10 20:22:21.974] [INFO] Batch I/O size updated to: 64
Error in config change callback for key disk_manager.batch_io_size: Invalid argument
[2025-11-10 20:22:21.974] [INFO] Batch I/O size updated to: 64
[2025-11-10 20:22:21.974] [INFO] Batch I/O size updated to: 64
[2025-11-10 20:22:21.974] [INFO] Sync strategy updated to: immediate
[2025-11-10 20:22:21.974] [INFO] Sync strategy updated to: immediate
Error in config change callback for key disk_manager.sync_strategy: Invalid argument
[2025-11-10 20:22:21.974] [INFO] Sync strategy updated to: immediate
[2025-11-10 20:22:21.974] [INFO] Sync strategy updated to: immediate
[2025-11-10 20:22:21.974] [INFO] Sync interval updated to: 1000
[2025-11-10 20:22:21.974] [INFO] Sync interval updated to: 1000
Error in config change callback for key disk_manager.sync_interval: Invalid argument
[2025-11-10 20:22:21.974] [INFO] Sync interval updated to: 1000
[2025-11-10 20:22:21.974] [INFO] Sync interval updated to: 1000
[2025-11-10 20:22:21.974] [INFO] Closing database file: test_disk_manager.db
[       OK ] DiskManagerTest.ConfigChangeCallback (0 ms)
[ RUN      ] DiskManagerTest.NullPointerValidation
[2025-11-10 20:22:21.974] [INFO] Initializing DiskManager for database file: test_disk_manager.db
[2025-11-10 20:22:21.974] [INFO] Opened database file: test_disk_manager.db, file size: 0, next page ID: 0
[2025-11-10 20:22:21.974] [ERROR] Null page data pointer for page ID: 0
[2025-11-10 20:22:21.974] [ERROR] Invalid page ID: 0 or null page data pointer
[2025-11-10 20:22:21.974] [INFO] Closing database file: test_disk_manager.db
[       OK ] DiskManagerTest.NullPointerValidation (0 ms)
[ RUN      ] DiskManagerTest.BatchReadPages
[2025-11-10 20:22:21.974] [INFO] Initializing DiskManager for database file: test_disk_manager.db
[2025-11-10 20:22:21.974] [INFO] Opened database file: test_disk_manager.db, file size: 0, next page ID: 0
[2025-11-10 20:22:21.974] [INFO] Closing database file: test_disk_manager.db
[       OK ] DiskManagerTest.BatchReadPages (0 ms)
[ RUN      ] DiskManagerTest.PrefetchPage
[2025-11-10 20:22:21.974] [INFO] Initializing DiskManager for database file: test_disk_manager.db
[2025-11-10 20:22:21.974] [INFO] Opened database file: test_disk_manager.db, file size: 0, next page ID: 0
[2025-11-10 20:22:21.974] [INFO] Closing database file: test_disk_manager.db
[       OK ] DiskManagerTest.PrefetchPage (0 ms)
[ RUN      ] DiskManagerTest.BatchPrefetchPages
[2025-11-10 20:22:21.975] [INFO] Initializing DiskManager for database file: test_disk_manager.db
[2025-11-10 20:22:21.975] [INFO] Opened database file: test_disk_manager.db, file size: 0, next page ID: 0
[2025-11-10 20:22:21.975] [INFO] Closing database file: test_disk_manager.db
[       OK ] DiskManagerTest.BatchPrefetchPages (0 ms)
[ RUN      ] DiskManagerTest.DeallocatePage
[2025-11-10 20:22:21.975] [INFO] Initializing DiskManager for database file: test_disk_manager.db
[2025-11-10 20:22:21.975] [INFO] Opened database file: test_disk_manager.db, file size: 0, next page ID: 0
[2025-11-10 20:22:21.975] [INFO] Closing database file: test_disk_manager.db
[       OK ] DiskManagerTest.DeallocatePage (0 ms)
[----------] 33 tests from DiskManagerTest (4 ms total)

[----------] Global test environment tear-down
[==========] 33 tests from 1 test suite ran. (4 ms total)
[  PASSED  ] 33 tests.
<end of output>
Test time =   0.01 sec
----------------------------------------------------------
Test Passed.
"disk_manager_test" end time: Nov 10 20:22 CST
"disk_manager_test" time elapsed: 00:00:00
----------------------------------------------------------

7/12 Testing: config_manager_test
7/12 Test: config_manager_test
Command: "/home/liying/sqlcc/build-coverage/bin/config_manager_test"
Directory: /home/liying/sqlcc/build-coverage/tests
"config_manager_test" start time: Nov 10 20:22 CST
Output:
----------------------------------------------------------
Running main() from ./googletest/src/gtest_main.cc
[==========] Running 13 tests from 1 test suite.
[----------] Global test environment set-up.
[----------] 13 tests from ConfigManagerTest
[ RUN      ] ConfigManagerTest.SingletonPattern
[       OK ] ConfigManagerTest.SingletonPattern (0 ms)
[ RUN      ] ConfigManagerTest.LoadConfig
[       OK ] ConfigManagerTest.LoadConfig (0 ms)
[ RUN      ] ConfigManagerTest.LoadConfigWithEnv
[       OK ] ConfigManagerTest.LoadConfigWithEnv (0 ms)
[ RUN      ] ConfigManagerTest.GetConfigValues
[       OK ] ConfigManagerTest.GetConfigValues (0 ms)
[ RUN      ] ConfigManagerTest.SetConfigValues
[       OK ] ConfigManagerTest.SetConfigValues (0 ms)
[ RUN      ] ConfigManagerTest.HasKey
[       OK ] ConfigManagerTest.HasKey (0 ms)
[ RUN      ] ConfigManagerTest.ConfigChangeCallback
[       OK ] ConfigManagerTest.ConfigChangeCallback (0 ms)
[ RUN      ] ConfigManagerTest.SaveToFile
[       OK ] ConfigManagerTest.SaveToFile (0 ms)
[ RUN      ] ConfigManagerTest.GetAllKeys
[       OK ] ConfigManagerTest.GetAllKeys (0 ms)
[ RUN      ] ConfigManagerTest.GetKeysWithPrefix
[       OK ] ConfigManagerTest.GetKeysWithPrefix (0 ms)
[ RUN      ] ConfigManagerTest.ReloadConfig
[       OK ] ConfigManagerTest.ReloadConfig (0 ms)
[ RUN      ] ConfigManagerTest.TypeConversion
[       OK ] ConfigManagerTest.TypeConversion (0 ms)
[ RUN      ] ConfigManagerTest.ThreadSafety
[       OK ] ConfigManagerTest.ThreadSafety (8 ms)
[----------] 13 tests from ConfigManagerTest (12 ms total)

[----------] Global test environment tear-down
[==========] 13 tests from 1 test suite ran. (12 ms total)
[  PASSED  ] 13 tests.
<end of output>
Test time =   0.02 sec
----------------------------------------------------------
Test Passed.
"config_manager_test" end time: Nov 10 20:22 CST
"config_manager_test" time elapsed: 00:00:00
----------------------------------------------------------

8/12 Testing: config_manager_enhanced_test
8/12 Test: config_manager_enhanced_test
Command: "/home/liying/sqlcc/build-coverage/bin/config_manager_enhanced_test"
Directory: /home/liying/sqlcc/build-coverage/tests
"config_manager_enhanced_test" start time: Nov 10 20:22 CST
Output:
----------------------------------------------------------
Running main() from ./googletest/src/gtest_main.cc
[==========] Running 11 tests from 1 test suite.
[----------] Global test environment set-up.
[----------] 11 tests from ConfigManagerEnhancedTest
[ RUN      ] ConfigManagerEnhancedTest.LoadDefaultConfig
/home/liying/sqlcc/tests/unit/config_manager_enhanced_test.cc:188: Failure
Expected equality of these values:
  config.GetString("database.db_file_path")
    Which is: ""
  "./data/sqlcc.db"

/home/liying/sqlcc/tests/unit/config_manager_enhanced_test.cc:189: Failure
Expected equality of these values:
  config.GetInt("database.db_file_size_limit")
    Which is: 0
  1024

/home/liying/sqlcc/tests/unit/config_manager_enhanced_test.cc:190: Failure
Expected equality of these values:
  config.GetInt("database.page_size")
    Which is: 0
  8192

/home/liying/sqlcc/tests/unit/config_manager_enhanced_test.cc:192: Failure
Expected equality of these values:
  config.GetInt("buffer_pool.pool_size")
    Which is: 0
  64

/home/liying/sqlcc/tests/unit/config_manager_enhanced_test.cc:193: Failure
Expected equality of these values:
  config.GetString("buffer_pool.replacement_policy")
    Which is: ""
  "LRU"

/home/liying/sqlcc/tests/unit/config_manager_enhanced_test.cc:194: Failure
Expected equality of these values:
  config.GetString("buffer_pool.prefetch_strategy")
    Which is: ""
  "SEQUENTIAL"

/home/liying/sqlcc/tests/unit/config_manager_enhanced_test.cc:195: Failure
Expected equality of these values:
  config.GetInt("buffer_pool.prefetch_window")
    Which is: 0
  4

/home/liying/sqlcc/tests/unit/config_manager_enhanced_test.cc:196: Failure
Expected equality of these values:
  config.GetInt("buffer_pool.flush_interval")
    Which is: 0
  30

/home/liying/sqlcc/tests/unit/config_manager_enhanced_test.cc:197: Failure
Expected equality of these values:
  config.GetDouble("buffer_pool.dirty_page_threshold")
    Which is: 0
  0.75

/home/liying/sqlcc/tests/unit/config_manager_enhanced_test.cc:199: Failure
Expected equality of these values:
  config.GetInt("disk_manager.io_thread_pool_size")
    Which is: 0
  4

/home/liying/sqlcc/tests/unit/config_manager_enhanced_test.cc:200: Failure
Expected equality of these values:
  config.GetInt("disk_manager.batch_read_size")
    Which is: 0
  8

/home/liying/sqlcc/tests/unit/config_manager_enhanced_test.cc:201: Failure
Expected equality of these values:
  config.GetInt("disk_manager.batch_write_size")
    Which is: 0
  8

/home/liying/sqlcc/tests/unit/config_manager_enhanced_test.cc:202: Failure
Value of: config.GetBool("disk_manager.async_io")
  Actual: false
Expected: true

/home/liying/sqlcc/tests/unit/config_manager_enhanced_test.cc:204: Failure
Expected equality of these values:
  config.GetString("disk_manager.io_scheduler")
    Which is: ""
  "FIFO"

/home/liying/sqlcc/tests/unit/config_manager_enhanced_test.cc:206: Failure
Expected equality of these values:
  config.GetString("storage_engine.concurrency_control")
    Which is: ""
  "PESSIMISTIC"

/home/liying/sqlcc/tests/unit/config_manager_enhanced_test.cc:207: Failure
Expected equality of these values:
  config.GetInt("storage_engine.lock_timeout")
    Which is: 0
  5000

/home/liying/sqlcc/tests/unit/config_manager_enhanced_test.cc:208: Failure
Expected equality of these values:
  config.GetInt("storage_engine.deadlock_detection_interval")
    Which is: 0
  1000

/home/liying/sqlcc/tests/unit/config_manager_enhanced_test.cc:209: Failure
Expected equality of these values:
  config.GetString("storage_engine.isolation_level")
    Which is: ""
  "READ_COMMITTED"

/home/liying/sqlcc/tests/unit/config_manager_enhanced_test.cc:210: Failure
Expected equality of these values:
  config.GetInt("storage_engine.checkpoint_interval")
    Which is: 0
  60

/home/liying/sqlcc/tests/unit/config_manager_enhanced_test.cc:212: Failure
Expected equality of these values:
  config.GetString("logging.log_level")
    Which is: ""
  "INFO"

/home/liying/sqlcc/tests/unit/config_manager_enhanced_test.cc:213: Failure
Expected equality of these values:
  config.GetString("logging.log_file_path")
    Which is: ""
  "./logs/sqlcc.log"

/home/liying/sqlcc/tests/unit/config_manager_enhanced_test.cc:214: Failure
Expected equality of these values:
  config.GetInt("logging.log_file_size_limit")
    Which is: 0
  100

/home/liying/sqlcc/tests/unit/config_manager_enhanced_test.cc:215: Failure
Expected equality of these values:
  config.GetInt("logging.log_file_backup_count")
    Which is: 0
  5

/home/liying/sqlcc/tests/unit/config_manager_enhanced_test.cc:216: Failure
Value of: config.GetBool("logging.log_to_console")
  Actual: false
Expected: true

/home/liying/sqlcc/tests/unit/config_manager_enhanced_test.cc:219: Failure
Expected equality of these values:
  config.GetInt("performance.stats_interval")
    Which is: 0
  10

/home/liying/sqlcc/tests/unit/config_manager_enhanced_test.cc:220: Failure
Expected equality of these values:
  config.GetString("performance.stats_output_path")
    Which is: ""
  "./stats/"

/home/liying/sqlcc/tests/unit/config_manager_enhanced_test.cc:224: Failure
Expected equality of these values:
  config.GetString("testing.test_data_dir")
    Which is: ""
  "./test_data/"

/home/liying/sqlcc/tests/unit/config_manager_enhanced_test.cc:225: Failure
Expected equality of these values:
  config.GetString("testing.test_output_dir")
    Which is: ""
  "./test_results/"

[  FAILED  ] ConfigManagerEnhancedTest.LoadDefaultConfig (0 ms)
[ RUN      ] ConfigManagerEnhancedTest.ParseConfigFile
[       OK ] ConfigManagerEnhancedTest.ParseConfigFile (0 ms)
[ RUN      ] ConfigManagerEnhancedTest.ParseInvalidConfigFile
[       OK ] ConfigManagerEnhancedTest.ParseInvalidConfigFile (0 ms)
[ RUN      ] ConfigManagerEnhancedTest.ReloadConfig
[       OK ] ConfigManagerEnhancedTest.ReloadConfig (0 ms)
[ RUN      ] ConfigManagerEnhancedTest.SaveToFile
/home/liying/sqlcc/tests/unit/config_manager_enhanced_test.cc:335: Failure
Expected: (content.find("database.page_size = 8192")) != (std::string::npos), actual: 18446744073709551615 vs 18446744073709551615

/home/liying/sqlcc/tests/unit/config_manager_enhanced_test.cc:336: Failure
Expected: (content.find("test.new.key = new_value")) != (std::string::npos), actual: 18446744073709551615 vs 18446744073709551615

[  FAILED  ] ConfigManagerEnhancedTest.SaveToFile (0 ms)
[ RUN      ] ConfigManagerEnhancedTest.GetAllKeys
[       OK ] ConfigManagerEnhancedTest.GetAllKeys (0 ms)
[ RUN      ] ConfigManagerEnhancedTest.GetKeysWithPrefix
/home/liying/sqlcc/tests/unit/config_manager_enhanced_test.cc:399: Failure
Expected equality of these values:
  db_keys.size()
    Which is: 5
  3

[  FAILED  ] ConfigManagerEnhancedTest.GetKeysWithPrefix (0 ms)
[ RUN      ] ConfigManagerEnhancedTest.NotifyConfigChange
[       OK ] ConfigManagerEnhancedTest.NotifyConfigChange (0 ms)
[ RUN      ] ConfigManagerEnhancedTest.CallbackExceptionHandling
Error in config change callback for key database.page_size: Test exception
<end of output>
Test time =   0.02 sec
----------------------------------------------------------
Test Failed.
"config_manager_enhanced_test" end time: Nov 10 20:22 CST
"config_manager_enhanced_test" time elapsed: 00:00:00
----------------------------------------------------------

9/12 Testing: buffer_pool_enhanced_test
9/12 Test: buffer_pool_enhanced_test
Command: "/home/liying/sqlcc/build-coverage/bin/buffer_pool_enhanced_test"
Directory: /home/liying/sqlcc/build-coverage/tests
"buffer_pool_enhanced_test" start time: Nov 10 20:22 CST
Output:
----------------------------------------------------------
Running main() from ./googletest/src/gtest_main.cc
[==========] Running 13 tests from 1 test suite.
[----------] Global test environment set-up.
[----------] 13 tests from BufferPoolEnhancedTest
[ RUN      ] BufferPoolEnhancedTest.ConstructorAndDestructor
[2025-11-10 20:22:22.016] [INFO] Initializing DiskManager for database file: /tmp/buffer_pool_test.db
[2025-11-10 20:22:22.017] [INFO] Opened database file: /tmp/buffer_pool_test.db, file size: 0, next page ID: 0
[2025-11-10 20:22:22.017] [INFO] Initializing BufferPool with pool size: 10
[2025-11-10 20:22:22.017] [INFO] Initializing BufferPool with pool size: 5
[2025-11-10 20:22:22.017] [INFO] Destroying BufferPool
[2025-11-10 20:22:22.017] [INFO] Flushing all pages in buffer pool
[2025-11-10 20:22:22.017] [INFO] All pages flushed to disk
[2025-11-10 20:22:22.017] [INFO] Initializing BufferPool with pool size: 5
/home/liying/sqlcc/tests/unit/buffer_pool_enhanced_test.cc:94: Failure
Expected equality of these values:
  page->GetData()[0]
    Which is: '\0'
  'X'
    Which is: 'X' (88, 0x58)

[2025-11-10 20:22:22.017] [INFO] Destroying BufferPool
[2025-11-10 20:22:22.017] [INFO] Flushing all pages in buffer pool
[2025-11-10 20:22:22.017] [INFO] All pages flushed to disk
[2025-11-10 20:22:22.017] [INFO] Destroying BufferPool
[2025-11-10 20:22:22.017] [INFO] Flushing all pages in buffer pool
[2025-11-10 20:22:22.017] [INFO] All pages flushed to disk
[2025-11-10 20:22:22.017] [INFO] Closing database file: /tmp/buffer_pool_test.db
[  FAILED  ] BufferPoolEnhancedTest.ConstructorAndDestructor (0 ms)
[ RUN      ] BufferPoolEnhancedTest.FetchPage
[2025-11-10 20:22:22.017] [INFO] Initializing DiskManager for database file: /tmp/buffer_pool_test.db
[2025-11-10 20:22:22.017] [INFO] Opened database file: /tmp/buffer_pool_test.db, file size: 0, next page ID: 0
[2025-11-10 20:22:22.017] [INFO] Initializing BufferPool with pool size: 10
[2025-11-10 20:22:22.017] [WARN] Page 100 does not exist in file
[2025-11-10 20:22:22.017] [INFO] Destroying BufferPool
[2025-11-10 20:22:22.017] [INFO] Flushing all pages in buffer pool
[2025-11-10 20:22:22.017] [INFO] All pages flushed to disk
[2025-11-10 20:22:22.017] [INFO] Closing database file: /tmp/buffer_pool_test.db
[       OK ] BufferPoolEnhancedTest.FetchPage (0 ms)
[ RUN      ] BufferPoolEnhancedTest.UnpinPage
[2025-11-10 20:22:22.017] [INFO] Initializing DiskManager for database file: /tmp/buffer_pool_test.db
[2025-11-10 20:22:22.017] [INFO] Opened database file: /tmp/buffer_pool_test.db, file size: 0, next page ID: 0
[2025-11-10 20:22:22.017] [INFO] Initializing BufferPool with pool size: 10
[2025-11-10 20:22:22.017] [WARN] Page ID 100 not found in buffer pool
[2025-11-10 20:22:22.017] [INFO] Destroying BufferPool
[2025-11-10 20:22:22.017] [INFO] Flushing all pages in buffer pool
[2025-11-10 20:22:22.017] [INFO] All pages flushed to disk
[2025-11-10 20:22:22.017] [INFO] Closing database file: /tmp/buffer_pool_test.db
[       OK ] BufferPoolEnhancedTest.UnpinPage (0 ms)
[ RUN      ] BufferPoolEnhancedTest.FlushPage
[2025-11-10 20:22:22.017] [INFO] Initializing DiskManager for database file: /tmp/buffer_pool_test.db
[2025-11-10 20:22:22.017] [INFO] Opened database file: /tmp/buffer_pool_test.db, file size: 0, next page ID: 0
[2025-11-10 20:22:22.017] [INFO] Initializing BufferPool with pool size: 10
[2025-11-10 20:22:22.018] [WARN] Page ID 100 not found in buffer pool
[2025-11-10 20:22:22.018] [INFO] Initializing BufferPool with pool size: 5
/home/liying/sqlcc/tests/unit/buffer_pool_enhanced_test.cc:170: Failure
Expected equality of these values:
  page->GetData()[0]
    Which is: '\0'
  'Z'
    Which is: 'Z' (90, 0x5A)

[2025-11-10 20:22:22.018] [INFO] Destroying BufferPool
[2025-11-10 20:22:22.018] [INFO] Flushing all pages in buffer pool
[2025-11-10 20:22:22.018] [INFO] All pages flushed to disk
[2025-11-10 20:22:22.018] [INFO] Destroying BufferPool
[2025-11-10 20:22:22.018] [INFO] Flushing all pages in buffer pool
[2025-11-10 20:22:22.018] [INFO] All pages flushed to disk
[2025-11-10 20:22:22.018] [INFO] Closing database file: /tmp/buffer_pool_test.db
[  FAILED  ] BufferPoolEnhancedTest.FlushPage (0 ms)
[ RUN      ] BufferPoolEnhancedTest.FlushAllPages
[2025-11-10 20:22:22.018] [INFO] Initializing DiskManager for database file: /tmp/buffer_pool_test.db
[2025-11-10 20:22:22.018] [INFO] Opened database file: /tmp/buffer_pool_test.db, file size: 0, next page ID: 0
[2025-11-10 20:22:22.018] [INFO] Initializing BufferPool with pool size: 10
[2025-11-10 20:22:22.018] [INFO] Flushing all pages in buffer pool
[2025-11-10 20:22:22.018] [INFO] All pages flushed to disk
[2025-11-10 20:22:22.018] [INFO] Initializing BufferPool with pool size: 5
/home/liying/sqlcc/tests/unit/buffer_pool_enhanced_test.cc:194: Failure
Expected equality of these values:
  page->GetData()[0]
    Which is: '\0'
  'A' + i
    Which is: 65

/home/liying/sqlcc/tests/unit/buffer_pool_enhanced_test.cc:194: Failure
Expected equality of these values:
  page->GetData()[0]
    Which is: '\x1' (1)
  'A' + i
    Which is: 66

/home/liying/sqlcc/tests/unit/buffer_pool_enhanced_test.cc:194: Failure
Expected equality of these values:
  page->GetData()[0]
    Which is: '\x2' (2)
  'A' + i
    Which is: 67

[2025-11-10 20:22:22.018] [INFO] Destroying BufferPool
[2025-11-10 20:22:22.018] [INFO] Flushing all pages in buffer pool
[2025-11-10 20:22:22.018] [INFO] All pages flushed to disk
[2025-11-10 20:22:22.018] [INFO] Destroying BufferPool
[2025-11-10 20:22:22.018] [INFO] Flushing all pages in buffer pool
[2025-11-10 20:22:22.018] [INFO] All pages flushed to disk
[2025-11-10 20:22:22.018] [INFO] Closing database file: /tmp/buffer_pool_test.db
[  FAILED  ] BufferPoolEnhancedTest.FlushAllPages (0 ms)
[ RUN      ] BufferPoolEnhancedTest.NewPage
[2025-11-10 20:22:22.018] [INFO] Initializing DiskManager for database file: /tmp/buffer_pool_test.db
[2025-11-10 20:22:22.018] [INFO] Opened database file: /tmp/buffer_pool_test.db, file size: 0, next page ID: 0
[2025-11-10 20:22:22.018] [INFO] Initializing BufferPool with pool size: 10
[2025-11-10 20:22:22.018] [INFO] Destroying BufferPool
[2025-11-10 20:22:22.018] [INFO] Flushing all pages in buffer pool
[2025-11-10 20:22:22.018] [INFO] All pages flushed to disk
[2025-11-10 20:22:22.018] [INFO] Closing database file: /tmp/buffer_pool_test.db
[       OK ] BufferPoolEnhancedTest.NewPage (0 ms)
[ RUN      ] BufferPoolEnhancedTest.DeletePage
[2025-11-10 20:22:22.018] [INFO] Initializing DiskManager for database file: /tmp/buffer_pool_test.db
[2025-11-10 20:22:22.018] [INFO] Opened database file: /tmp/buffer_pool_test.db, file size: 0, next page ID: 0
[2025-11-10 20:22:22.018] [INFO] Initializing BufferPool with pool size: 10
[...]
[2025-11-10 20:22:22.057] [INFO] Opened database file: test_storage_engine.db, file size: 0, next page ID: 0
[2025-11-10 20:22:22.057] [INFO] Initializing BufferPool with pool size: 10
[2025-11-10 20:22:22.057] [INFO] StorageEngine initialized successfully
[2025-11-10 20:22:22.057] [INFO] Destroying StorageEngine
[2025-11-10 20:22:22.057] [INFO] Flushing all pages
[2025-11-10 20:22:22.057] [INFO] Flushing all pages in buffer pool
[2025-11-10 20:22:22.057] [INFO] All pages flushed to disk
[2025-11-10 20:22:22.057] [INFO] All pages flushed successfully
[2025-11-10 20:22:22.057] [INFO] Destroying BufferPool
[2025-11-10 20:22:22.057] [INFO] Flushing all pages in buffer pool
[2025-11-10 20:22:22.057] [INFO] All pages flushed to disk
[2025-11-10 20:22:22.057] [INFO] Closing database file: test_storage_engine.db
[2025-11-10 20:22:22.057] [INFO] Initializing StorageEngine with database file: test_storage_engine.db and pool size: 10
[2025-11-10 20:22:22.057] [INFO] Initializing DiskManager for database file: test_storage_engine.db
[2025-11-10 20:22:22.057] [INFO] Opened database file: test_storage_engine.db, file size: 24576, next page ID: 3
[2025-11-10 20:22:22.057] [INFO] Initializing BufferPool with pool size: 10
[2025-11-10 20:22:22.057] [INFO] StorageEngine initialized successfully
/home/liying/sqlcc/tests/unit/storage_engine_enhanced_test.cc:376: Failure
Expected equality of these values:
  read_data
    Which is: "Destructor test data 2"
  expected_data
    Which is: "Destructor test data 0"

/home/liying/sqlcc/tests/unit/storage_engine_enhanced_test.cc:376: Failure
Expected equality of these values:
  read_data
    Which is: "Destructor test data 0"
  expected_data
    Which is: "Destructor test data 2"

[2025-11-10 20:22:22.057] [INFO] Destroying StorageEngine
[2025-11-10 20:22:22.057] [INFO] Flushing all pages
[2025-11-10 20:22:22.057] [INFO] Flushing all pages in buffer pool
[2025-11-10 20:22:22.057] [INFO] All pages flushed to disk
[2025-11-10 20:22:22.057] [INFO] All pages flushed successfully
[2025-11-10 20:22:22.057] [INFO] Destroying BufferPool
[2025-11-10 20:22:22.057] [INFO] Flushing all pages in buffer pool
[2025-11-10 20:22:22.057] [INFO] All pages flushed to disk
[2025-11-10 20:22:22.057] [INFO] Closing database file: test_storage_engine.db
[2025-11-10 20:22:22.057] [INFO] Destroying StorageEngine
[2025-11-10 20:22:22.057] [INFO] Flushing all pages
[2025-11-10 20:22:22.057] [INFO] Flushing all pages in buffer pool
[2025-11-10 20:22:22.057] [INFO] All pages flushed to disk
[2025-11-10 20:22:22.057] [INFO] All pages flushed successfully
[2025-11-10 20:22:22.057] [INFO] Destroying BufferPool
[2025-11-10 20:22:22.057] [INFO] Flushing all pages in buffer pool
[2025-11-10 20:22:22.057] [INFO] All pages flushed to disk
[2025-11-10 20:22:22.057] [INFO] Closing database file: test_storage_engine.db
[  FAILED  ] StorageEngineEnhancedTest.DestructorFlushesPages (0 ms)
[ RUN      ] StorageEngineEnhancedTest.MultiThreadedOperations
[2025-11-10 20:22:22.057] [INFO] Initializing StorageEngine with database file: test_storage_engine.db and pool size: 10
[2025-11-10 20:22:22.057] [INFO] Initializing DiskManager for database file: test_storage_engine.db
[2025-11-10 20:22:22.057] [INFO] Opened database file: test_storage_engine.db, file size: 0, next page ID: 0
[2025-11-10 20:22:22.057] [INFO] Initializing BufferPool with pool size: 10
[2025-11-10 20:22:22.057] [INFO] StorageEngine initialized successfully
/home/liying/sqlcc/tests/unit/storage_engine_enhanced_test.cc:431: Failure
Expected equality of these values:
  data
    Which is: 1
  t * 1000 + i
    Which is: 0

/home/liying/sqlcc/tests/unit/storage_engine_enhanced_test.cc:431: Failure
Expected equality of these values:
  data
    Which is: 3
  t * 1000 + i
    Which is: 1

/home/liying/sqlcc/tests/unit/storage_engine_enhanced_test.cc:431: Failure
Expected equality of these values:
  data
    Which is: 4
  t * 1000 + i
    Which is: 2

/home/liying/sqlcc/tests/unit/storage_engine_enhanced_test.cc:431: Failure
Expected equality of these values:
  data
    Which is: 5
  t * 1000 + i
    Which is: 3

/home/liying/sqlcc/tests/unit/storage_engine_enhanced_test.cc:431: Failure
Expected equality of these values:
  data
    Which is: 6
  t * 1000 + i
    Which is: 4

/home/liying/sqlcc/tests/unit/storage_engine_enhanced_test.cc:431: Failure
Expected equality of these values:
  data
    Which is: 7
  t * 1000 + i
    Which is: 5

/home/liying/sqlcc/tests/unit/storage_engine_enhanced_test.cc:431: Failure
Expected equality of these values:
  data
    Which is: 8
  t * 1000 + i
    Which is: 6

/home/liying/sqlcc/tests/unit/storage_engine_enhanced_test.cc:431: Failure
Expected equality of these values:
  data
    Which is: 9
  t * 1000 + i
    Which is: 7

/home/liying/sqlcc/tests/unit/storage_engine_enhanced_test.cc:431: Failure
Expected equality of these values:
  data
    Which is: 1001
  t * 1000 + i
    Which is: 8

/home/liying/sqlcc/tests/unit/storage_engine_enhanced_test.cc:431: Failure
Expected equality of these values:
  data
    Which is: 2000
  t * 1000 + i
    Which is: 9

/home/liying/sqlcc/tests/unit/storage_engine_enhanced_test.cc:431: Failure
Expected equality of these values:
  data
    Which is: 2
  t * 1000 + i
    Which is: 1001

/home/liying/sqlcc/tests/unit/storage_engine_enhanced_test.cc:431: Failure
Expected equality of these values:
  data
    Which is: 1003
  t * 1000 + i
    Which is: 1002

/home/liying/sqlcc/tests/unit/storage_engine_enhanced_test.cc:431: Failure
Expected equality of these values:
  data
    Which is: 1004
  t * 1000 + i
    Which is: 1003

/home/liying/sqlcc/tests/unit/storage_engine_enhanced_test.cc:431: Failure
Expected equality of these values:
  data
    Which is: 1005
  t * 1000 + i
    Which is: 1004

/home/liying/sqlcc/tests/unit/storage_engine_enhanced_test.cc:431: Failure
Expected equality of these values:
  data
    Which is: 1006
  t * 1000 + i
    Which is: 1005

/home/liying/sqlcc/tests/unit/storage_engine_enhanced_test.cc:431: Failure
Expected equality of these values:
  data
    Which is: 1007
  t * 1000 + i
    Which is: 1006

/home/liying/sqlcc/tests/unit/storage_engine_enhanced_test.cc:431: Failure
Expected equality of these values:
  data
    Which is: 1008
  t * 1000 + i
    Which is: 1007

/home/liying/sqlcc/tests/unit/storage_engine_enhanced_test.cc:431: Failure
Expected equality of these values:
  data
    Which is: 1009
  t * 1000 + i
    Which is: 1008

/home/liying/sqlcc/tests/unit/storage_engine_enhanced_test.cc:431: Failure
Expected equality of these values:
  data
    Which is: 3006
  t * 1000 + i
    Which is: 1009

/home/liying/sqlcc/tests/unit/storage_engine_enhanced_test.cc:431: Failure
Expected equality of these values:
  data
    Which is: 3000
  t * 1000 + i
    Which is: 2000

/home/liying/sqlcc/tests/unit/storage_engine_enhanced_test.cc:431: Failure
Expected equality of these values:
  data
    Which is: 3001
  t * 1000 + i
    Which is: 3000

/home/liying/sqlcc/tests/unit/storage_engine_enhanced_test.cc:431: Failure
Expected equality of these values:
  data
    Which is: 3002
  t * 1000 + i
    Which is: 3001

/home/liying/sqlcc/tests/unit/storage_engine_enhanced_test.cc:431: Failure
Expected equality of these values:
  data
    Which is: 3003
  t * 1000 + i
    Which is: 3002

/home/liying/sqlcc/tests/unit/storage_engine_enhanced_test.cc:431: Failure
Expected equality of these values:
  data
    Which is: 3004
  t * 1000 + i
    Which is: 3003

/home/liying/sqlcc/tests/unit/storage_engine_enhanced_test.cc:431: Failure
Expected equality of these values:
  data
    Which is: 3005
  t * 1000 + i
    Which is: 3004

/home/liying/sqlcc/tests/unit/storage_engine_enhanced_test.cc:431: Failure
Expected equality of these values:
  data
    Which is: 0
  t * 1000 + i
    Which is: 3005

/home/liying/sqlcc/tests/unit/storage_engine_enhanced_test.cc:431: Failure
Expected equality of these values:
  data
    Which is: 1002
  t * 1000 + i
    Which is: 3006

[2025-11-10 20:22:22.060] [INFO] Destroying StorageEngine
[2025-11-10 20:22:22.061] [INFO] Flushing all pages
[2025-11-10 20:22:22.061] [INFO] Flushing all pages in buffer pool
[2025-11-10 20:22:22.061] [INFO] All pages flushed to disk
[2025-11-10 20:22:22.061] [INFO] All pages flushed successfully
[2025-11-10 20:22:22.061] [INFO] Destroying BufferPool
[2025-11-10 20:22:22.061] [INFO] Flushing all pages in buffer pool
[2025-11-10 20:22:22.061] [INFO] All pages flushed to disk
[2025-11-10 20:22:22.061] [INFO] Closing database file: test_storage_engine.db
[  FAILED  ] StorageEngineEnhancedTest.MultiThreadedOperations (3 ms)
[ RUN      ] StorageEngineEnhancedTest.DeadlockDetection
[2025-11-10 20:22:22.061] [INFO] Initializing StorageEngine with database file: test_storage_engine.db and pool size: 10
[2025-11-10 20:22:22.061] [INFO] Initializing DiskManager for database file: test_storage_engine.db
[2025-11-10 20:22:22.061] [INFO] Opened database file: test_storage_engine.db, file size: 0, next page ID: 0
[2025-11-10 20:22:22.061] [INFO] Initializing BufferPool with pool size: 10
[2025-11-10 20:22:22.061] [INFO] StorageEngine initialized successfully
[2025-11-10 20:22:22.061] [INFO] Buffer pool size updated from 10 to 2
[2025-11-10 20:22:22.061] [INFO] Buffer pool size changed to: 2
[2025-11-10 20:22:22.061] [INFO] Buffer pool size updated from 2 to 2
[2025-11-10 20:22:22.061] [INFO] Buffer pool size changed to: 2
[2025-11-10 20:22:22.061] [INFO] Buffer pool size updated from 10 to 2
[2025-11-10 20:22:22.061] [INFO] Buffer pool size changed to: 2
[2025-11-10 20:22:22.061] [INFO] Buffer pool size updated from 2 to 2
[2025-11-10 20:22:22.061] [INFO] Buffer pool size changed to: 2
[2025-11-10 20:22:22.061] [INFO] Buffer pool size updated from 2 to 2
[2025-11-10 20:22:22.061] [INFO] Buffer pool size changed to: 2
[2025-11-10 20:22:22.061] [INFO] Buffer pool size updated from 2 to 2
[2025-11-10 20:22:22.061] [INFO] Buffer pool size changed to: 2
[2025-11-10 20:22:22.061] [INFO] Buffer pool size updated from 2 to 2
[2025-11-10 20:22:22.061] [INFO] Buffer pool size changed to: 2
[2025-11-10 20:22:22.061] [INFO] Buffer pool size updated from 2 to 2
[2025-11-10 20:22:22.061] [INFO] Buffer pool size changed to: 2
[2025-11-10 20:22:22.061] [INFO] Buffer pool size updated from 2 to 2
[2025-11-10 20:22:22.061] [INFO] Buffer pool size changed to: 2
[2025-11-10 20:22:22.061] [INFO] Buffer pool size updated from 2 to 2
[2025-11-10 20:22:22.061] [INFO] Buffer pool size changed to: 2
[2025-11-10 20:22:22.061] [INFO] Buffer pool size updated from 2 to 2
[2025-11-10 20:22:22.061] [INFO] Buffer pool size changed to: 2
[2025-11-10 20:22:22.061] [INFO] Buffer pool size updated from 2 to 2
[2025-11-10 20:22:22.061] [INFO] Buffer pool size changed to: 2
[2025-11-10 20:22:22.061] [INFO] Buffer pool size updated from 2 to 2
[2025-11-10 20:22:22.061] [INFO] Buffer pool size changed to: 2
[2025-11-10 20:22:22.061] [INFO] Initializing StorageEngine with database file: deadlock_test.db and pool size: 2
[2025-11-10 20:22:22.061] [INFO] Initializing DiskManager for database file: deadlock_test.db
[2025-11-10 20:22:22.061] [INFO] Opened database file: deadlock_test.db, file size: 0, next page ID: 0
[2025-11-10 20:22:22.061] [INFO] Initializing BufferPool with pool size: 2
[2025-11-10 20:22:22.061] [INFO] StorageEngine initialized successfully
[2025-11-10 20:22:22.062] [WARN] No page can be replaced in buffer pool
[2025-11-10 20:22:22.062] [ERROR] Failed to replace page in buffer pool
[2025-11-10 20:22:22.062] [INFO] Destroying StorageEngine
[2025-11-10 20:22:22.062] [INFO] Flushing all pages
[2025-11-10 20:22:22.062] [INFO] Flushing all pages in buffer pool
[2025-11-10 20:22:22.062] [INFO] All pages flushed to disk
[2025-11-10 20:22:22.062] [INFO] All pages flushed successfully
[2025-11-10 20:22:22.062] [INFO] Destroying BufferPool
[2025-11-10 20:22:22.062] [INFO] Flushing all pages in buffer pool
[2025-11-10 20:22:22.062] [INFO] All pages flushed to disk
[2025-11-10 20:22:22.062] [INFO] Closing database file: deadlock_test.db
[2025-11-10 20:22:22.062] [INFO] Destroying StorageEngine
[2025-11-10 20:22:22.062] [INFO] Flushing all pages
[2025-11-10 20:22:22.062] [INFO] Flushing all pages in buffer pool
[2025-11-10 20:22:22.062] [INFO] All pages flushed to disk
[2025-11-10 20:22:22.062] [INFO] All pages flushed successfully
[2025-11-10 20:22:22.062] [INFO] Destroying BufferPool
[2025-11-10 20:22:22.062] [INFO] Flushing all pages in buffer pool
[2025-11-10 20:22:22.062] [INFO] All pages flushed to disk
[2025-11-10 20:22:22.062] [INFO] Closing database file: test_storage_engine.db
[       OK ] StorageEngineEnhancedTest.DeadlockDetection (1 ms)
[ RUN      ] StorageEngineEnhancedTest.MultiThreadedDeadlockDetection
[2025-11-10 20:22:22.062] [INFO] Buffer pool size updated from 2 to 10
[2025-11-10 20:22:22.062] [INFO] Buffer pool size changed to: 10
[2025-11-10 20:22:22.062] [INFO] Buffer pool size updated from 10 to 10
[2025-11-10 20:22:22.062] [INFO] Buffer pool size changed to: 10
[2025-11-10 20:22:22.062] [INFO] Buffer pool size updated from 2 to 10
[2025-11-10 20:22:22.062] [INFO] Buffer pool size changed to: 10
[2025-11-10 20:22:22.062] [INFO] Buffer pool size updated from 10 to 10
[2025-11-10 20:22:22.062] [INFO] Buffer pool size changed to: 10
[2025-11-10 20:22:22.062] [INFO] Buffer pool size updated from 10 to 10
[2025-11-10 20:22:22.062] [INFO] Buffer pool size changed to: 10
[2025-11-10 20:22:22.062] [INFO] Buffer pool size updated from 10 to 10
[2025-11-10 20:22:22.062] [INFO] Buffer pool size changed to: 10
[2025-11-10 20:22:22.062] [INFO] Buffer pool size updated from 10 to 10
[2025-11-10 20:22:22.062] [INFO] Buffer pool size changed to: 10
[2025-11-10 20:22:22.062] [INFO] Buffer pool size updated from 10 to 10
[2025-11-10 20:22:22.062] [INFO] Buffer pool size changed to: 10
[2025-11-10 20:22:22.062] [INFO] Buffer pool size updated from 10 to 10
[2025-11-10 20:22:22.062] [INFO] Buffer pool size changed to: 10
[2025-11-10 20:22:22.062] [INFO] Buffer pool size updated from 10 to 10
[2025-11-10 20:22:22.062] [INFO] Buffer pool size changed to: 10
[2025-11-10 20:22:22.062] [INFO] Buffer pool size updated from 10 to 10
[2025-11-10 20:22:22.062] [INFO] Buffer pool size changed to: 10
[2025-11-10 20:22:22.062] [INFO] Buffer pool size updated from 10 to 10
[2025-11-10 20:22:22.062] [INFO] Buffer pool size changed to: 10
[2025-11-10 20:22:22.062] [INFO] Buffer pool size updated from 10 to 10
[2025-11-10 20:22:22.062] [INFO] Buffer pool size changed to: 10
[2025-11-10 20:22:22.062] [INFO] Buffer pool size updated from 10 to 10
[2025-11-10 20:22:22.062] [INFO] Buffer pool size changed to: 10
[2025-11-10 20:22:22.062] [INFO] Initializing StorageEngine with database file: test_storage_engine.db and pool size: 10
[2025-11-10 20:22:22.062] [INFO] Initializing DiskManager for database file: test_storage_engine.db
[2025-11-10 20:22:22.062] [INFO] Opened database file: test_storage_engine.db, file size: 0, next page ID: 0
[2025-11-10 20:22:22.062] [INFO] Initializing BufferPool with pool size: 10
[2025-11-10 20:22:22.062] [INFO] StorageEngine initialized successfully
[2025-11-10 20:22:22.062] [INFO] Buffer pool size updated from 10 to 4
[2025-11-10 20:22:22.062] [INFO] Buffer pool size changed to: 4
[2025-11-10 20:22:22.062] [INFO] Buffer pool size updated from 4 to 4
[2025-11-10 20:22:22.062] [INFO] Buffer pool size changed to: 4
[2025-11-10 20:22:22.062] [INFO] Buffer pool size updated from 10 to 4
[2025-11-10 20:22:22.062] [INFO] Buffer pool size changed to: 4
[2025-11-10 20:22:22.062] [INFO] Buffer pool size updated from 4 to 4
[2025-11-10 20:22:22.062] [INFO] Buffer pool size changed to: 4
[2025-11-10 20:22:22.062] [INFO] Buffer pool size updated from 4 to 4
[2025-11-10 20:22:22.062] [INFO] Buffer pool size changed to: 4
[2025-11-10 20:22:22.062] [INFO] Buffer pool size updated from 4 to 4
[2025-11-10 20:22:22.062] [INFO] Buffer pool size changed to: 4
[2025-11-10 20:22:22.062] [INFO] Buffer pool size updated from 4 to 4
[2025-11-10 20:22:22.062] [INFO] Buffer pool size changed to: 4
[2025-11-10 20:22:22.062] [INFO] Buffer pool size updated from 4 to 4
[2025-11-10 20:22:22.062] [INFO] Buffer pool size changed to: 4
[2025-11-10 20:22:22.062] [INFO] Buffer pool size updated from 4 to 4
[2025-11-10 20:22:22.062] [INFO] Buffer pool size changed to: 4
[2025-11-10 20:22:22.062] [INFO] Buffer pool size updated from 4 to 4
[2025-11-10 20:22:22.062] [INFO] Buffer pool size changed to: 4
[2025-11-10 20:22:22.062] [INFO] Buffer pool size updated from 4 to 4
[2025-11-10 20:22:22.062] [INFO] Buffer pool size changed to: 4
[2025-11-10 20:22:22.062] [INFO] Buffer pool size updated from 4 to 4
[2025-11-10 20:22:22.062] [INFO] Buffer pool size changed to: 4
[2025-11-10 20:22:22.062] [INFO] Buffer pool size updated from 4 to 4
[2025-11-10 20:22:22.062] [INFO] Buffer pool size changed to: 4
[2025-11-10 20:22:22.062] [INFO] Buffer pool size updated from 4 to 4
[2025-11-10 20:22:22.062] [INFO] Buffer pool size changed to: 4
[2025-11-10 20:22:22.062] [INFO] Buffer pool size updated from 4 to 4
[2025-11-10 20:22:22.062] [INFO] Buffer pool size changed to: 4
[2025-11-10 20:22:22.062] [INFO] Initializing StorageEngine with database file: multi_deadlock_test.db and pool size: 4
[2025-11-10 20:22:22.062] [INFO] Initializing DiskManager for database file: multi_deadlock_test.db
[2025-11-10 20:22:22.062] [INFO] Opened database file: multi_deadlock_test.db, file size: 0, next page ID: 0
[2025-11-10 20:22:22.062] [INFO] Initializing BufferPool with pool size: 4
[2025-11-10 20:22:22.062] [INFO] StorageEngine initialized successfully
[2025-11-10 20:22:22.063] [WARN] No page can be replaced in buffer pool
[2025-11-10 20:22:22.063] [ERROR] Failed to replace page in buffer pool
[2025-11-10 20:22:22.063] [WARN] No page can be replaced in buffer pool
[2025-11-10 20:22:22.063] [ERROR] Failed to replace page in buffer pool
[2025-11-10 20:22:22.165] [INFO] Destroying StorageEngine
[2025-11-10 20:22:22.166] [INFO] Flushing all pages
[2025-11-10 20:22:22.166] [INFO] Flushing all pages in buffer pool
[2025-11-10 20:22:22.166] [INFO] All pages flushed to disk
[2025-11-10 20:22:22.166] [INFO] All pages flushed successfully
[2025-11-10 20:22:22.166] [INFO] Destroying BufferPool
[2025-11-10 20:22:22.166] [INFO] Flushing all pages in buffer pool
[2025-11-10 20:22:22.166] [INFO] All pages flushed to disk
[2025-11-10 20:22:22.166] [INFO] Closing database file: multi_deadlock_test.db
[2025-11-10 20:22:22.166] [INFO] Destroying StorageEngine
[2025-11-10 20:22:22.166] [INFO] Flushing all pages
[2025-11-10 20:22:22.166] [INFO] Flushing all pages in buffer pool
[2025-11-10 20:22:22.166] [INFO] All pages flushed to disk
[2025-11-10 20:22:22.166] [INFO] All pages flushed successfully
[2025-11-10 20:22:22.166] [INFO] Destroying BufferPool
[2025-11-10 20:22:22.166] [INFO] Flushing all pages in buffer pool
[2025-11-10 20:22:22.166] [INFO] All pages flushed to disk
[2025-11-10 20:22:22.166] [INFO] Closing database file: test_storage_engine.db
[       OK ] StorageEngineEnhancedTest.MultiThreadedDeadlockDetection (104 ms)
[----------] 11 tests from StorageEngineEnhancedTest (112 ms total)

[----------] Global test environment tear-down
[==========] 11 tests from 1 test suite ran. (112 ms total)
[  PASSED  ] 8 tests.
[  FAILED  ] 3 tests, listed below:
[  FAILED  ] StorageEngineEnhancedTest.NewPageFailure
[  FAILED  ] StorageEngineEnhancedTest.DestructorFlushesPages
[  FAILED  ] StorageEngineEnhancedTest.MultiThreadedOperations

 3 FAILED TESTS
<end of output>
Test time =   0.12 sec
----------------------------------------------------------
Test Failed.
"storage_engine_enhanced_test" end time: Nov 10 20:22 CST
"storage_engine_enhanced_test" time elapsed: 00:00:00
----------------------------------------------------------

End testing: Nov 10 20:22 CST

unit_tests =   0.24 sec*proc

