Start testing: Nov 18 00:14 CST
----------------------------------------------------------
1/12 Testing: storage_engine_test
1/12 Test: storage_engine_test
Command: "/home/liying/sqlcc/build-coverage/bin/storage_engine_test"
Directory: /home/liying/sqlcc/build-coverage/tests
"storage_engine_test" start time: Nov 18 00:14 CST
Output:
----------------------------------------------------------
[==========] Running 7 tests from 1 test suite.
[----------] Global test environment set-up.
[----------] 7 tests from StorageEngineTest
[ RUN      ] StorageEngineTest.InitializeStorageEngine
[2025-11-18 00:14:11.833] [INFO] Initializing StorageEngine with database file: test_db.db and pool size: 64
[2025-11-18 00:14:11.833] [INFO] Initializing DiskManager for database file: test_db.db
[2025-11-18 00:14:11.833] [INFO] Database file does not exist, creating new file: test_db.db
[2025-11-18 00:14:11.833] [INFO] Opened database file: test_db.db, file size: 0, next page ID: 0
[2025-11-18 00:14:11.833] [INFO] Initializing BufferPool with pool size: 64
[2025-11-18 00:14:11.833] [INFO] Initializing IndexManager
[2025-11-18 00:14:11.833] [INFO] Loading all indexes from storage
[2025-11-18 00:14:11.833] [INFO] StorageEngine initialized successfully
[2025-11-18 00:14:11.833] [INFO] Destroying StorageEngine
[2025-11-18 00:14:11.833] [INFO] Destroying IndexManager
[2025-11-18 00:14:11.833] [INFO] Destroying BufferPool
[2025-11-18 00:14:11.833] [INFO] Closing database file: test_db.db
[       OK ] StorageEngineTest.InitializeStorageEngine (0 ms)
[ RUN      ] StorageEngineTest.CreateNewPage
[2025-11-18 00:14:11.834] [INFO] Initializing StorageEngine with database file: test_db.db and pool size: 64
[2025-11-18 00:14:11.834] [INFO] Initializing DiskManager for database file: test_db.db
[2025-11-18 00:14:11.834] [INFO] Database file does not exist, creating new file: test_db.db
[2025-11-18 00:14:11.834] [INFO] Opened database file: test_db.db, file size: 0, next page ID: 0
[2025-11-18 00:14:11.834] [INFO] Initializing BufferPool with pool size: 64
[2025-11-18 00:14:11.834] [INFO] Initializing IndexManager
[2025-11-18 00:14:11.834] [INFO] Loading all indexes from storage
[2025-11-18 00:14:11.834] [INFO] StorageEngine initialized successfully
[2025-11-18 00:14:11.834] [INFO] Destroying StorageEngine
[2025-11-18 00:14:11.834] [INFO] Destroying IndexManager
[2025-11-18 00:14:11.834] [INFO] Destroying BufferPool
[2025-11-18 00:14:11.834] [INFO] Closing database file: test_db.db
[       OK ] StorageEngineTest.CreateNewPage (0 ms)
[ RUN      ] StorageEngineTest.FetchPage
[2025-11-18 00:14:11.834] [INFO] Initializing StorageEngine with database file: test_db.db and pool size: 64
[2025-11-18 00:14:11.834] [INFO] Initializing DiskManager for database file: test_db.db
[2025-11-18 00:14:11.834] [INFO] Database file does not exist, creating new file: test_db.db
[2025-11-18 00:14:11.834] [INFO] Opened database file: test_db.db, file size: 0, next page ID: 0
[2025-11-18 00:14:11.834] [INFO] Initializing BufferPool with pool size: 64
[2025-11-18 00:14:11.834] [INFO] Initializing IndexManager
[2025-11-18 00:14:11.834] [INFO] Loading all indexes from storage
[2025-11-18 00:14:11.834] [INFO] StorageEngine initialized successfully
[2025-11-18 00:14:11.834] [INFO] Destroying StorageEngine
[2025-11-18 00:14:11.834] [INFO] Destroying IndexManager
[2025-11-18 00:14:11.834] [INFO] Destroying BufferPool
[2025-11-18 00:14:11.834] [INFO] Closing database file: test_db.db
[       OK ] StorageEngineTest.FetchPage (0 ms)
[ RUN      ] StorageEngineTest.FlushPage
[2025-11-18 00:14:11.834] [INFO] Initializing StorageEngine with database file: test_db.db and pool size: 64
[2025-11-18 00:14:11.834] [INFO] Initializing DiskManager for database file: test_db.db
[2025-11-18 00:14:11.834] [INFO] Database file does not exist, creating new file: test_db.db
[2025-11-18 00:14:11.834] [INFO] Opened database file: test_db.db, file size: 0, next page ID: 0
[2025-11-18 00:14:11.834] [INFO] Initializing BufferPool with pool size: 64
[2025-11-18 00:14:11.834] [INFO] Initializing IndexManager
[2025-11-18 00:14:11.834] [INFO] Loading all indexes from storage
[2025-11-18 00:14:11.834] [INFO] StorageEngine initialized successfully
[2025-11-18 00:14:11.834] [INFO] Destroying StorageEngine
[2025-11-18 00:14:11.834] [INFO] Destroying IndexManager
[2025-11-18 00:14:11.834] [INFO] Destroying BufferPool
[2025-11-18 00:14:11.834] [INFO] Closing database file: test_db.db
[       OK ] StorageEngineTest.FlushPage (0 ms)
[ RUN      ] StorageEngineTest.DeletePage
[2025-11-18 00:14:11.834] [INFO] Initializing StorageEngine with database file: test_db.db and pool size: 64
[2025-11-18 00:14:11.834] [INFO] Initializing DiskManager for database file: test_db.db
[2025-11-18 00:14:11.834] [INFO] Database file does not exist, creating new file: test_db.db
[2025-11-18 00:14:11.834] [INFO] Opened database file: test_db.db, file size: 0, next page ID: 0
[2025-11-18 00:14:11.834] [INFO] Initializing BufferPool with pool size: 64
[2025-11-18 00:14:11.834] [INFO] Initializing IndexManager
[2025-11-18 00:14:11.834] [INFO] Loading all indexes from storage
[2025-11-18 00:14:11.834] [INFO] StorageEngine initialized successfully
/home/liying/sqlcc/tests/storage_engine_test.cc:113: Failure
Expected equality of these values:
  fetched_page
    Which is: 0x564a907e20a0
  nullptr
    Which is: (nullptr)

[2025-11-18 00:14:11.834] [INFO] Destroying StorageEngine
[2025-11-18 00:14:11.834] [INFO] Destroying IndexManager
[2025-11-18 00:14:11.834] [INFO] Destroying BufferPool
[2025-11-18 00:14:11.834] [INFO] Closing database file: test_db.db
[  FAILED  ] StorageEngineTest.DeletePage (0 ms)
[ RUN      ] StorageEngineTest.FlushAllPages
[2025-11-18 00:14:11.834] [INFO] Initializing StorageEngine with database file: test_db.db and pool size: 64
[2025-11-18 00:14:11.834] [INFO] Initializing DiskManager for database file: test_db.db
[2025-11-18 00:14:11.834] [INFO] Database file does not exist, creating new file: test_db.db
[2025-11-18 00:14:11.834] [INFO] Opened database file: test_db.db, file size: 0, next page ID: 0
[2025-11-18 00:14:11.834] [INFO] Initializing BufferPool with pool size: 64
[2025-11-18 00:14:11.834] [INFO] Initializing IndexManager
[2025-11-18 00:14:11.834] [INFO] Loading all indexes from storage
[2025-11-18 00:14:11.834] [INFO] StorageEngine initialized successfully
[2025-11-18 00:14:11.834] [INFO] Destroying StorageEngine
[2025-11-18 00:14:11.834] [INFO] Destroying IndexManager
[2025-11-18 00:14:11.834] [INFO] Destroying BufferPool
[2025-11-18 00:14:11.834] [INFO] Closing database file: test_db.db
[       OK ] StorageEngineTest.FlushAllPages (0 ms)
[ RUN      ] StorageEngineTest.ManyPagesOperation
[2025-11-18 00:14:11.834] [INFO] Initializing StorageEngine with database file: test_db.db and pool size: 64
[2025-11-18 00:14:11.834] [INFO] Initializing DiskManager for database file: test_db.db
[2025-11-18 00:14:11.834] [INFO] Database file does not exist, creating new file: test_db.db
[2025-11-18 00:14:11.834] [INFO] Opened database file: test_db.db, file size: 0, next page ID: 0
[2025-11-18 00:14:11.834] [INFO] Initializing BufferPool with pool size: 64
[2025-11-18 00:14:11.834] [INFO] Initializing IndexManager
[2025-11-18 00:14:11.834] [INFO] Loading all indexes from storage
[2025-11-18 00:14:11.834] [INFO] StorageEngine initialized successfully
<end of output>
Test time = 300.10 sec
----------------------------------------------------------
Test Failed.
"storage_engine_test" end time: Nov 18 00:19 CST
"storage_engine_test" time elapsed: 00:05:00
----------------------------------------------------------

End testing: Nov 18 00:19 CST

storage_engine_tests = 300.10 sec*proc

